Log file open, 12/19/17 14:17:54
LogWindows: Failed to load 'aqProf.dll' (GetLastError=126)
LogWindows: File 'aqProf.dll' does not exist
LogWindows: Failed to load 'VtuneApi.dll' (GetLastError=126)
LogWindows: File 'VtuneApi.dll' does not exist
LogWindows: Failed to load 'VtuneApi32e.dll' (GetLastError=126)
LogWindows: File 'VtuneApi32e.dll' does not exist
LogInit: Display: Running engine for game: BPRPG1
LogPlatformFile: Not using cached read wrapper
LogInit: Display: RandInit(-1738374660) SRandInit(-1738374660).
LogInit: Read version file with build ID '3709383'
LogInit: Overriding engine version to CL 3794801, compatible CL 3709383
LogInit: Registered custom module enumerator with build ID '3709383'
LogTaskGraph: Started task graph with 5 named threads and 14 total threads with 3 sets of task threads.
LogStats: Stats thread started at 0.202798
LogD3D11RHI: Aftermath initialized
LogModuleManager: Display: Found up-to-date module file ../../../Engine/Plugins/2D/Paper2D/Binaries/Win64/UE4Editor-Paper2D.dll (API version 3709383).
LogModuleManager: Display: Found up-to-date module file ../../../Engine/Plugins/2D/Paper2D/Binaries/Win64/UE4Editor-Paper2DEditor.dll (API version 3709383).
LogModuleManager: Display: Found up-to-date module file ../../../Engine/Plugins/2D/Paper2D/Binaries/Win64/UE4Editor-PaperSpriteSheetImporter.dll (API version 3709383).
LogModuleManager: Display: Found up-to-date module file ../../../Engine/Plugins/2D/Paper2D/Binaries/Win64/UE4Editor-PaperTiledImporter.dll (API version 3709383).
LogModuleManager: Display: Found up-to-date module file ../../../Engine/Plugins/2D/Paper2D/Binaries/Win64/UE4Editor-SmartSnapping.dll (API version 3709383).
LogModuleManager: Display: Found up-to-date module file ../../../Engine/Plugins/Blendables/LightPropagationVolume/Binaries/Win64/UE4Editor-LightPropagationVolumeRuntime.dll (API version 3709383).
LogModuleManager: Display: Found up-to-date module file ../../../Engine/Plugins/Blendables/LightPropagationVolume/Binaries/Win64/UE4Editor-LightPropagationVolumeEditor.dll (API version 3709383).
LogModuleManager: Display: Found up-to-date module file ../../../Engine/Plugins/Developer/GitSourceControl/Binaries/Win64/UE4Editor-GitSourceControl.dll (API version 3709383).
LogModuleManager: Display: Found up-to-date module file ../../../Engine/Plugins/Developer/PerforceSourceControl/Binaries/Win64/UE4Editor-PerforceSourceControl.dll (API version 3709383).
LogModuleManager: Display: Found up-to-date module file ../../../Engine/Plugins/Developer/SubversionSourceControl/Binaries/Win64/UE4Editor-SubversionSourceControl.dll (API version 3709383).
LogModuleManager: Display: Found up-to-date module file ../../../Engine/Plugins/Developer/UObjectPlugin/Binaries/Win64/UE4Editor-UObjectPlugin.dll (API version 3709383).
LogModuleManager: Display: Found up-to-date module file ../../../Engine/Plugins/Developer/VisualStudioCodeSourceCodeAccess/Binaries/Win64/UE4Editor-VisualStudioCodeSourceCodeAccess.dll (API version 3709383).
LogModuleManager: Display: Found up-to-date module file ../../../Engine/Plugins/Developer/VisualStudioSourceCodeAccess/Binaries/Win64/UE4Editor-VisualStudioSourceCodeAccess.dll (API version 3709383).
LogModuleManager: Display: Found up-to-date module file ../../../Engine/Plugins/Editor/AssetManagerEditor/Binaries/Win64/UE4Editor-AssetManagerEditor.dll (API version 3709383).
LogModuleManager: Display: Found up-to-date module file ../../../Engine/Plugins/Editor/AudioCapture/Binaries/Win64/UE4Editor-AudioCapture.dll (API version 3709383).
LogModuleManager: Display: Found up-to-date module file ../../../Engine/Plugins/Editor/FacialAnimation/Binaries/Win64/UE4Editor-FacialAnimation.dll (API version 3709383).
LogModuleManager: Display: Found up-to-date module file ../../../Engine/Plugins/Editor/FacialAnimation/Binaries/Win64/UE4Editor-FacialAnimationEditor.dll (API version 3709383).
LogModuleManager: Display: Found up-to-date module file ../../../Engine/Plugins/Editor/GameplayTagsEditor/Binaries/Win64/UE4Editor-GameplayTagsEditor.dll (API version 3709383).
LogModuleManager: Display: Found up-to-date module file ../../../Engine/Plugins/Editor/MobileLauncherProfileWizard/Binaries/Win64/UE4Editor-MobileLauncherProfileWizard.dll (API version 3709383).
LogModuleManager: Display: Found up-to-date module file ../../../Engine/Plugins/Editor/PluginBrowser/Binaries/Win64/UE4Editor-PluginBrowser.dll (API version 3709383).
LogModuleManager: Display: Found up-to-date module file ../../../Engine/Plugins/Editor/SpeedTreeImporter/Binaries/Win64/UE4Editor-SpeedTreeImporter.dll (API version 3709383).
LogModuleManager: Display: Found up-to-date module file ../../../Engine/Plugins/Experimental/AlembicImporter/Binaries/Win64/UE4Editor-AlembicImporter.dll (API version 3709383).
LogModuleManager: Display: Found up-to-date module file ../../../Engine/Plugins/Experimental/AlembicImporter/Binaries/Win64/UE4Editor-AlembicLibrary.dll (API version 3709383).
LogModuleManager: Display: Found up-to-date module file ../../../Engine/Plugins/Experimental/CharacterAI/Binaries/Win64/UE4Editor-CharacterAI.dll (API version 3709383).
LogModuleManager: Display: Found up-to-date module file ../../../Engine/Plugins/Experimental/HTML5Networking/Binaries/Win64/UE4Editor-HTML5Networking.dll (API version 3709383).
LogModuleManager: Display: Found up-to-date module file ../../../Engine/Plugins/Media/AndroidMedia/Binaries/Win64/UE4Editor-AndroidMediaEditor.dll (API version 3709383).
LogModuleManager: Display: Found up-to-date module file ../../../Engine/Plugins/Media/AndroidMedia/Binaries/Win64/UE4Editor-AndroidMediaFactory.dll (API version 3709383).
LogModuleManager: Display: Found up-to-date module file ../../../Engine/Plugins/Media/AvfMedia/Binaries/Win64/UE4Editor-AvfMediaEditor.dll (API version 3709383).
LogModuleManager: Display: Found up-to-date module file ../../../Engine/Plugins/Media/AvfMedia/Binaries/Win64/UE4Editor-AvfMediaFactory.dll (API version 3709383).
LogModuleManager: Display: Found up-to-date module file ../../../Engine/Plugins/Media/AvfMedia/Binaries/Win64/UE4Editor-AvfMediaFactory.dll (API version 3709383).
LogModuleManager: Display: Found up-to-date module file ../../../Engine/Plugins/Media/ImgMedia/Binaries/Win64/UE4Editor-ImgMedia.dll (API version 3709383).
LogModuleManager: Display: Found up-to-date module file ../../../Engine/Plugins/Media/ImgMedia/Binaries/Win64/UE4Editor-ImgMediaEditor.dll (API version 3709383).
LogModuleManager: Display: Found up-to-date module file ../../../Engine/Plugins/Media/ImgMedia/Binaries/Win64/UE4Editor-ImgMediaFactory.dll (API version 3709383).
LogModuleManager: Display: Found up-to-date module file ../../../Engine/Plugins/Media/ImgMedia/Binaries/Win64/UE4Editor-ImgMediaFactory.dll (API version 3709383).
LogModuleManager: Display: Found up-to-date module file ../../../Engine/Plugins/Media/ImgMedia/Binaries/Win64/UE4Editor-OpenExrWrapper.dll (API version 3709383).
LogModuleManager: Display: Found up-to-date module file ../../../Engine/Plugins/Media/MediaCompositing/Binaries/Win64/UE4Editor-MediaCompositing.dll (API version 3709383).
LogModuleManager: Display: Found up-to-date module file ../../../Engine/Plugins/Media/MediaCompositing/Binaries/Win64/UE4Editor-MediaCompositingEditor.dll (API version 3709383).
LogModuleManager: Display: Found up-to-date module file ../../../Engine/Plugins/Media/MediaPlayerEditor/Binaries/Win64/UE4Editor-MediaPlayerEditor.dll (API version 3709383).
LogModuleManager: Display: Found up-to-date module file ../../../Engine/Plugins/Media/WmfMedia/Binaries/Win64/UE4Editor-WmfMedia.dll (API version 3709383).
LogModuleManager: Display: Found up-to-date module file ../../../Engine/Plugins/Media/WmfMedia/Binaries/Win64/UE4Editor-WmfMediaEditor.dll (API version 3709383).
LogModuleManager: Display: Found up-to-date module file ../../../Engine/Plugins/Media/WmfMedia/Binaries/Win64/UE4Editor-WmfMediaFactory.dll (API version 3709383).
LogModuleManager: Display: Found up-to-date module file ../../../Engine/Plugins/Media/WmfMedia/Binaries/Win64/UE4Editor-WmfMediaFactory.dll (API version 3709383).
LogModuleManager: Display: Found up-to-date module file ../../../Engine/Plugins/Messaging/TcpMessaging/Binaries/Win64/UE4Editor-TcpMessaging.dll (API version 3709383).
LogModuleManager: Display: Found up-to-date module file ../../../Engine/Plugins/Messaging/UdpMessaging/Binaries/Win64/UE4Editor-UdpMessaging.dll (API version 3709383).
LogModuleManager: Display: Found up-to-date module file ../../../Engine/Plugins/MovieScene/ActorSequence/Binaries/Win64/UE4Editor-ActorSequence.dll (API version 3709383).
LogModuleManager: Display: Found up-to-date module file ../../../Engine/Plugins/MovieScene/LevelSequenceEditor/Binaries/Win64/UE4Editor-LevelSequenceEditor.dll (API version 3709383).
LogModuleManager: Display: Found up-to-date module file ../../../Engine/Plugins/MovieScene/MatineeToLevelSequence/Binaries/Win64/UE4Editor-MatineeToLevelSequence.dll (API version 3709383).
LogModuleManager: Display: Found up-to-date module file ../../../Engine/Plugins/Online/OnlineSubsystem/Binaries/Win64/UE4Editor-OnlineSubsystem.dll (API version 3709383).
LogModuleManager: Display: Found up-to-date module file ../../../Engine/Plugins/Runtime/AndroidPermission/Binaries/Win64/UE4Editor-AndroidPermission.dll (API version 3709383).
LogModuleManager: Display: Found up-to-date module file ../../../Engine/Plugins/Online/OnlineSubsystemNull/Binaries/Win64/UE4Editor-OnlineSubsystemNull.dll (API version 3709383).
LogModuleManager: Display: Found up-to-date module file ../../../Engine/Plugins/Online/OnlineSubsystemUtils/Binaries/Win64/UE4Editor-OnlineSubsystemUtils.dll (API version 3709383).
LogModuleManager: Display: Found up-to-date module file ../../../Engine/Plugins/Online/OnlineSubsystemUtils/Binaries/Win64/UE4Editor-OnlineBlueprintSupport.dll (API version 3709383).
LogModuleManager: Display: Found up-to-date module file ../../../Engine/Plugins/Runtime/AndroidDeviceProfileSelector/Binaries/Win64/UE4Editor-AndroidDeviceProfileSelector.dll (API version 3709383).
LogModuleManager: Display: Found up-to-date module file ../../../Engine/Plugins/Runtime/AppleARKit/Binaries/Win64/UE4Editor-AppleARKit.dll (API version 3709383).
LogModuleManager: Display: Found up-to-date module file ../../../Engine/Plugins/Runtime/ArchVisCharacter/Binaries/Win64/UE4Editor-ArchVisCharacter.dll (API version 3709383).
LogModuleManager: Display: Found up-to-date module file ../../../Engine/Plugins/Runtime/CableComponent/Binaries/Win64/UE4Editor-CableComponent.dll (API version 3709383).
LogModuleManager: Display: Found up-to-date module file ../../../Engine/Plugins/Runtime/CustomMeshComponent/Binaries/Win64/UE4Editor-CustomMeshComponent.dll (API version 3709383).
LogModuleManager: Display: Found up-to-date module file ../../../Engine/Plugins/Runtime/ExampleDeviceProfileSelector/Binaries/Win64/UE4Editor-ExampleDeviceProfileSelector.dll (API version 3709383).
LogModuleManager: Display: Found up-to-date module file ../../../Engine/Plugins/Runtime/ImmediatePhysics/Binaries/Win64/UE4Editor-ImmediatePhysics.dll (API version 3709383).
LogModuleManager: Display: Found up-to-date module file ../../../Engine/Plugins/Runtime/ImmediatePhysics/Binaries/Win64/UE4Editor-ImmediatePhysicsEditor.dll (API version 3709383).
LogModuleManager: Display: Found up-to-date module file ../../../Engine/Plugins/Runtime/LocationServicesBPLibrary/Binaries/Win64/UE4Editor-LocationServicesBPLibrary.dll (API version 3709383).
LogModuleManager: Display: Found up-to-date module file ../../../Engine/Plugins/Runtime/MobilePatchingUtils/Binaries/Win64/UE4Editor-MobilePatchingUtils.dll (API version 3709383).
LogModuleManager: Display: Found up-to-date module file ../../../Engine/Plugins/Runtime/Oculus/OculusVR/Binaries/Win64/UE4Editor-OculusHMD.dll (API version 3709383).
LogModuleManager: Display: Found up-to-date module file ../../../Engine/Plugins/Runtime/Oculus/OculusVR/Binaries/Win64/UE4Editor-OculusInput.dll (API version 3709383).
LogModuleManager: Display: Found up-to-date module file ../../../Engine/Plugins/Runtime/Oculus/OculusVR/Binaries/Win64/UE4Editor-OculusEditor.dll (API version 3709383).
LogModuleManager: Display: Found up-to-date module file ../../../Engine/Plugins/Runtime/PhysXVehicles/Binaries/Win64/UE4Editor-PhysXVehicles.dll (API version 3709383).
LogModuleManager: Display: Found up-to-date module file ../../../Engine/Plugins/Runtime/PhysXVehicles/Binaries/Win64/UE4Editor-PhysXVehiclesEditor.dll (API version 3709383).
LogModuleManager: Display: Found up-to-date module file ../../../Engine/Plugins/Runtime/ProceduralMeshComponent/Binaries/Win64/UE4Editor-ProceduralMeshComponent.dll (API version 3709383).
LogModuleManager: Display: Found up-to-date module file ../../../Engine/Plugins/Runtime/ProceduralMeshComponent/Binaries/Win64/UE4Editor-ProceduralMeshComponentEditor.dll (API version 3709383).
LogModuleManager: Display: Found up-to-date module file ../../../Engine/Plugins/Runtime/RuntimePhysXCooking/Binaries/Win64/UE4Editor-RuntimePhysXCooking.dll (API version 3709383).
LogModuleManager: Display: Found up-to-date module file ../../../Engine/Plugins/Runtime/Steam/SteamVR/Binaries/Win64/UE4Editor-SteamVR.dll (API version 3709383).
LogModuleManager: Display: Found up-to-date module file ../../../Engine/Plugins/Runtime/Steam/SteamVR/Binaries/Win64/UE4Editor-SteamVRController.dll (API version 3709383).
LogModuleManager: Display: Found up-to-date module file ../../../Engine/Plugins/Runtime/WindowsMoviePlayer/Binaries/Win64/UE4Editor-WindowsMoviePlayer.dll (API version 3709383).
LogPluginManager: Mounting plugin Paper2D
LogPluginManager: Mounting plugin LightPropagationVolume
LogPluginManager: Mounting plugin CodeLiteSourceCodeAccess
LogPluginManager: Mounting plugin GitSourceControl
LogPluginManager: Mounting plugin KDevelopSourceCodeAccess
LogPluginManager: Mounting plugin NullSourceCodeAccess
LogPluginManager: Mounting plugin PerforceSourceControl
LogPluginManager: Mounting plugin SubversionSourceControl
LogPluginManager: Mounting plugin UObjectPlugin
LogPluginManager: Mounting plugin VisualStudioCodeSourceCodeAccess
LogPluginManager: Mounting plugin VisualStudioSourceCodeAccess
LogPluginManager: Mounting plugin XCodeSourceCodeAccess
LogPluginManager: Mounting plugin AssetManagerEditor
LogPluginManager: Mounting plugin AudioCapture
LogPluginManager: Mounting plugin FacialAnimation
LogPluginManager: Mounting plugin GameplayTagsEditor
LogPluginManager: Mounting plugin MobileLauncherProfileWizard
LogPluginManager: Mounting plugin PluginBrowser
LogPluginManager: Mounting plugin SpeedTreeImporter
LogPluginManager: Mounting plugin AlembicImporter
LogPluginManager: Mounting plugin CharacterAI
LogPluginManager: Mounting plugin HTML5Networking
LogPluginManager: Mounting plugin AndroidMedia
LogPluginManager: Mounting plugin AvfMedia
LogPluginManager: Mounting plugin ImgMedia
LogPluginManager: Mounting plugin MediaCompositing
LogPluginManager: Mounting plugin MediaPlayerEditor
LogPluginManager: Mounting plugin WmfMedia
LogPluginManager: Mounting plugin TcpMessaging
LogPluginManager: Mounting plugin UdpMessaging
LogPluginManager: Mounting plugin ActorSequence
LogPluginManager: Mounting plugin LevelSequenceEditor
LogPluginManager: Mounting plugin MatineeToLevelSequence
LogPluginManager: Mounting plugin OnlineSubsystemGooglePlay
LogPluginManager: Mounting plugin OnlineSubsystemIOS
LogPluginManager: Mounting plugin OnlineSubsystem
LogPluginManager: Mounting plugin OnlineSubsystemNull
LogPluginManager: Mounting plugin OnlineSubsystemUtils
LogPluginManager: Mounting plugin AndroidDeviceProfileSelector
LogPluginManager: Mounting plugin AndroidMoviePlayer
LogPluginManager: Mounting plugin AndroidPermission
LogPluginManager: Mounting plugin AppleARKit
LogPluginManager: Mounting plugin AppleMoviePlayer
LogPluginManager: Mounting plugin ArchVisCharacter
LogPluginManager: Mounting plugin CableComponent
LogPluginManager: Mounting plugin CustomMeshComponent
LogPluginManager: Mounting plugin ExampleDeviceProfileSelector
LogPluginManager: Mounting plugin GoogleCloudMessaging
LogPluginManager: Mounting plugin ImmediatePhysics
LogPluginManager: Mounting plugin IOSDeviceProfileSelector
LogPluginManager: Mounting plugin LinuxDeviceProfileSelector
LogPluginManager: Mounting plugin LocationServicesBPLibrary
LogPluginManager: Mounting plugin MobilePatchingUtils
LogPluginManager: Mounting plugin OculusVR
LogPluginManager: Plugin shader directory ../../../Engine/Plugins/Runtime/Oculus/OculusVR/Shaders found
LogPluginManager: Mapping shader source directory ../../../Engine/Plugins/Runtime/Oculus/OculusVR/Shaders to virtual directory /Plugin/OculusVR
LogPluginManager: Mounting plugin PhysXVehicles
LogPluginManager: Mounting plugin ProceduralMeshComponent
LogPluginManager: Mounting plugin RuntimePhysXCooking
LogPluginManager: Mounting plugin SteamVR
LogPluginManager: Mounting plugin WindowsMoviePlayer
LogInit: Using libcurl 7.47.1
LogInit:  - built for x86_64-pc-win32
LogInit:  - supports SSL with OpenSSL/1.0.2g
LogInit:  - supports HTTP deflate (compression) using libz 1.2.8
LogInit:  - other features:
LogInit:      CURL_VERSION_SSL
LogInit:      CURL_VERSION_LIBZ
LogInit:      CURL_VERSION_IPV6
LogInit:      CURL_VERSION_ASYNCHDNS
LogInit:      CURL_VERSION_LARGEFILE
LogInit:      CURL_VERSION_IDN
LogInit:  CurlRequestOptions (configurable via config and command line):
LogInit:  - bVerifyPeer = false  - Libcurl will NOT verify peer certificate
LogInit:  - bUseHttpProxy = false  - Libcurl will NOT use HTTP proxy
LogInit:  - bDontReuseConnections = false  - Libcurl will reuse connections
LogInit:  - CertBundlePath = nullptr  - Libcurl will use whatever was configured at build time.
LogInit: Build: ++UE4+Release-4.18-CL-3794801
LogInit: Engine Version: 4.18.2-3794801+++UE4+Release-4.18
LogInit: Compatible Engine Version: 4.18.0-3709383+++UE4+Release-4.18
LogInit: Net CL: 3709383
LogDevObjectVersion: Number of dev versions registered: 16
LogDevObjectVersion:   Dev-Blueprints (B0D832E4-1F89-4F0D-ACCF-7EB736FD4AA2): 10
LogDevObjectVersion:   Dev-Build (E1C64328-A22C-4D53-A36C-8E866417BD8C): 0
LogDevObjectVersion:   Dev-Core (375EC13C-06E4-48FB-B500-84F0262A717E): 2
LogDevObjectVersion:   Dev-Editor (E4B068ED-F494-42E9-A231-DA0B2E46BB41): 20
LogDevObjectVersion:   Dev-Framework (CFFC743F-43B0-4480-9391-14DF171D2073): 30
LogDevObjectVersion:   Dev-Mobile (B02B49B5-BB20-44E9-A304-32B752E40360): 0
LogDevObjectVersion:   Dev-Networking (A4E4105C-59A1-49B5-A7C5-40C4547EDFEE): 0
LogDevObjectVersion:   Dev-Online (39C831C9-5AE6-47DC-9A44-9C173E1C8E7C): 0
LogDevObjectVersion:   Dev-Physics (78F01B33-EBEA-4F98-B9B4-84EACCB95AA2): 0
LogDevObjectVersion:   Dev-Platform (6631380F-2D4D-43E0-8009-CF276956A95A): 0
LogDevObjectVersion:   Dev-Rendering (12F88B9F-8875-4AFC-A67C-D90C383ABD29): 20
LogDevObjectVersion:   Dev-Sequencer (7B5AE74C-D270-4C10-A958-57980B212A5A): 4
LogDevObjectVersion:   Dev-VR (D7296918-1DD6-4BDD-9DE2-64A83CC13884): 0
LogDevObjectVersion:   Dev-LoadTimes (C2A15278-BFE7-4AFE-6C17-90FF531DF755): 1
LogDevObjectVersion:   Private-Geometry (6EACA3D4-40EC-4CC1-B786-8BED09428FC5): 1
LogDevObjectVersion:   Dev-AnimPhys (29E575DD-E0A3-4627-9D10-D276232CDCEA): 12
LogInit: Compiled (64-bit): Dec  8 2017 02:04:53
LogInit: Compiled with Visual C++: 19.00.24215.01
LogInit: Build Configuration: Development
LogInit: Branch Name: ++UE4+Release-4.18
LogInit: Command line:  
LogInit: Base directory: C:/Program Files/Epic Games/UE_4.18/Engine/Binaries/Win64/
LogInit: Installed Engine Build: 1
LogInit: Presizing for max 8388607 objects, including 0 objects not considered by GC, pre-allocating 0 bytes for permanent pool.
LogInit: Object subsystem initialized
[2017.12.19-05.17.56:920][  0]LogInit: Selected Device Profile: [Windows]
[2017.12.19-05.17.56:920][  0]LogInit: Applying CVar settings loaded from the selected device profile: [Windows]
[2017.12.19-05.17.56:939][  0]LogInit: Computer: JYD
[2017.12.19-05.17.56:939][  0]LogInit: User: mapl0
[2017.12.19-05.17.56:939][  0]LogInit: CPU Page size=4096, Cores=4
[2017.12.19-05.17.56:939][  0]LogInit: High frequency timer resolution =2.531249 MHz
[2017.12.19-05.17.56:939][  0]LogMemory: Memory total: Physical=15.9GB (16GB approx)
[2017.12.19-05.17.56:939][  0]LogMemory: Platform Memory Stats for Windows
[2017.12.19-05.17.56:939][  0]LogMemory: Process Physical Memory: 273.43 MB used, 273.43 MB peak
[2017.12.19-05.17.56:939][  0]LogMemory: Process Virtual Memory: 270.16 MB used, 270.16 MB peak
[2017.12.19-05.17.56:939][  0]LogMemory: Physical Memory: 6466.00 MB used,  9790.96 MB free, 16256.95 MB total
[2017.12.19-05.17.56:939][  0]LogMemory: Virtual Memory: 647.29 MB used,  9790.96 MB free, 134217728.00 MB total
[2017.12.19-05.17.57:276][  0]LogInit: Using OS detected language (ko-KR).
[2017.12.19-05.17.57:276][  0]LogInit: Using OS detected locale (ko-KR).
[2017.12.19-05.17.57:281][  0]LogTextLocalizationManager: No specific localization for 'ko-KR' exists, so the 'ko' localization will be used.
[2017.12.19-05.17.57:472][  0]LogInit: Setting process to per monitor DPI aware
[2017.12.19-05.17.57:963][  0]LogD3D11RHI: D3D11 adapters:
[2017.12.19-05.17.58:031][  0]LogD3D11RHI:    0. 'NVIDIA GeForce GTX 960M' (Feature Level 11_0)
[2017.12.19-05.17.58:031][  0]LogD3D11RHI:       4065/0/8128 MB DedicatedVideo/DedicatedSystem/SharedSystem, Outputs:2, VendorId:0x10de
[2017.12.19-05.17.58:038][  0]LogD3D11RHI:    1. 'Intel(R) HD Graphics 530' (Feature Level 11_0)
[2017.12.19-05.17.58:038][  0]LogD3D11RHI:       128/0/8128 MB DedicatedVideo/DedicatedSystem/SharedSystem, Outputs:0, VendorId:0x8086
[2017.12.19-05.17.58:040][  0]LogD3D11RHI:    2. 'Microsoft Basic Render Driver' (Feature Level 11_0)
[2017.12.19-05.17.58:040][  0]LogD3D11RHI:       0/0/8128 MB DedicatedVideo/DedicatedSystem/SharedSystem, Outputs:0, VendorId:0x1414
[2017.12.19-05.17.58:040][  0]LogD3D11RHI: Chosen D3D11 Adapter: 0
[2017.12.19-05.17.58:048][  0]LogD3D11RHI: Creating new Direct3DDevice
[2017.12.19-05.17.58:048][  0]LogD3D11RHI:     GPU DeviceId: 0x139b (for the marketing name, search the web for "GPU Device Id")
[2017.12.19-05.17.58:049][  0]LogWindows: EnumDisplayDevices:
[2017.12.19-05.17.58:049][  0]LogWindows:    0. 'Intel(R) HD Graphics 530' (P:0 D:1)
[2017.12.19-05.17.58:050][  0]LogWindows:    1. 'Intel(R) HD Graphics 530' (P:1 D:1)
[2017.12.19-05.17.58:052][  0]LogWindows:    2. 'Intel(R) HD Graphics 530' (P:0 D:0)
[2017.12.19-05.17.58:053][  0]LogWindows: DebugString: PrimaryIsNotTheChoosenAdapter PrimaryIsNotTheChoosenAdapter PrimaryIsNotTheChoosenAdapter FoundDriverCount:0 
[2017.12.19-05.17.58:053][  0]LogD3D11RHI:     Adapter Name: NVIDIA GeForce GTX 960M
[2017.12.19-05.17.58:053][  0]LogD3D11RHI:   Driver Version: Unknown (internal:Unknown, unified:Unknown)
[2017.12.19-05.17.58:053][  0]LogD3D11RHI:      Driver Date: Unknown
[2017.12.19-05.17.58:053][  0]LogRHI: Texture pool is 2846 MB (70% of 4065 MB)
[2017.12.19-05.17.58:089][  0]LogD3D11RHI: Async texture creation enabled
[2017.12.19-05.17.58:186][  0]LogD3D11RHI: GPU Timing Frequency: 1000.000000 (Debug: 2 1)
[2017.12.19-05.17.58:190][  0]LogShaderCompilers: Guid format shader working directory is 20 characters bigger than the processId version (D:/Project/Unreal4/BPRPG1/Intermediate/Shaders/WorkingDirectory/21968/).
[2017.12.19-05.17.58:191][  0]LogShaderCompilers: Cleaned the shader compiler working directory 'C:/Users/mapl0/AppData/Local/Temp/UnrealShaderWorkingDir/F7388416427DCF6DCCABF5B5B667E13B/'.
[2017.12.19-05.17.58:191][  0]LogShaderCompilers: Display: Using Local Shader Compiler.
[2017.12.19-05.17.59:533][  0]LogTemp: Display: Loaded TP AllDesktopTargetPlatform
[2017.12.19-05.17.59:617][  0]LogTemp: Display: Loaded TP MacClientTargetPlatform
[2017.12.19-05.17.59:702][  0]LogTemp: Display: Loaded TP MacNoEditorTargetPlatform
[2017.12.19-05.17.59:787][  0]LogTemp: Display: Loaded TP MacServerTargetPlatform
[2017.12.19-05.17.59:883][  0]LogTemp: Display: Loaded TP MacTargetPlatform
[2017.12.19-05.18.00:000][  0]LogTemp: Display: Loaded TP WindowsClientTargetPlatform
[2017.12.19-05.18.00:118][  0]LogTemp: Display: Loaded TP WindowsNoEditorTargetPlatform
[2017.12.19-05.18.00:202][  0]LogTemp: Display: Loaded TP WindowsServerTargetPlatform
[2017.12.19-05.18.00:285][  0]LogTemp: Display: Loaded TP WindowsTargetPlatform
[2017.12.19-05.18.00:375][  0]LogTemp: Display: Loaded TP Android_ASTCTargetPlatform
[2017.12.19-05.18.00:465][  0]LogTemp: Display: Loaded TP Android_ATCTargetPlatform
[2017.12.19-05.18.00:552][  0]LogTemp: Display: Loaded TP Android_DXTTargetPlatform
[2017.12.19-05.18.00:640][  0]LogTemp: Display: Loaded TP Android_ETC1TargetPlatform
[2017.12.19-05.18.00:727][  0]LogTemp: Display: Loaded TP Android_ETC2TargetPlatform
[2017.12.19-05.18.00:906][  0]LogTemp: Display: Loaded TP Android_MultiTargetPlatform
[2017.12.19-05.18.00:906][  0]LogTemp: Display: Loaded TP Android_PVRTCTargetPlatform
[2017.12.19-05.18.01:001][  0]LogTemp: Display: Loaded TP AndroidTargetPlatform
[2017.12.19-05.18.01:080][  0]LogTemp: Display: Loaded TP HTML5TargetPlatform
[2017.12.19-05.18.01:226][  0]LogTemp: Display: Loaded TP IOSTargetPlatform
[2017.12.19-05.18.01:271][  0]LogTemp: Display: Loaded TP TVOSTargetPlatform
[2017.12.19-05.18.01:353][  0]LogTemp: Display: Loaded TP LinuxClientTargetPlatform
[2017.12.19-05.18.01:439][  0]LogTemp: Display: Loaded TP LinuxNoEditorTargetPlatform
[2017.12.19-05.18.01:523][  0]LogTemp: Display: Loaded TP LinuxServerTargetPlatform
[2017.12.19-05.18.01:604][  0]LogTemp: Display: Loaded TP LinuxTargetPlatform
[2017.12.19-05.18.01:604][  0]LogTargetPlatformManager: Display: Building Assets For Windows
[2017.12.19-05.18.02:418][  0]LogDerivedDataCache: Display: Max Cache Size: 512 MB
[2017.12.19-05.18.02:507][  0]LogDerivedDataCache: Loaded boot cache 0.09s 78MB C:/Users/mapl0/AppData/Local/UnrealEngine/4.18/DerivedDataCache/Boot.ddc.
[2017.12.19-05.18.02:507][  0]LogDerivedDataCache: Display: Loaded Boot cache: C:/Users/mapl0/AppData/Local/UnrealEngine/4.18/DerivedDataCache/Boot.ddc
[2017.12.19-05.18.02:507][  0]LogDerivedDataCache: FDerivedDataBackendGraph:  Pak pak cache file D:/Project/Unreal4/BPRPG1/DerivedDataCache/DDC.ddp not found, will not use a pak cache.
[2017.12.19-05.18.02:507][  0]LogDerivedDataCache: Unable to find inner node Pak for hierarchical cache Hierarchy.
[2017.12.19-05.18.02:508][  0]LogDerivedDataCache: FDerivedDataBackendGraph:  CompressedPak pak cache file D:/Project/Unreal4/BPRPG1/DerivedDataCache/Compressed.ddp not found, will not use a pak cache.
[2017.12.19-05.18.02:508][  0]LogDerivedDataCache: Unable to find inner node CompressedPak for hierarchical cache Hierarchy.
[2017.12.19-05.18.02:524][  0]LogDerivedDataCache: Display: Pak cache opened for reading ../../../Engine/DerivedDataCache/Compressed.ddp.
[2017.12.19-05.18.02:537][  0]LogDerivedDataCache: Using Local data cache path C:/Users/mapl0/AppData/Local/UnrealEngine/Common/DerivedDataCache: Writable
[2017.12.19-05.18.02:549][  0]LogMaterial: Verifying Global Shaders for PCD3D_SM5
[2017.12.19-05.18.02:549][  0]LogSlate: Using Freetype 2.6.0
[2017.12.19-05.18.02:550][  0]LogSlate: SlateFontCache - WITH_FREETYPE: 1, WITH_HARFBUZZ: 1
[2017.12.19-05.18.02:550][  0]LogSlate: SlateFontCache - WITH_FREETYPE: 1, WITH_HARFBUZZ: 1
[2017.12.19-05.18.03:000][  0]LogInit: Selected Device Profile: [Windows]
[2017.12.19-05.18.03:509][  0]LogSimplygon: Simplygon DLL not present - disabling.
[2017.12.19-05.18.03:585][  0]LogMeshReduction: Using SimplygonSwarm for distributed automatic mesh merging
[2017.12.19-05.18.03:585][  0]LogMeshReduction: Using QuadricMeshReduction for automatic static mesh reduction
[2017.12.19-05.18.03:585][  0]LogMeshReduction: No automatic skeletal mesh reduction module available
[2017.12.19-05.18.03:586][  0]LogMeshReduction: No automatic mesh merging module available
[2017.12.19-05.18.03:586][  0]LogMeshMerging: No automatic mesh merging module available
[2017.12.19-05.18.03:711][  0]LogNetVersion: BPRPG1 , NetCL: 3709383, EngineNetVer: 2, GameNetVer: 0 (Checksum: 4133119992)
[2017.12.19-05.18.03:932][  0]LogAssetRegistry: FAssetRegistry took 0.0269 seconds to start up
[2017.12.19-05.18.04:563][  0]LogPackageLocalizationCache: Processed 7 localized package path(s) for 2 prioritized culture(s) in 0.074745 seconds
[2017.12.19-05.18.04:569][  0]LogUObjectArray: 35900 objects as part of root set at end of initial load.
[2017.12.19-05.18.04:569][  0]LogUObjectAllocator: 7372016 out of 0 bytes used by permanent object pool.
[2017.12.19-05.18.04:569][  0]LogUObjectArray: CloseDisregardForGC: 0/0 objects in disregard for GC pool
[2017.12.19-05.18.04:662][  0]LogInit: WinSock: version 1.1 (2.2), MaxSocks=32767, MaxUdp=65467
[2017.12.19-05.18.08:827][  0]LogTcpMessaging: Initializing TcpMessaging bridge
[2017.12.19-05.18.08:888][  0]LogUdpMessaging: Initializing bridge on interface 0.0.0.0:0 to multicast group 230.0.0.1:6666.
[2017.12.19-05.18.10:007][  0]LogMaterial: Uniform references updated for custom material expression Custom.
[2017.12.19-05.18.10:685][  0]SourceControl: 소스 콘트롤이 꺼졌습니다.
[2017.12.19-05.18.10:685][  0]SourceControl: 소스 콘트롤이 꺼졌습니다.
[2017.12.19-05.18.10:780][  0]SourceControl: 소스 콘트롤이 꺼졌습니다.
[2017.12.19-05.18.10:872][  0]SourceControl: 소스 콘트롤이 꺼졌습니다.
[2017.12.19-05.18.12:306][  0]LogAndroidPermission: UAndroidPermissionCallbackProxy::GetInstance
[2017.12.19-05.18.12:773][  0]LogOcInput: OculusInput pre-init called
[2017.12.19-05.18.13:286][  0]LogEngine: Initializing Engine...
[2017.12.19-05.18.13:290][  0]LogHMD: Failed to initialize OpenVR with code 110
[2017.12.19-05.18.13:561][  0]LogStats: UGameplayTagsManager::ConstructGameplayTagTree: Construct from data asset -  0.000 s
[2017.12.19-05.18.13:561][  0]LogStats: UGameplayTagsManager::ConstructGameplayTagTree: GameplayTagTreeChangedEvent.Broadcast -  0.000 s
[2017.12.19-05.18.13:819][  0]LogAIModule: Creating AISystem for world Untitled
[2017.12.19-05.18.13:878][  0]LogInit: XAudio2 using '스피커 / 헤드폰(Realtek High Definition Audio)' : 2 channels at 48 kHz using 32 bits per sample (channel mask 0x3)
[2017.12.19-05.18.14:392][  0]LogInit: FAudioDevice initialized.
[2017.12.19-05.18.14:461][  0]LogDerivedDataCache: Saved boot cache 0.07s 78MB C:/Users/mapl0/AppData/Local/UnrealEngine/4.18/DerivedDataCache/Boot.ddc.
[2017.12.19-05.18.14:486][  0]LogInit: Texture streaming: Enabled
[2017.12.19-05.18.14:687][  0]LogEngineSessionManager: EngineSessionManager initialized
[2017.12.19-05.18.14:945][  0]LogInit: Transaction tracking system initialized
[2017.12.19-05.18.15:568][  0]BlueprintLog: New page: 에디터 로드
[2017.12.19-05.18.17:545][  0]LocalizationService: 현지화 서비스가 비활성화되었습니다.
[2017.12.19-05.18.19:042][  0]LogConsoleResponse: Display: 
[2017.12.19-05.18.19:299][  0]LogCook: Display: Max memory allowance for cook 16384mb min free memory 0mb
[2017.12.19-05.18.19:299][  0]LogCook: Display: Mobile HDR setting 1
[2017.12.19-05.18.19:299][  0]LogGameplayTags: Display: UGameplayTagsManager::DoneAddingNativeTags. DelegateIsBound: 0
[2017.12.19-05.18.19:784][  0]LogFileCache: Scanning file cache for directory 'D:/Project/Unreal4/BPRPG1/Content/' took 0.02s
[2017.12.19-05.18.21:439][  0]SourceControl: 소스 콘트롤이 꺼졌습니다.
[2017.12.19-05.18.21:439][  0]Cmd: MAP LOAD FILE="D:/Project/Unreal4/BPRPG1/Content/Maps/Step2.umap" TEMPLATE=0 SHOWPROGRESS=1 FEATURELEVEL=3
[2017.12.19-05.18.21:439][  0]LightingResults: New page: 라이팅 빌드
[2017.12.19-05.18.21:519][  0]MapCheck: New page: 맵 체크
[2017.12.19-05.18.21:519][  0]LightingResults: New page: 라이팅 빌드
[2017.12.19-05.18.21:938][  0]LogAIModule: Creating AISystem for world Step2
[2017.12.19-05.18.21:956][  0]LogEditorServer: Finished looking for orphan Actors (0.000 secs)
[2017.12.19-05.18.21:990][  0]Cmd: MAP CHECKDEP NOCLEARLOG
[2017.12.19-05.18.22:075][  0]MapCheck: 맵 체크 완료: 오류 0 회, 경고 0 회, 소요 시간 84.357ms.
[2017.12.19-05.18.22:075][  0]LogFileHelpers: Loading map 'Step2' took 0.636
[2017.12.19-05.18.22:284][  0]LogCollectionManager: Loaded 0 collections in 0.001713 seconds
[2017.12.19-05.18.22:399][  0]LogFileCache: Scanning file cache for directory 'D:/Project/Unreal4/BPRPG1/Saved/Collections/' took 0.01s
[2017.12.19-05.18.22:399][  0]LogFileCache: Scanning file cache for directory 'D:/Project/Unreal4/BPRPG1/Content/Developers/mapl0/Collections/' took 0.01s
[2017.12.19-05.18.22:399][  0]LogFileCache: Scanning file cache for directory 'D:/Project/Unreal4/BPRPG1/Content/Collections/' took 0.01s
[2017.12.19-05.18.22:399][  0]LogCollectionManager: Rebuilt the GUID cache for 0 collections in 0.000000 seconds
[2017.12.19-05.18.22:409][  0]LogContentBrowser: Native class hierarchy populated in 0.0090 seconds. Added 2363 classes and 519 folders.
[2017.12.19-05.18.22:526][  0]LogContentBrowser: Native class hierarchy updated for 'WidgetCarousel' in 0.0004 seconds. Added 0 classes and 0 folders.
[2017.12.19-05.18.22:580][  0]LogContentBrowser: Native class hierarchy updated for 'AddContentDialog' in 0.0003 seconds. Added 0 classes and 0 folders.
[2017.12.19-05.18.22:663][  0]LogContentBrowser: Native class hierarchy updated for 'SceneOutliner' in 0.0004 seconds. Added 1 classes and 2 folders.
[2017.12.19-05.18.22:792][  0]LogSlate: Took 0.000332 seconds to synchronously load lazily loaded font '../../../Engine/Content/Slate/Fonts/Roboto-Regular.ttf' (155K)
[2017.12.19-05.18.22:796][  0]LogSlate: Took 0.003576 seconds to synchronously load lazily loaded font '../../../Engine/Content/Slate/Fonts/NanumGothic.ttf' (4243K)
[2017.12.19-05.18.22:798][  0]LogSlate: Took 0.000331 seconds to synchronously load lazily loaded font '../../../Engine/Content/Slate/Fonts/Roboto-Bold.ttf' (160K)
[2017.12.19-05.18.22:805][  0]LogSlate: Took 0.000374 seconds to synchronously load lazily loaded font '../../../Engine/Content/Editor/Slate/Fonts/FontAwesome.ttf' (139K)
[2017.12.19-05.18.22:957][  0]LogRenderer: Reallocating scene render targets to support 1080x576 Format 9 NumSamples 1 (Frame:1).
[2017.12.19-05.18.23:316][  0]LogContentBrowser: Native class hierarchy updated for 'HierarchicalLODOutliner' in 0.0005 seconds. Added 1 classes and 2 folders.
[2017.12.19-05.18.23:317][  0]LogLoad: (Engine Initialization) Total time: 29.66 seconds
[2017.12.19-05.18.23:317][  0]LogLoad: (Engine Initialization) Total Blueprint compile time: 0.00 seconds
[2017.12.19-05.18.23:317][  0]LogExternalProfiler: Found external profiler: VSPerf
[2017.12.19-05.18.23:317][  0]LogExternalProfiler: Using external profiler: VSPerf
[2017.12.19-05.18.23:681][  0]LogContentStreaming: Texture pool size now 800 MB
[2017.12.19-05.18.24:011][  1]LogAssetRegistry: Asset discovery search completed in 20.1025 seconds
[2017.12.19-05.18.24:016][  1]LogCollectionManager: Rebuilt the object cache for 0 collections in 0.000002 seconds (found 0 objects)
[2017.12.19-05.18.24:016][  1]LogCollectionManager: Fixed up redirectors for 0 collections in 0.000230 seconds (updated 0 objects)
[2017.12.19-05.18.31:607][270]LogSlate: Took 0.000286 seconds to synchronously load lazily loaded font '../../../Engine/Content/Slate/Fonts/Roboto-Light.ttf' (159K)
[2017.12.19-05.18.31:826][270]Cmd: OBJ SAVEPACKAGE PACKAGE="/Game/Share/JYD/AM/SM_COLUMN" FILE="D:/Project/Unreal4/BPRPG1/Content/Share/JYD/AM/SM_COLUMN.uasset" SILENT=true
[2017.12.19-05.18.31:846][270]LogSavePackage: Save=18.21ms
[2017.12.19-05.18.31:846][270]LogSavePackage: Moving 'D:/Project/Unreal4/BPRPG1/Saved/SM_COLUMN9EE5478A416C9A4FECE3F9AD4C134CE7.tmp' to 'D:/Project/Unreal4/BPRPG1/Content/Share/JYD/AM/SM_COLUMN.uasset'
[2017.12.19-05.18.31:848][270]LogSavePackage: Display: Finished SavePackage D:/Project/Unreal4/BPRPG1/Content/Share/JYD/AM/SM_COLUMN.uasset
[2017.12.19-05.18.31:888][270]Cmd: OBJ SAVEPACKAGE PACKAGE="/Game/Share/JYD/AM/SM_Floor_Middle" FILE="D:/Project/Unreal4/BPRPG1/Content/Share/JYD/AM/SM_Floor_Middle.uasset" SILENT=true
[2017.12.19-05.18.31:913][270]LogSavePackage: Save=23.01ms
[2017.12.19-05.18.31:913][270]LogSavePackage: Moving 'D:/Project/Unreal4/BPRPG1/Saved/SM_Floor_Middle48DB1CA943460C874C5E079ED0FD17F9.tmp' to 'D:/Project/Unreal4/BPRPG1/Content/Share/JYD/AM/SM_Floor_Middle.uasset'
[2017.12.19-05.18.31:916][270]LogSavePackage: Display: Finished SavePackage D:/Project/Unreal4/BPRPG1/Content/Share/JYD/AM/SM_Floor_Middle.uasset
[2017.12.19-05.18.31:962][270]Cmd: OBJ SAVEPACKAGE PACKAGE="/Game/Share/JYD/AM/SM_SQUARE" FILE="D:/Project/Unreal4/BPRPG1/Content/Share/JYD/AM/SM_SQUARE.uasset" SILENT=true
[2017.12.19-05.18.32:006][270]LogSavePackage: Save=40.65ms
[2017.12.19-05.18.32:006][270]LogSavePackage: Moving 'D:/Project/Unreal4/BPRPG1/Saved/SM_SQUAREAA571D3542B55E96600281B5E336EB66.tmp' to 'D:/Project/Unreal4/BPRPG1/Content/Share/JYD/AM/SM_SQUARE.uasset'
[2017.12.19-05.18.32:008][270]LogSavePackage: Display: Finished SavePackage D:/Project/Unreal4/BPRPG1/Content/Share/JYD/AM/SM_SQUARE.uasset
[2017.12.19-05.18.32:013][270]Cmd: OBJ SAVEPACKAGE PACKAGE="/Game/Share/YD/AM/SM_SQUARE" FILE="D:/Project/Unreal4/BPRPG1/Content/Share/YD/AM/SM_SQUARE.uasset" SILENT=true
[2017.12.19-05.18.32:074][270]LogSavePackage: Save=44.73ms
[2017.12.19-05.18.32:074][270]LogSavePackage: Moving 'D:/Project/Unreal4/BPRPG1/Saved/SM_SQUARE31214355493AE816C2CADABAADBC1AD7.tmp' to 'D:/Project/Unreal4/BPRPG1/Content/Share/YD/AM/SM_SQUARE.uasset'
[2017.12.19-05.18.32:077][270]LogSavePackage: Display: Finished SavePackage D:/Project/Unreal4/BPRPG1/Content/Share/YD/AM/SM_SQUARE.uasset
[2017.12.19-05.18.32:117][270]Cmd: OBJ SAVEPACKAGE PACKAGE="/Game/Share/JYD/AM/SM_WALL" FILE="D:/Project/Unreal4/BPRPG1/Content/Share/JYD/AM/SM_WALL.uasset" SILENT=true
[2017.12.19-05.18.32:139][270]LogSavePackage: Save=19.56ms
[2017.12.19-05.18.32:139][270]LogSavePackage: Moving 'D:/Project/Unreal4/BPRPG1/Saved/SM_WALL143CFFD344E0E030161DC5A71CDAF847.tmp' to 'D:/Project/Unreal4/BPRPG1/Content/Share/JYD/AM/SM_WALL.uasset'
[2017.12.19-05.18.32:142][270]LogSavePackage: Display: Finished SavePackage D:/Project/Unreal4/BPRPG1/Content/Share/JYD/AM/SM_WALL.uasset
[2017.12.19-05.18.32:180][270]Cmd: OBJ SAVEPACKAGE PACKAGE="/Game/Share/JYD/AM/SM_WALL_SIDE" FILE="D:/Project/Unreal4/BPRPG1/Content/Share/JYD/AM/SM_WALL_SIDE.uasset" SILENT=true
[2017.12.19-05.18.32:212][270]LogSavePackage: Save=27.51ms
[2017.12.19-05.18.32:212][270]LogSavePackage: Moving 'D:/Project/Unreal4/BPRPG1/Saved/SM_WALL_SIDEA08F7FA24C66E8F82EEAF1B0F33CFC24.tmp' to 'D:/Project/Unreal4/BPRPG1/Content/Share/JYD/AM/SM_WALL_SIDE.uasset'
[2017.12.19-05.18.32:214][270]LogSavePackage: Display: Finished SavePackage D:/Project/Unreal4/BPRPG1/Content/Share/JYD/AM/SM_WALL_SIDE.uasset
[2017.12.19-05.18.32:253][270]Cmd: OBJ SAVEPACKAGE PACKAGE="/Game/Share/JYD/AM/SM_WALL_SQUARE" FILE="D:/Project/Unreal4/BPRPG1/Content/Share/JYD/AM/SM_WALL_SQUARE.uasset" SILENT=true
[2017.12.19-05.18.32:293][270]LogSavePackage: Save=37.23ms
[2017.12.19-05.18.32:293][270]LogSavePackage: Moving 'D:/Project/Unreal4/BPRPG1/Saved/SM_WALL_SQUARE15C036504567EDDFC22CE3BA85E76C84.tmp' to 'D:/Project/Unreal4/BPRPG1/Content/Share/JYD/AM/SM_WALL_SQUARE.uasset'
[2017.12.19-05.18.32:295][270]LogSavePackage: Display: Finished SavePackage D:/Project/Unreal4/BPRPG1/Content/Share/JYD/AM/SM_WALL_SQUARE.uasset
[2017.12.19-05.18.34:885][358]LogAIModule: Creating AISystem for world Step3
[2017.12.19-05.18.35:004][358]Cmd: OBJ SAVEPACKAGE PACKAGE="/Game/Maps/Step3" FILE="D:/Project/Unreal4/BPRPG1/Content/Maps/Step3.umap" SILENT=true AUTOSAVING=false KEEPDIRTY=false
[2017.12.19-05.18.35:058][358]LogSavePackage: Save=36.33ms
[2017.12.19-05.18.35:058][358]LogSavePackage: Moving 'D:/Project/Unreal4/BPRPG1/Saved/Step32C2498A24572C2411C58358D890F73AE.tmp' to 'D:/Project/Unreal4/BPRPG1/Content/Maps/Step3.umap'
[2017.12.19-05.18.35:061][358]LogSavePackage: Display: Finished SavePackage D:/Project/Unreal4/BPRPG1/Content/Maps/Step3.umap
[2017.12.19-05.18.35:065][358]LogFileHelpers: Saving map 'Step3' took 0.148
[2017.12.19-05.55.30:370][313]LogTemp: Repeating last play command: 선택된 뷰포트
[2017.12.19-05.55.30:440][313]LogPlayLevel: PlayLevel: No blueprints needed recompiling
[2017.12.19-05.55.30:441][313]PIE: New page: PIE 세션: Step2 (2017. 12. 19. 오후 11:55:30)
[2017.12.19-05.55.30:441][313]LogPlayLevel: Creating play world package: /Game/Maps/UEDPIE_0_Step2
[2017.12.19-05.55.30:535][313]LogPlayLevel: PIE: StaticDuplicateObject took: (0.094032s)
[2017.12.19-05.55.30:536][313]LogAIModule: Creating AISystem for world Step2
[2017.12.19-05.55.30:536][313]LogPlayLevel: PIE: World Init took: (0.001062s)
[2017.12.19-05.55.30:537][313]LogPlayLevel: PIE: Created PIE world by copying editor world from /Game/Maps/Step2.Step2 to /Game/Maps/UEDPIE_0_Step2.Step2 (0.095664s)
[2017.12.19-05.55.30:584][313]LogInit: XAudio2 using '스피커 / 헤드폰(Realtek High Definition Audio)' : 2 channels at 48 kHz using 32 bits per sample (channel mask 0x3)
[2017.12.19-05.55.30:645][313]LogInit: FAudioDevice initialized.
[2017.12.19-05.55.30:865][313]LogLoad: Game class is 'ThirdPersonGameMode_C'
[2017.12.19-05.55.30:870][313]LogWorld: Bringing World /Game/Maps/UEDPIE_0_Step2.Step2 up for play (max tick rate 60) at 2017.12.19-14.55.30
[2017.12.19-05.55.30:871][313]LogWorld: Bringing up level for play took: 0.003805
[2017.12.19-05.55.30:946][313]LogContentBrowser: Native class hierarchy updated for 'MovieSceneCapture' in 0.0004 seconds. Added 11 classes and 0 folders.
[2017.12.19-05.55.30:949][313]PIE: /Game/Maps/UEDPIE_0_Step2 에 대한 에디터에서 플레이 시작 시간: 0.682
[2017.12.19-06.07.07:706][196]LogSlate: Only BGRA pngs, bmps or icos are supported in by External Image Picker
[2017.12.19-06.07.08:736][199]LogTemp: Executing iPhonePackager certificates Engine -bundlename com.YourCompany.BPRPG1
[2017.12.19-06.07.08:736][199]LogTemp: CWD: C:\Program Files\Epic Games\UE_4.18\Engine\Binaries\DotNET\IOS
[2017.12.19-06.07.08:736][199]LogTemp: Initial Dir: C:\Program Files\Epic Games\UE_4.18
[2017.12.19-06.07.08:736][199]LogTemp: Env CWD: C:\Program Files\Epic Games\UE_4.18\Engine\Binaries\DotNET\IOS
[2017.12.19-06.07.08:741][199]LogTemp: BranchPath = JYD/C/Program Files/Epic Games/UE_4.18/Engine/Binaries --- GameBranchPath = JYD/C/Program Files/Epic Games/UE_4.18/Engine/Binaries
[2017.12.19-06.07.08:765][199]LogTemp: IPP ERROR: Could not find provision directory 'C:\Users\mapl0\AppData\Local/Apple Computer/MobileDevice/Provisioning Profiles/'.
[2017.12.19-07.03.29:591][ 51]Cmd: MAP LOAD FILE="D:/Project/Unreal4/BPRPG1/Content/Maps/Step3.umap" TEMPLATE=0 SHOWPROGRESS=1 FEATURELEVEL=3
[2017.12.19-07.03.29:592][ 51]LightingResults: New page: 라이팅 빌드
[2017.12.19-07.03.29:593][ 51]LoadErrors: New page: 맵 로드중: Step3.umap
[2017.12.19-07.03.29:604][ 51]MapCheck: New page: 맵 체크
[2017.12.19-07.03.29:604][ 51]LightingResults: New page: 라이팅 빌드
[2017.12.19-07.03.29:730][ 51]LogEditorServer: Finished looking for orphan Actors (0.000 secs)
[2017.12.19-07.03.29:787][ 51]Cmd: MAP CHECKDEP NOCLEARLOG
[2017.12.19-07.03.29:886][ 51]MapCheck: 맵 체크 완료: 오류 0 회, 경고 0 회, 소요 시간 99.121ms.
[2017.12.19-07.03.29:887][ 51]LogFileHelpers: Loading map 'Step3' took 0.297
[2017.12.19-07.03.31:690][150]LogEditorViewport: Clicking on Actor (context menu): StaticMeshActor (SM_SQUARE)
[2017.12.19-07.04.20:462][733]AssetTools: New page: 콘텐츠 이주가 성공적으로 완료되었습니다!
[2017.12.19-07.04.20:462][733]AssetTools: /Game/Maps/Step3
[2017.12.19-07.04.20:462][733]AssetTools: /Game/Maps/Step3_BuiltData
[2017.12.19-07.04.20:462][733]AssetTools: /Game/Share/JYD/AM/SM_SQUARE
[2017.12.19-07.04.20:462][733]AssetTools: /Game/InfinityBladeGrassLands/Environments/Plains/Env_Plains_Floors/Materials/M_Plains_Floors_Block
[2017.12.19-07.04.20:463][733]AssetTools: /Game/InfinityBladeGrassLands/Environments/Plains/Env_Plains_Floors/Textures/T_Plains_Terrain_Floors01_D
[2017.12.19-07.04.20:463][733]AssetTools: /Game/InfinityBladeGrassLands/Environments/Plains/Env_Plains_Floors/Textures/T_Plains_Terrain_Floors01_N
[2017.12.19-07.04.20:463][733]AssetTools: /Game/InfinityBladeGrassLands/Environments/SurfaceTypes/PhysicalMaterial_Stone
[2017.12.19-07.04.20:463][733]AssetTools: /Game/InfinityBladeGrassLands/Environments/Plains/Env_Plains_Ruins/Materials/M_Plains_Pillars
[2017.12.19-07.04.20:463][733]AssetTools: /Game/InfinityBladeGrassLands/Environments/Plains/Env_Plains_Ruins/Textures/T_Plains_Ruins_Pillars_D
[2017.12.19-07.04.20:463][733]AssetTools: /Game/InfinityBladeGrassLands/Environments/Plains/Env_Plains_Ruins/Textures/T_Plains_Ruins_Pillars_M
[2017.12.19-07.04.20:463][733]AssetTools: /Game/InfinityBladeGrassLands/Environments/Plains/Env_Plains_Ruins/Textures/T_Plains_Ruins_Pillars_N
[2017.12.19-07.04.20:463][733]AssetTools: /Game/InfinityBladeGrassLands/Environments/Plains/Env_Plains_Ruins/Materials/M_Plains_StoneWall
[2017.12.19-07.04.20:463][733]AssetTools: /Game/InfinityBladeGrassLands/Environments/Plains/Env_Plains_Ruins/Textures/T_Plains_ExtCastle_StoneWall_01_D
[2017.12.19-07.04.20:463][733]AssetTools: /Game/InfinityBladeGrassLands/Environments/Plains/Env_Plains_Ruins/Textures/T_Plains_ExtCastle_StoneWall_01_N
[2017.12.19-07.06.28:832][972]LogWindowsTextInputMethodSystem: Display: IME system now activated using TSF (Microsoft 입력기).
[2017.12.19-07.06.29:118][973]Cmd: QUIT_EDITOR
[2017.12.19-07.06.29:183][973]LogExit: Preparing to exit.
[2017.12.19-07.06.29:701][973]LogExit: Editor shut down
[2017.12.19-07.06.29:713][973]LogExit: Transaction tracking system shut down
[2017.12.19-07.06.29:934][973]LogDirectoryWatcher: A directory notification for '../../../Engine/Content/' was aborted.
[2017.12.19-07.06.29:934][973]LogDirectoryWatcher: A directory notification for 'D:/Project/Unreal4/BPRPG1/Content/' was aborted.
[2017.12.19-07.06.29:934][973]LogDirectoryWatcher: A directory notification for '../../../Engine/Plugins/2D/Paper2D/Content/' was aborted.
[2017.12.19-07.06.29:934][973]LogDirectoryWatcher: A directory notification for '../../../Engine/Plugins/Media/MediaCompositing/Content/' was aborted.
[2017.12.19-07.06.29:934][973]LogDirectoryWatcher: A directory notification for '../../../Engine/Plugins/Runtime/AppleARKit/Content/' was aborted.
[2017.12.19-07.06.29:934][973]LogDirectoryWatcher: A directory notification for '../../../Engine/Plugins/Runtime/Oculus/OculusVR/Content/' was aborted.
[2017.12.19-07.06.29:934][973]LogDirectoryWatcher: A directory notification for '../../../Engine/Plugins/Runtime/Steam/SteamVR/Content/' was aborted.
[2017.12.19-07.06.30:128][973]LogExit: Object subsystem successfully closed.
[2017.12.19-07.06.30:156][973]LogD3D11RHI: Shutdown
[2017.12.19-07.06.30:156][973]LogD3D11RHI: CleanupD3DDevice
[2017.12.19-07.06.30:161][973]LogD3D11RHI: ~FD3D11DynamicRHI
[2017.12.19-07.06.30:192][973]LogModuleManager: Shutting down and abandoning module ExternalImagePicker (552)
[2017.12.19-07.06.30:192][973]LogModuleManager: Shutting down and abandoning module MovieSceneCapture (550)
[2017.12.19-07.06.30:192][973]LogModuleManager: Shutting down and abandoning module HierarchicalLODOutliner (548)
[2017.12.19-07.06.30:192][973]LogModuleManager: Shutting down and abandoning module SceneOutliner (546)
[2017.12.19-07.06.30:192][973]LogModuleManager: Shutting down and abandoning module AddContentDialog (544)
[2017.12.19-07.06.30:192][973]LogDirectoryWatcher: A directory notification for 'C:/Program Files/Epic Games/UE_4.18/FeaturePacks/' was aborted.
[2017.12.19-07.06.30:202][973]LogModuleManager: Shutting down and abandoning module WidgetCarousel (543)
[2017.12.19-07.06.30:203][973]LogModuleManager: Shutting down and abandoning module EditorWidgets (540)
[2017.12.19-07.06.30:203][973]LogModuleManager: Shutting down and abandoning module CollectionManager (538)
[2017.12.19-07.06.30:203][973]LogDirectoryWatcher: A directory notification for 'D:/Project/Unreal4/BPRPG1/Content/Collections/' was aborted.
[2017.12.19-07.06.30:203][973]LogDirectoryWatcher: A directory notification for 'D:/Project/Unreal4/BPRPG1/Content/Developers/mapl0/Collections/' was aborted.
[2017.12.19-07.06.30:203][973]LogDirectoryWatcher: A directory notification for 'D:/Project/Unreal4/BPRPG1/Saved/Collections/' was aborted.
[2017.12.19-07.06.30:203][973]LogModuleManager: Shutting down and abandoning module StatsViewer (536)
[2017.12.19-07.06.30:203][973]LogModuleManager: Shutting down and abandoning module FoliageEdit (534)
[2017.12.19-07.06.30:203][973]LogModuleManager: Shutting down and abandoning module LandscapeEditor (532)
[2017.12.19-07.06.30:203][973]LogModuleManager: Shutting down and abandoning module MeshPaintMode (530)
[2017.12.19-07.06.30:203][973]LogModuleManager: Shutting down and abandoning module SceneDepthPickerMode (528)
[2017.12.19-07.06.30:203][973]LogModuleManager: Shutting down and abandoning module ActorPickerMode (526)
[2017.12.19-07.06.30:203][973]LogModuleManager: Shutting down and abandoning module GeometryMode (524)
[2017.12.19-07.06.30:203][973]LogModuleManager: Shutting down and abandoning module TextureAlignMode (522)
[2017.12.19-07.06.30:203][973]LogModuleManager: Shutting down and abandoning module BspMode (520)
[2017.12.19-07.06.30:203][973]LogModuleManager: Shutting down and abandoning module PIEPreviewDeviceProfileSelector (518)
[2017.12.19-07.06.30:203][973]LogModuleManager: Shutting down and abandoning module HardwareSurvey (516)
[2017.12.19-07.06.30:203][973]LogModuleManager: Shutting down and abandoning module SequenceRecorderSections (514)
[2017.12.19-07.06.30:204][973]LogModuleManager: Shutting down and abandoning module AutomationWorker (512)
[2017.12.19-07.06.30:204][973]LogModuleManager: Shutting down and abandoning module MatineeToLevelSequence (510)
[2017.12.19-07.06.30:204][973]LogModuleManager: Shutting down and abandoning module LevelSequenceEditor (508)
[2017.12.19-07.06.30:204][973]LogModuleManager: Shutting down and abandoning module PlacementMode (507)
[2017.12.19-07.06.30:204][973]LogModuleManager: Shutting down and abandoning module WmfMediaFactory (504)
[2017.12.19-07.06.30:204][973]LogModuleManager: Shutting down and abandoning module WmfMediaEditor (502)
[2017.12.19-07.06.30:204][973]LogModuleManager: Shutting down and abandoning module OpenExrWrapper (500)
[2017.12.19-07.06.30:204][973]LogModuleManager: Shutting down and abandoning module ImgMediaFactory (498)
[2017.12.19-07.06.30:204][973]LogModuleManager: Shutting down and abandoning module ImgMediaEditor (496)
[2017.12.19-07.06.30:204][973]LogModuleManager: Shutting down and abandoning module AvfMediaFactory (494)
[2017.12.19-07.06.30:204][973]LogModuleManager: Shutting down and abandoning module AvfMediaEditor (492)
[2017.12.19-07.06.30:204][973]LogModuleManager: Shutting down and abandoning module AndroidMediaFactory (490)
[2017.12.19-07.06.30:204][973]LogModuleManager: Shutting down and abandoning module AndroidMediaEditor (488)
[2017.12.19-07.06.30:204][973]LogModuleManager: Shutting down and abandoning module CharacterAI (486)
[2017.12.19-07.06.30:204][973]LogModuleManager: Shutting down and abandoning module AudioCapture (484)
[2017.12.19-07.06.30:204][973]LogModuleManager: Shutting down and abandoning module SequenceRecorder (483)
[2017.12.19-07.06.30:204][973]LogModuleManager: Shutting down and abandoning module SmartSnapping (480)
[2017.12.19-07.06.30:204][973]LogModuleManager: Shutting down and abandoning module SessionServices (478)
[2017.12.19-07.06.30:204][973]LogModuleManager: Shutting down and abandoning module ViewportSnapping (476)
[2017.12.19-07.06.30:204][973]LogModuleManager: Shutting down and abandoning module ViewportInteraction (474)
[2017.12.19-07.06.30:204][973]LogModuleManager: Shutting down and abandoning module ClothPainter (472)
[2017.12.19-07.06.30:204][973]LogModuleManager: Shutting down and abandoning module SkeletalMeshEditor (471)
[2017.12.19-07.06.30:204][973]LogModuleManager: Shutting down and abandoning module LogVisualizer (468)
[2017.12.19-07.06.30:204][973]LogModuleManager: Shutting down and abandoning module IntroTutorials (466)
[2017.12.19-07.06.30:204][973]LogModuleManager: Shutting down and abandoning module GameProjectGeneration (465)
[2017.12.19-07.06.30:204][973]LogModuleManager: Shutting down and abandoning module IOSPlatformEditor (462)
[2017.12.19-07.06.30:204][973]LogModuleManager: Shutting down and abandoning module HTML5PlatformEditor (460)
[2017.12.19-07.06.30:204][973]LogModuleManager: Shutting down and abandoning module AndroidPlatformEditor (458)
[2017.12.19-07.06.30:204][973]LogModuleManager: Shutting down and abandoning module AndroidDeviceDetection (457)
[2017.12.19-07.06.30:243][973]LogModuleManager: Shutting down and abandoning module WindowsPlatformEditor (454)
[2017.12.19-07.06.30:243][973]LogModuleManager: Shutting down and abandoning module IOSRuntimeSettings (452)
[2017.12.19-07.06.30:243][973]LogModuleManager: Shutting down and abandoning module AndroidRuntimeSettings (450)
[2017.12.19-07.06.30:243][973]LogModuleManager: Shutting down and abandoning module InputBindingEditor (448)
[2017.12.19-07.06.30:243][973]LogModuleManager: Shutting down and abandoning module MergeActors (446)
[2017.12.19-07.06.30:243][973]LogModuleManager: Shutting down and abandoning module SizeMap (444)
[2017.12.19-07.06.30:243][973]LogModuleManager: Shutting down and abandoning module TreeMap (442)
[2017.12.19-07.06.30:243][973]LogModuleManager: Shutting down and abandoning module ReferenceViewer (440)
[2017.12.19-07.06.30:243][973]LogModuleManager: Shutting down and abandoning module LocalizationDashboard (438)
[2017.12.19-07.06.30:244][973]LogModuleManager: Shutting down and abandoning module LocalizationService (437)
[2017.12.19-07.06.30:244][973]LogModuleManager: Shutting down and abandoning module HardwareTargeting (434)
[2017.12.19-07.06.30:244][973]LogModuleManager: Shutting down and abandoning module DeviceProfileEditor (432)
[2017.12.19-07.06.30:244][973]LogModuleManager: Shutting down and abandoning module UndoHistory (430)
[2017.12.19-07.06.30:244][973]LogModuleManager: Shutting down and abandoning module XmlParser (428)
[2017.12.19-07.06.30:244][973]LogModuleManager: Shutting down and abandoning module Blutility (426)
[2017.12.19-07.06.30:244][973]LogModuleManager: Shutting down and abandoning module ProjectSettingsViewer (424)
[2017.12.19-07.06.30:244][973]LogModuleManager: Shutting down and abandoning module ProjectTargetPlatformEditor (423)
[2017.12.19-07.06.30:244][973]LogModuleManager: Shutting down and abandoning module EditorSettingsViewer (420)
[2017.12.19-07.06.30:244][973]LogModuleManager: Shutting down and abandoning module SettingsEditor (418)
[2017.12.19-07.06.30:244][973]LogModuleManager: Shutting down and abandoning module ProjectLauncher (416)
[2017.12.19-07.06.30:245][973]LogModuleManager: Shutting down and abandoning module SessionFrontend (414)
[2017.12.19-07.06.30:245][973]LogModuleManager: Shutting down and abandoning module ProfilerClient (412)
[2017.12.19-07.06.30:245][973]LogModuleManager: Shutting down and abandoning module DeviceManager (410)
[2017.12.19-07.06.30:245][973]LogModuleManager: Shutting down and abandoning module TargetDeviceServices (409)
[2017.12.19-07.06.30:298][973]LogModuleManager: Shutting down and abandoning module AutomationController (406)
[2017.12.19-07.06.30:298][973]LogModuleManager: Shutting down and abandoning module AutomationWindow (404)
[2017.12.19-07.06.30:298][973]LogModuleManager: Shutting down and abandoning module Layers (402)
[2017.12.19-07.06.30:298][973]LogModuleManager: Shutting down and abandoning module ComponentVisualizers (400)
[2017.12.19-07.06.30:298][973]LogModuleManager: Shutting down and abandoning module DetailCustomizations (398)
[2017.12.19-07.06.30:298][973]LogModuleManager: Shutting down and abandoning module PackagesDialog (396)
[2017.12.19-07.06.30:298][973]LogModuleManager: Shutting down and abandoning module Persona (394)
[2017.12.19-07.06.30:299][973]LogModuleManager: Shutting down and abandoning module AdvancedPreviewScene (393)
[2017.12.19-07.06.30:299][973]LogModuleManager: Shutting down and abandoning module AnimGraph (391)
[2017.12.19-07.06.30:299][973]LogModuleManager: Shutting down and abandoning module Kismet (388)
[2017.12.19-07.06.30:299][973]LogModuleManager: Shutting down and abandoning module ClassViewer (386)
[2017.12.19-07.06.30:299][973]LogModuleManager: Shutting down and abandoning module Toolbox (384)
[2017.12.19-07.06.30:299][973]LogModuleManager: Shutting down and abandoning module ModuleUI (382)
[2017.12.19-07.06.30:299][973]LogModuleManager: Shutting down and abandoning module MovieSceneTools (380)
[2017.12.19-07.06.30:299][973]LogModuleManager: Shutting down and abandoning module OutputLog (378)
[2017.12.19-07.06.30:299][973]LogModuleManager: Shutting down and abandoning module GammaUI (376)
[2017.12.19-07.06.30:299][973]LogModuleManager: Shutting down and abandoning module Documentation (374)
[2017.12.19-07.06.30:300][973]LogModuleManager: Shutting down and abandoning module MovieSceneTracks (372)
[2017.12.19-07.06.30:300][973]LogModuleManager: Shutting down and abandoning module MovieScene (370)
[2017.12.19-07.06.30:300][973]LogModuleManager: Shutting down and abandoning module StreamingPauseRendering (368)
[2017.12.19-07.06.30:300][973]LogModuleManager: Shutting down and abandoning module LauncherPlatform (366)
[2017.12.19-07.06.30:300][973]LogModuleManager: Shutting down and abandoning module AnalyticsET (364)
[2017.12.19-07.06.30:300][973]LogModuleManager: Shutting down and abandoning module PortalServices (362)
[2017.12.19-07.06.30:300][973]LogModuleManager: Shutting down and abandoning module PortalRpc (360)
[2017.12.19-07.06.30:300][973]LogModuleManager: Shutting down and abandoning module MessagingRpc (358)
[2017.12.19-07.06.30:300][973]LogModuleManager: Shutting down and abandoning module AIModule (356)
[2017.12.19-07.06.30:300][973]LogModuleManager: Shutting down and abandoning module GameplayDebugger (355)
[2017.12.19-07.06.30:300][973]LogModuleManager: Shutting down and abandoning module AITestSuite (353)
[2017.12.19-07.06.30:300][973]LogModuleManager: Shutting down and abandoning module DesktopPlatform (350)
[2017.12.19-07.06.30:300][973]LogModuleManager: Shutting down and abandoning module ProfilerService (348)
[2017.12.19-07.06.30:438][973]LogModuleManager: Shutting down and abandoning module TaskGraph (346)
[2017.12.19-07.06.30:439][973]LogModuleManager: Shutting down and abandoning module SteamVRController (344)
[2017.12.19-07.06.30:439][973]LogModuleManager: Shutting down and abandoning module ProceduralMeshComponentEditor (342)
[2017.12.19-07.06.30:439][973]LogModuleManager: Shutting down and abandoning module ProceduralMeshComponent (340)
[2017.12.19-07.06.30:439][973]LogModuleManager: Shutting down and abandoning module OculusInput (338)
[2017.12.19-07.06.30:439][973]LogModuleManager: Shutting down and abandoning module MobilePatchingUtils (336)
[2017.12.19-07.06.30:439][973]LogModuleManager: Shutting down and abandoning module CustomMeshComponent (334)
[2017.12.19-07.06.30:439][973]LogModuleManager: Shutting down and abandoning module CableComponent (332)
[2017.12.19-07.06.30:439][973]LogModuleManager: Shutting down and abandoning module ArchVisCharacter (330)
[2017.12.19-07.06.30:439][973]LogModuleManager: Shutting down and abandoning module AndroidPermission (328)
[2017.12.19-07.06.30:439][973]LogModuleManager: Shutting down and abandoning module ActorSequence (324)
[2017.12.19-07.06.30:439][973]LogModuleManager: Shutting down and abandoning module MediaPlayerEditor (322)
[2017.12.19-07.06.30:439][973]LogModuleManager: Shutting down and abandoning module MediaCompositingEditor (320)
[2017.12.19-07.06.30:439][973]LogModuleManager: Shutting down and abandoning module MediaCompositing (318)
[2017.12.19-07.06.30:439][973]LogModuleManager: Shutting down and abandoning module HTML5Networking (316)
[2017.12.19-07.06.30:439][973]LogModuleManager: Shutting down and abandoning module AlembicImporter (314)
[2017.12.19-07.06.30:439][973]LogModuleManager: Shutting down and abandoning module AlembicLibrary (313)
[2017.12.19-07.06.30:439][973]LogModuleManager: Shutting down and abandoning module GeometryCache (312)
[2017.12.19-07.06.30:439][973]LogModuleManager: Shutting down and abandoning module GeometryCacheEd (311)
[2017.12.19-07.06.30:439][973]LogModuleManager: Shutting down and abandoning module SpeedTreeImporter (306)
[2017.12.19-07.06.30:439][973]LogModuleManager: Shutting down and abandoning module PluginBrowser (304)
[2017.12.19-07.06.30:439][973]LogModuleManager: Shutting down and abandoning module MobileLauncherProfileWizard (302)
[2017.12.19-07.06.30:439][973]LogModuleManager: Shutting down and abandoning module VisualStudioSourceCodeAccess (300)
[2017.12.19-07.06.30:439][973]LogModuleManager: Shutting down and abandoning module VisualStudioCodeSourceCodeAccess (298)
[2017.12.19-07.06.30:439][973]LogModuleManager: Shutting down and abandoning module UObjectPlugin (296)
[2017.12.19-07.06.30:439][973]LogModuleManager: Shutting down and abandoning module SubversionSourceControl (294)
[2017.12.19-07.06.30:439][973]LogModuleManager: Shutting down and abandoning module PerforceSourceControl (292)
[2017.12.19-07.06.30:439][973]LogModuleManager: Shutting down and abandoning module GitSourceControl (290)
[2017.12.19-07.06.30:439][973]LogModuleManager: Shutting down and abandoning module SourceControl (289)
[2017.12.19-07.06.30:439][973]LogModuleManager: Shutting down and abandoning module LightPropagationVolumeEditor (286)
[2017.12.19-07.06.30:439][973]LogModuleManager: Shutting down and abandoning module PaperTiledImporter (284)
[2017.12.19-07.06.30:440][973]LogModuleManager: Shutting down and abandoning module PaperSpriteSheetImporter (282)
[2017.12.19-07.06.30:440][973]LogModuleManager: Shutting down and abandoning module Paper2DEditor (280)
[2017.12.19-07.06.30:440][973]LogModuleManager: Shutting down and abandoning module MeshPaint (279)
[2017.12.19-07.06.30:440][973]LogModuleManager: Shutting down and abandoning module LevelEditor (277)
[2017.12.19-07.06.30:441][973]LogModuleManager: Shutting down and abandoning module PixelInspectorModule (276)
[2017.12.19-07.06.30:441][973]LogModuleManager: Shutting down and abandoning module MainFrame (274)
[2017.12.19-07.06.30:441][973]LogModuleManager: Shutting down and abandoning module HotReload (273)
[2017.12.19-07.06.30:442][973]LogModuleManager: Shutting down and abandoning module RuntimePhysXCooking (268)
[2017.12.19-07.06.30:442][973]LogModuleManager: Shutting down and abandoning module PhysXVehiclesEditor (266)
[2017.12.19-07.06.30:442][973]LogModuleManager: Shutting down and abandoning module PhysXVehicles (264)
[2017.12.19-07.06.30:442][973]LogModuleManager: Shutting down and abandoning module OculusEditor (262)
[2017.12.19-07.06.30:442][973]LogModuleManager: Shutting down and abandoning module LocationServicesBPLibrary (260)
[2017.12.19-07.06.30:442][973]LogModuleManager: Shutting down and abandoning module ImmediatePhysicsEditor (258)
[2017.12.19-07.06.30:442][973]LogModuleManager: Shutting down and abandoning module ImmediatePhysics (256)
[2017.12.19-07.06.30:442][973]LogModuleManager: Shutting down and abandoning module UdpMessaging (254)
[2017.12.19-07.06.30:542][973]LogModuleManager: Shutting down and abandoning module TcpMessaging (252)
[2017.12.19-07.06.30:643][973]LogModuleManager: Shutting down and abandoning module GameplayTagsEditor (250)
[2017.12.19-07.06.30:643][973]LogModuleManager: Shutting down and abandoning module FacialAnimationEditor (248)
[2017.12.19-07.06.30:643][973]LogModuleManager: Shutting down and abandoning module FacialAnimation (246)
[2017.12.19-07.06.30:643][973]LogModuleManager: Shutting down and abandoning module AssetManagerEditor (244)
[2017.12.19-07.06.30:643][973]LogModuleManager: Shutting down and abandoning module GraphEditor (243)
[2017.12.19-07.06.30:643][973]LogModuleManager: Shutting down and abandoning module ContentBrowser (241)
[2017.12.19-07.06.30:644][973]LogModuleManager: Shutting down and abandoning module LightPropagationVolumeRuntime (238)
[2017.12.19-07.06.30:644][973]LogModuleManager: Shutting down and abandoning module Paper2D (236)
[2017.12.19-07.06.30:644][973]LogModuleManager: Shutting down and abandoning module WindowsMoviePlayer (234)
[2017.12.19-07.06.30:644][973]LogModuleManager: Shutting down and abandoning module WmfMedia (232)
[2017.12.19-07.06.30:644][973]LogModuleManager: Shutting down and abandoning module ImgMedia (230)
[2017.12.19-07.06.30:644][973]LogModuleManager: Shutting down and abandoning module PacketHandler (228)
[2017.12.19-07.06.30:644][973]LogModuleManager: Shutting down and abandoning module ClothingSystemEditor (226)
[2017.12.19-07.06.30:644][973]LogModuleManager: Shutting down and abandoning module ClothingSystemRuntime (224)
[2017.12.19-07.06.30:644][973]LogModuleManager: Shutting down and abandoning module MediaAssets (222)
[2017.12.19-07.06.30:644][973]LogModuleManager: Shutting down and abandoning module Media (221)
[2017.12.19-07.06.30:650][973]LogModuleManager: Shutting down and abandoning module Overlay (218)
[2017.12.19-07.06.30:650][973]LogModuleManager: Shutting down and abandoning module OverlayEditor (217)
[2017.12.19-07.06.30:650][973]LogModuleManager: Shutting down and abandoning module VREditor (214)
[2017.12.19-07.06.30:650][973]LogModuleManager: Shutting down and abandoning module StringTableEditor (212)
[2017.12.19-07.06.30:650][973]LogModuleManager: Shutting down and abandoning module GameplayTasksEditor (210)
[2017.12.19-07.06.30:650][973]LogModuleManager: Shutting down and abandoning module BehaviorTreeEditor (208)
[2017.12.19-07.06.30:650][973]LogModuleManager: Shutting down and abandoning module FunctionalTesting (206)
[2017.12.19-07.06.30:650][973]LogModuleManager: Shutting down and abandoning module CollisionAnalyzer (204)
[2017.12.19-07.06.30:650][973]LogModuleManager: Shutting down and abandoning module WorkspaceMenuStructure (203)
[2017.12.19-07.06.30:651][973]LogModuleManager: Shutting down and abandoning module UMG (200)
[2017.12.19-07.06.30:651][973]LogModuleManager: Shutting down and abandoning module UMGEditor (199)
[2017.12.19-07.06.30:651][973]LogModuleManager: Shutting down and abandoning module Sequencer (198)
[2017.12.19-07.06.30:651][973]LogModuleManager: Shutting down and abandoning module MessageLog (195)
[2017.12.19-07.06.30:651][973]LogModuleManager: Shutting down and abandoning module SlateReflector (190)
[2017.12.19-07.06.30:651][973]LogModuleManager: Shutting down and abandoning module Slate (188)
[2017.12.19-07.06.30:651][973]LogModuleManager: Shutting down and abandoning module EditorStyle (186)
[2017.12.19-07.06.30:654][973]LogModuleManager: Shutting down and abandoning module MRMesh (184)
[2017.12.19-07.06.30:654][973]LogModuleManager: Shutting down and abandoning module SourceCodeAccess (182)
[2017.12.19-07.06.30:654][973]LogModuleManager: Shutting down and abandoning module HeadMountedDisplay (180)
[2017.12.19-07.06.30:654][973]LogModuleManager: Shutting down and abandoning module XAudio2 (178)
[2017.12.19-07.06.30:654][973]LogModuleManager: Shutting down and abandoning module Networking (176)
[2017.12.19-07.06.30:654][973]LogModuleManager: Shutting down and abandoning module Core (172)
[2017.12.19-07.06.30:654][973]LogModuleManager: Shutting down and abandoning module LevelSequence (168)
[2017.12.19-07.06.30:654][973]LogModuleManager: Shutting down and abandoning module DirectoryWatcher (166)
[2017.12.19-07.06.30:660][973]LogModuleManager: Shutting down and abandoning module KismetCompiler (164)
[2017.12.19-07.06.30:660][973]LogModuleManager: Shutting down and abandoning module MeshUtilities (162)
[2017.12.19-07.06.30:660][973]LogModuleManager: Shutting down and abandoning module MeshMergeUtilities (161)
[2017.12.19-07.06.30:660][973]LogModuleManager: Shutting down and abandoning module MeshReductionInterface (160)
[2017.12.19-07.06.30:660][973]LogModuleManager: Shutting down and abandoning module SimplygonSwarm (159)
[2017.12.19-07.06.30:660][973]LogModuleManager: Shutting down and abandoning module SimplygonMeshReduction (157)
[2017.12.19-07.06.30:660][973]LogModuleManager: Shutting down and abandoning module QuadricMeshReduction (155)
[2017.12.19-07.06.30:660][973]LogModuleManager: Shutting down and abandoning module MaterialBaking (151)
[2017.12.19-07.06.30:660][973]LogModuleManager: Shutting down and abandoning module DerivedDataCache (148)
[2017.12.19-07.06.30:667][973]LogDerivedDataCache: Shutdown
[2017.12.19-07.06.30:667][973]LogModuleManager: Shutting down and abandoning module TargetPlatform (146)
[2017.12.19-07.06.30:667][973]LogModuleManager: Shutting down and abandoning module VulkanShaderFormat (145)
[2017.12.19-07.06.30:667][973]LogModuleManager: Shutting down and abandoning module ShaderFormatVectorVM (143)
[2017.12.19-07.06.30:667][973]LogModuleManager: Shutting down and abandoning module ShaderFormatOpenGL (141)
[2017.12.19-07.06.30:667][973]LogModuleManager: Shutting down and abandoning module ShaderFormatD3D (139)
[2017.12.19-07.06.30:667][973]LogModuleManager: Shutting down and abandoning module MetalShaderFormat (137)
[2017.12.19-07.06.30:667][973]LogModuleManager: Shutting down and abandoning module TextureFormatUncompressed (135)
[2017.12.19-07.06.30:667][973]LogModuleManager: Shutting down and abandoning module TextureFormatPVR (133)
[2017.12.19-07.06.30:667][973]LogModuleManager: Shutting down and abandoning module TextureFormatDXT (131)
[2017.12.19-07.06.30:667][973]LogModuleManager: Shutting down and abandoning module TextureFormatIntelISPCTexComp (129)
[2017.12.19-07.06.30:667][973]LogModuleManager: Shutting down and abandoning module TextureFormatASTC (127)
[2017.12.19-07.06.30:667][973]LogModuleManager: Shutting down and abandoning module ImageWrapper (126)
[2017.12.19-07.06.30:667][973]LogModuleManager: Shutting down and abandoning module TextureFormatAndroid (123)
[2017.12.19-07.06.30:667][973]LogModuleManager: Shutting down and abandoning module AudioFormatOpus (121)
[2017.12.19-07.06.30:667][973]LogModuleManager: Shutting down and abandoning module AudioFormatOgg (119)
[2017.12.19-07.06.30:667][973]LogModuleManager: Shutting down and abandoning module AudioFormatADPCM (117)
[2017.12.19-07.06.30:667][973]LogModuleManager: Shutting down and abandoning module LinuxTargetPlatform (115)
[2017.12.19-07.06.30:667][973]LogModuleManager: Shutting down and abandoning module LinuxServerTargetPlatform (113)
[2017.12.19-07.06.30:667][973]LogModuleManager: Shutting down and abandoning module LinuxNoEditorTargetPlatform (111)
[2017.12.19-07.06.30:667][973]LogModuleManager: Shutting down and abandoning module LinuxClientTargetPlatform (109)
[2017.12.19-07.06.30:667][973]LogModuleManager: Shutting down and abandoning module TVOSTargetPlatform (107)
[2017.12.19-07.06.30:667][973]LogModuleManager: Shutting down and abandoning module Messaging (105)
[2017.12.19-07.06.30:667][973]LogModuleManager: Shutting down and abandoning module IOSTargetPlatform (103)
[2017.12.19-07.06.30:667][973]LogModuleManager: Shutting down and abandoning module HTML5TargetPlatform (101)
[2017.12.19-07.06.30:667][973]LogModuleManager: Shutting down and abandoning module AndroidTargetPlatform (99)
[2017.12.19-07.06.30:667][973]LogModuleManager: Shutting down and abandoning module Android_PVRTCTargetPlatform (97)
[2017.12.19-07.06.30:667][973]LogModuleManager: Shutting down and abandoning module Android_MultiTargetPlatform (95)
[2017.12.19-07.06.30:667][973]LogModuleManager: Shutting down and abandoning module Android_ETC2TargetPlatform (93)
[2017.12.19-07.06.30:667][973]LogModuleManager: Shutting down and abandoning module Android_ETC1TargetPlatform (91)
[2017.12.19-07.06.30:667][973]LogModuleManager: Shutting down and abandoning module Android_DXTTargetPlatform (89)
[2017.12.19-07.06.30:667][973]LogModuleManager: Shutting down and abandoning module Android_ATCTargetPlatform (87)
[2017.12.19-07.06.30:667][973]LogModuleManager: Shutting down and abandoning module Android_ASTCTargetPlatform (85)
[2017.12.19-07.06.30:667][973]LogModuleManager: Shutting down and abandoning module WindowsTargetPlatform (83)
[2017.12.19-07.06.30:667][973]LogModuleManager: Shutting down and abandoning module WindowsServerTargetPlatform (81)
[2017.12.19-07.06.30:667][973]LogModuleManager: Shutting down and abandoning module WindowsNoEditorTargetPlatform (79)
[2017.12.19-07.06.30:667][973]LogModuleManager: Shutting down and abandoning module WindowsClientTargetPlatform (77)
[2017.12.19-07.06.30:668][973]LogModuleManager: Shutting down and abandoning module MacTargetPlatform (75)
[2017.12.19-07.06.30:668][973]LogModuleManager: Shutting down and abandoning module MacServerTargetPlatform (73)
[2017.12.19-07.06.30:668][973]LogModuleManager: Shutting down and abandoning module MacNoEditorTargetPlatform (71)
[2017.12.19-07.06.30:668][973]LogModuleManager: Shutting down and abandoning module MacClientTargetPlatform (69)
[2017.12.19-07.06.30:668][973]LogModuleManager: Shutting down and abandoning module AllDesktopTargetPlatform (67)
[2017.12.19-07.06.30:668][973]LogModuleManager: Shutting down and abandoning module InputCore (64)
[2017.12.19-07.06.30:668][973]LogModuleManager: Shutting down and abandoning module Settings (62)
[2017.12.19-07.06.30:668][973]LogModuleManager: Shutting down and abandoning module PhysXCooking (60)
[2017.12.19-07.06.30:668][973]LogModuleManager: Shutting down and abandoning module SteamVR (58)
[2017.12.19-07.06.30:668][973]LogModuleManager: Shutting down and abandoning module OculusHMD (56)
[2017.12.19-07.06.30:668][973]LogModuleManager: Shutting down and abandoning module ExampleDeviceProfileSelector (54)
[2017.12.19-07.06.30:668][973]LogModuleManager: Shutting down and abandoning module AppleARKit (52)
[2017.12.19-07.06.30:668][973]LogModuleManager: Shutting down and abandoning module AugmentedReality (51)
[2017.12.19-07.06.30:668][973]LogModuleManager: Shutting down and abandoning module OnlineBlueprintSupport (48)
[2017.12.19-07.06.30:668][973]LogModuleManager: Shutting down and abandoning module OnlineSubsystem (44)
[2017.12.19-07.06.30:668][973]LogModuleManager: Shutting down and abandoning module XMPP (43)
[2017.12.19-07.06.30:668][973]LogModuleManager: Shutting down and abandoning module HTTP (41)
[2017.12.19-07.06.30:668][973]LogHttp: Display: Http module shutting down, but needs to wait on 1 outstanding Http requests:
[2017.12.19-07.06.30:668][973]LogHttp: Display: 	verb=[POST] url=[https://datarouter.ol.epicgames.com/datarouter/api/v1/public/data?SessionID=%7B566817CA-4843-AB00-A641-D2B4CF742ACA%7D&AppID=UEEditor.Rocket.Release&AppVersion=4.18.2-3794801%2B%2B%2BUE4%2BRelease-4.18&UserID=ab0f6ec7467c65357aa0a68f65584983%7C896c5d86c4cd4015b20f317903f9495b%7C2946f11b-8d1b-47ea-b6f1-d9c83ead4eea&AppEnvironment=datacollector-binary&UploadType=eteventstream] status=Processing
[2017.12.19-07.06.30:677][973]LogModuleManager: Shutting down and abandoning module SSL (40)
[2017.12.19-07.06.30:678][973]LogModuleManager: Shutting down and abandoning module AnimationModifiers (36)
[2017.12.19-07.06.30:678][973]LogModuleManager: Shutting down and abandoning module PropertyEditor (35)
[2017.12.19-07.06.30:678][973]LogModuleManager: Shutting down and abandoning module AudioEditor (32)
[2017.12.19-07.06.30:678][973]LogModuleManager: Shutting down and abandoning module TextureCompressor (30)
[2017.12.19-07.06.30:678][973]LogModuleManager: Shutting down and abandoning module ShaderCore (28)
[2017.12.19-07.06.30:678][973]LogModuleManager: Shutting down and abandoning module Landscape (26)
[2017.12.19-07.06.30:678][973]LogModuleManager: Shutting down and abandoning module SlateRHIRenderer (24)
[2017.12.19-07.06.30:685][973]LogModuleManager: Shutting down and abandoning module OpenGLDrv (22)
[2017.12.19-07.06.30:685][973]LogModuleManager: Shutting down and abandoning module D3D11RHI (20)
[2017.12.19-07.06.30:685][973]LogModuleManager: Shutting down and abandoning module AnimGraphRuntime (18)
[2017.12.19-07.06.30:685][973]LogModuleManager: Shutting down and abandoning module Renderer (16)
[2017.12.19-07.06.30:685][973]LogModuleManager: Shutting down and abandoning module Engine (14)
[2017.12.19-07.06.30:685][973]LogModuleManager: Shutting down and abandoning module CoreUObject (12)
[2017.12.19-07.06.30:685][973]LogModuleManager: Shutting down and abandoning module NetworkFile (10)
[2017.12.19-07.06.30:685][973]LogModuleManager: Shutting down and abandoning module CookedIterativeFile (8)
[2017.12.19-07.06.30:685][973]LogModuleManager: Shutting down and abandoning module StreamingFile (6)
[2017.12.19-07.06.30:685][973]LogModuleManager: Shutting down and abandoning module SandboxFile (4)
[2017.12.19-07.06.30:685][973]LogModuleManager: Shutting down and abandoning module PakFile (2)
[2017.12.19-07.06.30:688][973]LogExit: Exiting.
[2017.12.19-07.06.30:708][973]Log file closed, 12/19/17 16:06:30
