Log file open, 12/26/17 14:04:59
LogWindows: Failed to load 'aqProf.dll' (GetLastError=126)
LogWindows: File 'aqProf.dll' does not exist
LogWindows: Failed to load 'VtuneApi.dll' (GetLastError=126)
LogWindows: File 'VtuneApi.dll' does not exist
LogWindows: Failed to load 'VtuneApi32e.dll' (GetLastError=126)
LogWindows: File 'VtuneApi32e.dll' does not exist
LogInit: Display: Running engine for game: BPRPG1
LogPlatformFile: Not using cached read wrapper
LogInit: Display: RandInit(-1768705323) SRandInit(-1768705323).
LogInit: Read version file with build ID '3709383'
LogInit: Overriding engine version to CL 3794801, compatible CL 3709383
LogInit: Registered custom module enumerator with build ID '3709383'
LogTaskGraph: Started task graph with 5 named threads and 14 total threads with 3 sets of task threads.
LogStats: Stats thread started at 0.584990
LogD3D11RHI: Aftermath initialized
LogModuleManager: Display: Found up-to-date module file ../../../Engine/Plugins/2D/Paper2D/Binaries/Win64/UE4Editor-Paper2D.dll (API version 3709383).
LogModuleManager: Display: Found up-to-date module file ../../../Engine/Plugins/2D/Paper2D/Binaries/Win64/UE4Editor-Paper2DEditor.dll (API version 3709383).
LogModuleManager: Display: Found up-to-date module file ../../../Engine/Plugins/2D/Paper2D/Binaries/Win64/UE4Editor-PaperSpriteSheetImporter.dll (API version 3709383).
LogModuleManager: Display: Found up-to-date module file ../../../Engine/Plugins/2D/Paper2D/Binaries/Win64/UE4Editor-PaperTiledImporter.dll (API version 3709383).
LogModuleManager: Display: Found up-to-date module file ../../../Engine/Plugins/2D/Paper2D/Binaries/Win64/UE4Editor-SmartSnapping.dll (API version 3709383).
LogModuleManager: Display: Found up-to-date module file ../../../Engine/Plugins/Blendables/LightPropagationVolume/Binaries/Win64/UE4Editor-LightPropagationVolumeRuntime.dll (API version 3709383).
LogModuleManager: Display: Found up-to-date module file ../../../Engine/Plugins/Blendables/LightPropagationVolume/Binaries/Win64/UE4Editor-LightPropagationVolumeEditor.dll (API version 3709383).
LogModuleManager: Display: Found up-to-date module file ../../../Engine/Plugins/Developer/GitSourceControl/Binaries/Win64/UE4Editor-GitSourceControl.dll (API version 3709383).
LogModuleManager: Display: Found up-to-date module file ../../../Engine/Plugins/Developer/PerforceSourceControl/Binaries/Win64/UE4Editor-PerforceSourceControl.dll (API version 3709383).
LogModuleManager: Display: Found up-to-date module file ../../../Engine/Plugins/Developer/SubversionSourceControl/Binaries/Win64/UE4Editor-SubversionSourceControl.dll (API version 3709383).
LogModuleManager: Display: Found up-to-date module file ../../../Engine/Plugins/Developer/UObjectPlugin/Binaries/Win64/UE4Editor-UObjectPlugin.dll (API version 3709383).
LogModuleManager: Display: Found up-to-date module file ../../../Engine/Plugins/Developer/VisualStudioCodeSourceCodeAccess/Binaries/Win64/UE4Editor-VisualStudioCodeSourceCodeAccess.dll (API version 3709383).
LogModuleManager: Display: Found up-to-date module file ../../../Engine/Plugins/Developer/VisualStudioSourceCodeAccess/Binaries/Win64/UE4Editor-VisualStudioSourceCodeAccess.dll (API version 3709383).
LogModuleManager: Display: Found up-to-date module file ../../../Engine/Plugins/Editor/AssetManagerEditor/Binaries/Win64/UE4Editor-AssetManagerEditor.dll (API version 3709383).
LogModuleManager: Display: Found up-to-date module file ../../../Engine/Plugins/Editor/AudioCapture/Binaries/Win64/UE4Editor-AudioCapture.dll (API version 3709383).
LogModuleManager: Display: Found up-to-date module file ../../../Engine/Plugins/Editor/FacialAnimation/Binaries/Win64/UE4Editor-FacialAnimation.dll (API version 3709383).
LogModuleManager: Display: Found up-to-date module file ../../../Engine/Plugins/Editor/FacialAnimation/Binaries/Win64/UE4Editor-FacialAnimationEditor.dll (API version 3709383).
LogModuleManager: Display: Found up-to-date module file ../../../Engine/Plugins/Editor/GameplayTagsEditor/Binaries/Win64/UE4Editor-GameplayTagsEditor.dll (API version 3709383).
LogModuleManager: Display: Found up-to-date module file ../../../Engine/Plugins/Editor/MobileLauncherProfileWizard/Binaries/Win64/UE4Editor-MobileLauncherProfileWizard.dll (API version 3709383).
LogModuleManager: Display: Found up-to-date module file ../../../Engine/Plugins/Editor/PluginBrowser/Binaries/Win64/UE4Editor-PluginBrowser.dll (API version 3709383).
LogModuleManager: Display: Found up-to-date module file ../../../Engine/Plugins/Editor/SpeedTreeImporter/Binaries/Win64/UE4Editor-SpeedTreeImporter.dll (API version 3709383).
LogModuleManager: Display: Found up-to-date module file ../../../Engine/Plugins/Experimental/AlembicImporter/Binaries/Win64/UE4Editor-AlembicImporter.dll (API version 3709383).
LogModuleManager: Display: Found up-to-date module file ../../../Engine/Plugins/Experimental/AlembicImporter/Binaries/Win64/UE4Editor-AlembicLibrary.dll (API version 3709383).
LogModuleManager: Display: Found up-to-date module file ../../../Engine/Plugins/Experimental/CharacterAI/Binaries/Win64/UE4Editor-CharacterAI.dll (API version 3709383).
LogModuleManager: Display: Found up-to-date module file ../../../Engine/Plugins/Experimental/HTML5Networking/Binaries/Win64/UE4Editor-HTML5Networking.dll (API version 3709383).
LogModuleManager: Display: Found up-to-date module file ../../../Engine/Plugins/Media/AndroidMedia/Binaries/Win64/UE4Editor-AndroidMediaEditor.dll (API version 3709383).
LogModuleManager: Display: Found up-to-date module file ../../../Engine/Plugins/Media/AndroidMedia/Binaries/Win64/UE4Editor-AndroidMediaFactory.dll (API version 3709383).
LogModuleManager: Display: Found up-to-date module file ../../../Engine/Plugins/Media/AvfMedia/Binaries/Win64/UE4Editor-AvfMediaEditor.dll (API version 3709383).
LogModuleManager: Display: Found up-to-date module file ../../../Engine/Plugins/Media/AvfMedia/Binaries/Win64/UE4Editor-AvfMediaFactory.dll (API version 3709383).
LogModuleManager: Display: Found up-to-date module file ../../../Engine/Plugins/Media/AvfMedia/Binaries/Win64/UE4Editor-AvfMediaFactory.dll (API version 3709383).
LogModuleManager: Display: Found up-to-date module file ../../../Engine/Plugins/Media/ImgMedia/Binaries/Win64/UE4Editor-ImgMedia.dll (API version 3709383).
LogModuleManager: Display: Found up-to-date module file ../../../Engine/Plugins/Media/ImgMedia/Binaries/Win64/UE4Editor-ImgMediaEditor.dll (API version 3709383).
LogModuleManager: Display: Found up-to-date module file ../../../Engine/Plugins/Media/ImgMedia/Binaries/Win64/UE4Editor-ImgMediaFactory.dll (API version 3709383).
LogModuleManager: Display: Found up-to-date module file ../../../Engine/Plugins/Media/ImgMedia/Binaries/Win64/UE4Editor-ImgMediaFactory.dll (API version 3709383).
LogModuleManager: Display: Found up-to-date module file ../../../Engine/Plugins/Media/ImgMedia/Binaries/Win64/UE4Editor-OpenExrWrapper.dll (API version 3709383).
LogModuleManager: Display: Found up-to-date module file ../../../Engine/Plugins/Media/MediaCompositing/Binaries/Win64/UE4Editor-MediaCompositing.dll (API version 3709383).
LogModuleManager: Display: Found up-to-date module file ../../../Engine/Plugins/Media/MediaCompositing/Binaries/Win64/UE4Editor-MediaCompositingEditor.dll (API version 3709383).
LogModuleManager: Display: Found up-to-date module file ../../../Engine/Plugins/Media/MediaPlayerEditor/Binaries/Win64/UE4Editor-MediaPlayerEditor.dll (API version 3709383).
LogModuleManager: Display: Found up-to-date module file ../../../Engine/Plugins/Media/WmfMedia/Binaries/Win64/UE4Editor-WmfMedia.dll (API version 3709383).
LogModuleManager: Display: Found up-to-date module file ../../../Engine/Plugins/Media/WmfMedia/Binaries/Win64/UE4Editor-WmfMediaEditor.dll (API version 3709383).
LogModuleManager: Display: Found up-to-date module file ../../../Engine/Plugins/Media/WmfMedia/Binaries/Win64/UE4Editor-WmfMediaFactory.dll (API version 3709383).
LogModuleManager: Display: Found up-to-date module file ../../../Engine/Plugins/Media/WmfMedia/Binaries/Win64/UE4Editor-WmfMediaFactory.dll (API version 3709383).
LogModuleManager: Display: Found up-to-date module file ../../../Engine/Plugins/Messaging/TcpMessaging/Binaries/Win64/UE4Editor-TcpMessaging.dll (API version 3709383).
LogModuleManager: Display: Found up-to-date module file ../../../Engine/Plugins/Messaging/UdpMessaging/Binaries/Win64/UE4Editor-UdpMessaging.dll (API version 3709383).
LogModuleManager: Display: Found up-to-date module file ../../../Engine/Plugins/MovieScene/ActorSequence/Binaries/Win64/UE4Editor-ActorSequence.dll (API version 3709383).
LogModuleManager: Display: Found up-to-date module file ../../../Engine/Plugins/MovieScene/LevelSequenceEditor/Binaries/Win64/UE4Editor-LevelSequenceEditor.dll (API version 3709383).
LogModuleManager: Display: Found up-to-date module file ../../../Engine/Plugins/MovieScene/MatineeToLevelSequence/Binaries/Win64/UE4Editor-MatineeToLevelSequence.dll (API version 3709383).
LogModuleManager: Display: Found up-to-date module file ../../../Engine/Plugins/Online/OnlineSubsystem/Binaries/Win64/UE4Editor-OnlineSubsystem.dll (API version 3709383).
LogModuleManager: Display: Found up-to-date module file ../../../Engine/Plugins/Runtime/AndroidPermission/Binaries/Win64/UE4Editor-AndroidPermission.dll (API version 3709383).
LogModuleManager: Display: Found up-to-date module file ../../../Engine/Plugins/Online/OnlineSubsystemNull/Binaries/Win64/UE4Editor-OnlineSubsystemNull.dll (API version 3709383).
LogModuleManager: Display: Found up-to-date module file ../../../Engine/Plugins/Online/OnlineSubsystemUtils/Binaries/Win64/UE4Editor-OnlineSubsystemUtils.dll (API version 3709383).
LogModuleManager: Display: Found up-to-date module file ../../../Engine/Plugins/Online/OnlineSubsystemUtils/Binaries/Win64/UE4Editor-OnlineBlueprintSupport.dll (API version 3709383).
LogModuleManager: Display: Found up-to-date module file ../../../Engine/Plugins/Runtime/AndroidDeviceProfileSelector/Binaries/Win64/UE4Editor-AndroidDeviceProfileSelector.dll (API version 3709383).
LogModuleManager: Display: Found up-to-date module file ../../../Engine/Plugins/Runtime/AppleARKit/Binaries/Win64/UE4Editor-AppleARKit.dll (API version 3709383).
LogModuleManager: Display: Found up-to-date module file ../../../Engine/Plugins/Runtime/ArchVisCharacter/Binaries/Win64/UE4Editor-ArchVisCharacter.dll (API version 3709383).
LogModuleManager: Display: Found up-to-date module file ../../../Engine/Plugins/Runtime/CableComponent/Binaries/Win64/UE4Editor-CableComponent.dll (API version 3709383).
LogModuleManager: Display: Found up-to-date module file ../../../Engine/Plugins/Runtime/CustomMeshComponent/Binaries/Win64/UE4Editor-CustomMeshComponent.dll (API version 3709383).
LogModuleManager: Display: Found up-to-date module file ../../../Engine/Plugins/Runtime/ExampleDeviceProfileSelector/Binaries/Win64/UE4Editor-ExampleDeviceProfileSelector.dll (API version 3709383).
LogModuleManager: Display: Found up-to-date module file ../../../Engine/Plugins/Runtime/ImmediatePhysics/Binaries/Win64/UE4Editor-ImmediatePhysics.dll (API version 3709383).
LogModuleManager: Display: Found up-to-date module file ../../../Engine/Plugins/Runtime/ImmediatePhysics/Binaries/Win64/UE4Editor-ImmediatePhysicsEditor.dll (API version 3709383).
LogModuleManager: Display: Found up-to-date module file ../../../Engine/Plugins/Runtime/LocationServicesBPLibrary/Binaries/Win64/UE4Editor-LocationServicesBPLibrary.dll (API version 3709383).
LogModuleManager: Display: Found up-to-date module file ../../../Engine/Plugins/Runtime/MobilePatchingUtils/Binaries/Win64/UE4Editor-MobilePatchingUtils.dll (API version 3709383).
LogModuleManager: Display: Found up-to-date module file ../../../Engine/Plugins/Runtime/Oculus/OculusVR/Binaries/Win64/UE4Editor-OculusHMD.dll (API version 3709383).
LogModuleManager: Display: Found up-to-date module file ../../../Engine/Plugins/Runtime/Oculus/OculusVR/Binaries/Win64/UE4Editor-OculusInput.dll (API version 3709383).
LogModuleManager: Display: Found up-to-date module file ../../../Engine/Plugins/Runtime/Oculus/OculusVR/Binaries/Win64/UE4Editor-OculusEditor.dll (API version 3709383).
LogModuleManager: Display: Found up-to-date module file ../../../Engine/Plugins/Runtime/PhysXVehicles/Binaries/Win64/UE4Editor-PhysXVehicles.dll (API version 3709383).
LogModuleManager: Display: Found up-to-date module file ../../../Engine/Plugins/Runtime/PhysXVehicles/Binaries/Win64/UE4Editor-PhysXVehiclesEditor.dll (API version 3709383).
LogModuleManager: Display: Found up-to-date module file ../../../Engine/Plugins/Runtime/ProceduralMeshComponent/Binaries/Win64/UE4Editor-ProceduralMeshComponent.dll (API version 3709383).
LogModuleManager: Display: Found up-to-date module file ../../../Engine/Plugins/Runtime/ProceduralMeshComponent/Binaries/Win64/UE4Editor-ProceduralMeshComponentEditor.dll (API version 3709383).
LogModuleManager: Display: Found up-to-date module file ../../../Engine/Plugins/Runtime/RuntimePhysXCooking/Binaries/Win64/UE4Editor-RuntimePhysXCooking.dll (API version 3709383).
LogModuleManager: Display: Found up-to-date module file ../../../Engine/Plugins/Runtime/Steam/SteamVR/Binaries/Win64/UE4Editor-SteamVR.dll (API version 3709383).
LogModuleManager: Display: Found up-to-date module file ../../../Engine/Plugins/Runtime/Steam/SteamVR/Binaries/Win64/UE4Editor-SteamVRController.dll (API version 3709383).
LogModuleManager: Display: Found up-to-date module file ../../../Engine/Plugins/Runtime/WindowsMoviePlayer/Binaries/Win64/UE4Editor-WindowsMoviePlayer.dll (API version 3709383).
LogPluginManager: Mounting plugin Paper2D
LogPluginManager: Mounting plugin LightPropagationVolume
LogPluginManager: Mounting plugin CodeLiteSourceCodeAccess
LogPluginManager: Mounting plugin GitSourceControl
LogPluginManager: Mounting plugin KDevelopSourceCodeAccess
LogPluginManager: Mounting plugin NullSourceCodeAccess
LogPluginManager: Mounting plugin PerforceSourceControl
LogPluginManager: Mounting plugin SubversionSourceControl
LogPluginManager: Mounting plugin UObjectPlugin
LogPluginManager: Mounting plugin VisualStudioCodeSourceCodeAccess
LogPluginManager: Mounting plugin VisualStudioSourceCodeAccess
LogPluginManager: Mounting plugin XCodeSourceCodeAccess
LogPluginManager: Mounting plugin AssetManagerEditor
LogPluginManager: Mounting plugin AudioCapture
LogPluginManager: Mounting plugin FacialAnimation
LogPluginManager: Mounting plugin GameplayTagsEditor
LogPluginManager: Mounting plugin MobileLauncherProfileWizard
LogPluginManager: Mounting plugin PluginBrowser
LogPluginManager: Mounting plugin SpeedTreeImporter
LogPluginManager: Mounting plugin AlembicImporter
LogPluginManager: Mounting plugin CharacterAI
LogPluginManager: Mounting plugin HTML5Networking
LogPluginManager: Mounting plugin AndroidMedia
LogPluginManager: Mounting plugin AvfMedia
LogPluginManager: Mounting plugin ImgMedia
LogPluginManager: Mounting plugin MediaCompositing
LogPluginManager: Mounting plugin MediaPlayerEditor
LogPluginManager: Mounting plugin WmfMedia
LogPluginManager: Mounting plugin TcpMessaging
LogPluginManager: Mounting plugin UdpMessaging
LogPluginManager: Mounting plugin ActorSequence
LogPluginManager: Mounting plugin LevelSequenceEditor
LogPluginManager: Mounting plugin MatineeToLevelSequence
LogPluginManager: Mounting plugin OnlineSubsystemGooglePlay
LogPluginManager: Mounting plugin OnlineSubsystemIOS
LogPluginManager: Mounting plugin OnlineSubsystem
LogPluginManager: Mounting plugin OnlineSubsystemNull
LogPluginManager: Mounting plugin OnlineSubsystemUtils
LogPluginManager: Mounting plugin AndroidDeviceProfileSelector
LogPluginManager: Mounting plugin AndroidMoviePlayer
LogPluginManager: Mounting plugin AndroidPermission
LogPluginManager: Mounting plugin AppleARKit
LogPluginManager: Mounting plugin AppleMoviePlayer
LogPluginManager: Mounting plugin ArchVisCharacter
LogPluginManager: Mounting plugin CableComponent
LogPluginManager: Mounting plugin CustomMeshComponent
LogPluginManager: Mounting plugin ExampleDeviceProfileSelector
LogPluginManager: Mounting plugin GoogleCloudMessaging
LogPluginManager: Mounting plugin ImmediatePhysics
LogPluginManager: Mounting plugin IOSDeviceProfileSelector
LogPluginManager: Mounting plugin LinuxDeviceProfileSelector
LogPluginManager: Mounting plugin LocationServicesBPLibrary
LogPluginManager: Mounting plugin MobilePatchingUtils
LogPluginManager: Mounting plugin OculusVR
LogPluginManager: Plugin shader directory ../../../Engine/Plugins/Runtime/Oculus/OculusVR/Shaders found
LogPluginManager: Mapping shader source directory ../../../Engine/Plugins/Runtime/Oculus/OculusVR/Shaders to virtual directory /Plugin/OculusVR
LogPluginManager: Mounting plugin PhysXVehicles
LogPluginManager: Mounting plugin ProceduralMeshComponent
LogPluginManager: Mounting plugin RuntimePhysXCooking
LogPluginManager: Mounting plugin SteamVR
LogPluginManager: Mounting plugin WindowsMoviePlayer
LogInit: Using libcurl 7.47.1
LogInit:  - built for x86_64-pc-win32
LogInit:  - supports SSL with OpenSSL/1.0.2g
LogInit:  - supports HTTP deflate (compression) using libz 1.2.8
LogInit:  - other features:
LogInit:      CURL_VERSION_SSL
LogInit:      CURL_VERSION_LIBZ
LogInit:      CURL_VERSION_IPV6
LogInit:      CURL_VERSION_ASYNCHDNS
LogInit:      CURL_VERSION_LARGEFILE
LogInit:      CURL_VERSION_IDN
LogInit:  CurlRequestOptions (configurable via config and command line):
LogInit:  - bVerifyPeer = false  - Libcurl will NOT verify peer certificate
LogInit:  - bUseHttpProxy = false  - Libcurl will NOT use HTTP proxy
LogInit:  - bDontReuseConnections = false  - Libcurl will reuse connections
LogInit:  - CertBundlePath = nullptr  - Libcurl will use whatever was configured at build time.
LogInit: Build: ++UE4+Release-4.18-CL-3794801
LogInit: Engine Version: 4.18.2-3794801+++UE4+Release-4.18
LogInit: Compatible Engine Version: 4.18.0-3709383+++UE4+Release-4.18
LogInit: Net CL: 3709383
LogDevObjectVersion: Number of dev versions registered: 16
LogDevObjectVersion:   Dev-Blueprints (B0D832E4-1F89-4F0D-ACCF-7EB736FD4AA2): 10
LogDevObjectVersion:   Dev-Build (E1C64328-A22C-4D53-A36C-8E866417BD8C): 0
LogDevObjectVersion:   Dev-Core (375EC13C-06E4-48FB-B500-84F0262A717E): 2
LogDevObjectVersion:   Dev-Editor (E4B068ED-F494-42E9-A231-DA0B2E46BB41): 20
LogDevObjectVersion:   Dev-Framework (CFFC743F-43B0-4480-9391-14DF171D2073): 30
LogDevObjectVersion:   Dev-Mobile (B02B49B5-BB20-44E9-A304-32B752E40360): 0
LogDevObjectVersion:   Dev-Networking (A4E4105C-59A1-49B5-A7C5-40C4547EDFEE): 0
LogDevObjectVersion:   Dev-Online (39C831C9-5AE6-47DC-9A44-9C173E1C8E7C): 0
LogDevObjectVersion:   Dev-Physics (78F01B33-EBEA-4F98-B9B4-84EACCB95AA2): 0
LogDevObjectVersion:   Dev-Platform (6631380F-2D4D-43E0-8009-CF276956A95A): 0
LogDevObjectVersion:   Dev-Rendering (12F88B9F-8875-4AFC-A67C-D90C383ABD29): 20
LogDevObjectVersion:   Dev-Sequencer (7B5AE74C-D270-4C10-A958-57980B212A5A): 4
LogDevObjectVersion:   Dev-VR (D7296918-1DD6-4BDD-9DE2-64A83CC13884): 0
LogDevObjectVersion:   Dev-LoadTimes (C2A15278-BFE7-4AFE-6C17-90FF531DF755): 1
LogDevObjectVersion:   Private-Geometry (6EACA3D4-40EC-4CC1-B786-8BED09428FC5): 1
LogDevObjectVersion:   Dev-AnimPhys (29E575DD-E0A3-4627-9D10-D276232CDCEA): 12
LogInit: Compiled (64-bit): Dec  8 2017 02:04:53
LogInit: Compiled with Visual C++: 19.00.24215.01
LogInit: Build Configuration: Development
LogInit: Branch Name: ++UE4+Release-4.18
LogInit: Command line:  
LogInit: Base directory: C:/Program Files/Epic Games/UE_4.18/Engine/Binaries/Win64/
LogInit: Installed Engine Build: 1
LogInit: Presizing for max 8388607 objects, including 0 objects not considered by GC, pre-allocating 0 bytes for permanent pool.
LogInit: Object subsystem initialized
[2017.12.26-05.05.01:786][  0]LogInit: Selected Device Profile: [Windows]
[2017.12.26-05.05.01:786][  0]LogInit: Applying CVar settings loaded from the selected device profile: [Windows]
[2017.12.26-05.05.01:838][  0]LogInit: Computer: JYD
[2017.12.26-05.05.01:838][  0]LogInit: User: mapl0
[2017.12.26-05.05.01:838][  0]LogInit: CPU Page size=4096, Cores=4
[2017.12.26-05.05.01:838][  0]LogInit: High frequency timer resolution =2.531249 MHz
[2017.12.26-05.05.01:838][  0]LogMemory: Memory total: Physical=15.9GB (16GB approx)
[2017.12.26-05.05.01:838][  0]LogMemory: Platform Memory Stats for Windows
[2017.12.26-05.05.01:838][  0]LogMemory: Process Physical Memory: 273.60 MB used, 273.60 MB peak
[2017.12.26-05.05.01:838][  0]LogMemory: Process Virtual Memory: 270.14 MB used, 270.14 MB peak
[2017.12.26-05.05.01:838][  0]LogMemory: Physical Memory: 7100.26 MB used,  9156.70 MB free, 16256.95 MB total
[2017.12.26-05.05.01:838][  0]LogMemory: Virtual Memory: 647.29 MB used,  9156.70 MB free, 134217728.00 MB total
[2017.12.26-05.05.03:302][  0]LogInit: Using OS detected language (ko-KR).
[2017.12.26-05.05.03:302][  0]LogInit: Using OS detected locale (ko-KR).
[2017.12.26-05.05.03:387][  0]LogTextLocalizationManager: No specific localization for 'ko-KR' exists, so the 'ko' localization will be used.
[2017.12.26-05.05.03:699][  0]LogInit: Setting process to per monitor DPI aware
[2017.12.26-05.05.07:504][  0]LogD3D11RHI: D3D11 adapters:
[2017.12.26-05.05.09:466][  0]LogD3D11RHI:    0. 'NVIDIA GeForce GTX 960M' (Feature Level 11_0)
[2017.12.26-05.05.09:466][  0]LogD3D11RHI:       4065/0/8128 MB DedicatedVideo/DedicatedSystem/SharedSystem, Outputs:2, VendorId:0x10de
[2017.12.26-05.05.09:477][  0]LogD3D11RHI:    1. 'Intel(R) HD Graphics 530' (Feature Level 11_0)
[2017.12.26-05.05.09:478][  0]LogD3D11RHI:       128/0/8128 MB DedicatedVideo/DedicatedSystem/SharedSystem, Outputs:0, VendorId:0x8086
[2017.12.26-05.05.09:480][  0]LogD3D11RHI:    2. 'Microsoft Basic Render Driver' (Feature Level 11_0)
[2017.12.26-05.05.09:480][  0]LogD3D11RHI:       0/0/8128 MB DedicatedVideo/DedicatedSystem/SharedSystem, Outputs:0, VendorId:0x1414
[2017.12.26-05.05.09:480][  0]LogD3D11RHI: Chosen D3D11 Adapter: 0
[2017.12.26-05.05.09:489][  0]LogD3D11RHI: Creating new Direct3DDevice
[2017.12.26-05.05.09:489][  0]LogD3D11RHI:     GPU DeviceId: 0x139b (for the marketing name, search the web for "GPU Device Id")
[2017.12.26-05.05.09:489][  0]LogWindows: EnumDisplayDevices:
[2017.12.26-05.05.09:490][  0]LogWindows:    0. 'Intel(R) HD Graphics 530' (P:0 D:1)
[2017.12.26-05.05.09:491][  0]LogWindows:    1. 'Intel(R) HD Graphics 530' (P:1 D:1)
[2017.12.26-05.05.09:493][  0]LogWindows:    2. 'Intel(R) HD Graphics 530' (P:0 D:0)
[2017.12.26-05.05.09:495][  0]LogWindows: DebugString: PrimaryIsNotTheChoosenAdapter PrimaryIsNotTheChoosenAdapter PrimaryIsNotTheChoosenAdapter FoundDriverCount:0 
[2017.12.26-05.05.09:495][  0]LogD3D11RHI:     Adapter Name: NVIDIA GeForce GTX 960M
[2017.12.26-05.05.09:495][  0]LogD3D11RHI:   Driver Version: Unknown (internal:Unknown, unified:Unknown)
[2017.12.26-05.05.09:495][  0]LogD3D11RHI:      Driver Date: Unknown
[2017.12.26-05.05.09:495][  0]LogRHI: Texture pool is 2846 MB (70% of 4065 MB)
[2017.12.26-05.05.09:537][  0]LogD3D11RHI: Async texture creation enabled
[2017.12.26-05.05.09:788][  0]LogD3D11RHI: GPU Timing Frequency: 1000.000000 (Debug: 2 1)
[2017.12.26-05.05.09:796][  0]LogShaderCompilers: Guid format shader working directory is 20 characters bigger than the processId version (D:/Project/Unreal4/BPRPG1/Intermediate/Shaders/WorkingDirectory/15676/).
[2017.12.26-05.05.09:796][  0]LogShaderCompilers: Cleaned the shader compiler working directory 'C:/Users/mapl0/AppData/Local/Temp/UnrealShaderWorkingDir/16CCFC5749528D625046E7A5BE57465C/'.
[2017.12.26-05.05.09:797][  0]LogShaderCompilers: Display: Using Local Shader Compiler.
[2017.12.26-05.05.12:965][  0]LogTemp: Display: Loaded TP AllDesktopTargetPlatform
[2017.12.26-05.05.13:071][  0]LogTemp: Display: Loaded TP MacClientTargetPlatform
[2017.12.26-05.05.13:180][  0]LogTemp: Display: Loaded TP MacNoEditorTargetPlatform
[2017.12.26-05.05.13:287][  0]LogTemp: Display: Loaded TP MacServerTargetPlatform
[2017.12.26-05.05.13:418][  0]LogTemp: Display: Loaded TP MacTargetPlatform
[2017.12.26-05.05.13:527][  0]LogTemp: Display: Loaded TP WindowsClientTargetPlatform
[2017.12.26-05.05.13:638][  0]LogTemp: Display: Loaded TP WindowsNoEditorTargetPlatform
[2017.12.26-05.05.13:743][  0]LogTemp: Display: Loaded TP WindowsServerTargetPlatform
[2017.12.26-05.05.13:850][  0]LogTemp: Display: Loaded TP WindowsTargetPlatform
[2017.12.26-05.05.13:962][  0]LogTemp: Display: Loaded TP Android_ASTCTargetPlatform
[2017.12.26-05.05.14:072][  0]LogTemp: Display: Loaded TP Android_ATCTargetPlatform
[2017.12.26-05.05.14:180][  0]LogTemp: Display: Loaded TP Android_DXTTargetPlatform
[2017.12.26-05.05.14:288][  0]LogTemp: Display: Loaded TP Android_ETC1TargetPlatform
[2017.12.26-05.05.14:393][  0]LogTemp: Display: Loaded TP Android_ETC2TargetPlatform
[2017.12.26-05.05.14:617][  0]LogTemp: Display: Loaded TP Android_MultiTargetPlatform
[2017.12.26-05.05.14:617][  0]LogTemp: Display: Loaded TP Android_PVRTCTargetPlatform
[2017.12.26-05.05.14:740][  0]LogTemp: Display: Loaded TP AndroidTargetPlatform
[2017.12.26-05.05.14:833][  0]LogTemp: Display: Loaded TP HTML5TargetPlatform
[2017.12.26-05.05.15:014][  0]LogTemp: Display: Loaded TP IOSTargetPlatform
[2017.12.26-05.05.15:071][  0]LogTemp: Display: Loaded TP TVOSTargetPlatform
[2017.12.26-05.05.15:174][  0]LogTemp: Display: Loaded TP LinuxClientTargetPlatform
[2017.12.26-05.05.15:278][  0]LogTemp: Display: Loaded TP LinuxNoEditorTargetPlatform
[2017.12.26-05.05.15:384][  0]LogTemp: Display: Loaded TP LinuxServerTargetPlatform
[2017.12.26-05.05.15:494][  0]LogTemp: Display: Loaded TP LinuxTargetPlatform
[2017.12.26-05.05.15:494][  0]LogTargetPlatformManager: Display: Building Assets For Windows
[2017.12.26-05.05.16:585][  0]LogDerivedDataCache: Display: Max Cache Size: 512 MB
[2017.12.26-05.05.16:947][  0]LogDerivedDataCache: Loaded boot cache 0.36s 78MB C:/Users/mapl0/AppData/Local/UnrealEngine/4.18/DerivedDataCache/Boot.ddc.
[2017.12.26-05.05.16:948][  0]LogDerivedDataCache: Display: Loaded Boot cache: C:/Users/mapl0/AppData/Local/UnrealEngine/4.18/DerivedDataCache/Boot.ddc
[2017.12.26-05.05.16:948][  0]LogDerivedDataCache: FDerivedDataBackendGraph:  Pak pak cache file D:/Project/Unreal4/BPRPG1/DerivedDataCache/DDC.ddp not found, will not use a pak cache.
[2017.12.26-05.05.16:948][  0]LogDerivedDataCache: Unable to find inner node Pak for hierarchical cache Hierarchy.
[2017.12.26-05.05.16:948][  0]LogDerivedDataCache: FDerivedDataBackendGraph:  CompressedPak pak cache file D:/Project/Unreal4/BPRPG1/DerivedDataCache/Compressed.ddp not found, will not use a pak cache.
[2017.12.26-05.05.16:948][  0]LogDerivedDataCache: Unable to find inner node CompressedPak for hierarchical cache Hierarchy.
[2017.12.26-05.05.16:983][  0]LogDerivedDataCache: Display: Pak cache opened for reading ../../../Engine/DerivedDataCache/Compressed.ddp.
[2017.12.26-05.05.16:995][  0]LogDerivedDataCache: Using Local data cache path C:/Users/mapl0/AppData/Local/UnrealEngine/Common/DerivedDataCache: Writable
[2017.12.26-05.05.17:014][  0]LogMaterial: Verifying Global Shaders for PCD3D_SM5
[2017.12.26-05.05.17:019][  0]LogSlate: Using Freetype 2.6.0
[2017.12.26-05.05.17:033][  0]LogSlate: SlateFontCache - WITH_FREETYPE: 1, WITH_HARFBUZZ: 1
[2017.12.26-05.05.17:033][  0]LogSlate: SlateFontCache - WITH_FREETYPE: 1, WITH_HARFBUZZ: 1
[2017.12.26-05.05.18:082][  0]LogInit: Selected Device Profile: [Windows]
[2017.12.26-05.05.18:899][  0]LogSimplygon: Simplygon DLL not present - disabling.
[2017.12.26-05.05.18:994][  0]LogMeshReduction: Using SimplygonSwarm for distributed automatic mesh merging
[2017.12.26-05.05.18:994][  0]LogMeshReduction: Using QuadricMeshReduction for automatic static mesh reduction
[2017.12.26-05.05.18:994][  0]LogMeshReduction: No automatic skeletal mesh reduction module available
[2017.12.26-05.05.18:994][  0]LogMeshReduction: No automatic mesh merging module available
[2017.12.26-05.05.18:994][  0]LogMeshMerging: No automatic mesh merging module available
[2017.12.26-05.05.19:198][  0]LogNetVersion: BPRPG1 , NetCL: 3709383, EngineNetVer: 2, GameNetVer: 0 (Checksum: 4133119992)
[2017.12.26-05.05.19:807][  0]LogAssetRegistry: FAssetRegistry took 0.0298 seconds to start up
[2017.12.26-05.05.21:452][  0]LogPackageLocalizationCache: Processed 7 localized package path(s) for 2 prioritized culture(s) in 0.155802 seconds
[2017.12.26-05.05.21:460][  0]LogUObjectArray: 35900 objects as part of root set at end of initial load.
[2017.12.26-05.05.21:460][  0]LogUObjectAllocator: 7372016 out of 0 bytes used by permanent object pool.
[2017.12.26-05.05.21:460][  0]LogUObjectArray: CloseDisregardForGC: 0/0 objects in disregard for GC pool
[2017.12.26-05.05.21:576][  0]LogInit: WinSock: version 1.1 (2.2), MaxSocks=32767, MaxUdp=65467
[2017.12.26-05.05.31:010][  0]LogTcpMessaging: Initializing TcpMessaging bridge
[2017.12.26-05.05.31:086][  0]LogUdpMessaging: Initializing bridge on interface 0.0.0.0:0 to multicast group 230.0.0.1:6666.
[2017.12.26-05.05.32:661][  0]LogMaterial: Uniform references updated for custom material expression Custom.
[2017.12.26-05.05.33:709][  0]SourceControl: 소스 콘트롤이 꺼졌습니다.
[2017.12.26-05.05.33:709][  0]SourceControl: 소스 콘트롤이 꺼졌습니다.
[2017.12.26-05.05.33:831][  0]SourceControl: 소스 콘트롤이 꺼졌습니다.
[2017.12.26-05.05.33:946][  0]SourceControl: 소스 콘트롤이 꺼졌습니다.
[2017.12.26-05.05.35:782][  0]LogAndroidPermission: UAndroidPermissionCallbackProxy::GetInstance
[2017.12.26-05.05.36:358][  0]LogOcInput: OculusInput pre-init called
[2017.12.26-05.05.37:013][  0]LogEngine: Initializing Engine...
[2017.12.26-05.05.37:020][  0]LogHMD: Failed to initialize OpenVR with code 110
[2017.12.26-05.05.37:575][  0]LogStats: UGameplayTagsManager::ConstructGameplayTagTree: Construct from data asset -  0.000 s
[2017.12.26-05.05.37:576][  0]LogStats: UGameplayTagsManager::ConstructGameplayTagTree: GameplayTagTreeChangedEvent.Broadcast -  0.000 s
[2017.12.26-05.05.37:911][  0]LogAIModule: Creating AISystem for world Untitled
[2017.12.26-05.05.37:997][  0]LogInit: XAudio2 using '스피커 / 헤드폰(Realtek High Definition Audio)' : 2 channels at 48 kHz using 32 bits per sample (channel mask 0x3)
[2017.12.26-05.05.38:101][  0]LogInit: FAudioDevice initialized.
[2017.12.26-05.05.38:171][  0]LogDerivedDataCache: Saved boot cache 0.07s 78MB C:/Users/mapl0/AppData/Local/UnrealEngine/4.18/DerivedDataCache/Boot.ddc.
[2017.12.26-05.05.38:193][  0]LogInit: Texture streaming: Enabled
[2017.12.26-05.05.38:423][  0]LogEngineSessionManager: EngineSessionManager initialized
[2017.12.26-05.05.38:901][  0]LogInit: Transaction tracking system initialized
[2017.12.26-05.05.39:677][  0]BlueprintLog: New page: 에디터 로드
[2017.12.26-05.05.41:876][  0]LocalizationService: 현지화 서비스가 비활성화되었습니다.
[2017.12.26-05.05.43:731][  0]LogConsoleResponse: Display: 
[2017.12.26-05.05.44:616][  0]LogCook: Display: Max memory allowance for cook 16384mb min free memory 0mb
[2017.12.26-05.05.44:617][  0]LogCook: Display: Mobile HDR setting 1
[2017.12.26-05.05.44:618][  0]LogGameplayTags: Display: UGameplayTagsManager::DoneAddingNativeTags. DelegateIsBound: 0
[2017.12.26-05.05.45:470][  0]LogFileCache: Scanning file cache for directory 'D:/Project/Unreal4/BPRPG1/Content/' took 0.03s
[2017.12.26-05.05.47:684][  0]SourceControl: 소스 콘트롤이 꺼졌습니다.
[2017.12.26-05.05.47:686][  0]Cmd: MAP LOAD FILE="D:/Project/Unreal4/BPRPG1/Content/Maps/Step2.umap" TEMPLATE=0 SHOWPROGRESS=1 FEATURELEVEL=3
[2017.12.26-05.05.47:731][  0]LightingResults: New page: 라이팅 빌드
[2017.12.26-05.05.47:850][  0]MapCheck: New page: 맵 체크
[2017.12.26-05.05.47:850][  0]LightingResults: New page: 라이팅 빌드
[2017.12.26-05.05.50:032][  0]LogAIModule: Creating AISystem for world Step2
[2017.12.26-05.05.50:084][  0]LogEditorServer: Finished looking for orphan Actors (0.000 secs)
[2017.12.26-05.05.50:121][  0]Cmd: MAP CHECKDEP NOCLEARLOG
[2017.12.26-05.05.50:220][  0]MapCheck: 맵 체크 완료: 오류 0 회, 경고 0 회, 소요 시간 99.556ms.
[2017.12.26-05.05.50:220][  0]LogFileHelpers: Loading map 'Step2' took 2.535
[2017.12.26-05.05.50:622][  0]LogCollectionManager: Loaded 0 collections in 0.002532 seconds
[2017.12.26-05.05.50:794][  0]LogFileCache: Scanning file cache for directory 'D:/Project/Unreal4/BPRPG1/Saved/Collections/' took 0.01s
[2017.12.26-05.05.50:794][  0]LogFileCache: Scanning file cache for directory 'D:/Project/Unreal4/BPRPG1/Content/Developers/mapl0/Collections/' took 0.01s
[2017.12.26-05.05.50:794][  0]LogFileCache: Scanning file cache for directory 'D:/Project/Unreal4/BPRPG1/Content/Collections/' took 0.01s
[2017.12.26-05.05.50:794][  0]LogCollectionManager: Rebuilt the GUID cache for 0 collections in 0.000001 seconds
[2017.12.26-05.05.50:809][  0]LogContentBrowser: Native class hierarchy populated in 0.0135 seconds. Added 2363 classes and 519 folders.
[2017.12.26-05.05.50:981][  0]LogContentBrowser: Native class hierarchy updated for 'WidgetCarousel' in 0.0003 seconds. Added 0 classes and 0 folders.
[2017.12.26-05.05.51:515][  0]LogContentBrowser: Native class hierarchy updated for 'AddContentDialog' in 0.0003 seconds. Added 0 classes and 0 folders.
[2017.12.26-05.05.51:629][  0]LogContentBrowser: Native class hierarchy updated for 'SceneOutliner' in 0.0003 seconds. Added 1 classes and 2 folders.
[2017.12.26-05.05.51:930][  0]LogSlate: Took 0.012791 seconds to synchronously load lazily loaded font '../../../Engine/Content/Slate/Fonts/Roboto-Regular.ttf' (155K)
[2017.12.26-05.05.51:951][  0]LogSlate: Took 0.017721 seconds to synchronously load lazily loaded font '../../../Engine/Content/Slate/Fonts/NanumGothic.ttf' (4243K)
[2017.12.26-05.05.51:960][  0]LogSlate: Took 0.008309 seconds to synchronously load lazily loaded font '../../../Engine/Content/Slate/Fonts/Roboto-Bold.ttf' (160K)
[2017.12.26-05.05.51:980][  0]LogSlate: Took 0.006652 seconds to synchronously load lazily loaded font '../../../Engine/Content/Editor/Slate/Fonts/FontAwesome.ttf' (139K)
[2017.12.26-05.05.52:345][  0]LogRenderer: Reallocating scene render targets to support 1080x576 Format 9 NumSamples 1 (Frame:1).
[2017.12.26-05.05.52:759][  0]LogContentBrowser: Native class hierarchy updated for 'HierarchicalLODOutliner' in 0.0003 seconds. Added 1 classes and 2 folders.
[2017.12.26-05.05.52:759][  0]LogLoad: (Engine Initialization) Total time: 57.96 seconds
[2017.12.26-05.05.52:759][  0]LogLoad: (Engine Initialization) Total Blueprint compile time: 0.00 seconds
[2017.12.26-05.05.52:759][  0]LogExternalProfiler: Found external profiler: VSPerf
[2017.12.26-05.05.52:759][  0]LogExternalProfiler: Using external profiler: VSPerf
[2017.12.26-05.05.53:131][  0]LogContentStreaming: Texture pool size now 800 MB
[2017.12.26-05.05.53:777][  2]LogAssetRegistry: Asset discovery search completed in 33.9921 seconds
[2017.12.26-05.05.53:784][  2]LogCollectionManager: Rebuilt the object cache for 0 collections in 0.000001 seconds (found 0 objects)
[2017.12.26-05.05.53:784][  2]LogCollectionManager: Fixed up redirectors for 0 collections in 0.000237 seconds (updated 0 objects)
[2017.12.26-05.06.32:518][242]LogSlate: Took 0.007253 seconds to synchronously load lazily loaded font '../../../Engine/Content/Slate/Fonts/Roboto-Light.ttf' (159K)
[2017.12.26-05.06.33:366][242]LogSlate: Took 0.000267 seconds to synchronously load lazily loaded font '../../../Engine/Content/Slate/Fonts/Roboto-Regular.ttf' (155K)
[2017.12.26-05.06.34:604][242]LogAIModule: Creating AISystem for world JYD
[2017.12.26-05.06.34:641][242]Cmd: MAP LOAD FILE="D:/Project/Unreal4/BPRPG1/Content/Share/JYD/Maps/JYD.umap" TEMPLATE=0 SHOWPROGRESS=1 FEATURELEVEL=3
[2017.12.26-05.06.34:642][242]LightingResults: New page: 라이팅 빌드
[2017.12.26-05.06.34:643][242]LoadErrors: New page: 맵 로드중: JYD.umap
[2017.12.26-05.06.34:649][242]MapCheck: New page: 맵 체크
[2017.12.26-05.06.34:649][242]LightingResults: New page: 라이팅 빌드
[2017.12.26-05.06.34:675][242]LogStreaming: Display: ULevelStreaming::RequestLevel(/Game/Share/YD/Maps/YD) is flushing async loading
[2017.12.26-05.06.35:096][242]LogStreaming: Display: ULevelStreaming::RequestLevel(/Game/Maps/Step3) is flushing async loading
[2017.12.26-05.06.35:369][242]LogEditorServer: Finished looking for orphan Actors (0.000 secs)
[2017.12.26-05.06.35:425][242]Cmd: MAP CHECKDEP NOCLEARLOG
[2017.12.26-05.06.35:563][242]MapCheck: 맵 체크 완료: 오류 0 회, 경고 0 회, 소요 시간 137.569ms.
[2017.12.26-05.06.35:563][242]LogFileHelpers: Loading map 'JYD' took 0.925
[2017.12.26-05.07.08:523][879]LogSlate: Took 0.000266 seconds to synchronously load lazily loaded font '../../../Engine/Content/Slate/Fonts/Roboto-Light.ttf' (159K)
[2017.12.26-05.07.30:176][879]LogAIModule: Creating AISystem for world Step4_P
[2017.12.26-05.07.30:190][879]Cmd: OBJ SAVEPACKAGE PACKAGE="/Game/Maps/Step4_P" FILE="D:/Project/Unreal4/BPRPG1/Content/Maps/Step4_P.umap" SILENT=true AUTOSAVING=false KEEPDIRTY=false
[2017.12.26-05.07.30:313][879]LogSavePackage: Save=102.21ms
[2017.12.26-05.07.30:313][879]LogSavePackage: Moving 'D:/Project/Unreal4/BPRPG1/Saved/Step4_P56696F8441A51EEB240B5E84F204C7D3.tmp' to 'D:/Project/Unreal4/BPRPG1/Content/Maps/Step4_P.umap'
[2017.12.26-05.07.30:321][879]LogSavePackage: Display: Finished SavePackage D:/Project/Unreal4/BPRPG1/Content/Maps/Step4_P.umap
[2017.12.26-05.07.30:332][879]Cmd: OBJ SAVEPACKAGE PACKAGE="/Game/Maps/Step4_P_BuiltData" FILE="D:/Project/Unreal4/BPRPG1/Content/Maps/Step4_P_BuiltData.uasset" SILENT=true
[2017.12.26-05.07.30:423][879]LogSavePackage: Save=87.32ms
[2017.12.26-05.07.30:423][879]LogSavePackage: Moving 'D:/Project/Unreal4/BPRPG1/Saved/Step4_P_BuiltData68AA077B48A64F994279D685B6122A92.tmp' to 'D:/Project/Unreal4/BPRPG1/Content/Maps/Step4_P_BuiltData.uasset'
[2017.12.26-05.07.30:424][879]LogSavePackage: Display: Finished SavePackage D:/Project/Unreal4/BPRPG1/Content/Maps/Step4_P_BuiltData.uasset
[2017.12.26-05.07.30:432][879]LogFileHelpers: Saving map 'Step4_P' took 1.187
[2017.12.26-05.07.30:434][879]Cmd: MAP LOAD FILE="D:/Project/Unreal4/BPRPG1/Content/Maps/Step4_P.umap" TEMPLATE=0 SHOWPROGRESS=1 FEATURELEVEL=3
[2017.12.26-05.07.30:508][879]LightingResults: New page: 라이팅 빌드
[2017.12.26-05.07.30:509][879]LoadErrors: New page: 맵 로드중: Step4_P.umap
[2017.12.26-05.07.30:516][879]MapCheck: New page: 맵 체크
[2017.12.26-05.07.30:516][879]LightingResults: New page: 라이팅 빌드
[2017.12.26-05.07.30:544][879]LogStreaming: Display: ULevelStreaming::RequestLevel(/Game/Share/YD/Maps/YD) is flushing async loading
[2017.12.26-05.07.30:555][879]LogStreaming: Display: ULevelStreaming::RequestLevel(/Game/Maps/Step3) is flushing async loading
[2017.12.26-05.07.30:662][879]LogEditorServer: Finished looking for orphan Actors (0.000 secs)
[2017.12.26-05.07.30:725][879]Cmd: MAP CHECKDEP NOCLEARLOG
[2017.12.26-05.07.30:847][879]MapCheck: 맵 체크 완료: 오류 0 회, 경고 0 회, 소요 시간 122.23ms.
[2017.12.26-05.07.30:847][879]LogFileHelpers: Loading map 'Step4_P' took 0.415
[2017.12.26-05.07.50:928][481]LogContentBrowser: Native class hierarchy updated for 'WorldBrowser' in 0.0003 seconds. Added 2 classes and 3 folders.
[2017.12.26-05.08.03:704][611]MapCheck: New page: 맵 체크
[2017.12.26-05.08.03:704][611]LightingResults: New page: 라이팅 빌드
[2017.12.26-05.08.03:787][611]MapCheck: New page: 맵 체크
[2017.12.26-05.08.03:788][611]LightingResults: New page: 라이팅 빌드
[2017.12.26-05.08.37:249][876]LogEditorActor: Deleted Actor: StaticMeshActor
[2017.12.26-05.08.37:251][876]LogEditorActor: Deleted Actor: StaticMeshActor
[2017.12.26-05.08.37:251][876]LogEditorActor: Deleted Actor: StaticMeshActor
[2017.12.26-05.08.37:251][876]LogEditorActor: Deleted Actor: StaticMeshActor
[2017.12.26-05.08.37:251][876]LogEditorActor: Deleted Actor: StaticMeshActor
[2017.12.26-05.08.37:251][876]LogEditorActor: Deleted Actor: StaticMeshActor
[2017.12.26-05.08.37:251][876]LogEditorActor: Deleted Actor: StaticMeshActor
[2017.12.26-05.08.37:251][876]LogEditorActor: Deleted Actor: StaticMeshActor
[2017.12.26-05.08.37:251][876]LogEditorActor: Deleted Actor: StaticMeshActor
[2017.12.26-05.08.37:252][876]LogEditorActor: Deleted Actor: StaticMeshActor
[2017.12.26-05.08.37:252][876]LogEditorActor: Deleted Actor: StaticMeshActor
[2017.12.26-05.08.37:252][876]LogEditorActor: Deleted Actor: StaticMeshActor
[2017.12.26-05.08.37:263][876]LogEditorActor: Deleted 12 Actors (0.023 secs)
[2017.12.26-05.08.43:177][ 32]LogEditorActor: Deleted Actor: BP_Fountain_C
[2017.12.26-05.08.43:178][ 32]LogEditorActor: Deleted Actor: BP_Fountain_C
[2017.12.26-05.08.43:178][ 32]LogEditorActor: Deleted Actor: BP_Fountain_C
[2017.12.26-05.08.43:192][ 32]LogEditorActor: Deleted 3 Actors (0.016 secs)
[2017.12.26-05.08.48:949][269]MapCheck: New page: 맵 체크
[2017.12.26-05.08.48:997][269]Cmd: MAP REBUILD ALLVISIBLE
[2017.12.26-05.08.48:998][269]LogEditorServer: Rebuildmap Clear paths rebuilt
[2017.12.26-05.08.49:150][269]LogMaterial: Missing cached shader map for material FDebugViewModeMaterialProxy WorldGridMaterial, compiling. Is special engine material.
[2017.12.26-05.08.49:165][269]LogMaterial: Missing cached shader map for material FDebugViewModeMaterialProxy MaterialInstanceDynamic_4, compiling. 
[2017.12.26-05.08.49:174][269]LogMaterial: Missing cached shader map for material FDebugViewModeMaterialProxy M_Plains_Floors_Block, compiling. 
[2017.12.26-05.08.49:183][269]LogMaterial: Missing cached shader map for material FDebugViewModeMaterialProxy M_Plains_StoneWall, compiling. 
[2017.12.26-05.08.49:191][269]LogMaterial: Missing cached shader map for material FDebugViewModeMaterialProxy M_Plains_Pillars, compiling. 
[2017.12.26-05.08.50:234][269]TextureStreamingBuild: Display: Compiling optional shaders took 1.093 seconds.
[2017.12.26-05.08.50:242][269]LogLevel: Display: Export Material TexCoord Scales took 0.008 seconds.
[2017.12.26-05.08.50:253][269]TextureStreamingBuild: Display: Build Texture Streaming took 0.010 seconds.
[2017.12.26-05.08.50:267][269]LightingResults: New page: 라이팅 빌드 - 2017. 12. 26. 오후 11:08:50
[2017.12.26-05.08.50:341][269]LogSwarmInterface: [OpenConnection] Registering TCP channel ...
[2017.12.26-05.08.51:202][269]LogSwarmInterface: [OpenConnection] Connecting to agent ...
[2017.12.26-05.08.51:218][269]LogSwarmInterface: [TryOpenConnection] Testing the Agent
[2017.12.26-05.08.52:250][269]LogSwarmInterface: [TryOpenConnection] Opening Connection to Agent
[2017.12.26-05.08.52:250][269]LogSwarmInterface: [TryOpenConnection] Local Process ID is 15676
[2017.12.26-05.08.55:451][269]LogStaticLightingSystem: Warning: No importance volume found, so the scene bounding box was used.  You can optimize your scene's quality and lighting build times by adding importance volumes.
[2017.12.26-05.08.55:452][269]LogStaticLightingSystem: Running Lightmass w/ ImmediateImport mode ENABLED
[2017.12.26-05.08.55:452][269]LogStaticLightingSystem: Running Lightmass w/ ImmediateProcess mode ENABLED
[2017.12.26-05.08.55:452][269]LogStaticLightingSystem: Running Lightmass w/ Sorting mode ENABLED
[2017.12.26-05.08.55:452][269]LogStaticLightingSystem: Running Lightmass w/ Mapping paddings ENABLED
[2017.12.26-05.08.55:452][269]LogStaticLightingSystem: Running Lightmass w/ Mapping debug paddings DISABLED
[2017.12.26-05.08.55:856][269]Cmd: MAP CHECK DONTDISPLAYDIALOG
[2017.12.26-05.08.55:856][269]MapCheck: New page: Step4_P - 2017. 12. 26. 오후 11:08:55
[2017.12.26-05.08.55:992][269]MapCheck: 맵 체크 완료: 오류 0 회, 경고 0 회, 소요 시간 136.813ms.
[2017.12.26-05.08.56:016][269]LogEditorBuildUtils: Build time 0:07
[2017.12.26-05.09.03:432][292]Job is a success!
[2017.12.26-05.09.03:441][292]LightingResults: Warning: SM_SQUARE 오브젝트에 겹치는 UV 가 있습니다.
[2017.12.26-05.09.03:442][292]LightingResults: SM_SQUARE Lightmap UV are overlapping by 1.9%. Please adjust content - Enable Error Coloring to visualize.
[2017.12.26-05.09.03:933][293]LogVolumetricLightmapImport: Imported Volumetric Lightmap in 0.020s
[2017.12.26-05.09.03:933][293]LogVolumetricLightmapImport:      Indirection Texture 16x16x16 = 0.0Mb
[2017.12.26-05.09.03:933][293]LogVolumetricLightmapImport:      BrickData 165x5x5 = 0.1Mb
[2017.12.26-05.09.03:933][293]LogVolumetricLightmapImport:      Bricks at Level
[2017.12.26-05.09.03:933][293]LogVolumetricLightmapImport:          0: 3.0% covering 100.0% of volume
[2017.12.26-05.09.03:933][293]LogVolumetricLightmapImport:          1: 3.0% covering 1.6% of volume
[2017.12.26-05.09.03:934][293]LogVolumetricLightmapImport:          2: 93.9% covering 0.8% of volume
[2017.12.26-05.09.04:209][293]LogTexture: Display: 텍스처 빌드: HQ_Lightmap0_1 (AutoDXT, 512X512)
[2017.12.26-05.09.04:209][293]LogTexture: Display: 텍스처 빌드: LQ_Lightmap_0_1 (DXT1, 512X512)
[2017.12.26-05.09.04:209][293]LogTexture: Display: 텍스처 빌드: LQ_Lightmap_0_2 (DXT1, 64X64)
[2017.12.26-05.09.04:209][293]LogTexture: Display: 텍스처 빌드: HQ_Lightmap0_2 (AutoDXT, 64X64)
[2017.12.26-05.09.04:247][293]LogTexture: Display: 텍스처 빌드: ShadowMapTexture2D_3 (G8, 32X32)
[2017.12.26-05.09.04:247][293]LogTexture: Display: 텍스처 빌드: ShadowMapTexture2D_2 (G8, 256X256)
[2017.12.26-05.09.04:341][293]Lightmass on JYD: 6.41 sec total, 602 ms importing, 91 ms setup, 1.42 sec photons, 4.24 sec processing, 0 ms extra exporting [2/2 mappings]. Threads: 29.5 sec total, 3.41 sec processing.
[2017.12.26-05.09.04:418][293]LogStaticLightingSystem: Illumination: 13.7 sec (232 ms encoding lightmaps, 37 ms encoding shadowmaps)
[2017.12.26-05.09.04:418][293]LogStaticLightingSystem: Lightmap texture memory:  0.5 MB (0.5 MB streaming, 0.0 MB non-streaming), 4 textures
[2017.12.26-05.09.04:418][293]LogStaticLightingSystem: Shadowmap texture memory: 0.1 MB (0.1 MB streaming, 0.0 MB non-streaming), 2 textures
[2017.12.26-05.09.09:465][293]DumpUnbuiltLightIteractions
[2017.12.26-05.09.09:465][293]Lights with unbuilt interactions: 0
[2017.12.26-05.09.09:465][293]
[2017.12.26-05.09.09:465][293]Primitives with unbuilt interactions: 0
[2017.12.26-05.09.09:481][294]Cmd: MAP CHECK NOTIFYRESULTS
[2017.12.26-05.09.09:481][294]MapCheck: New page: Step4_P - 2017. 12. 26. 오후 11:09:09
[2017.12.26-05.09.09:602][294]MapCheck: 맵 체크 완료: 오류 0 회, 경고 0 회, 소요 시간 121.154ms.
[2017.12.26-05.09.21:125][671]Cmd: OBJ SAVEPACKAGE PACKAGE="/Game/Maps/Step4_P" FILE="D:/Project/Unreal4/BPRPG1/Content/Maps/Step4_P.umap" SILENT=true AUTOSAVING=false KEEPDIRTY=false
[2017.12.26-05.09.21:354][671]LogSavePackage: Save=51.00ms
[2017.12.26-05.09.21:354][671]LogSavePackage: Moving 'D:/Project/Unreal4/BPRPG1/Saved/Step4_PF067A1CB451A3521EFEE62B13A8F71EC.tmp' to 'D:/Project/Unreal4/BPRPG1/Content/Maps/Step4_P.umap'
[2017.12.26-05.09.21:357][671]LogSavePackage: Display: Finished SavePackage D:/Project/Unreal4/BPRPG1/Content/Maps/Step4_P.umap
[2017.12.26-05.09.21:403][671]Cmd: OBJ SAVEPACKAGE PACKAGE="/Game/Maps/Step4_P_BuiltData" FILE="D:/Project/Unreal4/BPRPG1/Content/Maps/Step4_P_BuiltData.uasset" SILENT=true
[2017.12.26-05.09.21:485][671]LogSavePackage: Save=66.04ms
[2017.12.26-05.09.21:485][671]LogSavePackage: Moving 'D:/Project/Unreal4/BPRPG1/Saved/Step4_P_BuiltDataB1485E104FBB7B060ADF168527AE0A45.tmp' to 'D:/Project/Unreal4/BPRPG1/Content/Maps/Step4_P_BuiltData.uasset'
[2017.12.26-05.09.21:488][671]LogSavePackage: Display: Finished SavePackage D:/Project/Unreal4/BPRPG1/Content/Maps/Step4_P_BuiltData.uasset
[2017.12.26-05.09.49:571][152]LogTemp: Repeating last play command: 선택된 뷰포트
[2017.12.26-05.09.49:886][152]LogPlayLevel: PlayLevel: No blueprints needed recompiling
[2017.12.26-05.09.49:887][152]PIE: New page: PIE 세션: Step4_P (2017. 12. 26. 오후 11:09:49)
[2017.12.26-05.09.49:887][152]LogPlayLevel: Creating play world package: /Game/Maps/UEDPIE_0_Step4_P
[2017.12.26-05.09.49:890][152]LogPlayLevel: PIE: StaticDuplicateObject took: (0.003208s)
[2017.12.26-05.09.49:891][152]LogAIModule: Creating AISystem for world Step4_P
[2017.12.26-05.09.49:892][152]LogPlayLevel: PIE: World Init took: (0.001682s)
[2017.12.26-05.09.49:892][152]LogPlayLevel: PIE: Created PIE world by copying editor world from /Game/Maps/Step4_P.Step4_P to /Game/Maps/UEDPIE_0_Step4_P.Step4_P (0.005321s)
[2017.12.26-05.09.49:950][152]LogInit: XAudio2 using '스피커 / 헤드폰(Realtek High Definition Audio)' : 2 channels at 48 kHz using 32 bits per sample (channel mask 0x3)
[2017.12.26-05.09.50:029][152]LogInit: FAudioDevice initialized.
[2017.12.26-05.09.51:103][152]LogLoad: Game class is 'ThirdPersonGameMode_C'
[2017.12.26-05.09.51:113][152]LogWorld: Bringing World /Game/Maps/UEDPIE_0_Step4_P.Step4_P up for play (max tick rate 60) at 2017.12.26-14.09.51
[2017.12.26-05.09.51:114][152]LogWorld: Bringing up level for play took: 0.001389
[2017.12.26-05.09.51:224][152]LogContentBrowser: Native class hierarchy updated for 'MovieSceneCapture' in 0.0004 seconds. Added 11 classes and 0 folders.
[2017.12.26-05.09.51:245][152]PIE: /Game/Maps/UEDPIE_0_Step4_P 에 대한 에디터에서 플레이 시작 시간: 0.401
[2017.12.26-05.10.11:647][652]LogAIModule: Creating AISystem for world Step3
[2017.12.26-05.10.11:698][652]Cmd: MAP LOAD FILE="D:/Project/Unreal4/BPRPG1/Content/Maps/Step3.umap" TEMPLATE=0 SHOWPROGRESS=1 FEATURELEVEL=3
[2017.12.26-05.10.11:698][652]LightingResults: New page: 라이팅 빌드
[2017.12.26-05.10.11:699][652]LoadErrors: New page: 맵 로드중: Step3.umap
[2017.12.26-05.10.11:708][652]MapCheck: New page: 맵 체크
[2017.12.26-05.10.11:708][652]LightingResults: New page: 라이팅 빌드
[2017.12.26-05.10.11:850][652]LogEditorServer: Finished looking for orphan Actors (0.000 secs)
[2017.12.26-05.10.11:909][652]Cmd: MAP CHECKDEP NOCLEARLOG
[2017.12.26-05.10.12:029][652]MapCheck: 맵 체크 완료: 오류 0 회, 경고 0 회, 소요 시간 120.131ms.
[2017.12.26-05.10.12:030][652]LogFileHelpers: Loading map 'Step3' took 0.333
[2017.12.26-05.10.24:377][738]LogAIModule: Creating AISystem for world Step4_S1
[2017.12.26-05.10.24:418][738]Cmd: OBJ SAVEPACKAGE PACKAGE="/Game/Maps/Step4_S1" FILE="D:/Project/Unreal4/BPRPG1/Content/Maps/Step4_S1.umap" SILENT=true AUTOSAVING=false KEEPDIRTY=false
[2017.12.26-05.10.24:466][738]LogSavePackage: Save=33.53ms
[2017.12.26-05.10.24:466][738]LogSavePackage: Moving 'D:/Project/Unreal4/BPRPG1/Saved/Step4_S100C4782C42EBDB057669619DF2463BB6.tmp' to 'D:/Project/Unreal4/BPRPG1/Content/Maps/Step4_S1.umap'
[2017.12.26-05.10.24:469][738]LogSavePackage: Display: Finished SavePackage D:/Project/Unreal4/BPRPG1/Content/Maps/Step4_S1.umap
[2017.12.26-05.10.24:473][738]Cmd: OBJ SAVEPACKAGE PACKAGE="/Game/Maps/Step4_S1_BuiltData" FILE="D:/Project/Unreal4/BPRPG1/Content/Maps/Step4_S1_BuiltData.uasset" SILENT=true
[2017.12.26-05.10.24:537][738]LogSavePackage: Save=60.57ms
[2017.12.26-05.10.24:537][738]LogSavePackage: Moving 'D:/Project/Unreal4/BPRPG1/Saved/Step4_S1_BuiltData5D1B6D4C453424ED6D42069AE87D7443.tmp' to 'D:/Project/Unreal4/BPRPG1/Content/Maps/Step4_S1_BuiltData.uasset'
[2017.12.26-05.10.24:538][738]LogSavePackage: Display: Finished SavePackage D:/Project/Unreal4/BPRPG1/Content/Maps/Step4_S1_BuiltData.uasset
[2017.12.26-05.10.24:583][738]LogFileHelpers: Saving map 'Step4_S1' took 0.558
[2017.12.26-05.10.24:584][738]Cmd: MAP LOAD FILE="D:/Project/Unreal4/BPRPG1/Content/Maps/Step4_S1.umap" TEMPLATE=0 SHOWPROGRESS=1 FEATURELEVEL=3
[2017.12.26-05.10.24:653][738]LightingResults: New page: 라이팅 빌드
[2017.12.26-05.10.24:654][738]LoadErrors: New page: 맵 로드중: Step4_S1.umap
[2017.12.26-05.10.24:674][738]MapCheck: New page: 맵 체크
[2017.12.26-05.10.24:674][738]LightingResults: New page: 라이팅 빌드
[2017.12.26-05.10.24:863][738]LogEditorServer: Finished looking for orphan Actors (0.000 secs)
[2017.12.26-05.10.24:943][738]Cmd: MAP CHECKDEP NOCLEARLOG
[2017.12.26-05.10.25:064][738]MapCheck: 맵 체크 완료: 오류 0 회, 경고 0 회, 소요 시간 120.836ms.
[2017.12.26-05.10.25:064][738]LogFileHelpers: Loading map 'Step4_S1' took 0.481
[2017.12.26-05.10.36:352][981]LogAIModule: Creating AISystem for world Step4_S2
[2017.12.26-05.10.36:400][981]Cmd: OBJ SAVEPACKAGE PACKAGE="/Game/Maps/Step4_S2" FILE="D:/Project/Unreal4/BPRPG1/Content/Maps/Step4_S2.umap" SILENT=true AUTOSAVING=false KEEPDIRTY=false
[2017.12.26-05.10.36:451][981]LogSavePackage: Save=30.06ms
[2017.12.26-05.10.36:451][981]LogSavePackage: Moving 'D:/Project/Unreal4/BPRPG1/Saved/Step4_S2D5E0D36C4643E816EFB1B5BD85AED934.tmp' to 'D:/Project/Unreal4/BPRPG1/Content/Maps/Step4_S2.umap'
[2017.12.26-05.10.36:455][981]LogSavePackage: Display: Finished SavePackage D:/Project/Unreal4/BPRPG1/Content/Maps/Step4_S2.umap
[2017.12.26-05.10.36:460][981]Cmd: OBJ SAVEPACKAGE PACKAGE="/Game/Maps/Step4_S2_BuiltData" FILE="D:/Project/Unreal4/BPRPG1/Content/Maps/Step4_S2_BuiltData.uasset" SILENT=true
[2017.12.26-05.10.36:567][981]LogSavePackage: Save=62.35ms
[2017.12.26-05.10.36:567][981]LogSavePackage: Moving 'D:/Project/Unreal4/BPRPG1/Saved/Step4_S2_BuiltData17C4C9954FCE17BFAC0E3AAAFDFDA45F.tmp' to 'D:/Project/Unreal4/BPRPG1/Content/Maps/Step4_S2_BuiltData.uasset'
[2017.12.26-05.10.36:568][981]LogSavePackage: Display: Finished SavePackage D:/Project/Unreal4/BPRPG1/Content/Maps/Step4_S2_BuiltData.uasset
[2017.12.26-05.10.36:623][981]LogFileHelpers: Saving map 'Step4_S2' took 0.661
[2017.12.26-05.10.36:624][981]Cmd: MAP LOAD FILE="D:/Project/Unreal4/BPRPG1/Content/Maps/Step4_S2.umap" TEMPLATE=0 SHOWPROGRESS=1 FEATURELEVEL=3
[2017.12.26-05.10.36:690][981]LightingResults: New page: 라이팅 빌드
[2017.12.26-05.10.36:691][981]LoadErrors: New page: 맵 로드중: Step4_S2.umap
[2017.12.26-05.10.36:719][981]MapCheck: New page: 맵 체크
[2017.12.26-05.10.36:719][981]LightingResults: New page: 라이팅 빌드
[2017.12.26-05.10.36:931][981]LogEditorServer: Finished looking for orphan Actors (0.000 secs)
[2017.12.26-05.10.37:011][981]Cmd: MAP CHECKDEP NOCLEARLOG
[2017.12.26-05.10.37:131][981]MapCheck: 맵 체크 완료: 오류 0 회, 경고 0 회, 소요 시간 120.137ms.
[2017.12.26-05.10.37:132][981]LogFileHelpers: Loading map 'Step4_S2' took 0.508
[2017.12.26-05.11.09:481][958]LogRenderer: Reallocating scene render targets to support 1432x924 Format 9 NumSamples 1 (Frame:1).
[2017.12.26-05.12.17:588][418]LogAIModule: Creating AISystem for world Step4_P
[2017.12.26-05.12.17:639][418]Cmd: MAP LOAD FILE="D:/Project/Unreal4/BPRPG1/Content/Maps/Step4_P.umap" TEMPLATE=0 SHOWPROGRESS=1 FEATURELEVEL=3
[2017.12.26-05.12.17:640][418]LightingResults: New page: 라이팅 빌드
[2017.12.26-05.12.17:640][418]LoadErrors: New page: 맵 로드중: Step4_P.umap
[2017.12.26-05.12.17:641][418]MapCheck: New page: 맵 체크
[2017.12.26-05.12.17:642][418]LightingResults: New page: 라이팅 빌드
[2017.12.26-05.12.17:859][418]LogEditorServer: Finished looking for orphan Actors (0.000 secs)
[2017.12.26-05.12.17:920][418]Cmd: MAP CHECKDEP NOCLEARLOG
[2017.12.26-05.12.18:041][418]MapCheck: 맵 체크 완료: 오류 0 회, 경고 0 회, 소요 시간 121.712ms.
[2017.12.26-05.12.18:041][418]LogFileHelpers: Loading map 'Step4_P' took 0.403
[2017.12.26-05.12.24:691][528]LogAIModule: Creating AISystem for world Step4_S1
[2017.12.26-05.12.25:497][533]LogAIModule: Creating AISystem for world Step4_S2
[2017.12.26-05.13.33:634][418]LogTemp: Repeating last play command: 선택된 뷰포트
[2017.12.26-05.13.33:662][418]LogPlayLevel: PlayLevel: No blueprints needed recompiling
[2017.12.26-05.13.33:662][418]PIE: New page: PIE 세션: Step4_P (2017. 12. 26. 오후 11:13:33)
[2017.12.26-05.13.33:662][418]LogPlayLevel: Creating play world package: /Game/Maps/UEDPIE_0_Step4_P
[2017.12.26-05.13.33:667][418]LogPlayLevel: PIE: StaticDuplicateObject took: (0.004673s)
[2017.12.26-05.13.33:667][418]LogAIModule: Creating AISystem for world Step4_P
[2017.12.26-05.13.33:668][418]LogPlayLevel: PIE: World Init took: (0.000789s)
[2017.12.26-05.13.33:668][418]LogPlayLevel: PIE: Created PIE world by copying editor world from /Game/Maps/Step4_P.Step4_P to /Game/Maps/UEDPIE_0_Step4_P.Step4_P (0.005809s)
[2017.12.26-05.13.33:731][418]LogInit: XAudio2 using '스피커 / 헤드폰(Realtek High Definition Audio)' : 2 channels at 48 kHz using 32 bits per sample (channel mask 0x3)
[2017.12.26-05.13.33:810][418]LogInit: FAudioDevice initialized.
[2017.12.26-05.13.33:847][418]LogLoad: Game class is 'ThirdPersonGameMode_C'
[2017.12.26-05.13.33:849][418]LogWorld: Bringing World /Game/Maps/UEDPIE_0_Step4_P.Step4_P up for play (max tick rate 60) at 2017.12.26-14.13.33
[2017.12.26-05.13.33:850][418]LogWorld: Bringing up level for play took: 0.001160
[2017.12.26-05.13.33:853][418]PIE: /Game/Maps/UEDPIE_0_Step4_P 에 대한 에디터에서 플레이 시작 시간: 1.009
[2017.12.26-05.13.53:595][121]LogTemp: Repeating last play command: 선택된 뷰포트
[2017.12.26-05.13.53:622][121]LogPlayLevel: PlayLevel: No blueprints needed recompiling
[2017.12.26-05.13.53:623][121]PIE: New page: PIE 세션: Step4_P (2017. 12. 26. 오후 11:13:53)
[2017.12.26-05.13.53:623][121]LogPlayLevel: Creating play world package: /Game/Maps/UEDPIE_0_Step4_P
[2017.12.26-05.13.53:625][121]LogPlayLevel: PIE: StaticDuplicateObject took: (0.002147s)
[2017.12.26-05.13.53:625][121]LogAIModule: Creating AISystem for world Step4_P
[2017.12.26-05.13.53:626][121]LogPlayLevel: PIE: World Init took: (0.000739s)
[2017.12.26-05.13.53:626][121]LogPlayLevel: PIE: Created PIE world by copying editor world from /Game/Maps/Step4_P.Step4_P to /Game/Maps/UEDPIE_0_Step4_P.Step4_P (0.003161s)
[2017.12.26-05.13.53:685][121]LogInit: XAudio2 using '스피커 / 헤드폰(Realtek High Definition Audio)' : 2 channels at 48 kHz using 32 bits per sample (channel mask 0x3)
[2017.12.26-05.13.53:763][121]LogInit: FAudioDevice initialized.
[2017.12.26-05.13.53:797][121]LogLoad: Game class is 'ThirdPersonGameMode_C'
[2017.12.26-05.13.53:799][121]LogWorld: Bringing World /Game/Maps/UEDPIE_0_Step4_P.Step4_P up for play (max tick rate 60) at 2017.12.26-14.13.53
[2017.12.26-05.13.53:800][121]LogWorld: Bringing up level for play took: 0.001683
[2017.12.26-05.13.53:803][121]PIE: /Game/Maps/UEDPIE_0_Step4_P 에 대한 에디터에서 플레이 시작 시간: 0.959
[2017.12.26-05.13.59:218][269]LogSlate: Only BGRA pngs, bmps or icos are supported in by External Image Picker
[2017.12.26-05.14.00:431][270]LogTemp: Executing iPhonePackager certificates Engine -bundlename com.YourCompany.BPRPG1
[2017.12.26-05.14.00:431][270]LogTemp: CWD: C:\Program Files\Epic Games\UE_4.18\Engine\Binaries\DotNET\IOS
[2017.12.26-05.14.00:431][270]LogTemp: Initial Dir: C:\Program Files\Epic Games\UE_4.18
[2017.12.26-05.14.00:431][270]LogTemp: Env CWD: C:\Program Files\Epic Games\UE_4.18\Engine\Binaries\DotNET\IOS
[2017.12.26-05.14.00:431][270]LogTemp: BranchPath = JYD/C/Program Files/Epic Games/UE_4.18/Engine/Binaries --- GameBranchPath = JYD/C/Program Files/Epic Games/UE_4.18/Engine/Binaries
[2017.12.26-05.14.00:478][271]LogTemp: IPP ERROR: Could not find provision directory 'C:\Users\mapl0\AppData\Local/Apple Computer/MobileDevice/Provisioning Profiles/'.
[2017.12.26-05.14.22:109][529]Cmd: OBJ SAVEPACKAGE PACKAGE="/Game/Maps/Step4_S1" FILE="D:/Project/Unreal4/BPRPG1/Content/Maps/Step4_S1.umap" SILENT=true AUTOSAVING=false KEEPDIRTY=false
[2017.12.26-05.14.22:170][529]LogSavePackage: Save=26.13ms
[2017.12.26-05.14.22:170][529]LogSavePackage: Moving 'D:/Project/Unreal4/BPRPG1/Saved/Step4_S1F228AEA049F30601FD530E810967D5D5.tmp' to 'D:/Project/Unreal4/BPRPG1/Content/Maps/Step4_S1.umap'
[2017.12.26-05.14.22:171][529]LogSavePackage: Display: Finished SavePackage D:/Project/Unreal4/BPRPG1/Content/Maps/Step4_S1.umap
[2017.12.26-05.14.22:176][529]Cmd: OBJ SAVEPACKAGE PACKAGE="/Game/Maps/Step4_S1_BuiltData" FILE="D:/Project/Unreal4/BPRPG1/Content/Maps/Step4_S1_BuiltData.uasset" SILENT=true
[2017.12.26-05.14.22:271][529]LogSavePackage: Save=79.75ms
[2017.12.26-05.14.22:272][529]LogSavePackage: Moving 'D:/Project/Unreal4/BPRPG1/Saved/Step4_S1_BuiltData6EB184FF433FFE1D36BFDB8EBE22315E.tmp' to 'D:/Project/Unreal4/BPRPG1/Content/Maps/Step4_S1_BuiltData.uasset'
[2017.12.26-05.14.22:273][529]LogSavePackage: Display: Finished SavePackage D:/Project/Unreal4/BPRPG1/Content/Maps/Step4_S1_BuiltData.uasset
[2017.12.26-05.14.22:395][529]Cmd: OBJ SAVEPACKAGE PACKAGE="/Game/Maps/Step4_S2" FILE="D:/Project/Unreal4/BPRPG1/Content/Maps/Step4_S2.umap" SILENT=true AUTOSAVING=false KEEPDIRTY=false
[2017.12.26-05.14.22:448][529]LogSavePackage: Save=25.33ms
[2017.12.26-05.14.22:448][529]LogSavePackage: Moving 'D:/Project/Unreal4/BPRPG1/Saved/Step4_S28340E7BD44EA39F60A1990AE25A004EA.tmp' to 'D:/Project/Unreal4/BPRPG1/Content/Maps/Step4_S2.umap'
[2017.12.26-05.14.22:449][529]LogSavePackage: Display: Finished SavePackage D:/Project/Unreal4/BPRPG1/Content/Maps/Step4_S2.umap
[2017.12.26-05.14.22:453][529]Cmd: OBJ SAVEPACKAGE PACKAGE="/Game/Maps/Step4_S2_BuiltData" FILE="D:/Project/Unreal4/BPRPG1/Content/Maps/Step4_S2_BuiltData.uasset" SILENT=true
[2017.12.26-05.14.22:543][529]LogSavePackage: Save=77.51ms
[2017.12.26-05.14.22:543][529]LogSavePackage: Moving 'D:/Project/Unreal4/BPRPG1/Saved/Step4_S2_BuiltDataEEBA55F9483F7234B687EEB0D16D346D.tmp' to 'D:/Project/Unreal4/BPRPG1/Content/Maps/Step4_S2_BuiltData.uasset'
[2017.12.26-05.14.22:544][529]LogSavePackage: Display: Finished SavePackage D:/Project/Unreal4/BPRPG1/Content/Maps/Step4_S2_BuiltData.uasset
[2017.12.26-05.14.24:643][556]LogTemp: Repeating last play command: 선택된 뷰포트
[2017.12.26-05.14.24:669][556]LogPlayLevel: PlayLevel: No blueprints needed recompiling
[2017.12.26-05.14.24:669][556]PIE: New page: PIE 세션: Step4_P (2017. 12. 26. 오후 11:14:24)
[2017.12.26-05.14.24:669][556]LogPlayLevel: Creating play world package: /Game/Maps/UEDPIE_0_Step4_P
[2017.12.26-05.14.24:671][556]LogPlayLevel: PIE: StaticDuplicateObject took: (0.002077s)
[2017.12.26-05.14.24:672][556]LogAIModule: Creating AISystem for world Step4_P
[2017.12.26-05.14.24:672][556]LogPlayLevel: PIE: World Init took: (0.000678s)
[2017.12.26-05.14.24:672][556]LogPlayLevel: PIE: Created PIE world by copying editor world from /Game/Maps/Step4_P.Step4_P to /Game/Maps/UEDPIE_0_Step4_P.Step4_P (0.003017s)
[2017.12.26-05.14.24:731][556]LogInit: XAudio2 using '스피커 / 헤드폰(Realtek High Definition Audio)' : 2 channels at 48 kHz using 32 bits per sample (channel mask 0x3)
[2017.12.26-05.14.24:810][556]LogInit: FAudioDevice initialized.
[2017.12.26-05.14.24:850][556]LogLoad: Game class is 'ThirdPersonGameMode_C'
[2017.12.26-05.14.24:885][556]LogWorld: Bringing World /Game/Maps/UEDPIE_0_Step4_P.Step4_P up for play (max tick rate 60) at 2017.12.26-14.14.24
[2017.12.26-05.14.24:886][556]LogWorld: Bringing up level for play took: 0.000892
[2017.12.26-05.14.24:888][556]PIE: /Game/Maps/UEDPIE_0_Step4_P 에 대한 에디터에서 플레이 시작 시간: 0.045
[2017.12.26-05.15.00:883][727]LogEditorViewport: Clicking on Actor (context menu): StaticMeshActor (SM_SQUARE)
[2017.12.26-05.15.05:927][747]Cmd: OBJ SAVEPACKAGE PACKAGE="/Game/Maps/Step4_P" FILE="D:/Project/Unreal4/BPRPG1/Content/Maps/Step4_P.umap" SILENT=true AUTOSAVING=false KEEPDIRTY=false
[2017.12.26-05.15.05:998][747]LogSavePackage: Save=47.22ms
[2017.12.26-05.15.05:998][747]LogSavePackage: Moving 'D:/Project/Unreal4/BPRPG1/Saved/Step4_PE4996AD04474B5FFD98EA69113060077.tmp' to 'D:/Project/Unreal4/BPRPG1/Content/Maps/Step4_P.umap'
[2017.12.26-05.15.06:004][747]LogSavePackage: Display: Finished SavePackage D:/Project/Unreal4/BPRPG1/Content/Maps/Step4_P.umap
[2017.12.26-05.15.06:044][747]LogFileHelpers: Saving map 'Step4_P' took 0.244
[2017.12.26-05.15.06:191][747]Cmd: OBJ SAVEPACKAGE PACKAGE="/Game/Maps/Step4_S1" FILE="D:/Project/Unreal4/BPRPG1/Content/Maps/Step4_S1.umap" SILENT=true AUTOSAVING=false KEEPDIRTY=false
[2017.12.26-05.15.06:231][747]LogSavePackage: Save=21.70ms
[2017.12.26-05.15.06:231][747]LogSavePackage: Moving 'D:/Project/Unreal4/BPRPG1/Saved/Step4_S1A67135EA4E559B8FE9488690A5F61200.tmp' to 'D:/Project/Unreal4/BPRPG1/Content/Maps/Step4_S1.umap'
[2017.12.26-05.15.06:234][747]LogSavePackage: Display: Finished SavePackage D:/Project/Unreal4/BPRPG1/Content/Maps/Step4_S1.umap
[2017.12.26-05.15.06:235][747]LogFileHelpers: Saving map 'Step4_S1' took 0.168
[2017.12.26-05.15.06:387][747]Cmd: OBJ SAVEPACKAGE PACKAGE="/Game/Maps/Step4_S2" FILE="D:/Project/Unreal4/BPRPG1/Content/Maps/Step4_S2.umap" SILENT=true AUTOSAVING=false KEEPDIRTY=false
[2017.12.26-05.15.06:427][747]LogSavePackage: Save=21.81ms
[2017.12.26-05.15.06:427][747]LogSavePackage: Moving 'D:/Project/Unreal4/BPRPG1/Saved/Step4_S25AC451214A6771B2384566B0BC6F4F38.tmp' to 'D:/Project/Unreal4/BPRPG1/Content/Maps/Step4_S2.umap'
[2017.12.26-05.15.06:454][747]LogSavePackage: Display: Finished SavePackage D:/Project/Unreal4/BPRPG1/Content/Maps/Step4_S2.umap
[2017.12.26-05.15.06:467][747]LogFileHelpers: Saving map 'Step4_S2' took 0.205
[2017.12.26-05.15.07:579][778]Cmd: QUIT_EDITOR
[2017.12.26-05.15.07:931][778]LogWindowsTextInputMethodSystem: Display: IME system now activated using TSF (Microsoft 입력기).
[2017.12.26-05.15.07:960][778]LogExit: Preparing to exit.
[2017.12.26-05.15.08:390][778]LogExit: Editor shut down
[2017.12.26-05.15.08:395][778]LogExit: Transaction tracking system shut down
[2017.12.26-05.15.08:666][778]LogDirectoryWatcher: A directory notification for '../../../Engine/Content/' was aborted.
[2017.12.26-05.15.08:666][778]LogDirectoryWatcher: A directory notification for 'D:/Project/Unreal4/BPRPG1/Content/' was aborted.
[2017.12.26-05.15.08:667][778]LogDirectoryWatcher: A directory notification for '../../../Engine/Plugins/2D/Paper2D/Content/' was aborted.
[2017.12.26-05.15.08:667][778]LogDirectoryWatcher: A directory notification for '../../../Engine/Plugins/Media/MediaCompositing/Content/' was aborted.
[2017.12.26-05.15.08:667][778]LogDirectoryWatcher: A directory notification for '../../../Engine/Plugins/Runtime/AppleARKit/Content/' was aborted.
[2017.12.26-05.15.08:667][778]LogDirectoryWatcher: A directory notification for '../../../Engine/Plugins/Runtime/Oculus/OculusVR/Content/' was aborted.
[2017.12.26-05.15.08:667][778]LogDirectoryWatcher: A directory notification for '../../../Engine/Plugins/Runtime/Steam/SteamVR/Content/' was aborted.
[2017.12.26-05.15.08:749][778]LogExit: Object subsystem successfully closed.
[2017.12.26-05.15.08:780][778]LogD3D11RHI: Shutdown
[2017.12.26-05.15.08:781][778]LogD3D11RHI: CleanupD3DDevice
[2017.12.26-05.15.08:784][778]LogD3D11RHI: ~FD3D11DynamicRHI
[2017.12.26-05.15.08:820][778]LogModuleManager: Shutting down and abandoning module ExternalImagePicker (558)
[2017.12.26-05.15.08:820][778]LogModuleManager: Shutting down and abandoning module StaticMeshEditor (556)
[2017.12.26-05.15.08:821][778]LogModuleManager: Shutting down and abandoning module MovieSceneCapture (554)
[2017.12.26-05.15.08:821][778]LogModuleManager: Shutting down and abandoning module WorldBrowser (552)
[2017.12.26-05.15.08:821][778]LogModuleManager: Shutting down and abandoning module HierarchicalLODUtilities (550)
[2017.12.26-05.15.08:821][778]LogModuleManager: Shutting down and abandoning module HierarchicalLODOutliner (548)
[2017.12.26-05.15.08:821][778]LogModuleManager: Shutting down and abandoning module SceneOutliner (546)
[2017.12.26-05.15.08:821][778]LogModuleManager: Shutting down and abandoning module AddContentDialog (544)
[2017.12.26-05.15.08:821][778]LogDirectoryWatcher: A directory notification for 'C:/Program Files/Epic Games/UE_4.18/FeaturePacks/' was aborted.
[2017.12.26-05.15.08:822][778]LogModuleManager: Shutting down and abandoning module WidgetCarousel (543)
[2017.12.26-05.15.08:822][778]LogModuleManager: Shutting down and abandoning module EditorWidgets (540)
[2017.12.26-05.15.08:822][778]LogModuleManager: Shutting down and abandoning module CollectionManager (538)
[2017.12.26-05.15.08:823][778]LogDirectoryWatcher: A directory notification for 'D:/Project/Unreal4/BPRPG1/Content/Collections/' was aborted.
[2017.12.26-05.15.08:823][778]LogDirectoryWatcher: A directory notification for 'D:/Project/Unreal4/BPRPG1/Content/Developers/mapl0/Collections/' was aborted.
[2017.12.26-05.15.08:823][778]LogDirectoryWatcher: A directory notification for 'D:/Project/Unreal4/BPRPG1/Saved/Collections/' was aborted.
[2017.12.26-05.15.08:823][778]LogModuleManager: Shutting down and abandoning module StatsViewer (536)
[2017.12.26-05.15.08:823][778]LogModuleManager: Shutting down and abandoning module FoliageEdit (534)
[2017.12.26-05.15.08:823][778]LogModuleManager: Shutting down and abandoning module LandscapeEditor (532)
[2017.12.26-05.15.08:824][778]LogModuleManager: Shutting down and abandoning module MeshPaintMode (530)
[2017.12.26-05.15.08:824][778]LogModuleManager: Shutting down and abandoning module SceneDepthPickerMode (528)
[2017.12.26-05.15.08:824][778]LogModuleManager: Shutting down and abandoning module ActorPickerMode (526)
[2017.12.26-05.15.08:824][778]LogModuleManager: Shutting down and abandoning module GeometryMode (524)
[2017.12.26-05.15.08:824][778]LogModuleManager: Shutting down and abandoning module TextureAlignMode (522)
[2017.12.26-05.15.08:824][778]LogModuleManager: Shutting down and abandoning module BspMode (520)
[2017.12.26-05.15.08:824][778]LogModuleManager: Shutting down and abandoning module PIEPreviewDeviceProfileSelector (518)
[2017.12.26-05.15.08:824][778]LogModuleManager: Shutting down and abandoning module HardwareSurvey (516)
[2017.12.26-05.15.08:824][778]LogModuleManager: Shutting down and abandoning module SequenceRecorderSections (514)
[2017.12.26-05.15.08:824][778]LogModuleManager: Shutting down and abandoning module AutomationWorker (512)
[2017.12.26-05.15.08:824][778]LogModuleManager: Shutting down and abandoning module MatineeToLevelSequence (510)
[2017.12.26-05.15.08:824][778]LogModuleManager: Shutting down and abandoning module LevelSequenceEditor (508)
[2017.12.26-05.15.08:825][778]LogModuleManager: Shutting down and abandoning module PlacementMode (507)
[2017.12.26-05.15.08:825][778]LogModuleManager: Shutting down and abandoning module WmfMediaFactory (504)
[2017.12.26-05.15.08:825][778]LogModuleManager: Shutting down and abandoning module WmfMediaEditor (502)
[2017.12.26-05.15.08:825][778]LogModuleManager: Shutting down and abandoning module OpenExrWrapper (500)
[2017.12.26-05.15.08:825][778]LogModuleManager: Shutting down and abandoning module ImgMediaFactory (498)
[2017.12.26-05.15.08:825][778]LogModuleManager: Shutting down and abandoning module ImgMediaEditor (496)
[2017.12.26-05.15.08:825][778]LogModuleManager: Shutting down and abandoning module AvfMediaFactory (494)
[2017.12.26-05.15.08:825][778]LogModuleManager: Shutting down and abandoning module AvfMediaEditor (492)
[2017.12.26-05.15.08:825][778]LogModuleManager: Shutting down and abandoning module AndroidMediaFactory (490)
[2017.12.26-05.15.08:825][778]LogModuleManager: Shutting down and abandoning module AndroidMediaEditor (488)
[2017.12.26-05.15.08:825][778]LogModuleManager: Shutting down and abandoning module CharacterAI (486)
[2017.12.26-05.15.08:825][778]LogModuleManager: Shutting down and abandoning module AudioCapture (484)
[2017.12.26-05.15.08:826][778]LogModuleManager: Shutting down and abandoning module SequenceRecorder (483)
[2017.12.26-05.15.08:826][778]LogModuleManager: Shutting down and abandoning module SmartSnapping (480)
[2017.12.26-05.15.08:826][778]LogModuleManager: Shutting down and abandoning module SessionServices (478)
[2017.12.26-05.15.08:826][778]LogModuleManager: Shutting down and abandoning module ViewportSnapping (476)
[2017.12.26-05.15.08:826][778]LogModuleManager: Shutting down and abandoning module ViewportInteraction (474)
[2017.12.26-05.15.08:826][778]LogModuleManager: Shutting down and abandoning module ClothPainter (472)
[2017.12.26-05.15.08:826][778]LogModuleManager: Shutting down and abandoning module SkeletalMeshEditor (471)
[2017.12.26-05.15.08:828][778]LogModuleManager: Shutting down and abandoning module LogVisualizer (468)
[2017.12.26-05.15.08:828][778]LogModuleManager: Shutting down and abandoning module IntroTutorials (466)
[2017.12.26-05.15.08:829][778]LogModuleManager: Shutting down and abandoning module GameProjectGeneration (465)
[2017.12.26-05.15.08:829][778]LogModuleManager: Shutting down and abandoning module IOSPlatformEditor (462)
[2017.12.26-05.15.08:830][778]LogModuleManager: Shutting down and abandoning module HTML5PlatformEditor (460)
[2017.12.26-05.15.08:830][778]LogModuleManager: Shutting down and abandoning module AndroidPlatformEditor (458)
[2017.12.26-05.15.08:830][778]LogModuleManager: Shutting down and abandoning module AndroidDeviceDetection (457)
[2017.12.26-05.15.08:998][778]LogModuleManager: Shutting down and abandoning module WindowsPlatformEditor (454)
[2017.12.26-05.15.08:998][778]LogModuleManager: Shutting down and abandoning module IOSRuntimeSettings (452)
[2017.12.26-05.15.08:998][778]LogModuleManager: Shutting down and abandoning module AndroidRuntimeSettings (450)
[2017.12.26-05.15.08:998][778]LogModuleManager: Shutting down and abandoning module InputBindingEditor (448)
[2017.12.26-05.15.08:998][778]LogModuleManager: Shutting down and abandoning module MergeActors (446)
[2017.12.26-05.15.09:000][778]LogModuleManager: Shutting down and abandoning module SizeMap (444)
[2017.12.26-05.15.09:000][778]LogModuleManager: Shutting down and abandoning module TreeMap (442)
[2017.12.26-05.15.09:000][778]LogModuleManager: Shutting down and abandoning module ReferenceViewer (440)
[2017.12.26-05.15.09:000][778]LogModuleManager: Shutting down and abandoning module LocalizationDashboard (438)
[2017.12.26-05.15.09:000][778]LogModuleManager: Shutting down and abandoning module LocalizationService (437)
[2017.12.26-05.15.09:000][778]LogModuleManager: Shutting down and abandoning module HardwareTargeting (434)
[2017.12.26-05.15.09:000][778]LogModuleManager: Shutting down and abandoning module DeviceProfileEditor (432)
[2017.12.26-05.15.09:000][778]LogModuleManager: Shutting down and abandoning module UndoHistory (430)
[2017.12.26-05.15.09:000][778]LogModuleManager: Shutting down and abandoning module XmlParser (428)
[2017.12.26-05.15.09:001][778]LogModuleManager: Shutting down and abandoning module Blutility (426)
[2017.12.26-05.15.09:001][778]LogModuleManager: Shutting down and abandoning module ProjectSettingsViewer (424)
[2017.12.26-05.15.09:001][778]LogModuleManager: Shutting down and abandoning module ProjectTargetPlatformEditor (423)
[2017.12.26-05.15.09:001][778]LogModuleManager: Shutting down and abandoning module EditorSettingsViewer (420)
[2017.12.26-05.15.09:001][778]LogModuleManager: Shutting down and abandoning module SettingsEditor (418)
[2017.12.26-05.15.09:001][778]LogModuleManager: Shutting down and abandoning module ProjectLauncher (416)
[2017.12.26-05.15.09:001][778]LogModuleManager: Shutting down and abandoning module SessionFrontend (414)
[2017.12.26-05.15.09:001][778]LogModuleManager: Shutting down and abandoning module ProfilerClient (412)
[2017.12.26-05.15.09:002][778]LogModuleManager: Shutting down and abandoning module DeviceManager (410)
[2017.12.26-05.15.09:002][778]LogModuleManager: Shutting down and abandoning module TargetDeviceServices (409)
[2017.12.26-05.15.09:055][778]LogModuleManager: Shutting down and abandoning module AutomationController (406)
[2017.12.26-05.15.09:055][778]LogModuleManager: Shutting down and abandoning module AutomationWindow (404)
[2017.12.26-05.15.09:056][778]LogModuleManager: Shutting down and abandoning module Layers (402)
[2017.12.26-05.15.09:056][778]LogModuleManager: Shutting down and abandoning module ComponentVisualizers (400)
[2017.12.26-05.15.09:056][778]LogModuleManager: Shutting down and abandoning module DetailCustomizations (398)
[2017.12.26-05.15.09:056][778]LogModuleManager: Shutting down and abandoning module PackagesDialog (396)
[2017.12.26-05.15.09:057][778]LogModuleManager: Shutting down and abandoning module Persona (394)
[2017.12.26-05.15.09:058][778]LogModuleManager: Shutting down and abandoning module AdvancedPreviewScene (393)
[2017.12.26-05.15.09:058][778]LogModuleManager: Shutting down and abandoning module AnimGraph (391)
[2017.12.26-05.15.09:058][778]LogModuleManager: Shutting down and abandoning module Kismet (388)
[2017.12.26-05.15.09:059][778]LogModuleManager: Shutting down and abandoning module ClassViewer (386)
[2017.12.26-05.15.09:060][778]LogModuleManager: Shutting down and abandoning module Toolbox (384)
[2017.12.26-05.15.09:060][778]LogModuleManager: Shutting down and abandoning module ModuleUI (382)
[2017.12.26-05.15.09:060][778]LogModuleManager: Shutting down and abandoning module MovieSceneTools (380)
[2017.12.26-05.15.09:061][778]LogModuleManager: Shutting down and abandoning module OutputLog (378)
[2017.12.26-05.15.09:062][778]LogModuleManager: Shutting down and abandoning module GammaUI (376)
[2017.12.26-05.15.09:062][778]LogModuleManager: Shutting down and abandoning module Documentation (374)
[2017.12.26-05.15.09:062][778]LogModuleManager: Shutting down and abandoning module MovieSceneTracks (372)
[2017.12.26-05.15.09:062][778]LogModuleManager: Shutting down and abandoning module MovieScene (370)
[2017.12.26-05.15.09:062][778]LogModuleManager: Shutting down and abandoning module StreamingPauseRendering (368)
[2017.12.26-05.15.09:062][778]LogModuleManager: Shutting down and abandoning module LauncherPlatform (366)
[2017.12.26-05.15.09:062][778]LogModuleManager: Shutting down and abandoning module AnalyticsET (364)
[2017.12.26-05.15.09:062][778]LogModuleManager: Shutting down and abandoning module PortalServices (362)
[2017.12.26-05.15.09:062][778]LogModuleManager: Shutting down and abandoning module PortalRpc (360)
[2017.12.26-05.15.09:062][778]LogModuleManager: Shutting down and abandoning module MessagingRpc (358)
[2017.12.26-05.15.09:062][778]LogModuleManager: Shutting down and abandoning module AIModule (356)
[2017.12.26-05.15.09:062][778]LogModuleManager: Shutting down and abandoning module GameplayDebugger (355)
[2017.12.26-05.15.09:062][778]LogModuleManager: Shutting down and abandoning module AITestSuite (353)
[2017.12.26-05.15.09:062][778]LogModuleManager: Shutting down and abandoning module DesktopPlatform (350)
[2017.12.26-05.15.09:062][778]LogModuleManager: Shutting down and abandoning module ProfilerService (348)
[2017.12.26-05.15.09:266][778]LogModuleManager: Shutting down and abandoning module TaskGraph (346)
[2017.12.26-05.15.09:267][778]LogModuleManager: Shutting down and abandoning module SteamVRController (344)
[2017.12.26-05.15.09:267][778]LogModuleManager: Shutting down and abandoning module ProceduralMeshComponentEditor (342)
[2017.12.26-05.15.09:267][778]LogModuleManager: Shutting down and abandoning module ProceduralMeshComponent (340)
[2017.12.26-05.15.09:267][778]LogModuleManager: Shutting down and abandoning module OculusInput (338)
[2017.12.26-05.15.09:267][778]LogModuleManager: Shutting down and abandoning module MobilePatchingUtils (336)
[2017.12.26-05.15.09:267][778]LogModuleManager: Shutting down and abandoning module CustomMeshComponent (334)
[2017.12.26-05.15.09:267][778]LogModuleManager: Shutting down and abandoning module CableComponent (332)
[2017.12.26-05.15.09:267][778]LogModuleManager: Shutting down and abandoning module ArchVisCharacter (330)
[2017.12.26-05.15.09:267][778]LogModuleManager: Shutting down and abandoning module AndroidPermission (328)
[2017.12.26-05.15.09:267][778]LogModuleManager: Shutting down and abandoning module ActorSequence (324)
[2017.12.26-05.15.09:267][778]LogModuleManager: Shutting down and abandoning module MediaPlayerEditor (322)
[2017.12.26-05.15.09:268][778]LogModuleManager: Shutting down and abandoning module MediaCompositingEditor (320)
[2017.12.26-05.15.09:268][778]LogModuleManager: Shutting down and abandoning module MediaCompositing (318)
[2017.12.26-05.15.09:268][778]LogModuleManager: Shutting down and abandoning module HTML5Networking (316)
[2017.12.26-05.15.09:268][778]LogModuleManager: Shutting down and abandoning module AlembicImporter (314)
[2017.12.26-05.15.09:268][778]LogModuleManager: Shutting down and abandoning module AlembicLibrary (313)
[2017.12.26-05.15.09:269][778]LogModuleManager: Shutting down and abandoning module GeometryCache (312)
[2017.12.26-05.15.09:269][778]LogModuleManager: Shutting down and abandoning module GeometryCacheEd (311)
[2017.12.26-05.15.09:269][778]LogModuleManager: Shutting down and abandoning module SpeedTreeImporter (306)
[2017.12.26-05.15.09:269][778]LogModuleManager: Shutting down and abandoning module PluginBrowser (304)
[2017.12.26-05.15.09:269][778]LogModuleManager: Shutting down and abandoning module MobileLauncherProfileWizard (302)
[2017.12.26-05.15.09:270][778]LogModuleManager: Shutting down and abandoning module VisualStudioSourceCodeAccess (300)
[2017.12.26-05.15.09:270][778]LogModuleManager: Shutting down and abandoning module VisualStudioCodeSourceCodeAccess (298)
[2017.12.26-05.15.09:270][778]LogModuleManager: Shutting down and abandoning module UObjectPlugin (296)
[2017.12.26-05.15.09:270][778]LogModuleManager: Shutting down and abandoning module SubversionSourceControl (294)
[2017.12.26-05.15.09:270][778]LogModuleManager: Shutting down and abandoning module PerforceSourceControl (292)
[2017.12.26-05.15.09:270][778]LogModuleManager: Shutting down and abandoning module GitSourceControl (290)
[2017.12.26-05.15.09:271][778]LogModuleManager: Shutting down and abandoning module SourceControl (289)
[2017.12.26-05.15.09:271][778]LogModuleManager: Shutting down and abandoning module LightPropagationVolumeEditor (286)
[2017.12.26-05.15.09:271][778]LogModuleManager: Shutting down and abandoning module PaperTiledImporter (284)
[2017.12.26-05.15.09:271][778]LogModuleManager: Shutting down and abandoning module PaperSpriteSheetImporter (282)
[2017.12.26-05.15.09:271][778]LogModuleManager: Shutting down and abandoning module Paper2DEditor (280)
[2017.12.26-05.15.09:271][778]LogModuleManager: Shutting down and abandoning module MeshPaint (279)
[2017.12.26-05.15.09:271][778]LogModuleManager: Shutting down and abandoning module LevelEditor (277)
[2017.12.26-05.15.09:272][778]LogModuleManager: Shutting down and abandoning module PixelInspectorModule (276)
[2017.12.26-05.15.09:273][778]LogModuleManager: Shutting down and abandoning module MainFrame (274)
[2017.12.26-05.15.09:273][778]LogModuleManager: Shutting down and abandoning module HotReload (273)
[2017.12.26-05.15.09:274][778]LogModuleManager: Shutting down and abandoning module RuntimePhysXCooking (268)
[2017.12.26-05.15.09:274][778]LogModuleManager: Shutting down and abandoning module PhysXVehiclesEditor (266)
[2017.12.26-05.15.09:274][778]LogModuleManager: Shutting down and abandoning module PhysXVehicles (264)
[2017.12.26-05.15.09:274][778]LogModuleManager: Shutting down and abandoning module OculusEditor (262)
[2017.12.26-05.15.09:274][778]LogModuleManager: Shutting down and abandoning module LocationServicesBPLibrary (260)
[2017.12.26-05.15.09:274][778]LogModuleManager: Shutting down and abandoning module ImmediatePhysicsEditor (258)
[2017.12.26-05.15.09:274][778]LogModuleManager: Shutting down and abandoning module ImmediatePhysics (256)
[2017.12.26-05.15.09:274][778]LogModuleManager: Shutting down and abandoning module UdpMessaging (254)
[2017.12.26-05.15.09:374][778]LogModuleManager: Shutting down and abandoning module TcpMessaging (252)
[2017.12.26-05.15.09:475][778]LogModuleManager: Shutting down and abandoning module GameplayTagsEditor (250)
[2017.12.26-05.15.09:475][778]LogModuleManager: Shutting down and abandoning module FacialAnimationEditor (248)
[2017.12.26-05.15.09:476][778]LogModuleManager: Shutting down and abandoning module FacialAnimation (246)
[2017.12.26-05.15.09:476][778]LogModuleManager: Shutting down and abandoning module AssetManagerEditor (244)
[2017.12.26-05.15.09:478][778]LogModuleManager: Shutting down and abandoning module GraphEditor (243)
[2017.12.26-05.15.09:480][778]LogModuleManager: Shutting down and abandoning module ContentBrowser (241)
[2017.12.26-05.15.09:481][778]LogModuleManager: Shutting down and abandoning module LightPropagationVolumeRuntime (238)
[2017.12.26-05.15.09:481][778]LogModuleManager: Shutting down and abandoning module Paper2D (236)
[2017.12.26-05.15.09:481][778]LogModuleManager: Shutting down and abandoning module WindowsMoviePlayer (234)
[2017.12.26-05.15.09:481][778]LogModuleManager: Shutting down and abandoning module WmfMedia (232)
[2017.12.26-05.15.09:481][778]LogModuleManager: Shutting down and abandoning module ImgMedia (230)
[2017.12.26-05.15.09:481][778]LogModuleManager: Shutting down and abandoning module PacketHandler (228)
[2017.12.26-05.15.09:481][778]LogModuleManager: Shutting down and abandoning module ClothingSystemEditor (226)
[2017.12.26-05.15.09:481][778]LogModuleManager: Shutting down and abandoning module ClothingSystemRuntime (224)
[2017.12.26-05.15.09:482][778]LogModuleManager: Shutting down and abandoning module MediaAssets (222)
[2017.12.26-05.15.09:482][778]LogModuleManager: Shutting down and abandoning module Media (221)
[2017.12.26-05.15.09:488][778]LogModuleManager: Shutting down and abandoning module Overlay (218)
[2017.12.26-05.15.09:488][778]LogModuleManager: Shutting down and abandoning module OverlayEditor (217)
[2017.12.26-05.15.09:488][778]LogModuleManager: Shutting down and abandoning module VREditor (214)
[2017.12.26-05.15.09:488][778]LogModuleManager: Shutting down and abandoning module StringTableEditor (212)
[2017.12.26-05.15.09:488][778]LogModuleManager: Shutting down and abandoning module GameplayTasksEditor (210)
[2017.12.26-05.15.09:488][778]LogModuleManager: Shutting down and abandoning module BehaviorTreeEditor (208)
[2017.12.26-05.15.09:490][778]LogModuleManager: Shutting down and abandoning module FunctionalTesting (206)
[2017.12.26-05.15.09:490][778]LogModuleManager: Shutting down and abandoning module CollisionAnalyzer (204)
[2017.12.26-05.15.09:490][778]LogModuleManager: Shutting down and abandoning module WorkspaceMenuStructure (203)
[2017.12.26-05.15.09:490][778]LogModuleManager: Shutting down and abandoning module UMG (200)
[2017.12.26-05.15.09:491][778]LogModuleManager: Shutting down and abandoning module UMGEditor (199)
[2017.12.26-05.15.09:492][778]LogModuleManager: Shutting down and abandoning module Sequencer (198)
[2017.12.26-05.15.09:493][778]LogModuleManager: Shutting down and abandoning module MessageLog (195)
[2017.12.26-05.15.09:493][778]LogModuleManager: Shutting down and abandoning module SlateReflector (190)
[2017.12.26-05.15.09:494][778]LogModuleManager: Shutting down and abandoning module Slate (188)
[2017.12.26-05.15.09:494][778]LogModuleManager: Shutting down and abandoning module EditorStyle (186)
[2017.12.26-05.15.09:498][778]LogModuleManager: Shutting down and abandoning module MRMesh (184)
[2017.12.26-05.15.09:498][778]LogModuleManager: Shutting down and abandoning module SourceCodeAccess (182)
[2017.12.26-05.15.09:498][778]LogModuleManager: Shutting down and abandoning module HeadMountedDisplay (180)
[2017.12.26-05.15.09:498][778]LogModuleManager: Shutting down and abandoning module XAudio2 (178)
[2017.12.26-05.15.09:498][778]LogModuleManager: Shutting down and abandoning module Networking (176)
[2017.12.26-05.15.09:498][778]LogModuleManager: Shutting down and abandoning module Core (172)
[2017.12.26-05.15.09:498][778]LogModuleManager: Shutting down and abandoning module LevelSequence (168)
[2017.12.26-05.15.09:498][778]LogModuleManager: Shutting down and abandoning module DirectoryWatcher (166)
[2017.12.26-05.15.09:499][778]LogModuleManager: Shutting down and abandoning module KismetCompiler (164)
[2017.12.26-05.15.09:499][778]LogModuleManager: Shutting down and abandoning module MeshUtilities (162)
[2017.12.26-05.15.09:499][778]LogModuleManager: Shutting down and abandoning module MeshMergeUtilities (161)
[2017.12.26-05.15.09:499][778]LogModuleManager: Shutting down and abandoning module MeshReductionInterface (160)
[2017.12.26-05.15.09:499][778]LogModuleManager: Shutting down and abandoning module SimplygonSwarm (159)
[2017.12.26-05.15.09:500][778]LogModuleManager: Shutting down and abandoning module SimplygonMeshReduction (157)
[2017.12.26-05.15.09:500][778]LogModuleManager: Shutting down and abandoning module QuadricMeshReduction (155)
[2017.12.26-05.15.09:500][778]LogModuleManager: Shutting down and abandoning module MaterialBaking (151)
[2017.12.26-05.15.09:500][778]LogModuleManager: Shutting down and abandoning module DerivedDataCache (148)
[2017.12.26-05.15.09:564][778]LogDerivedDataCache: Shutdown
[2017.12.26-05.15.09:564][778]LogModuleManager: Shutting down and abandoning module TargetPlatform (146)
[2017.12.26-05.15.09:564][778]LogModuleManager: Shutting down and abandoning module VulkanShaderFormat (145)
[2017.12.26-05.15.09:565][778]LogModuleManager: Shutting down and abandoning module ShaderFormatVectorVM (143)
[2017.12.26-05.15.09:565][778]LogModuleManager: Shutting down and abandoning module ShaderFormatOpenGL (141)
[2017.12.26-05.15.09:566][778]LogModuleManager: Shutting down and abandoning module ShaderFormatD3D (139)
[2017.12.26-05.15.09:566][778]LogModuleManager: Shutting down and abandoning module MetalShaderFormat (137)
[2017.12.26-05.15.09:567][778]LogModuleManager: Shutting down and abandoning module TextureFormatUncompressed (135)
[2017.12.26-05.15.09:567][778]LogModuleManager: Shutting down and abandoning module TextureFormatPVR (133)
[2017.12.26-05.15.09:567][778]LogModuleManager: Shutting down and abandoning module TextureFormatDXT (131)
[2017.12.26-05.15.09:567][778]LogModuleManager: Shutting down and abandoning module TextureFormatIntelISPCTexComp (129)
[2017.12.26-05.15.09:567][778]LogModuleManager: Shutting down and abandoning module TextureFormatASTC (127)
[2017.12.26-05.15.09:567][778]LogModuleManager: Shutting down and abandoning module ImageWrapper (126)
[2017.12.26-05.15.09:567][778]LogModuleManager: Shutting down and abandoning module TextureFormatAndroid (123)
[2017.12.26-05.15.09:567][778]LogModuleManager: Shutting down and abandoning module AudioFormatOpus (121)
[2017.12.26-05.15.09:567][778]LogModuleManager: Shutting down and abandoning module AudioFormatOgg (119)
[2017.12.26-05.15.09:567][778]LogModuleManager: Shutting down and abandoning module AudioFormatADPCM (117)
[2017.12.26-05.15.09:567][778]LogModuleManager: Shutting down and abandoning module LinuxTargetPlatform (115)
[2017.12.26-05.15.09:567][778]LogModuleManager: Shutting down and abandoning module LinuxServerTargetPlatform (113)
[2017.12.26-05.15.09:567][778]LogModuleManager: Shutting down and abandoning module LinuxNoEditorTargetPlatform (111)
[2017.12.26-05.15.09:567][778]LogModuleManager: Shutting down and abandoning module LinuxClientTargetPlatform (109)
[2017.12.26-05.15.09:567][778]LogModuleManager: Shutting down and abandoning module TVOSTargetPlatform (107)
[2017.12.26-05.15.09:567][778]LogModuleManager: Shutting down and abandoning module Messaging (105)
[2017.12.26-05.15.09:567][778]LogModuleManager: Shutting down and abandoning module IOSTargetPlatform (103)
[2017.12.26-05.15.09:567][778]LogModuleManager: Shutting down and abandoning module HTML5TargetPlatform (101)
[2017.12.26-05.15.09:567][778]LogModuleManager: Shutting down and abandoning module AndroidTargetPlatform (99)
[2017.12.26-05.15.09:567][778]LogModuleManager: Shutting down and abandoning module Android_PVRTCTargetPlatform (97)
[2017.12.26-05.15.09:567][778]LogModuleManager: Shutting down and abandoning module Android_MultiTargetPlatform (95)
[2017.12.26-05.15.09:567][778]LogModuleManager: Shutting down and abandoning module Android_ETC2TargetPlatform (93)
[2017.12.26-05.15.09:567][778]LogModuleManager: Shutting down and abandoning module Android_ETC1TargetPlatform (91)
[2017.12.26-05.15.09:567][778]LogModuleManager: Shutting down and abandoning module Android_DXTTargetPlatform (89)
[2017.12.26-05.15.09:567][778]LogModuleManager: Shutting down and abandoning module Android_ATCTargetPlatform (87)
[2017.12.26-05.15.09:567][778]LogModuleManager: Shutting down and abandoning module Android_ASTCTargetPlatform (85)
[2017.12.26-05.15.09:567][778]LogModuleManager: Shutting down and abandoning module WindowsTargetPlatform (83)
[2017.12.26-05.15.09:567][778]LogModuleManager: Shutting down and abandoning module WindowsServerTargetPlatform (81)
[2017.12.26-05.15.09:567][778]LogModuleManager: Shutting down and abandoning module WindowsNoEditorTargetPlatform (79)
[2017.12.26-05.15.09:567][778]LogModuleManager: Shutting down and abandoning module WindowsClientTargetPlatform (77)
[2017.12.26-05.15.09:567][778]LogModuleManager: Shutting down and abandoning module MacTargetPlatform (75)
[2017.12.26-05.15.09:567][778]LogModuleManager: Shutting down and abandoning module MacServerTargetPlatform (73)
[2017.12.26-05.15.09:567][778]LogModuleManager: Shutting down and abandoning module MacNoEditorTargetPlatform (71)
[2017.12.26-05.15.09:567][778]LogModuleManager: Shutting down and abandoning module MacClientTargetPlatform (69)
[2017.12.26-05.15.09:567][778]LogModuleManager: Shutting down and abandoning module AllDesktopTargetPlatform (67)
[2017.12.26-05.15.09:567][778]LogModuleManager: Shutting down and abandoning module InputCore (64)
[2017.12.26-05.15.09:567][778]LogModuleManager: Shutting down and abandoning module Settings (62)
[2017.12.26-05.15.09:567][778]LogModuleManager: Shutting down and abandoning module PhysXCooking (60)
[2017.12.26-05.15.09:567][778]LogModuleManager: Shutting down and abandoning module SteamVR (58)
[2017.12.26-05.15.09:567][778]LogModuleManager: Shutting down and abandoning module OculusHMD (56)
[2017.12.26-05.15.09:568][778]LogModuleManager: Shutting down and abandoning module ExampleDeviceProfileSelector (54)
[2017.12.26-05.15.09:568][778]LogModuleManager: Shutting down and abandoning module AppleARKit (52)
[2017.12.26-05.15.09:568][778]LogModuleManager: Shutting down and abandoning module AugmentedReality (51)
[2017.12.26-05.15.09:568][778]LogModuleManager: Shutting down and abandoning module OnlineBlueprintSupport (48)
[2017.12.26-05.15.09:568][778]LogModuleManager: Shutting down and abandoning module OnlineSubsystem (44)
[2017.12.26-05.15.09:568][778]LogModuleManager: Shutting down and abandoning module XMPP (43)
[2017.12.26-05.15.09:569][778]LogModuleManager: Shutting down and abandoning module HTTP (41)
[2017.12.26-05.15.09:569][778]LogHttp: Display: Http module shutting down, but needs to wait on 1 outstanding Http requests:
[2017.12.26-05.15.09:570][778]LogHttp: Display: 	verb=[POST] url=[https://datarouter.ol.epicgames.com/datarouter/api/v1/public/data?SessionID=%7B63904662-4F53-7418-67A7-56950F367076%7D&AppID=UEEditor.Rocket.Release&AppVersion=4.18.2-3794801%2B%2B%2BUE4%2BRelease-4.18&UserID=ab0f6ec7467c65357aa0a68f65584983%7C896c5d86c4cd4015b20f317903f9495b%7C2946f11b-8d1b-47ea-b6f1-d9c83ead4eea&AppEnvironment=datacollector-binary&UploadType=eteventstream] status=Processing
[2017.12.26-05.15.09:583][778]LogModuleManager: Shutting down and abandoning module SSL (40)
[2017.12.26-05.15.09:585][778]LogModuleManager: Shutting down and abandoning module AnimationModifiers (36)
[2017.12.26-05.15.09:586][778]LogModuleManager: Shutting down and abandoning module PropertyEditor (35)
[2017.12.26-05.15.09:586][778]LogModuleManager: Shutting down and abandoning module AudioEditor (32)
[2017.12.26-05.15.09:586][778]LogModuleManager: Shutting down and abandoning module TextureCompressor (30)
[2017.12.26-05.15.09:586][778]LogModuleManager: Shutting down and abandoning module ShaderCore (28)
[2017.12.26-05.15.09:586][778]LogModuleManager: Shutting down and abandoning module Landscape (26)
[2017.12.26-05.15.09:586][778]LogModuleManager: Shutting down and abandoning module SlateRHIRenderer (24)
[2017.12.26-05.15.09:589][778]LogModuleManager: Shutting down and abandoning module OpenGLDrv (22)
[2017.12.26-05.15.09:589][778]LogModuleManager: Shutting down and abandoning module D3D11RHI (20)
[2017.12.26-05.15.09:589][778]LogModuleManager: Shutting down and abandoning module AnimGraphRuntime (18)
[2017.12.26-05.15.09:590][778]LogModuleManager: Shutting down and abandoning module Renderer (16)
[2017.12.26-05.15.09:590][778]LogModuleManager: Shutting down and abandoning module Engine (14)
[2017.12.26-05.15.09:590][778]LogModuleManager: Shutting down and abandoning module CoreUObject (12)
[2017.12.26-05.15.09:590][778]LogModuleManager: Shutting down and abandoning module NetworkFile (10)
[2017.12.26-05.15.09:590][778]LogModuleManager: Shutting down and abandoning module CookedIterativeFile (8)
[2017.12.26-05.15.09:590][778]LogModuleManager: Shutting down and abandoning module StreamingFile (6)
[2017.12.26-05.15.09:590][778]LogModuleManager: Shutting down and abandoning module SandboxFile (4)
[2017.12.26-05.15.09:590][778]LogModuleManager: Shutting down and abandoning module PakFile (2)
[2017.12.26-05.15.09:596][778]LogExit: Exiting.
[2017.12.26-05.15.09:618][778]Log file closed, 12/26/17 14:15:09
