Log file open, 12/16/17 11:59:06
LogWindows: Failed to load 'aqProf.dll' (GetLastError=126)
LogWindows: File 'aqProf.dll' does not exist
LogWindows: Failed to load 'VtuneApi.dll' (GetLastError=126)
LogWindows: File 'VtuneApi.dll' does not exist
LogWindows: Failed to load 'VtuneApi32e.dll' (GetLastError=126)
LogWindows: File 'VtuneApi32e.dll' does not exist
LogInit: Display: Running engine for game: BPRPG1
LogPlatformFile: Not using cached read wrapper
LogInit: Display: RandInit(-339470530) SRandInit(-339470530).
LogInit: Read version file with build ID '3709383'
LogInit: Overriding engine version to CL 3794801, compatible CL 3709383
LogInit: Registered custom module enumerator with build ID '3709383'
LogTaskGraph: Started task graph with 5 named threads and 14 total threads with 3 sets of task threads.
LogStats: Stats thread started at 0.186746
LogD3D11RHI: Aftermath initialized
LogModuleManager: Display: Found up-to-date module file ../../../Engine/Plugins/2D/Paper2D/Binaries/Win64/UE4Editor-Paper2D.dll (API version 3709383).
LogModuleManager: Display: Found up-to-date module file ../../../Engine/Plugins/2D/Paper2D/Binaries/Win64/UE4Editor-Paper2DEditor.dll (API version 3709383).
LogModuleManager: Display: Found up-to-date module file ../../../Engine/Plugins/2D/Paper2D/Binaries/Win64/UE4Editor-PaperSpriteSheetImporter.dll (API version 3709383).
LogModuleManager: Display: Found up-to-date module file ../../../Engine/Plugins/2D/Paper2D/Binaries/Win64/UE4Editor-PaperTiledImporter.dll (API version 3709383).
LogModuleManager: Display: Found up-to-date module file ../../../Engine/Plugins/2D/Paper2D/Binaries/Win64/UE4Editor-SmartSnapping.dll (API version 3709383).
LogModuleManager: Display: Found up-to-date module file ../../../Engine/Plugins/Blendables/LightPropagationVolume/Binaries/Win64/UE4Editor-LightPropagationVolumeRuntime.dll (API version 3709383).
LogModuleManager: Display: Found up-to-date module file ../../../Engine/Plugins/Blendables/LightPropagationVolume/Binaries/Win64/UE4Editor-LightPropagationVolumeEditor.dll (API version 3709383).
LogModuleManager: Display: Found up-to-date module file ../../../Engine/Plugins/Developer/GitSourceControl/Binaries/Win64/UE4Editor-GitSourceControl.dll (API version 3709383).
LogModuleManager: Display: Found up-to-date module file ../../../Engine/Plugins/Developer/PerforceSourceControl/Binaries/Win64/UE4Editor-PerforceSourceControl.dll (API version 3709383).
LogModuleManager: Display: Found up-to-date module file ../../../Engine/Plugins/Developer/SubversionSourceControl/Binaries/Win64/UE4Editor-SubversionSourceControl.dll (API version 3709383).
LogModuleManager: Display: Found up-to-date module file ../../../Engine/Plugins/Developer/UObjectPlugin/Binaries/Win64/UE4Editor-UObjectPlugin.dll (API version 3709383).
LogModuleManager: Display: Found up-to-date module file ../../../Engine/Plugins/Developer/VisualStudioCodeSourceCodeAccess/Binaries/Win64/UE4Editor-VisualStudioCodeSourceCodeAccess.dll (API version 3709383).
LogModuleManager: Display: Found up-to-date module file ../../../Engine/Plugins/Developer/VisualStudioSourceCodeAccess/Binaries/Win64/UE4Editor-VisualStudioSourceCodeAccess.dll (API version 3709383).
LogModuleManager: Display: Found up-to-date module file ../../../Engine/Plugins/Editor/AssetManagerEditor/Binaries/Win64/UE4Editor-AssetManagerEditor.dll (API version 3709383).
LogModuleManager: Display: Found up-to-date module file ../../../Engine/Plugins/Editor/AudioCapture/Binaries/Win64/UE4Editor-AudioCapture.dll (API version 3709383).
LogModuleManager: Display: Found up-to-date module file ../../../Engine/Plugins/Editor/FacialAnimation/Binaries/Win64/UE4Editor-FacialAnimation.dll (API version 3709383).
LogModuleManager: Display: Found up-to-date module file ../../../Engine/Plugins/Editor/FacialAnimation/Binaries/Win64/UE4Editor-FacialAnimationEditor.dll (API version 3709383).
LogModuleManager: Display: Found up-to-date module file ../../../Engine/Plugins/Editor/GameplayTagsEditor/Binaries/Win64/UE4Editor-GameplayTagsEditor.dll (API version 3709383).
LogModuleManager: Display: Found up-to-date module file ../../../Engine/Plugins/Editor/MobileLauncherProfileWizard/Binaries/Win64/UE4Editor-MobileLauncherProfileWizard.dll (API version 3709383).
LogModuleManager: Display: Found up-to-date module file ../../../Engine/Plugins/Editor/PluginBrowser/Binaries/Win64/UE4Editor-PluginBrowser.dll (API version 3709383).
LogModuleManager: Display: Found up-to-date module file ../../../Engine/Plugins/Editor/SpeedTreeImporter/Binaries/Win64/UE4Editor-SpeedTreeImporter.dll (API version 3709383).
LogModuleManager: Display: Found up-to-date module file ../../../Engine/Plugins/Experimental/AlembicImporter/Binaries/Win64/UE4Editor-AlembicImporter.dll (API version 3709383).
LogModuleManager: Display: Found up-to-date module file ../../../Engine/Plugins/Experimental/AlembicImporter/Binaries/Win64/UE4Editor-AlembicLibrary.dll (API version 3709383).
LogModuleManager: Display: Found up-to-date module file ../../../Engine/Plugins/Experimental/CharacterAI/Binaries/Win64/UE4Editor-CharacterAI.dll (API version 3709383).
LogModuleManager: Display: Found up-to-date module file ../../../Engine/Plugins/Experimental/HTML5Networking/Binaries/Win64/UE4Editor-HTML5Networking.dll (API version 3709383).
LogModuleManager: Display: Found up-to-date module file ../../../Engine/Plugins/Media/AndroidMedia/Binaries/Win64/UE4Editor-AndroidMediaEditor.dll (API version 3709383).
LogModuleManager: Display: Found up-to-date module file ../../../Engine/Plugins/Media/AndroidMedia/Binaries/Win64/UE4Editor-AndroidMediaFactory.dll (API version 3709383).
LogModuleManager: Display: Found up-to-date module file ../../../Engine/Plugins/Media/AvfMedia/Binaries/Win64/UE4Editor-AvfMediaEditor.dll (API version 3709383).
LogModuleManager: Display: Found up-to-date module file ../../../Engine/Plugins/Media/AvfMedia/Binaries/Win64/UE4Editor-AvfMediaFactory.dll (API version 3709383).
LogModuleManager: Display: Found up-to-date module file ../../../Engine/Plugins/Media/AvfMedia/Binaries/Win64/UE4Editor-AvfMediaFactory.dll (API version 3709383).
LogModuleManager: Display: Found up-to-date module file ../../../Engine/Plugins/Media/ImgMedia/Binaries/Win64/UE4Editor-ImgMedia.dll (API version 3709383).
LogModuleManager: Display: Found up-to-date module file ../../../Engine/Plugins/Media/ImgMedia/Binaries/Win64/UE4Editor-ImgMediaEditor.dll (API version 3709383).
LogModuleManager: Display: Found up-to-date module file ../../../Engine/Plugins/Media/ImgMedia/Binaries/Win64/UE4Editor-ImgMediaFactory.dll (API version 3709383).
LogModuleManager: Display: Found up-to-date module file ../../../Engine/Plugins/Media/ImgMedia/Binaries/Win64/UE4Editor-ImgMediaFactory.dll (API version 3709383).
LogModuleManager: Display: Found up-to-date module file ../../../Engine/Plugins/Media/ImgMedia/Binaries/Win64/UE4Editor-OpenExrWrapper.dll (API version 3709383).
LogModuleManager: Display: Found up-to-date module file ../../../Engine/Plugins/Media/MediaCompositing/Binaries/Win64/UE4Editor-MediaCompositing.dll (API version 3709383).
LogModuleManager: Display: Found up-to-date module file ../../../Engine/Plugins/Media/MediaCompositing/Binaries/Win64/UE4Editor-MediaCompositingEditor.dll (API version 3709383).
LogModuleManager: Display: Found up-to-date module file ../../../Engine/Plugins/Media/MediaPlayerEditor/Binaries/Win64/UE4Editor-MediaPlayerEditor.dll (API version 3709383).
LogModuleManager: Display: Found up-to-date module file ../../../Engine/Plugins/Media/WmfMedia/Binaries/Win64/UE4Editor-WmfMedia.dll (API version 3709383).
LogModuleManager: Display: Found up-to-date module file ../../../Engine/Plugins/Media/WmfMedia/Binaries/Win64/UE4Editor-WmfMediaEditor.dll (API version 3709383).
LogModuleManager: Display: Found up-to-date module file ../../../Engine/Plugins/Media/WmfMedia/Binaries/Win64/UE4Editor-WmfMediaFactory.dll (API version 3709383).
LogModuleManager: Display: Found up-to-date module file ../../../Engine/Plugins/Media/WmfMedia/Binaries/Win64/UE4Editor-WmfMediaFactory.dll (API version 3709383).
LogModuleManager: Display: Found up-to-date module file ../../../Engine/Plugins/Messaging/TcpMessaging/Binaries/Win64/UE4Editor-TcpMessaging.dll (API version 3709383).
LogModuleManager: Display: Found up-to-date module file ../../../Engine/Plugins/Messaging/UdpMessaging/Binaries/Win64/UE4Editor-UdpMessaging.dll (API version 3709383).
LogModuleManager: Display: Found up-to-date module file ../../../Engine/Plugins/MovieScene/ActorSequence/Binaries/Win64/UE4Editor-ActorSequence.dll (API version 3709383).
LogModuleManager: Display: Found up-to-date module file ../../../Engine/Plugins/MovieScene/LevelSequenceEditor/Binaries/Win64/UE4Editor-LevelSequenceEditor.dll (API version 3709383).
LogModuleManager: Display: Found up-to-date module file ../../../Engine/Plugins/MovieScene/MatineeToLevelSequence/Binaries/Win64/UE4Editor-MatineeToLevelSequence.dll (API version 3709383).
LogModuleManager: Display: Found up-to-date module file ../../../Engine/Plugins/Online/OnlineSubsystem/Binaries/Win64/UE4Editor-OnlineSubsystem.dll (API version 3709383).
LogModuleManager: Display: Found up-to-date module file ../../../Engine/Plugins/Runtime/AndroidPermission/Binaries/Win64/UE4Editor-AndroidPermission.dll (API version 3709383).
LogModuleManager: Display: Found up-to-date module file ../../../Engine/Plugins/Online/OnlineSubsystemNull/Binaries/Win64/UE4Editor-OnlineSubsystemNull.dll (API version 3709383).
LogModuleManager: Display: Found up-to-date module file ../../../Engine/Plugins/Online/OnlineSubsystemUtils/Binaries/Win64/UE4Editor-OnlineSubsystemUtils.dll (API version 3709383).
LogModuleManager: Display: Found up-to-date module file ../../../Engine/Plugins/Online/OnlineSubsystemUtils/Binaries/Win64/UE4Editor-OnlineBlueprintSupport.dll (API version 3709383).
LogModuleManager: Display: Found up-to-date module file ../../../Engine/Plugins/Runtime/AndroidDeviceProfileSelector/Binaries/Win64/UE4Editor-AndroidDeviceProfileSelector.dll (API version 3709383).
LogModuleManager: Display: Found up-to-date module file ../../../Engine/Plugins/Runtime/AppleARKit/Binaries/Win64/UE4Editor-AppleARKit.dll (API version 3709383).
LogModuleManager: Display: Found up-to-date module file ../../../Engine/Plugins/Runtime/ArchVisCharacter/Binaries/Win64/UE4Editor-ArchVisCharacter.dll (API version 3709383).
LogModuleManager: Display: Found up-to-date module file ../../../Engine/Plugins/Runtime/CableComponent/Binaries/Win64/UE4Editor-CableComponent.dll (API version 3709383).
LogModuleManager: Display: Found up-to-date module file ../../../Engine/Plugins/Runtime/CustomMeshComponent/Binaries/Win64/UE4Editor-CustomMeshComponent.dll (API version 3709383).
LogModuleManager: Display: Found up-to-date module file ../../../Engine/Plugins/Runtime/ExampleDeviceProfileSelector/Binaries/Win64/UE4Editor-ExampleDeviceProfileSelector.dll (API version 3709383).
LogModuleManager: Display: Found up-to-date module file ../../../Engine/Plugins/Runtime/ImmediatePhysics/Binaries/Win64/UE4Editor-ImmediatePhysics.dll (API version 3709383).
LogModuleManager: Display: Found up-to-date module file ../../../Engine/Plugins/Runtime/ImmediatePhysics/Binaries/Win64/UE4Editor-ImmediatePhysicsEditor.dll (API version 3709383).
LogModuleManager: Display: Found up-to-date module file ../../../Engine/Plugins/Runtime/LocationServicesBPLibrary/Binaries/Win64/UE4Editor-LocationServicesBPLibrary.dll (API version 3709383).
LogModuleManager: Display: Found up-to-date module file ../../../Engine/Plugins/Runtime/MobilePatchingUtils/Binaries/Win64/UE4Editor-MobilePatchingUtils.dll (API version 3709383).
LogModuleManager: Display: Found up-to-date module file ../../../Engine/Plugins/Runtime/Oculus/OculusVR/Binaries/Win64/UE4Editor-OculusHMD.dll (API version 3709383).
LogModuleManager: Display: Found up-to-date module file ../../../Engine/Plugins/Runtime/Oculus/OculusVR/Binaries/Win64/UE4Editor-OculusInput.dll (API version 3709383).
LogModuleManager: Display: Found up-to-date module file ../../../Engine/Plugins/Runtime/Oculus/OculusVR/Binaries/Win64/UE4Editor-OculusEditor.dll (API version 3709383).
LogModuleManager: Display: Found up-to-date module file ../../../Engine/Plugins/Runtime/PhysXVehicles/Binaries/Win64/UE4Editor-PhysXVehicles.dll (API version 3709383).
LogModuleManager: Display: Found up-to-date module file ../../../Engine/Plugins/Runtime/PhysXVehicles/Binaries/Win64/UE4Editor-PhysXVehiclesEditor.dll (API version 3709383).
LogModuleManager: Display: Found up-to-date module file ../../../Engine/Plugins/Runtime/ProceduralMeshComponent/Binaries/Win64/UE4Editor-ProceduralMeshComponent.dll (API version 3709383).
LogModuleManager: Display: Found up-to-date module file ../../../Engine/Plugins/Runtime/ProceduralMeshComponent/Binaries/Win64/UE4Editor-ProceduralMeshComponentEditor.dll (API version 3709383).
LogModuleManager: Display: Found up-to-date module file ../../../Engine/Plugins/Runtime/RuntimePhysXCooking/Binaries/Win64/UE4Editor-RuntimePhysXCooking.dll (API version 3709383).
LogModuleManager: Display: Found up-to-date module file ../../../Engine/Plugins/Runtime/Steam/SteamVR/Binaries/Win64/UE4Editor-SteamVR.dll (API version 3709383).
LogModuleManager: Display: Found up-to-date module file ../../../Engine/Plugins/Runtime/Steam/SteamVR/Binaries/Win64/UE4Editor-SteamVRController.dll (API version 3709383).
LogModuleManager: Display: Found up-to-date module file ../../../Engine/Plugins/Runtime/WindowsMoviePlayer/Binaries/Win64/UE4Editor-WindowsMoviePlayer.dll (API version 3709383).
LogPluginManager: Mounting plugin Paper2D
LogPluginManager: Mounting plugin LightPropagationVolume
LogPluginManager: Mounting plugin CodeLiteSourceCodeAccess
LogPluginManager: Mounting plugin GitSourceControl
LogPluginManager: Mounting plugin KDevelopSourceCodeAccess
LogPluginManager: Mounting plugin NullSourceCodeAccess
LogPluginManager: Mounting plugin PerforceSourceControl
LogPluginManager: Mounting plugin SubversionSourceControl
LogPluginManager: Mounting plugin UObjectPlugin
LogPluginManager: Mounting plugin VisualStudioCodeSourceCodeAccess
LogPluginManager: Mounting plugin VisualStudioSourceCodeAccess
LogPluginManager: Mounting plugin XCodeSourceCodeAccess
LogPluginManager: Mounting plugin AssetManagerEditor
LogPluginManager: Mounting plugin AudioCapture
LogPluginManager: Mounting plugin FacialAnimation
LogPluginManager: Mounting plugin GameplayTagsEditor
LogPluginManager: Mounting plugin MobileLauncherProfileWizard
LogPluginManager: Mounting plugin PluginBrowser
LogPluginManager: Mounting plugin SpeedTreeImporter
LogPluginManager: Mounting plugin AlembicImporter
LogPluginManager: Mounting plugin CharacterAI
LogPluginManager: Mounting plugin HTML5Networking
LogPluginManager: Mounting plugin AndroidMedia
LogPluginManager: Mounting plugin AvfMedia
LogPluginManager: Mounting plugin ImgMedia
LogPluginManager: Mounting plugin MediaCompositing
LogPluginManager: Mounting plugin MediaPlayerEditor
LogPluginManager: Mounting plugin WmfMedia
LogPluginManager: Mounting plugin TcpMessaging
LogPluginManager: Mounting plugin UdpMessaging
LogPluginManager: Mounting plugin ActorSequence
LogPluginManager: Mounting plugin LevelSequenceEditor
LogPluginManager: Mounting plugin MatineeToLevelSequence
LogPluginManager: Mounting plugin OnlineSubsystemGooglePlay
LogPluginManager: Mounting plugin OnlineSubsystemIOS
LogPluginManager: Mounting plugin OnlineSubsystem
LogPluginManager: Mounting plugin OnlineSubsystemNull
LogPluginManager: Mounting plugin OnlineSubsystemUtils
LogPluginManager: Mounting plugin AndroidDeviceProfileSelector
LogPluginManager: Mounting plugin AndroidMoviePlayer
LogPluginManager: Mounting plugin AndroidPermission
LogPluginManager: Mounting plugin AppleARKit
LogPluginManager: Mounting plugin AppleMoviePlayer
LogPluginManager: Mounting plugin ArchVisCharacter
LogPluginManager: Mounting plugin CableComponent
LogPluginManager: Mounting plugin CustomMeshComponent
LogPluginManager: Mounting plugin ExampleDeviceProfileSelector
LogPluginManager: Mounting plugin GoogleCloudMessaging
LogPluginManager: Mounting plugin ImmediatePhysics
LogPluginManager: Mounting plugin IOSDeviceProfileSelector
LogPluginManager: Mounting plugin LinuxDeviceProfileSelector
LogPluginManager: Mounting plugin LocationServicesBPLibrary
LogPluginManager: Mounting plugin MobilePatchingUtils
LogPluginManager: Mounting plugin OculusVR
LogPluginManager: Plugin shader directory ../../../Engine/Plugins/Runtime/Oculus/OculusVR/Shaders found
LogPluginManager: Mapping shader source directory ../../../Engine/Plugins/Runtime/Oculus/OculusVR/Shaders to virtual directory /Plugin/OculusVR
LogPluginManager: Mounting plugin PhysXVehicles
LogPluginManager: Mounting plugin ProceduralMeshComponent
LogPluginManager: Mounting plugin RuntimePhysXCooking
LogPluginManager: Mounting plugin SteamVR
LogPluginManager: Mounting plugin WindowsMoviePlayer
LogInit: Using libcurl 7.47.1
LogInit:  - built for x86_64-pc-win32
LogInit:  - supports SSL with OpenSSL/1.0.2g
LogInit:  - supports HTTP deflate (compression) using libz 1.2.8
LogInit:  - other features:
LogInit:      CURL_VERSION_SSL
LogInit:      CURL_VERSION_LIBZ
LogInit:      CURL_VERSION_IPV6
LogInit:      CURL_VERSION_ASYNCHDNS
LogInit:      CURL_VERSION_LARGEFILE
LogInit:      CURL_VERSION_IDN
LogInit:  CurlRequestOptions (configurable via config and command line):
LogInit:  - bVerifyPeer = false  - Libcurl will NOT verify peer certificate
LogInit:  - bUseHttpProxy = false  - Libcurl will NOT use HTTP proxy
LogInit:  - bDontReuseConnections = false  - Libcurl will reuse connections
LogInit:  - CertBundlePath = nullptr  - Libcurl will use whatever was configured at build time.
LogInit: Build: ++UE4+Release-4.18-CL-3794801
LogInit: Engine Version: 4.18.2-3794801+++UE4+Release-4.18
LogInit: Compatible Engine Version: 4.18.0-3709383+++UE4+Release-4.18
LogInit: Net CL: 3709383
LogDevObjectVersion: Number of dev versions registered: 16
LogDevObjectVersion:   Dev-Blueprints (B0D832E4-1F89-4F0D-ACCF-7EB736FD4AA2): 10
LogDevObjectVersion:   Dev-Build (E1C64328-A22C-4D53-A36C-8E866417BD8C): 0
LogDevObjectVersion:   Dev-Core (375EC13C-06E4-48FB-B500-84F0262A717E): 2
LogDevObjectVersion:   Dev-Editor (E4B068ED-F494-42E9-A231-DA0B2E46BB41): 20
LogDevObjectVersion:   Dev-Framework (CFFC743F-43B0-4480-9391-14DF171D2073): 30
LogDevObjectVersion:   Dev-Mobile (B02B49B5-BB20-44E9-A304-32B752E40360): 0
LogDevObjectVersion:   Dev-Networking (A4E4105C-59A1-49B5-A7C5-40C4547EDFEE): 0
LogDevObjectVersion:   Dev-Online (39C831C9-5AE6-47DC-9A44-9C173E1C8E7C): 0
LogDevObjectVersion:   Dev-Physics (78F01B33-EBEA-4F98-B9B4-84EACCB95AA2): 0
LogDevObjectVersion:   Dev-Platform (6631380F-2D4D-43E0-8009-CF276956A95A): 0
LogDevObjectVersion:   Dev-Rendering (12F88B9F-8875-4AFC-A67C-D90C383ABD29): 20
LogDevObjectVersion:   Dev-Sequencer (7B5AE74C-D270-4C10-A958-57980B212A5A): 4
LogDevObjectVersion:   Dev-VR (D7296918-1DD6-4BDD-9DE2-64A83CC13884): 0
LogDevObjectVersion:   Dev-LoadTimes (C2A15278-BFE7-4AFE-6C17-90FF531DF755): 1
LogDevObjectVersion:   Private-Geometry (6EACA3D4-40EC-4CC1-B786-8BED09428FC5): 1
LogDevObjectVersion:   Dev-AnimPhys (29E575DD-E0A3-4627-9D10-D276232CDCEA): 12
LogInit: Compiled (64-bit): Dec  8 2017 02:04:53
LogInit: Compiled with Visual C++: 19.00.24215.01
LogInit: Build Configuration: Development
LogInit: Branch Name: ++UE4+Release-4.18
LogInit: Command line:  
LogInit: Base directory: C:/Program Files/Epic Games/UE_4.18/Engine/Binaries/Win64/
LogInit: Installed Engine Build: 1
LogInit: Presizing for max 8388607 objects, including 0 objects not considered by GC, pre-allocating 0 bytes for permanent pool.
LogInit: Object subsystem initialized
[2017.12.16-02.59.08:229][  0]LogInit: Selected Device Profile: [Windows]
[2017.12.16-02.59.08:229][  0]LogInit: Applying CVar settings loaded from the selected device profile: [Windows]
[2017.12.16-02.59.08:243][  0]LogInit: Computer: JYD
[2017.12.16-02.59.08:243][  0]LogInit: User: mapl0
[2017.12.16-02.59.08:243][  0]LogInit: CPU Page size=4096, Cores=4
[2017.12.16-02.59.08:244][  0]LogInit: High frequency timer resolution =2.531249 MHz
[2017.12.16-02.59.08:244][  0]LogMemory: Memory total: Physical=15.9GB (16GB approx)
[2017.12.16-02.59.08:244][  0]LogMemory: Platform Memory Stats for Windows
[2017.12.16-02.59.08:244][  0]LogMemory: Process Physical Memory: 273.54 MB used, 273.54 MB peak
[2017.12.16-02.59.08:244][  0]LogMemory: Process Virtual Memory: 270.21 MB used, 270.21 MB peak
[2017.12.16-02.59.08:244][  0]LogMemory: Physical Memory: 6287.61 MB used,  9969.35 MB free, 16256.95 MB total
[2017.12.16-02.59.08:244][  0]LogMemory: Virtual Memory: 647.29 MB used,  9969.35 MB free, 134217728.00 MB total
[2017.12.16-02.59.09:087][  0]LogInit: Using OS detected language (ko-KR).
[2017.12.16-02.59.09:087][  0]LogInit: Using OS detected locale (ko-KR).
[2017.12.16-02.59.09:092][  0]LogTextLocalizationManager: No specific localization for 'ko-KR' exists, so the 'ko' localization will be used.
[2017.12.16-02.59.09:294][  0]LogInit: Setting process to per monitor DPI aware
[2017.12.16-02.59.09:623][  0]LogD3D11RHI: D3D11 adapters:
[2017.12.16-02.59.09:672][  0]LogD3D11RHI:    0. 'NVIDIA GeForce GTX 960M' (Feature Level 11_0)
[2017.12.16-02.59.09:672][  0]LogD3D11RHI:       4065/0/8128 MB DedicatedVideo/DedicatedSystem/SharedSystem, Outputs:2, VendorId:0x10de
[2017.12.16-02.59.09:680][  0]LogD3D11RHI:    1. 'Intel(R) HD Graphics 530' (Feature Level 11_0)
[2017.12.16-02.59.09:680][  0]LogD3D11RHI:       128/0/8128 MB DedicatedVideo/DedicatedSystem/SharedSystem, Outputs:0, VendorId:0x8086
[2017.12.16-02.59.09:681][  0]LogD3D11RHI:    2. 'Microsoft Basic Render Driver' (Feature Level 11_0)
[2017.12.16-02.59.09:681][  0]LogD3D11RHI:       0/0/8128 MB DedicatedVideo/DedicatedSystem/SharedSystem, Outputs:0, VendorId:0x1414
[2017.12.16-02.59.09:681][  0]LogD3D11RHI: Chosen D3D11 Adapter: 0
[2017.12.16-02.59.09:688][  0]LogD3D11RHI: Creating new Direct3DDevice
[2017.12.16-02.59.09:688][  0]LogD3D11RHI:     GPU DeviceId: 0x139b (for the marketing name, search the web for "GPU Device Id")
[2017.12.16-02.59.09:688][  0]LogWindows: EnumDisplayDevices:
[2017.12.16-02.59.09:688][  0]LogWindows:    0. 'Intel(R) HD Graphics 530' (P:0 D:1)
[2017.12.16-02.59.09:688][  0]LogWindows:    1. 'Intel(R) HD Graphics 530' (P:1 D:1)
[2017.12.16-02.59.09:689][  0]LogWindows:    2. 'Intel(R) HD Graphics 530' (P:0 D:0)
[2017.12.16-02.59.09:689][  0]LogWindows: DebugString: PrimaryIsNotTheChoosenAdapter PrimaryIsNotTheChoosenAdapter PrimaryIsNotTheChoosenAdapter FoundDriverCount:0 
[2017.12.16-02.59.09:689][  0]LogD3D11RHI:     Adapter Name: NVIDIA GeForce GTX 960M
[2017.12.16-02.59.09:689][  0]LogD3D11RHI:   Driver Version: Unknown (internal:Unknown, unified:Unknown)
[2017.12.16-02.59.09:689][  0]LogD3D11RHI:      Driver Date: Unknown
[2017.12.16-02.59.09:689][  0]LogRHI: Texture pool is 2846 MB (70% of 4065 MB)
[2017.12.16-02.59.09:720][  0]LogD3D11RHI: Async texture creation enabled
[2017.12.16-02.59.09:824][  0]LogD3D11RHI: GPU Timing Frequency: 1000.000000 (Debug: 2 1)
[2017.12.16-02.59.09:825][  0]LogShaderCompilers: Guid format shader working directory is 20 characters bigger than the processId version (D:/Project/Unreal4/BPRPG1/Intermediate/Shaders/WorkingDirectory/16504/).
[2017.12.16-02.59.09:825][  0]LogShaderCompilers: Cleaned the shader compiler working directory 'C:/Users/mapl0/AppData/Local/Temp/UnrealShaderWorkingDir/4B2F467343C9ECF6EC1118A10CE7D959/'.
[2017.12.16-02.59.09:826][  0]LogShaderCompilers: Display: Using Local Shader Compiler.
[2017.12.16-02.59.10:896][  0]LogTemp: Display: Loaded TP AllDesktopTargetPlatform
[2017.12.16-02.59.10:969][  0]LogTemp: Display: Loaded TP MacClientTargetPlatform
[2017.12.16-02.59.11:042][  0]LogTemp: Display: Loaded TP MacNoEditorTargetPlatform
[2017.12.16-02.59.11:112][  0]LogTemp: Display: Loaded TP MacServerTargetPlatform
[2017.12.16-02.59.11:185][  0]LogTemp: Display: Loaded TP MacTargetPlatform
[2017.12.16-02.59.11:258][  0]LogTemp: Display: Loaded TP WindowsClientTargetPlatform
[2017.12.16-02.59.11:329][  0]LogTemp: Display: Loaded TP WindowsNoEditorTargetPlatform
[2017.12.16-02.59.11:402][  0]LogTemp: Display: Loaded TP WindowsServerTargetPlatform
[2017.12.16-02.59.11:470][  0]LogTemp: Display: Loaded TP WindowsTargetPlatform
[2017.12.16-02.59.11:539][  0]LogTemp: Display: Loaded TP Android_ASTCTargetPlatform
[2017.12.16-02.59.11:605][  0]LogTemp: Display: Loaded TP Android_ATCTargetPlatform
[2017.12.16-02.59.11:678][  0]LogTemp: Display: Loaded TP Android_DXTTargetPlatform
[2017.12.16-02.59.11:750][  0]LogTemp: Display: Loaded TP Android_ETC1TargetPlatform
[2017.12.16-02.59.11:819][  0]LogTemp: Display: Loaded TP Android_ETC2TargetPlatform
[2017.12.16-02.59.11:963][  0]LogTemp: Display: Loaded TP Android_MultiTargetPlatform
[2017.12.16-02.59.11:963][  0]LogTemp: Display: Loaded TP Android_PVRTCTargetPlatform
[2017.12.16-02.59.12:033][  0]LogTemp: Display: Loaded TP AndroidTargetPlatform
[2017.12.16-02.59.12:096][  0]LogTemp: Display: Loaded TP HTML5TargetPlatform
[2017.12.16-02.59.12:234][  0]LogTemp: Display: Loaded TP IOSTargetPlatform
[2017.12.16-02.59.12:277][  0]LogTemp: Display: Loaded TP TVOSTargetPlatform
[2017.12.16-02.59.12:371][  0]LogTemp: Display: Loaded TP LinuxClientTargetPlatform
[2017.12.16-02.59.12:444][  0]LogTemp: Display: Loaded TP LinuxNoEditorTargetPlatform
[2017.12.16-02.59.12:513][  0]LogTemp: Display: Loaded TP LinuxServerTargetPlatform
[2017.12.16-02.59.12:591][  0]LogTemp: Display: Loaded TP LinuxTargetPlatform
[2017.12.16-02.59.12:591][  0]LogTargetPlatformManager: Display: Building Assets For Windows
[2017.12.16-02.59.13:304][  0]LogDerivedDataCache: Display: Max Cache Size: 512 MB
[2017.12.16-02.59.13:401][  0]LogDerivedDataCache: Loaded boot cache 0.10s 78MB C:/Users/mapl0/AppData/Local/UnrealEngine/4.18/DerivedDataCache/Boot.ddc.
[2017.12.16-02.59.13:401][  0]LogDerivedDataCache: Display: Loaded Boot cache: C:/Users/mapl0/AppData/Local/UnrealEngine/4.18/DerivedDataCache/Boot.ddc
[2017.12.16-02.59.13:401][  0]LogDerivedDataCache: FDerivedDataBackendGraph:  Pak pak cache file D:/Project/Unreal4/BPRPG1/DerivedDataCache/DDC.ddp not found, will not use a pak cache.
[2017.12.16-02.59.13:401][  0]LogDerivedDataCache: Unable to find inner node Pak for hierarchical cache Hierarchy.
[2017.12.16-02.59.13:402][  0]LogDerivedDataCache: FDerivedDataBackendGraph:  CompressedPak pak cache file D:/Project/Unreal4/BPRPG1/DerivedDataCache/Compressed.ddp not found, will not use a pak cache.
[2017.12.16-02.59.13:402][  0]LogDerivedDataCache: Unable to find inner node CompressedPak for hierarchical cache Hierarchy.
[2017.12.16-02.59.13:420][  0]LogDerivedDataCache: Display: Pak cache opened for reading ../../../Engine/DerivedDataCache/Compressed.ddp.
[2017.12.16-02.59.13:432][  0]LogDerivedDataCache: Using Local data cache path C:/Users/mapl0/AppData/Local/UnrealEngine/Common/DerivedDataCache: Writable
[2017.12.16-02.59.13:444][  0]LogMaterial: Verifying Global Shaders for PCD3D_SM5
[2017.12.16-02.59.13:444][  0]LogSlate: Using Freetype 2.6.0
[2017.12.16-02.59.13:444][  0]LogSlate: SlateFontCache - WITH_FREETYPE: 1, WITH_HARFBUZZ: 1
[2017.12.16-02.59.13:445][  0]LogSlate: SlateFontCache - WITH_FREETYPE: 1, WITH_HARFBUZZ: 1
[2017.12.16-02.59.13:867][  0]LogInit: Selected Device Profile: [Windows]
[2017.12.16-02.59.14:361][  0]LogSimplygon: Simplygon DLL not present - disabling.
[2017.12.16-02.59.14:423][  0]LogMeshReduction: Using SimplygonSwarm for distributed automatic mesh merging
[2017.12.16-02.59.14:423][  0]LogMeshReduction: Using QuadricMeshReduction for automatic static mesh reduction
[2017.12.16-02.59.14:423][  0]LogMeshReduction: No automatic skeletal mesh reduction module available
[2017.12.16-02.59.14:423][  0]LogMeshReduction: No automatic mesh merging module available
[2017.12.16-02.59.14:423][  0]LogMeshMerging: No automatic mesh merging module available
[2017.12.16-02.59.14:469][  0]LogNetVersion: BPRPG1 , NetCL: 3709383, EngineNetVer: 2, GameNetVer: 0 (Checksum: 4133119992)
[2017.12.16-02.59.14:715][  0]LogAssetRegistry: FAssetRegistry took 0.0268 seconds to start up
[2017.12.16-02.59.15:386][  0]LogPackageLocalizationCache: Processed 7 localized package path(s) for 2 prioritized culture(s) in 0.082372 seconds
[2017.12.16-02.59.15:392][  0]LogUObjectArray: 35900 objects as part of root set at end of initial load.
[2017.12.16-02.59.15:392][  0]LogUObjectAllocator: 7372016 out of 0 bytes used by permanent object pool.
[2017.12.16-02.59.15:392][  0]LogUObjectArray: CloseDisregardForGC: 0/0 objects in disregard for GC pool
[2017.12.16-02.59.15:473][  0]LogInit: WinSock: version 1.1 (2.2), MaxSocks=32767, MaxUdp=65467
[2017.12.16-02.59.19:036][  0]LogTcpMessaging: Initializing TcpMessaging bridge
[2017.12.16-02.59.19:088][  0]LogUdpMessaging: Initializing bridge on interface 0.0.0.0:0 to multicast group 230.0.0.1:6666.
[2017.12.16-02.59.19:100][  0]FUdpSocketBuilder: Failed to subscribe UdpMessageMulticastSocket to multicast group 230.0.0.1
[2017.12.16-02.59.19:100][  0]FUdpSocketBuilder: Failed to create and initialize socket UdpMessageMulticastSocket (last error: 0)
[2017.12.16-02.59.19:100][  0]LogUdpMessaging: Warning: StartTransport failed to create multicast socket on 0.0.0.0:0, joined to 230.0.0.1:6666 with TTL 1
[2017.12.16-02.59.20:084][  0]LogMaterial: Uniform references updated for custom material expression Custom.
[2017.12.16-02.59.20:676][  0]SourceControl: 소스 콘트롤이 꺼졌습니다.
[2017.12.16-02.59.20:676][  0]SourceControl: 소스 콘트롤이 꺼졌습니다.
[2017.12.16-02.59.20:750][  0]SourceControl: 소스 콘트롤이 꺼졌습니다.
[2017.12.16-02.59.20:821][  0]SourceControl: 소스 콘트롤이 꺼졌습니다.
[2017.12.16-02.59.22:082][  0]LogAndroidPermission: UAndroidPermissionCallbackProxy::GetInstance
[2017.12.16-02.59.22:471][  0]LogOcInput: OculusInput pre-init called
[2017.12.16-02.59.22:889][  0]LogEngine: Initializing Engine...
[2017.12.16-02.59.22:892][  0]LogHMD: Failed to initialize OpenVR with code 110
[2017.12.16-02.59.23:175][  0]LogStats: UGameplayTagsManager::ConstructGameplayTagTree: Construct from data asset -  0.000 s
[2017.12.16-02.59.23:175][  0]LogStats: UGameplayTagsManager::ConstructGameplayTagTree: GameplayTagTreeChangedEvent.Broadcast -  0.000 s
[2017.12.16-02.59.23:392][  0]LogAIModule: Creating AISystem for world Untitled
[2017.12.16-02.59.23:410][  0]LogInit: XAudio2 using '스피커 / 헤드폰(Realtek High Definition Audio)' : 2 channels at 48 kHz using 32 bits per sample (channel mask 0x3)
[2017.12.16-02.59.23:812][  0]LogInit: FAudioDevice initialized.
[2017.12.16-02.59.23:873][  0]LogDerivedDataCache: Saved boot cache 0.06s 78MB C:/Users/mapl0/AppData/Local/UnrealEngine/4.18/DerivedDataCache/Boot.ddc.
[2017.12.16-02.59.23:893][  0]LogInit: Texture streaming: Enabled
[2017.12.16-02.59.24:061][  0]LogEngineSessionManager: EngineSessionManager initialized
[2017.12.16-02.59.24:274][  0]LogInit: Transaction tracking system initialized
[2017.12.16-02.59.24:776][  0]BlueprintLog: New page: 에디터 로드
[2017.12.16-02.59.26:221][  0]LocalizationService: 현지화 서비스가 비활성화되었습니다.
[2017.12.16-02.59.27:329][  0]LogConsoleResponse: Display: 
[2017.12.16-02.59.27:558][  0]LogCook: Display: Max memory allowance for cook 16384mb min free memory 0mb
[2017.12.16-02.59.27:558][  0]LogCook: Display: Mobile HDR setting 1
[2017.12.16-02.59.27:558][  0]LogGameplayTags: Display: UGameplayTagsManager::DoneAddingNativeTags. DelegateIsBound: 0
[2017.12.16-02.59.28:120][  0]LogFileCache: Scanning file cache for directory 'D:/Project/Unreal4/BPRPG1/Content/' took 0.01s
[2017.12.16-02.59.29:534][  0]SourceControl: 소스 콘트롤이 꺼졌습니다.
[2017.12.16-02.59.29:534][  0]Cmd: MAP LOAD FILE="D:/Project/Unreal4/BPRPG1/Content/Maps/Step2.umap" TEMPLATE=0 SHOWPROGRESS=1 FEATURELEVEL=3
[2017.12.16-02.59.29:534][  0]LightingResults: New page: 라이팅 빌드
[2017.12.16-02.59.29:598][  0]MapCheck: New page: 맵 체크
[2017.12.16-02.59.29:598][  0]LightingResults: New page: 라이팅 빌드
[2017.12.16-02.59.29:828][  0]LogAIModule: Creating AISystem for world Step2
[2017.12.16-02.59.29:838][  0]LogEditorServer: Finished looking for orphan Actors (0.000 secs)
[2017.12.16-02.59.29:850][  0]Cmd: MAP CHECKDEP NOCLEARLOG
[2017.12.16-02.59.29:914][  0]MapCheck: 맵 체크 완료: 오류 0 회, 경고 0 회, 소요 시간 63.266ms.
[2017.12.16-02.59.29:914][  0]LogFileHelpers: Loading map 'Step2' took 0.380
[2017.12.16-02.59.30:082][  0]LogCollectionManager: Loaded 0 collections in 0.001556 seconds
[2017.12.16-02.59.30:190][  0]LogFileCache: Scanning file cache for directory 'D:/Project/Unreal4/BPRPG1/Saved/Collections/' took 0.01s
[2017.12.16-02.59.30:190][  0]LogFileCache: Scanning file cache for directory 'D:/Project/Unreal4/BPRPG1/Content/Developers/mapl0/Collections/' took 0.01s
[2017.12.16-02.59.30:190][  0]LogFileCache: Scanning file cache for directory 'D:/Project/Unreal4/BPRPG1/Content/Collections/' took 0.01s
[2017.12.16-02.59.30:190][  0]LogCollectionManager: Rebuilt the GUID cache for 0 collections in 0.000000 seconds
[2017.12.16-02.59.30:199][  0]LogContentBrowser: Native class hierarchy populated in 0.0085 seconds. Added 2363 classes and 519 folders.
[2017.12.16-02.59.30:297][  0]LogContentBrowser: Native class hierarchy updated for 'WidgetCarousel' in 0.0003 seconds. Added 0 classes and 0 folders.
[2017.12.16-02.59.30:339][  0]LogContentBrowser: Native class hierarchy updated for 'AddContentDialog' in 0.0002 seconds. Added 0 classes and 0 folders.
[2017.12.16-02.59.30:401][  0]LogContentBrowser: Native class hierarchy updated for 'SceneOutliner' in 0.0002 seconds. Added 1 classes and 2 folders.
[2017.12.16-02.59.30:421][  0]LogSlate: Took 0.000256 seconds to synchronously load lazily loaded font '../../../Engine/Content/Slate/Fonts/Roboto-Regular.ttf' (155K)
[2017.12.16-02.59.30:431][  0]LogSlate: Took 0.008399 seconds to synchronously load lazily loaded font '../../../Engine/Content/Slate/Fonts/NanumGothic.ttf' (4243K)
[2017.12.16-02.59.30:432][  0]LogSlate: Took 0.000251 seconds to synchronously load lazily loaded font '../../../Engine/Content/Slate/Fonts/Roboto-Bold.ttf' (160K)
[2017.12.16-02.59.30:437][  0]LogSlate: Took 0.000255 seconds to synchronously load lazily loaded font '../../../Engine/Content/Editor/Slate/Fonts/FontAwesome.ttf' (139K)
[2017.12.16-02.59.30:556][  0]LogRenderer: Reallocating scene render targets to support 1208x576 Format 10 NumSamples 1 (Frame:1).
[2017.12.16-02.59.30:814][  0]LogContentBrowser: Native class hierarchy updated for 'HierarchicalLODOutliner' in 0.0003 seconds. Added 1 classes and 2 folders.
[2017.12.16-02.59.30:814][  0]LogLoad: (Engine Initialization) Total time: 25.69 seconds
[2017.12.16-02.59.30:814][  0]LogLoad: (Engine Initialization) Total Blueprint compile time: 0.00 seconds
[2017.12.16-02.59.30:814][  0]LogExternalProfiler: Found external profiler: VSPerf
[2017.12.16-02.59.30:814][  0]LogExternalProfiler: Using external profiler: VSPerf
[2017.12.16-02.59.31:174][  0]LogContentStreaming: Texture pool size now 1000 MB
[2017.12.16-02.59.31:218][  0]LogSlate: Took 0.000284 seconds to synchronously load lazily loaded font '../../../Engine/Content/Slate/Fonts/Roboto-Light.ttf' (159K)
[2017.12.16-02.59.31:500][  1]LogAssetRegistry: Asset discovery search completed in 16.8080 seconds
[2017.12.16-02.59.31:503][  1]LogCollectionManager: Rebuilt the object cache for 0 collections in 0.000000 seconds (found 0 objects)
[2017.12.16-02.59.31:503][  1]LogCollectionManager: Fixed up redirectors for 0 collections in 0.000053 seconds (updated 0 objects)
[2017.12.16-03.00.22:551][586]LogMaterial: Missing cached shader map for material M_Ground_Grass, compiling. 
[2017.12.16-03.00.30:849][ 25]LogTemp: Repeating last play command: 선택된 뷰포트
[2017.12.16-03.00.30:945][ 25]LogPlayLevel: PlayLevel: No blueprints needed recompiling
[2017.12.16-03.00.30:946][ 25]PIE: New page: PIE 세션: Step2 (2017. 12. 16. 오후 9:00:30)
[2017.12.16-03.00.30:946][ 25]LogPlayLevel: Creating play world package: /Game/Maps/UEDPIE_0_Step2
[2017.12.16-03.00.30:964][ 25]LogPlayLevel: PIE: StaticDuplicateObject took: (0.018524s)
[2017.12.16-03.00.30:965][ 25]LogAIModule: Creating AISystem for world Step2
[2017.12.16-03.00.30:965][ 25]LogPlayLevel: PIE: World Init took: (0.001183s)
[2017.12.16-03.00.30:966][ 25]LogPlayLevel: PIE: Created PIE world by copying editor world from /Game/Maps/Step2.Step2 to /Game/Maps/UEDPIE_0_Step2.Step2 (0.020220s)
[2017.12.16-03.00.30:989][ 25]LogInit: XAudio2 using '스피커 / 헤드폰(Realtek High Definition Audio)' : 2 channels at 48 kHz using 32 bits per sample (channel mask 0x3)
[2017.12.16-03.00.31:027][ 25]LogInit: FAudioDevice initialized.
[2017.12.16-03.00.31:283][ 25]LogLoad: Game class is 'ThirdPersonGameMode_C'
[2017.12.16-03.00.31:288][ 25]LogWorld: Bringing World /Game/Maps/UEDPIE_0_Step2.Step2 up for play (max tick rate 60) at 2017.12.16-12.00.31
[2017.12.16-03.00.31:289][ 25]LogWorld: Bringing up level for play took: 0.003466
[2017.12.16-03.00.31:370][ 25]LogContentBrowser: Native class hierarchy updated for 'MovieSceneCapture' in 0.0010 seconds. Added 11 classes and 0 folders.
[2017.12.16-03.00.31:376][ 25]PIE: /Game/Maps/UEDPIE_0_Step2 에 대한 에디터에서 플레이 시작 시간: 1.415
[2017.12.16-03.00.43:299][569]LogMaterial: Missing cached shader map for material M_Concrete_Grime, compiling. 
[2017.12.16-03.00.52:293][ 37]LogMaterial: Missing cached shader map for material M_Wood_Oak, compiling. 
[2017.12.16-03.01.37:143][413]LogEditorViewport: Clicking on Actor (LMB): BP_Sky_Sphere_C (Sky Sphere)
[2017.12.16-03.02.27:097][ 22]LogEditorViewport: Clicking on Actor (LMB): BP_Sky_Sphere_C (Sky Sphere)
[2017.12.16-03.02.56:278][263]Cmd: POLY SELECT ADJACENT ALL
[2017.12.16-03.03.45:528][182]Cmd: POLY TEXPAN U=1.000000 V=0.000000
[2017.12.16-03.03.45:937][206]Cmd: POLY TEXPAN U=1.000000 V=0.000000
[2017.12.16-03.03.46:252][224]Cmd: POLY TEXPAN U=1.000000 V=0.000000
[2017.12.16-03.03.46:496][238]Cmd: POLY TEXPAN U=1.000000 V=0.000000
[2017.12.16-03.03.46:702][250]Cmd: POLY TEXPAN U=1.000000 V=0.000000
[2017.12.16-03.03.46:872][260]Cmd: POLY TEXPAN U=1.000000 V=0.000000
[2017.12.16-03.03.47:043][270]Cmd: POLY TEXPAN U=1.000000 V=0.000000
[2017.12.16-03.03.47:180][278]Cmd: POLY TEXPAN U=1.000000 V=0.000000
[2017.12.16-03.03.47:334][287]Cmd: POLY TEXPAN U=1.000000 V=0.000000
[2017.12.16-03.03.47:489][296]Cmd: POLY TEXPAN U=1.000000 V=0.000000
[2017.12.16-03.03.47:781][313]Cmd: POLY TEXPAN U=1.000000 V=0.000000
[2017.12.16-03.03.54:046][606]Cmd: POLY TEXPAN U=0.000000 V=1.000000
[2017.12.16-03.03.54:198][613]Cmd: POLY TEXPAN U=0.000000 V=1.000000
[2017.12.16-03.03.54:373][621]Cmd: POLY TEXPAN U=0.000000 V=1.000000
[2017.12.16-03.03.54:528][628]Cmd: POLY TEXPAN U=0.000000 V=1.000000
[2017.12.16-03.03.54:681][635]Cmd: POLY TEXPAN U=0.000000 V=1.000000
[2017.12.16-03.03.59:583][871]Cmd: POLY TEXPAN U=1.000000 V=0.000000
[2017.12.16-03.03.59:759][879]Cmd: POLY TEXPAN U=1.000000 V=0.000000
[2017.12.16-03.03.59:955][888]Cmd: POLY TEXPAN U=1.000000 V=0.000000
[2017.12.16-03.04.00:435][910]Cmd: POLY TEXPAN U=1.000000 V=0.000000
[2017.12.16-03.04.00:634][919]Cmd: POLY TEXPAN U=1.000000 V=0.000000
[2017.12.16-03.04.00:797][926]Cmd: POLY TEXPAN U=1.000000 V=0.000000
[2017.12.16-03.04.00:962][933]Cmd: POLY TEXPAN U=1.000000 V=0.000000
[2017.12.16-03.04.01:153][941]Cmd: POLY TEXPAN U=1.000000 V=0.000000
[2017.12.16-03.04.01:307][948]Cmd: POLY TEXPAN U=1.000000 V=0.000000
[2017.12.16-03.04.06:190][162]Cmd: POLY TEXMULT UU=0.707107 VV=0.707107 UV=-0.707107 VU=0.707107
[2017.12.16-03.04.15:112][665]Cmd: POLY TEXSCALE  UU=2.000000 VV=2.000000
[2017.12.16-03.04.26:056][  0]LogTemp: Repeating last play command: 선택된 뷰포트
[2017.12.16-03.04.26:081][  0]LogPlayLevel: PlayLevel: No blueprints needed recompiling
[2017.12.16-03.04.26:081][  0]PIE: New page: PIE 세션: Step2 (2017. 12. 16. 오후 9:04:26)
[2017.12.16-03.04.26:081][  0]LogPlayLevel: Creating play world package: /Game/Maps/UEDPIE_0_Step2
[2017.12.16-03.04.26:102][  0]LogPlayLevel: PIE: StaticDuplicateObject took: (0.020897s)
[2017.12.16-03.04.26:103][  0]LogAIModule: Creating AISystem for world Step2
[2017.12.16-03.04.26:104][  0]LogPlayLevel: PIE: World Init took: (0.001364s)
[2017.12.16-03.04.26:104][  0]LogPlayLevel: PIE: Created PIE world by copying editor world from /Game/Maps/Step2.Step2 to /Game/Maps/UEDPIE_0_Step2.Step2 (0.022633s)
[2017.12.16-03.04.26:126][  0]LogInit: XAudio2 using '스피커 / 헤드폰(Realtek High Definition Audio)' : 2 channels at 48 kHz using 32 bits per sample (channel mask 0x3)
[2017.12.16-03.04.26:161][  0]LogInit: FAudioDevice initialized.
[2017.12.16-03.04.26:199][  0]LogLoad: Game class is 'ThirdPersonGameMode_C'
[2017.12.16-03.04.26:201][  0]LogWorld: Bringing World /Game/Maps/UEDPIE_0_Step2.Step2 up for play (max tick rate 60) at 2017.12.16-12.04.26
[2017.12.16-03.04.26:201][  0]LogWorld: Bringing up level for play took: 0.001901
[2017.12.16-03.04.26:204][  0]PIE: /Game/Maps/UEDPIE_0_Step2 에 대한 에디터에서 플레이 시작 시간: 0.243
[2017.12.16-03.05.06:626][324]Cmd: POLY SELECT ADJACENT ALL
[2017.12.16-03.05.11:306][513]LogMaterial: Missing cached shader map for material M_Wood_Pine, compiling. 
[2017.12.16-03.05.26:352][172]Cmd: POLY SELECT ADJACENT ALL
[2017.12.16-03.05.31:782][405]LogMaterial: Missing cached shader map for material M_CobbleStone_Rough, compiling. 
[2017.12.16-03.05.45:084][120]LogMaterial: Missing cached shader map for material M_CobbleStone_Smooth, compiling. 
[2017.12.16-03.05.47:780][251]LogEditorViewport: Clicking on Actor (LMB): BP_Sky_Sphere_C (Sky Sphere)
[2017.12.16-03.05.58:290][860]MapCheck: New page: 맵 체크
[2017.12.16-03.05.58:344][860]Cmd: MAP REBUILD ALLVISIBLE
[2017.12.16-03.05.58:345][860]LogEditorServer: Rebuildmap Clear paths rebuilt
[2017.12.16-03.05.58:519][860]LogMaterial: Missing cached shader map for material FDebugViewModeMaterialProxy WorldGridMaterial, compiling. Is special engine material.
[2017.12.16-03.05.58:526][860]LogMaterial: Missing cached shader map for material FDebugViewModeMaterialProxy MaterialInstanceDynamic_1, compiling. 
[2017.12.16-03.05.58:533][860]LogMaterial: Missing cached shader map for material FDebugViewModeMaterialProxy M_Ground_Grass, compiling. 
[2017.12.16-03.05.58:541][860]LogMaterial: Missing cached shader map for material FDebugViewModeMaterialProxy M_Wood_Oak, compiling. 
[2017.12.16-03.05.58:549][860]LogMaterial: Missing cached shader map for material FDebugViewModeMaterialProxy M_Wood_Pine, compiling. 
[2017.12.16-03.05.58:558][860]LogMaterial: Missing cached shader map for material FDebugViewModeMaterialProxy M_CobbleStone_Smooth, compiling. 
[2017.12.16-03.06.00:974][860]TextureStreamingBuild: Display: Compiling optional shaders took 2.464 seconds.
[2017.12.16-03.06.01:074][860]LogLevel: Display: Export Material TexCoord Scales took 0.100 seconds.
[2017.12.16-03.06.01:081][860]TextureStreamingBuild: Display: Build Texture Streaming took 0.005 seconds.
[2017.12.16-03.06.01:091][860]LightingResults: New page: 라이팅 빌드 - 2017. 12. 16. 오후 9:06:01
[2017.12.16-03.06.01:140][860]LogSwarmInterface: [OpenConnection] Registering TCP channel ...
[2017.12.16-03.06.01:480][860]LogSwarmInterface: [OpenConnection] Connecting to agent ...
[2017.12.16-03.06.01:494][860]LogSwarmInterface: [TryOpenConnection] Testing the Agent
[2017.12.16-03.06.02:007][860]LogSwarmInterface: [TryOpenConnection] Opening Connection to Agent
[2017.12.16-03.06.02:007][860]LogSwarmInterface: [TryOpenConnection] Local Process ID is 16504
[2017.12.16-03.06.04:476][860]LogStaticLightingSystem: Warning: No importance volume found, so the scene bounding box was used.  You can optimize your scene's quality and lighting build times by adding importance volumes.
[2017.12.16-03.06.04:476][860]LogStaticLightingSystem: Running Lightmass w/ ImmediateImport mode ENABLED
[2017.12.16-03.06.04:476][860]LogStaticLightingSystem: Running Lightmass w/ ImmediateProcess mode ENABLED
[2017.12.16-03.06.04:476][860]LogStaticLightingSystem: Running Lightmass w/ Sorting mode ENABLED
[2017.12.16-03.06.04:476][860]LogStaticLightingSystem: Running Lightmass w/ Mapping paddings ENABLED
[2017.12.16-03.06.04:476][860]LogStaticLightingSystem: Running Lightmass w/ Mapping debug paddings DISABLED
[2017.12.16-03.06.04:773][860]Cmd: MAP CHECK DONTDISPLAYDIALOG
[2017.12.16-03.06.04:773][860]MapCheck: New page: Step2 - 2017. 12. 16. 오후 9:06:04
[2017.12.16-03.06.04:844][860]MapCheck: 맵 체크 완료: 오류 0 회, 경고 0 회, 소요 시간 71.838ms.
[2017.12.16-03.06.04:867][860]LogEditorBuildUtils: Build time 0:06
[2017.12.16-03.06.04:899][860]LogMaterial: Missing cached shader map for material FLightmassMaterialRenderer M_Ground_Grass, compiling. 
[2017.12.16-03.06.04:908][860]LogMaterial: Missing cached shader map for material FLightmassMaterialRenderer M_Ground_Grass, compiling. 
[2017.12.16-03.06.04:987][861]LogMaterial: Missing cached shader map for material FLightmassMaterialRenderer M_CobbleStone_Smooth, compiling. 
[2017.12.16-03.06.05:000][861]LogMaterial: Missing cached shader map for material FLightmassMaterialRenderer M_CobbleStone_Smooth, compiling. 
[2017.12.16-03.06.05:065][862]LogMaterial: Missing cached shader map for material FLightmassMaterialRenderer M_Wood_Oak, compiling. 
[2017.12.16-03.06.05:079][862]LogMaterial: Missing cached shader map for material FLightmassMaterialRenderer M_Wood_Oak, compiling. 
[2017.12.16-03.06.05:146][863]LogMaterial: Missing cached shader map for material FLightmassMaterialRenderer M_Wood_Pine, compiling. 
[2017.12.16-03.06.05:159][863]LogMaterial: Missing cached shader map for material FLightmassMaterialRenderer M_Wood_Pine, compiling. 
[2017.12.16-03.06.13:843][894]Job is a success!
[2017.12.16-03.06.14:203][895]LogSlate: Took 0.000188 seconds to synchronously load lazily loaded font '../../../Engine/Content/Slate/Fonts/Roboto-Light.ttf' (159K)
[2017.12.16-03.06.14:336][895]LogVolumetricLightmapImport: Imported Volumetric Lightmap in 0.021s
[2017.12.16-03.06.14:336][895]LogVolumetricLightmapImport:      Indirection Texture 16x16x16 = 0.0Mb
[2017.12.16-03.06.14:336][895]LogVolumetricLightmapImport:      BrickData 1090x5x5 = 0.8Mb
[2017.12.16-03.06.14:336][895]LogVolumetricLightmapImport:      Bricks at Level
[2017.12.16-03.06.14:336][895]LogVolumetricLightmapImport:          0: 0.5% covering 100.0% of volume
[2017.12.16-03.06.14:336][895]LogVolumetricLightmapImport:          1: 7.3% covering 25.0% of volume
[2017.12.16-03.06.14:336][895]LogVolumetricLightmapImport:          2: 92.2% covering 4.9% of volume
[2017.12.16-03.06.14:757][895]LogTexture: Display: 텍스처 빌드: HQ_Lightmap1_1 (AutoDXT, 1024X1024)
[2017.12.16-03.06.14:757][895]LogTexture: Display: 텍스처 빌드: HQ_Lightmap1_2 (AutoDXT, 64X64)
[2017.12.16-03.06.14:757][895]LogTexture: Display: 텍스처 빌드: LQ_Lightmap_1_2 (DXT1, 64X64)
[2017.12.16-03.06.14:757][895]LogTexture: Display: 텍스처 빌드: LQ_Lightmap_1_1 (DXT1, 1024X1024)
[2017.12.16-03.06.14:926][895]LogTexture: Display: 텍스처 빌드: ShadowMapTexture2D_1 (G8, 32X32)
[2017.12.16-03.06.14:926][895]LogTexture: Display: 텍스처 빌드: ShadowMapTexture2D_0 (BGRA8, 512X1024)
[2017.12.16-03.06.14:980][895]Lightmass on JYD: 6.65 sec total, 200 ms importing, 25 ms setup, 964 ms photons, 5.45 sec processing, 0 ms extra exporting [107/107 mappings]. Threads: 38.0 sec total, 7.12 sec processing.
[2017.12.16-03.06.15:078][895]LogStaticLightingSystem: Illumination: 13.6 sec (267 ms encoding lightmaps, 168 ms encoding shadowmaps)
[2017.12.16-03.06.15:078][895]LogStaticLightingSystem: Lightmap texture memory:  2.0 MB (0.0 MB streaming, 2.0 MB non-streaming), 4 textures
[2017.12.16-03.06.15:078][895]LogStaticLightingSystem: Shadowmap texture memory: 2.7 MB (0.0 MB streaming, 2.7 MB non-streaming), 2 textures
[2017.12.16-03.06.15:472][895]DumpUnbuiltLightIteractions
[2017.12.16-03.06.15:472][895]Lights with unbuilt interactions: 0
[2017.12.16-03.06.15:472][895]
[2017.12.16-03.06.15:472][895]Primitives with unbuilt interactions: 0
[2017.12.16-03.06.15:486][896]Cmd: MAP CHECK NOTIFYRESULTS
[2017.12.16-03.06.15:486][896]MapCheck: New page: Step2 - 2017. 12. 16. 오후 9:06:15
[2017.12.16-03.06.15:560][896]MapCheck: 맵 체크 완료: 오류 0 회, 경고 0 회, 소요 시간 74.149ms.
[2017.12.16-03.06.31:448][272]LogTemp: Repeating last play command: 선택된 뷰포트
[2017.12.16-03.06.31:475][272]LogPlayLevel: PlayLevel: No blueprints needed recompiling
[2017.12.16-03.06.31:475][272]PIE: New page: PIE 세션: Step2 (2017. 12. 16. 오후 9:06:31)
[2017.12.16-03.06.31:475][272]LogPlayLevel: Creating play world package: /Game/Maps/UEDPIE_0_Step2
[2017.12.16-03.06.31:489][272]LogPlayLevel: PIE: StaticDuplicateObject took: (0.013688s)
[2017.12.16-03.06.31:489][272]LogAIModule: Creating AISystem for world Step2
[2017.12.16-03.06.31:489][272]LogPlayLevel: PIE: World Init took: (0.000727s)
[2017.12.16-03.06.31:490][272]LogPlayLevel: PIE: Created PIE world by copying editor world from /Game/Maps/Step2.Step2 to /Game/Maps/UEDPIE_0_Step2.Step2 (0.014736s)
[2017.12.16-03.06.31:519][272]LogInit: XAudio2 using '스피커 / 헤드폰(Realtek High Definition Audio)' : 2 channels at 48 kHz using 32 bits per sample (channel mask 0x3)
[2017.12.16-03.06.31:547][272]LogInit: FAudioDevice initialized.
[2017.12.16-03.06.31:583][272]LogLoad: Game class is 'ThirdPersonGameMode_C'
[2017.12.16-03.06.31:586][272]LogWorld: Bringing World /Game/Maps/UEDPIE_0_Step2.Step2 up for play (max tick rate 60) at 2017.12.16-12.06.31
[2017.12.16-03.06.31:586][272]LogWorld: Bringing up level for play took: 0.001714
[2017.12.16-03.06.31:588][272]PIE: /Game/Maps/UEDPIE_0_Step2 에 대한 에디터에서 플레이 시작 시간: -0.373
[2017.12.16-03.11.43:265][719]Cmd: OBJ SAVEPACKAGE PACKAGE="/Game/Maps/Step2" FILE="D:/Project/Unreal4/BPRPG1/Content/Maps/Step2.umap" SILENT=true AUTOSAVING=false KEEPDIRTY=false
[2017.12.16-03.11.43:479][719]LogSavePackage: Save=193.30ms
[2017.12.16-03.11.43:479][719]LogSavePackage: Moving 'D:/Project/Unreal4/BPRPG1/Saved/Step240AFD9D0416FF40EA96EFB8CF0576326.tmp' to 'D:/Project/Unreal4/BPRPG1/Content/Maps/Step2.umap'
[2017.12.16-03.11.43:482][719]LogSavePackage: Display: Finished SavePackage D:/Project/Unreal4/BPRPG1/Content/Maps/Step2.umap
[2017.12.16-03.11.43:518][719]LogFileHelpers: Saving map 'Step2' took 0.321
[2017.12.16-03.11.43:543][719]Cmd: OBJ SAVEPACKAGE PACKAGE="/Game/Maps/Step2_BuiltData" FILE="D:/Project/Unreal4/BPRPG1/Content/Maps/Step2_BuiltData.uasset" SILENT=true
[2017.12.16-03.11.43:985][719]LogSavePackage: Save=433.84ms
[2017.12.16-03.11.43:985][719]LogSavePackage: Moving 'D:/Project/Unreal4/BPRPG1/Saved/Step2_BuiltData6A83CC3B44F7956AD131A287A901768B.tmp' to 'D:/Project/Unreal4/BPRPG1/Content/Maps/Step2_BuiltData.uasset'
[2017.12.16-03.11.43:987][719]LogSavePackage: Display: Finished SavePackage D:/Project/Unreal4/BPRPG1/Content/Maps/Step2_BuiltData.uasset
[2017.12.16-03.11.45:578][787]Cmd: QUIT_EDITOR
[2017.12.16-03.11.46:446][787]LogWindowsTextInputMethodSystem: Display: IME system now activated using TSF (Microsoft 입력기).
[2017.12.16-03.11.46:461][787]LogExit: Preparing to exit.
[2017.12.16-03.11.47:407][787]LogExit: Editor shut down
[2017.12.16-03.11.47:410][787]LogExit: Transaction tracking system shut down
[2017.12.16-03.11.47:580][787]LogDirectoryWatcher: A directory notification for '../../../Engine/Content/' was aborted.
[2017.12.16-03.11.47:580][787]LogDirectoryWatcher: A directory notification for 'D:/Project/Unreal4/BPRPG1/Content/' was aborted.
[2017.12.16-03.11.47:580][787]LogDirectoryWatcher: A directory notification for '../../../Engine/Plugins/2D/Paper2D/Content/' was aborted.
[2017.12.16-03.11.47:580][787]LogDirectoryWatcher: A directory notification for '../../../Engine/Plugins/Media/MediaCompositing/Content/' was aborted.
[2017.12.16-03.11.47:580][787]LogDirectoryWatcher: A directory notification for '../../../Engine/Plugins/Runtime/AppleARKit/Content/' was aborted.
[2017.12.16-03.11.47:580][787]LogDirectoryWatcher: A directory notification for '../../../Engine/Plugins/Runtime/Oculus/OculusVR/Content/' was aborted.
[2017.12.16-03.11.47:580][787]LogDirectoryWatcher: A directory notification for '../../../Engine/Plugins/Runtime/Steam/SteamVR/Content/' was aborted.
[2017.12.16-03.11.47:625][787]LogExit: Object subsystem successfully closed.
[2017.12.16-03.11.47:651][787]LogD3D11RHI: Shutdown
[2017.12.16-03.11.47:651][787]LogD3D11RHI: CleanupD3DDevice
[2017.12.16-03.11.47:653][787]LogD3D11RHI: ~FD3D11DynamicRHI
[2017.12.16-03.11.47:671][787]LogModuleManager: Shutting down and abandoning module HierarchicalLODUtilities (552)
[2017.12.16-03.11.47:671][787]LogModuleManager: Shutting down and abandoning module MovieSceneCapture (550)
[2017.12.16-03.11.47:671][787]LogModuleManager: Shutting down and abandoning module HierarchicalLODOutliner (548)
[2017.12.16-03.11.47:671][787]LogModuleManager: Shutting down and abandoning module SceneOutliner (546)
[2017.12.16-03.11.47:671][787]LogModuleManager: Shutting down and abandoning module AddContentDialog (544)
[2017.12.16-03.11.47:671][787]LogDirectoryWatcher: A directory notification for 'C:/Program Files/Epic Games/UE_4.18/FeaturePacks/' was aborted.
[2017.12.16-03.11.47:672][787]LogModuleManager: Shutting down and abandoning module WidgetCarousel (543)
[2017.12.16-03.11.47:672][787]LogModuleManager: Shutting down and abandoning module EditorWidgets (540)
[2017.12.16-03.11.47:672][787]LogModuleManager: Shutting down and abandoning module CollectionManager (538)
[2017.12.16-03.11.47:672][787]LogDirectoryWatcher: A directory notification for 'D:/Project/Unreal4/BPRPG1/Content/Collections/' was aborted.
[2017.12.16-03.11.47:672][787]LogDirectoryWatcher: A directory notification for 'D:/Project/Unreal4/BPRPG1/Content/Developers/mapl0/Collections/' was aborted.
[2017.12.16-03.11.47:672][787]LogDirectoryWatcher: A directory notification for 'D:/Project/Unreal4/BPRPG1/Saved/Collections/' was aborted.
[2017.12.16-03.11.47:672][787]LogModuleManager: Shutting down and abandoning module StatsViewer (536)
[2017.12.16-03.11.47:672][787]LogModuleManager: Shutting down and abandoning module FoliageEdit (534)
[2017.12.16-03.11.47:672][787]LogModuleManager: Shutting down and abandoning module LandscapeEditor (532)
[2017.12.16-03.11.47:672][787]LogModuleManager: Shutting down and abandoning module MeshPaintMode (530)
[2017.12.16-03.11.47:672][787]LogModuleManager: Shutting down and abandoning module SceneDepthPickerMode (528)
[2017.12.16-03.11.47:672][787]LogModuleManager: Shutting down and abandoning module ActorPickerMode (526)
[2017.12.16-03.11.47:672][787]LogModuleManager: Shutting down and abandoning module GeometryMode (524)
[2017.12.16-03.11.47:672][787]LogModuleManager: Shutting down and abandoning module TextureAlignMode (522)
[2017.12.16-03.11.47:672][787]LogModuleManager: Shutting down and abandoning module BspMode (520)
[2017.12.16-03.11.47:672][787]LogModuleManager: Shutting down and abandoning module PIEPreviewDeviceProfileSelector (518)
[2017.12.16-03.11.47:672][787]LogModuleManager: Shutting down and abandoning module HardwareSurvey (516)
[2017.12.16-03.11.47:672][787]LogModuleManager: Shutting down and abandoning module SequenceRecorderSections (514)
[2017.12.16-03.11.47:672][787]LogModuleManager: Shutting down and abandoning module AutomationWorker (512)
[2017.12.16-03.11.47:672][787]LogModuleManager: Shutting down and abandoning module MatineeToLevelSequence (510)
[2017.12.16-03.11.47:672][787]LogModuleManager: Shutting down and abandoning module LevelSequenceEditor (508)
[2017.12.16-03.11.47:672][787]LogModuleManager: Shutting down and abandoning module PlacementMode (507)
[2017.12.16-03.11.47:673][787]LogModuleManager: Shutting down and abandoning module WmfMediaFactory (504)
[2017.12.16-03.11.47:673][787]LogModuleManager: Shutting down and abandoning module WmfMediaEditor (502)
[2017.12.16-03.11.47:673][787]LogModuleManager: Shutting down and abandoning module OpenExrWrapper (500)
[2017.12.16-03.11.47:673][787]LogModuleManager: Shutting down and abandoning module ImgMediaFactory (498)
[2017.12.16-03.11.47:673][787]LogModuleManager: Shutting down and abandoning module ImgMediaEditor (496)
[2017.12.16-03.11.47:673][787]LogModuleManager: Shutting down and abandoning module AvfMediaFactory (494)
[2017.12.16-03.11.47:673][787]LogModuleManager: Shutting down and abandoning module AvfMediaEditor (492)
[2017.12.16-03.11.47:673][787]LogModuleManager: Shutting down and abandoning module AndroidMediaFactory (490)
[2017.12.16-03.11.47:673][787]LogModuleManager: Shutting down and abandoning module AndroidMediaEditor (488)
[2017.12.16-03.11.47:673][787]LogModuleManager: Shutting down and abandoning module CharacterAI (486)
[2017.12.16-03.11.47:673][787]LogModuleManager: Shutting down and abandoning module AudioCapture (484)
[2017.12.16-03.11.47:673][787]LogModuleManager: Shutting down and abandoning module SequenceRecorder (483)
[2017.12.16-03.11.47:673][787]LogModuleManager: Shutting down and abandoning module SmartSnapping (480)
[2017.12.16-03.11.47:673][787]LogModuleManager: Shutting down and abandoning module SessionServices (478)
[2017.12.16-03.11.47:673][787]LogModuleManager: Shutting down and abandoning module ViewportSnapping (476)
[2017.12.16-03.11.47:673][787]LogModuleManager: Shutting down and abandoning module ViewportInteraction (474)
[2017.12.16-03.11.47:673][787]LogModuleManager: Shutting down and abandoning module ClothPainter (472)
[2017.12.16-03.11.47:673][787]LogModuleManager: Shutting down and abandoning module SkeletalMeshEditor (471)
[2017.12.16-03.11.47:673][787]LogModuleManager: Shutting down and abandoning module LogVisualizer (468)
[2017.12.16-03.11.47:673][787]LogModuleManager: Shutting down and abandoning module IntroTutorials (466)
[2017.12.16-03.11.47:673][787]LogModuleManager: Shutting down and abandoning module GameProjectGeneration (465)
[2017.12.16-03.11.47:673][787]LogModuleManager: Shutting down and abandoning module IOSPlatformEditor (462)
[2017.12.16-03.11.47:673][787]LogModuleManager: Shutting down and abandoning module HTML5PlatformEditor (460)
[2017.12.16-03.11.47:673][787]LogModuleManager: Shutting down and abandoning module AndroidPlatformEditor (458)
[2017.12.16-03.11.47:673][787]LogModuleManager: Shutting down and abandoning module AndroidDeviceDetection (457)
[2017.12.16-03.11.48:064][787]LogModuleManager: Shutting down and abandoning module WindowsPlatformEditor (454)
[2017.12.16-03.11.48:064][787]LogModuleManager: Shutting down and abandoning module IOSRuntimeSettings (452)
[2017.12.16-03.11.48:064][787]LogModuleManager: Shutting down and abandoning module AndroidRuntimeSettings (450)
[2017.12.16-03.11.48:064][787]LogModuleManager: Shutting down and abandoning module InputBindingEditor (448)
[2017.12.16-03.11.48:064][787]LogModuleManager: Shutting down and abandoning module MergeActors (446)
[2017.12.16-03.11.48:064][787]LogModuleManager: Shutting down and abandoning module SizeMap (444)
[2017.12.16-03.11.48:064][787]LogModuleManager: Shutting down and abandoning module TreeMap (442)
[2017.12.16-03.11.48:064][787]LogModuleManager: Shutting down and abandoning module ReferenceViewer (440)
[2017.12.16-03.11.48:064][787]LogModuleManager: Shutting down and abandoning module LocalizationDashboard (438)
[2017.12.16-03.11.48:064][787]LogModuleManager: Shutting down and abandoning module LocalizationService (437)
[2017.12.16-03.11.48:064][787]LogModuleManager: Shutting down and abandoning module HardwareTargeting (434)
[2017.12.16-03.11.48:064][787]LogModuleManager: Shutting down and abandoning module DeviceProfileEditor (432)
[2017.12.16-03.11.48:064][787]LogModuleManager: Shutting down and abandoning module UndoHistory (430)
[2017.12.16-03.11.48:065][787]LogModuleManager: Shutting down and abandoning module XmlParser (428)
[2017.12.16-03.11.48:065][787]LogModuleManager: Shutting down and abandoning module Blutility (426)
[2017.12.16-03.11.48:065][787]LogModuleManager: Shutting down and abandoning module ProjectSettingsViewer (424)
[2017.12.16-03.11.48:065][787]LogModuleManager: Shutting down and abandoning module ProjectTargetPlatformEditor (423)
[2017.12.16-03.11.48:065][787]LogModuleManager: Shutting down and abandoning module EditorSettingsViewer (420)
[2017.12.16-03.11.48:065][787]LogModuleManager: Shutting down and abandoning module SettingsEditor (418)
[2017.12.16-03.11.48:065][787]LogModuleManager: Shutting down and abandoning module ProjectLauncher (416)
[2017.12.16-03.11.48:065][787]LogModuleManager: Shutting down and abandoning module SessionFrontend (414)
[2017.12.16-03.11.48:065][787]LogModuleManager: Shutting down and abandoning module ProfilerClient (412)
[2017.12.16-03.11.48:065][787]LogModuleManager: Shutting down and abandoning module DeviceManager (410)
[2017.12.16-03.11.48:065][787]LogModuleManager: Shutting down and abandoning module TargetDeviceServices (409)
[2017.12.16-03.11.48:119][787]LogModuleManager: Shutting down and abandoning module AutomationController (406)
[2017.12.16-03.11.48:119][787]LogModuleManager: Shutting down and abandoning module AutomationWindow (404)
[2017.12.16-03.11.48:119][787]LogModuleManager: Shutting down and abandoning module Layers (402)
[2017.12.16-03.11.48:119][787]LogModuleManager: Shutting down and abandoning module ComponentVisualizers (400)
[2017.12.16-03.11.48:119][787]LogModuleManager: Shutting down and abandoning module DetailCustomizations (398)
[2017.12.16-03.11.48:119][787]LogModuleManager: Shutting down and abandoning module PackagesDialog (396)
[2017.12.16-03.11.48:119][787]LogModuleManager: Shutting down and abandoning module Persona (394)
[2017.12.16-03.11.48:120][787]LogModuleManager: Shutting down and abandoning module AdvancedPreviewScene (393)
[2017.12.16-03.11.48:120][787]LogModuleManager: Shutting down and abandoning module AnimGraph (391)
[2017.12.16-03.11.48:120][787]LogModuleManager: Shutting down and abandoning module Kismet (388)
[2017.12.16-03.11.48:120][787]LogModuleManager: Shutting down and abandoning module ClassViewer (386)
[2017.12.16-03.11.48:120][787]LogModuleManager: Shutting down and abandoning module Toolbox (384)
[2017.12.16-03.11.48:120][787]LogModuleManager: Shutting down and abandoning module ModuleUI (382)
[2017.12.16-03.11.48:120][787]LogModuleManager: Shutting down and abandoning module MovieSceneTools (380)
[2017.12.16-03.11.48:120][787]LogModuleManager: Shutting down and abandoning module OutputLog (378)
[2017.12.16-03.11.48:120][787]LogModuleManager: Shutting down and abandoning module GammaUI (376)
[2017.12.16-03.11.48:120][787]LogModuleManager: Shutting down and abandoning module Documentation (374)
[2017.12.16-03.11.48:120][787]LogModuleManager: Shutting down and abandoning module MovieSceneTracks (372)
[2017.12.16-03.11.48:120][787]LogModuleManager: Shutting down and abandoning module MovieScene (370)
[2017.12.16-03.11.48:120][787]LogModuleManager: Shutting down and abandoning module StreamingPauseRendering (368)
[2017.12.16-03.11.48:121][787]LogModuleManager: Shutting down and abandoning module LauncherPlatform (366)
[2017.12.16-03.11.48:121][787]LogModuleManager: Shutting down and abandoning module AnalyticsET (364)
[2017.12.16-03.11.48:121][787]LogModuleManager: Shutting down and abandoning module PortalServices (362)
[2017.12.16-03.11.48:121][787]LogModuleManager: Shutting down and abandoning module PortalRpc (360)
[2017.12.16-03.11.48:121][787]LogModuleManager: Shutting down and abandoning module MessagingRpc (358)
[2017.12.16-03.11.48:121][787]LogModuleManager: Shutting down and abandoning module AIModule (356)
[2017.12.16-03.11.48:121][787]LogModuleManager: Shutting down and abandoning module GameplayDebugger (355)
[2017.12.16-03.11.48:121][787]LogModuleManager: Shutting down and abandoning module AITestSuite (353)
[2017.12.16-03.11.48:121][787]LogModuleManager: Shutting down and abandoning module DesktopPlatform (350)
[2017.12.16-03.11.48:121][787]LogModuleManager: Shutting down and abandoning module ProfilerService (348)
[2017.12.16-03.11.48:333][787]LogModuleManager: Shutting down and abandoning module TaskGraph (346)
[2017.12.16-03.11.48:333][787]LogModuleManager: Shutting down and abandoning module SteamVRController (344)
[2017.12.16-03.11.48:333][787]LogModuleManager: Shutting down and abandoning module ProceduralMeshComponentEditor (342)
[2017.12.16-03.11.48:333][787]LogModuleManager: Shutting down and abandoning module ProceduralMeshComponent (340)
[2017.12.16-03.11.48:333][787]LogModuleManager: Shutting down and abandoning module OculusInput (338)
[2017.12.16-03.11.48:333][787]LogModuleManager: Shutting down and abandoning module MobilePatchingUtils (336)
[2017.12.16-03.11.48:333][787]LogModuleManager: Shutting down and abandoning module CustomMeshComponent (334)
[2017.12.16-03.11.48:333][787]LogModuleManager: Shutting down and abandoning module CableComponent (332)
[2017.12.16-03.11.48:333][787]LogModuleManager: Shutting down and abandoning module ArchVisCharacter (330)
[2017.12.16-03.11.48:333][787]LogModuleManager: Shutting down and abandoning module AndroidPermission (328)
[2017.12.16-03.11.48:333][787]LogModuleManager: Shutting down and abandoning module ActorSequence (324)
[2017.12.16-03.11.48:333][787]LogModuleManager: Shutting down and abandoning module MediaPlayerEditor (322)
[2017.12.16-03.11.48:333][787]LogModuleManager: Shutting down and abandoning module MediaCompositingEditor (320)
[2017.12.16-03.11.48:334][787]LogModuleManager: Shutting down and abandoning module MediaCompositing (318)
[2017.12.16-03.11.48:334][787]LogModuleManager: Shutting down and abandoning module HTML5Networking (316)
[2017.12.16-03.11.48:334][787]LogModuleManager: Shutting down and abandoning module AlembicImporter (314)
[2017.12.16-03.11.48:334][787]LogModuleManager: Shutting down and abandoning module AlembicLibrary (313)
[2017.12.16-03.11.48:334][787]LogModuleManager: Shutting down and abandoning module GeometryCache (312)
[2017.12.16-03.11.48:334][787]LogModuleManager: Shutting down and abandoning module GeometryCacheEd (311)
[2017.12.16-03.11.48:334][787]LogModuleManager: Shutting down and abandoning module SpeedTreeImporter (306)
[2017.12.16-03.11.48:334][787]LogModuleManager: Shutting down and abandoning module PluginBrowser (304)
[2017.12.16-03.11.48:334][787]LogModuleManager: Shutting down and abandoning module MobileLauncherProfileWizard (302)
[2017.12.16-03.11.48:334][787]LogModuleManager: Shutting down and abandoning module VisualStudioSourceCodeAccess (300)
[2017.12.16-03.11.48:334][787]LogModuleManager: Shutting down and abandoning module VisualStudioCodeSourceCodeAccess (298)
[2017.12.16-03.11.48:334][787]LogModuleManager: Shutting down and abandoning module UObjectPlugin (296)
[2017.12.16-03.11.48:334][787]LogModuleManager: Shutting down and abandoning module SubversionSourceControl (294)
[2017.12.16-03.11.48:334][787]LogModuleManager: Shutting down and abandoning module PerforceSourceControl (292)
[2017.12.16-03.11.48:334][787]LogModuleManager: Shutting down and abandoning module GitSourceControl (290)
[2017.12.16-03.11.48:334][787]LogModuleManager: Shutting down and abandoning module SourceControl (289)
[2017.12.16-03.11.48:334][787]LogModuleManager: Shutting down and abandoning module LightPropagationVolumeEditor (286)
[2017.12.16-03.11.48:334][787]LogModuleManager: Shutting down and abandoning module PaperTiledImporter (284)
[2017.12.16-03.11.48:334][787]LogModuleManager: Shutting down and abandoning module PaperSpriteSheetImporter (282)
[2017.12.16-03.11.48:334][787]LogModuleManager: Shutting down and abandoning module Paper2DEditor (280)
[2017.12.16-03.11.48:334][787]LogModuleManager: Shutting down and abandoning module MeshPaint (279)
[2017.12.16-03.11.48:334][787]LogModuleManager: Shutting down and abandoning module LevelEditor (277)
[2017.12.16-03.11.48:335][787]LogModuleManager: Shutting down and abandoning module PixelInspectorModule (276)
[2017.12.16-03.11.48:335][787]LogModuleManager: Shutting down and abandoning module MainFrame (274)
[2017.12.16-03.11.48:335][787]LogModuleManager: Shutting down and abandoning module HotReload (273)
[2017.12.16-03.11.48:336][787]LogModuleManager: Shutting down and abandoning module RuntimePhysXCooking (268)
[2017.12.16-03.11.48:336][787]LogModuleManager: Shutting down and abandoning module PhysXVehiclesEditor (266)
[2017.12.16-03.11.48:336][787]LogModuleManager: Shutting down and abandoning module PhysXVehicles (264)
[2017.12.16-03.11.48:336][787]LogModuleManager: Shutting down and abandoning module OculusEditor (262)
[2017.12.16-03.11.48:336][787]LogModuleManager: Shutting down and abandoning module LocationServicesBPLibrary (260)
[2017.12.16-03.11.48:336][787]LogModuleManager: Shutting down and abandoning module ImmediatePhysicsEditor (258)
[2017.12.16-03.11.48:336][787]LogModuleManager: Shutting down and abandoning module ImmediatePhysics (256)
[2017.12.16-03.11.48:336][787]LogModuleManager: Shutting down and abandoning module UdpMessaging (254)
[2017.12.16-03.11.48:438][787]LogModuleManager: Shutting down and abandoning module TcpMessaging (252)
[2017.12.16-03.11.48:538][787]LogModuleManager: Shutting down and abandoning module GameplayTagsEditor (250)
[2017.12.16-03.11.48:538][787]LogModuleManager: Shutting down and abandoning module FacialAnimationEditor (248)
[2017.12.16-03.11.48:538][787]LogModuleManager: Shutting down and abandoning module FacialAnimation (246)
[2017.12.16-03.11.48:538][787]LogModuleManager: Shutting down and abandoning module AssetManagerEditor (244)
[2017.12.16-03.11.48:538][787]LogModuleManager: Shutting down and abandoning module GraphEditor (243)
[2017.12.16-03.11.48:538][787]LogModuleManager: Shutting down and abandoning module ContentBrowser (241)
[2017.12.16-03.11.48:539][787]LogModuleManager: Shutting down and abandoning module LightPropagationVolumeRuntime (238)
[2017.12.16-03.11.48:539][787]LogModuleManager: Shutting down and abandoning module Paper2D (236)
[2017.12.16-03.11.48:539][787]LogModuleManager: Shutting down and abandoning module WindowsMoviePlayer (234)
[2017.12.16-03.11.48:539][787]LogModuleManager: Shutting down and abandoning module WmfMedia (232)
[2017.12.16-03.11.48:539][787]LogModuleManager: Shutting down and abandoning module ImgMedia (230)
[2017.12.16-03.11.48:539][787]LogModuleManager: Shutting down and abandoning module PacketHandler (228)
[2017.12.16-03.11.48:539][787]LogModuleManager: Shutting down and abandoning module ClothingSystemEditor (226)
[2017.12.16-03.11.48:539][787]LogModuleManager: Shutting down and abandoning module ClothingSystemRuntime (224)
[2017.12.16-03.11.48:539][787]LogModuleManager: Shutting down and abandoning module MediaAssets (222)
[2017.12.16-03.11.48:539][787]LogModuleManager: Shutting down and abandoning module Media (221)
[2017.12.16-03.11.48:545][787]LogModuleManager: Shutting down and abandoning module Overlay (218)
[2017.12.16-03.11.48:545][787]LogModuleManager: Shutting down and abandoning module OverlayEditor (217)
[2017.12.16-03.11.48:545][787]LogModuleManager: Shutting down and abandoning module VREditor (214)
[2017.12.16-03.11.48:545][787]LogModuleManager: Shutting down and abandoning module StringTableEditor (212)
[2017.12.16-03.11.48:545][787]LogModuleManager: Shutting down and abandoning module GameplayTasksEditor (210)
[2017.12.16-03.11.48:545][787]LogModuleManager: Shutting down and abandoning module BehaviorTreeEditor (208)
[2017.12.16-03.11.48:545][787]LogModuleManager: Shutting down and abandoning module FunctionalTesting (206)
[2017.12.16-03.11.48:545][787]LogModuleManager: Shutting down and abandoning module CollisionAnalyzer (204)
[2017.12.16-03.11.48:545][787]LogModuleManager: Shutting down and abandoning module WorkspaceMenuStructure (203)
[2017.12.16-03.11.48:545][787]LogModuleManager: Shutting down and abandoning module UMG (200)
[2017.12.16-03.11.48:545][787]LogModuleManager: Shutting down and abandoning module UMGEditor (199)
[2017.12.16-03.11.48:545][787]LogModuleManager: Shutting down and abandoning module Sequencer (198)
[2017.12.16-03.11.48:545][787]LogModuleManager: Shutting down and abandoning module MessageLog (195)
[2017.12.16-03.11.48:546][787]LogModuleManager: Shutting down and abandoning module SlateReflector (190)
[2017.12.16-03.11.48:546][787]LogModuleManager: Shutting down and abandoning module Slate (188)
[2017.12.16-03.11.48:546][787]LogModuleManager: Shutting down and abandoning module EditorStyle (186)
[2017.12.16-03.11.48:548][787]LogModuleManager: Shutting down and abandoning module MRMesh (184)
[2017.12.16-03.11.48:548][787]LogModuleManager: Shutting down and abandoning module SourceCodeAccess (182)
[2017.12.16-03.11.48:548][787]LogModuleManager: Shutting down and abandoning module HeadMountedDisplay (180)
[2017.12.16-03.11.48:548][787]LogModuleManager: Shutting down and abandoning module XAudio2 (178)
[2017.12.16-03.11.48:548][787]LogModuleManager: Shutting down and abandoning module Networking (176)
[2017.12.16-03.11.48:548][787]LogModuleManager: Shutting down and abandoning module Core (172)
[2017.12.16-03.11.48:548][787]LogModuleManager: Shutting down and abandoning module LevelSequence (168)
[2017.12.16-03.11.48:548][787]LogModuleManager: Shutting down and abandoning module DirectoryWatcher (166)
[2017.12.16-03.11.48:549][787]LogModuleManager: Shutting down and abandoning module KismetCompiler (164)
[2017.12.16-03.11.48:549][787]LogModuleManager: Shutting down and abandoning module MeshUtilities (162)
[2017.12.16-03.11.48:549][787]LogModuleManager: Shutting down and abandoning module MeshMergeUtilities (161)
[2017.12.16-03.11.48:549][787]LogModuleManager: Shutting down and abandoning module MeshReductionInterface (160)
[2017.12.16-03.11.48:549][787]LogModuleManager: Shutting down and abandoning module SimplygonSwarm (159)
[2017.12.16-03.11.48:549][787]LogModuleManager: Shutting down and abandoning module SimplygonMeshReduction (157)
[2017.12.16-03.11.48:549][787]LogModuleManager: Shutting down and abandoning module QuadricMeshReduction (155)
[2017.12.16-03.11.48:549][787]LogModuleManager: Shutting down and abandoning module MaterialBaking (151)
[2017.12.16-03.11.48:549][787]LogModuleManager: Shutting down and abandoning module DerivedDataCache (148)
[2017.12.16-03.11.48:575][787]LogDerivedDataCache: Shutdown
[2017.12.16-03.11.48:575][787]LogModuleManager: Shutting down and abandoning module TargetPlatform (146)
[2017.12.16-03.11.48:575][787]LogModuleManager: Shutting down and abandoning module VulkanShaderFormat (145)
[2017.12.16-03.11.48:575][787]LogModuleManager: Shutting down and abandoning module ShaderFormatVectorVM (143)
[2017.12.16-03.11.48:575][787]LogModuleManager: Shutting down and abandoning module ShaderFormatOpenGL (141)
[2017.12.16-03.11.48:575][787]LogModuleManager: Shutting down and abandoning module ShaderFormatD3D (139)
[2017.12.16-03.11.48:575][787]LogModuleManager: Shutting down and abandoning module MetalShaderFormat (137)
[2017.12.16-03.11.48:575][787]LogModuleManager: Shutting down and abandoning module TextureFormatUncompressed (135)
[2017.12.16-03.11.48:575][787]LogModuleManager: Shutting down and abandoning module TextureFormatPVR (133)
[2017.12.16-03.11.48:575][787]LogModuleManager: Shutting down and abandoning module TextureFormatDXT (131)
[2017.12.16-03.11.48:575][787]LogModuleManager: Shutting down and abandoning module TextureFormatIntelISPCTexComp (129)
[2017.12.16-03.11.48:575][787]LogModuleManager: Shutting down and abandoning module TextureFormatASTC (127)
[2017.12.16-03.11.48:575][787]LogModuleManager: Shutting down and abandoning module ImageWrapper (126)
[2017.12.16-03.11.48:575][787]LogModuleManager: Shutting down and abandoning module TextureFormatAndroid (123)
[2017.12.16-03.11.48:575][787]LogModuleManager: Shutting down and abandoning module AudioFormatOpus (121)
[2017.12.16-03.11.48:575][787]LogModuleManager: Shutting down and abandoning module AudioFormatOgg (119)
[2017.12.16-03.11.48:575][787]LogModuleManager: Shutting down and abandoning module AudioFormatADPCM (117)
[2017.12.16-03.11.48:576][787]LogModuleManager: Shutting down and abandoning module LinuxTargetPlatform (115)
[2017.12.16-03.11.48:576][787]LogModuleManager: Shutting down and abandoning module LinuxServerTargetPlatform (113)
[2017.12.16-03.11.48:576][787]LogModuleManager: Shutting down and abandoning module LinuxNoEditorTargetPlatform (111)
[2017.12.16-03.11.48:576][787]LogModuleManager: Shutting down and abandoning module LinuxClientTargetPlatform (109)
[2017.12.16-03.11.48:576][787]LogModuleManager: Shutting down and abandoning module TVOSTargetPlatform (107)
[2017.12.16-03.11.48:576][787]LogModuleManager: Shutting down and abandoning module Messaging (105)
[2017.12.16-03.11.48:576][787]LogModuleManager: Shutting down and abandoning module IOSTargetPlatform (103)
[2017.12.16-03.11.48:576][787]LogModuleManager: Shutting down and abandoning module HTML5TargetPlatform (101)
[2017.12.16-03.11.48:576][787]LogModuleManager: Shutting down and abandoning module AndroidTargetPlatform (99)
[2017.12.16-03.11.48:576][787]LogModuleManager: Shutting down and abandoning module Android_PVRTCTargetPlatform (97)
[2017.12.16-03.11.48:576][787]LogModuleManager: Shutting down and abandoning module Android_MultiTargetPlatform (95)
[2017.12.16-03.11.48:576][787]LogModuleManager: Shutting down and abandoning module Android_ETC2TargetPlatform (93)
[2017.12.16-03.11.48:576][787]LogModuleManager: Shutting down and abandoning module Android_ETC1TargetPlatform (91)
[2017.12.16-03.11.48:576][787]LogModuleManager: Shutting down and abandoning module Android_DXTTargetPlatform (89)
[2017.12.16-03.11.48:576][787]LogModuleManager: Shutting down and abandoning module Android_ATCTargetPlatform (87)
[2017.12.16-03.11.48:576][787]LogModuleManager: Shutting down and abandoning module Android_ASTCTargetPlatform (85)
[2017.12.16-03.11.48:576][787]LogModuleManager: Shutting down and abandoning module WindowsTargetPlatform (83)
[2017.12.16-03.11.48:576][787]LogModuleManager: Shutting down and abandoning module WindowsServerTargetPlatform (81)
[2017.12.16-03.11.48:576][787]LogModuleManager: Shutting down and abandoning module WindowsNoEditorTargetPlatform (79)
[2017.12.16-03.11.48:576][787]LogModuleManager: Shutting down and abandoning module WindowsClientTargetPlatform (77)
[2017.12.16-03.11.48:576][787]LogModuleManager: Shutting down and abandoning module MacTargetPlatform (75)
[2017.12.16-03.11.48:576][787]LogModuleManager: Shutting down and abandoning module MacServerTargetPlatform (73)
[2017.12.16-03.11.48:576][787]LogModuleManager: Shutting down and abandoning module MacNoEditorTargetPlatform (71)
[2017.12.16-03.11.48:576][787]LogModuleManager: Shutting down and abandoning module MacClientTargetPlatform (69)
[2017.12.16-03.11.48:576][787]LogModuleManager: Shutting down and abandoning module AllDesktopTargetPlatform (67)
[2017.12.16-03.11.48:576][787]LogModuleManager: Shutting down and abandoning module InputCore (64)
[2017.12.16-03.11.48:576][787]LogModuleManager: Shutting down and abandoning module Settings (62)
[2017.12.16-03.11.48:576][787]LogModuleManager: Shutting down and abandoning module PhysXCooking (60)
[2017.12.16-03.11.48:576][787]LogModuleManager: Shutting down and abandoning module SteamVR (58)
[2017.12.16-03.11.48:576][787]LogModuleManager: Shutting down and abandoning module OculusHMD (56)
[2017.12.16-03.11.48:576][787]LogModuleManager: Shutting down and abandoning module ExampleDeviceProfileSelector (54)
[2017.12.16-03.11.48:576][787]LogModuleManager: Shutting down and abandoning module AppleARKit (52)
[2017.12.16-03.11.48:576][787]LogModuleManager: Shutting down and abandoning module AugmentedReality (51)
[2017.12.16-03.11.48:576][787]LogModuleManager: Shutting down and abandoning module OnlineBlueprintSupport (48)
[2017.12.16-03.11.48:576][787]LogModuleManager: Shutting down and abandoning module OnlineSubsystem (44)
[2017.12.16-03.11.48:576][787]LogModuleManager: Shutting down and abandoning module XMPP (43)
[2017.12.16-03.11.48:576][787]LogModuleManager: Shutting down and abandoning module HTTP (41)
[2017.12.16-03.11.48:576][787]LogHttp: Display: Http module shutting down, but needs to wait on 1 outstanding Http requests:
[2017.12.16-03.11.48:576][787]LogHttp: Display: 	verb=[POST] url=[https://datarouter.ol.epicgames.com/datarouter/api/v1/public/data?SessionID=%7B9B4F28C8-48C0-DC5F-D6B6-EF8CC457B092%7D&AppID=UEEditor.Rocket.Release&AppVersion=4.18.2-3794801%2B%2B%2BUE4%2BRelease-4.18&UserID=ab0f6ec7467c65357aa0a68f65584983%7C896c5d86c4cd4015b20f317903f9495b%7C2946f11b-8d1b-47ea-b6f1-d9c83ead4eea&AppEnvironment=datacollector-binary&UploadType=eteventstream] status=Processing
[2017.12.16-03.11.48:608][787]LogModuleManager: Shutting down and abandoning module SSL (40)
[2017.12.16-03.11.48:609][787]LogModuleManager: Shutting down and abandoning module AnimationModifiers (36)
[2017.12.16-03.11.48:609][787]LogModuleManager: Shutting down and abandoning module PropertyEditor (35)
[2017.12.16-03.11.48:609][787]LogModuleManager: Shutting down and abandoning module AudioEditor (32)
[2017.12.16-03.11.48:609][787]LogModuleManager: Shutting down and abandoning module TextureCompressor (30)
[2017.12.16-03.11.48:610][787]LogModuleManager: Shutting down and abandoning module ShaderCore (28)
[2017.12.16-03.11.48:610][787]LogModuleManager: Shutting down and abandoning module Landscape (26)
[2017.12.16-03.11.48:610][787]LogModuleManager: Shutting down and abandoning module SlateRHIRenderer (24)
[2017.12.16-03.11.48:612][787]LogModuleManager: Shutting down and abandoning module OpenGLDrv (22)
[2017.12.16-03.11.48:612][787]LogModuleManager: Shutting down and abandoning module D3D11RHI (20)
[2017.12.16-03.11.48:612][787]LogModuleManager: Shutting down and abandoning module AnimGraphRuntime (18)
[2017.12.16-03.11.48:612][787]LogModuleManager: Shutting down and abandoning module Renderer (16)
[2017.12.16-03.11.48:612][787]LogModuleManager: Shutting down and abandoning module Engine (14)
[2017.12.16-03.11.48:612][787]LogModuleManager: Shutting down and abandoning module CoreUObject (12)
[2017.12.16-03.11.48:612][787]LogModuleManager: Shutting down and abandoning module NetworkFile (10)
[2017.12.16-03.11.48:612][787]LogModuleManager: Shutting down and abandoning module CookedIterativeFile (8)
[2017.12.16-03.11.48:612][787]LogModuleManager: Shutting down and abandoning module StreamingFile (6)
[2017.12.16-03.11.48:612][787]LogModuleManager: Shutting down and abandoning module SandboxFile (4)
[2017.12.16-03.11.48:612][787]LogModuleManager: Shutting down and abandoning module PakFile (2)
[2017.12.16-03.11.48:617][787]LogExit: Exiting.
[2017.12.16-03.11.48:636][787]Log file closed, 12/16/17 12:11:48
