Log file open, 12/19/17 23:15:24
LogWindows: Failed to load 'aqProf.dll' (GetLastError=126)
LogWindows: File 'aqProf.dll' does not exist
LogWindows: Failed to load 'VtuneApi.dll' (GetLastError=126)
LogWindows: File 'VtuneApi.dll' does not exist
LogWindows: Failed to load 'VtuneApi32e.dll' (GetLastError=126)
LogWindows: File 'VtuneApi32e.dll' does not exist
LogInit: Display: Running engine for game: BPRPG1
LogPlatformFile: Not using cached read wrapper
LogInit: Display: RandInit(-1706392960) SRandInit(-1706392959).
LogInit: Read version file with build ID '3709383'
LogInit: Overriding engine version to CL 3794801, compatible CL 3709383
LogInit: Registered custom module enumerator with build ID '3709383'
LogTaskGraph: Started task graph with 5 named threads and 14 total threads with 3 sets of task threads.
LogStats: Stats thread started at 0.440286
LogD3D11RHI: Aftermath initialized
LogModuleManager: Display: Found up-to-date module file ../../../Engine/Plugins/2D/Paper2D/Binaries/Win64/UE4Editor-Paper2D.dll (API version 3709383).
LogModuleManager: Display: Found up-to-date module file ../../../Engine/Plugins/2D/Paper2D/Binaries/Win64/UE4Editor-Paper2DEditor.dll (API version 3709383).
LogModuleManager: Display: Found up-to-date module file ../../../Engine/Plugins/2D/Paper2D/Binaries/Win64/UE4Editor-PaperSpriteSheetImporter.dll (API version 3709383).
LogModuleManager: Display: Found up-to-date module file ../../../Engine/Plugins/2D/Paper2D/Binaries/Win64/UE4Editor-PaperTiledImporter.dll (API version 3709383).
LogModuleManager: Display: Found up-to-date module file ../../../Engine/Plugins/2D/Paper2D/Binaries/Win64/UE4Editor-SmartSnapping.dll (API version 3709383).
LogModuleManager: Display: Found up-to-date module file ../../../Engine/Plugins/Blendables/LightPropagationVolume/Binaries/Win64/UE4Editor-LightPropagationVolumeRuntime.dll (API version 3709383).
LogModuleManager: Display: Found up-to-date module file ../../../Engine/Plugins/Blendables/LightPropagationVolume/Binaries/Win64/UE4Editor-LightPropagationVolumeEditor.dll (API version 3709383).
LogModuleManager: Display: Found up-to-date module file ../../../Engine/Plugins/Developer/GitSourceControl/Binaries/Win64/UE4Editor-GitSourceControl.dll (API version 3709383).
LogModuleManager: Display: Found up-to-date module file ../../../Engine/Plugins/Developer/PerforceSourceControl/Binaries/Win64/UE4Editor-PerforceSourceControl.dll (API version 3709383).
LogModuleManager: Display: Found up-to-date module file ../../../Engine/Plugins/Developer/SubversionSourceControl/Binaries/Win64/UE4Editor-SubversionSourceControl.dll (API version 3709383).
LogModuleManager: Display: Found up-to-date module file ../../../Engine/Plugins/Developer/UObjectPlugin/Binaries/Win64/UE4Editor-UObjectPlugin.dll (API version 3709383).
LogModuleManager: Display: Found up-to-date module file ../../../Engine/Plugins/Developer/VisualStudioCodeSourceCodeAccess/Binaries/Win64/UE4Editor-VisualStudioCodeSourceCodeAccess.dll (API version 3709383).
LogModuleManager: Display: Found up-to-date module file ../../../Engine/Plugins/Developer/VisualStudioSourceCodeAccess/Binaries/Win64/UE4Editor-VisualStudioSourceCodeAccess.dll (API version 3709383).
LogModuleManager: Display: Found up-to-date module file ../../../Engine/Plugins/Editor/AssetManagerEditor/Binaries/Win64/UE4Editor-AssetManagerEditor.dll (API version 3709383).
LogModuleManager: Display: Found up-to-date module file ../../../Engine/Plugins/Editor/AudioCapture/Binaries/Win64/UE4Editor-AudioCapture.dll (API version 3709383).
LogModuleManager: Display: Found up-to-date module file ../../../Engine/Plugins/Editor/FacialAnimation/Binaries/Win64/UE4Editor-FacialAnimation.dll (API version 3709383).
LogModuleManager: Display: Found up-to-date module file ../../../Engine/Plugins/Editor/FacialAnimation/Binaries/Win64/UE4Editor-FacialAnimationEditor.dll (API version 3709383).
LogModuleManager: Display: Found up-to-date module file ../../../Engine/Plugins/Editor/GameplayTagsEditor/Binaries/Win64/UE4Editor-GameplayTagsEditor.dll (API version 3709383).
LogModuleManager: Display: Found up-to-date module file ../../../Engine/Plugins/Editor/MobileLauncherProfileWizard/Binaries/Win64/UE4Editor-MobileLauncherProfileWizard.dll (API version 3709383).
LogModuleManager: Display: Found up-to-date module file ../../../Engine/Plugins/Editor/PluginBrowser/Binaries/Win64/UE4Editor-PluginBrowser.dll (API version 3709383).
LogModuleManager: Display: Found up-to-date module file ../../../Engine/Plugins/Editor/SpeedTreeImporter/Binaries/Win64/UE4Editor-SpeedTreeImporter.dll (API version 3709383).
LogModuleManager: Display: Found up-to-date module file ../../../Engine/Plugins/Experimental/AlembicImporter/Binaries/Win64/UE4Editor-AlembicImporter.dll (API version 3709383).
LogModuleManager: Display: Found up-to-date module file ../../../Engine/Plugins/Experimental/AlembicImporter/Binaries/Win64/UE4Editor-AlembicLibrary.dll (API version 3709383).
LogModuleManager: Display: Found up-to-date module file ../../../Engine/Plugins/Experimental/CharacterAI/Binaries/Win64/UE4Editor-CharacterAI.dll (API version 3709383).
LogModuleManager: Display: Found up-to-date module file ../../../Engine/Plugins/Experimental/HTML5Networking/Binaries/Win64/UE4Editor-HTML5Networking.dll (API version 3709383).
LogModuleManager: Display: Found up-to-date module file ../../../Engine/Plugins/Media/AndroidMedia/Binaries/Win64/UE4Editor-AndroidMediaEditor.dll (API version 3709383).
LogModuleManager: Display: Found up-to-date module file ../../../Engine/Plugins/Media/AndroidMedia/Binaries/Win64/UE4Editor-AndroidMediaFactory.dll (API version 3709383).
LogModuleManager: Display: Found up-to-date module file ../../../Engine/Plugins/Media/AvfMedia/Binaries/Win64/UE4Editor-AvfMediaEditor.dll (API version 3709383).
LogModuleManager: Display: Found up-to-date module file ../../../Engine/Plugins/Media/AvfMedia/Binaries/Win64/UE4Editor-AvfMediaFactory.dll (API version 3709383).
LogModuleManager: Display: Found up-to-date module file ../../../Engine/Plugins/Media/AvfMedia/Binaries/Win64/UE4Editor-AvfMediaFactory.dll (API version 3709383).
LogModuleManager: Display: Found up-to-date module file ../../../Engine/Plugins/Media/ImgMedia/Binaries/Win64/UE4Editor-ImgMedia.dll (API version 3709383).
LogModuleManager: Display: Found up-to-date module file ../../../Engine/Plugins/Media/ImgMedia/Binaries/Win64/UE4Editor-ImgMediaEditor.dll (API version 3709383).
LogModuleManager: Display: Found up-to-date module file ../../../Engine/Plugins/Media/ImgMedia/Binaries/Win64/UE4Editor-ImgMediaFactory.dll (API version 3709383).
LogModuleManager: Display: Found up-to-date module file ../../../Engine/Plugins/Media/ImgMedia/Binaries/Win64/UE4Editor-ImgMediaFactory.dll (API version 3709383).
LogModuleManager: Display: Found up-to-date module file ../../../Engine/Plugins/Media/ImgMedia/Binaries/Win64/UE4Editor-OpenExrWrapper.dll (API version 3709383).
LogModuleManager: Display: Found up-to-date module file ../../../Engine/Plugins/Media/MediaCompositing/Binaries/Win64/UE4Editor-MediaCompositing.dll (API version 3709383).
LogModuleManager: Display: Found up-to-date module file ../../../Engine/Plugins/Media/MediaCompositing/Binaries/Win64/UE4Editor-MediaCompositingEditor.dll (API version 3709383).
LogModuleManager: Display: Found up-to-date module file ../../../Engine/Plugins/Media/MediaPlayerEditor/Binaries/Win64/UE4Editor-MediaPlayerEditor.dll (API version 3709383).
LogModuleManager: Display: Found up-to-date module file ../../../Engine/Plugins/Media/WmfMedia/Binaries/Win64/UE4Editor-WmfMedia.dll (API version 3709383).
LogModuleManager: Display: Found up-to-date module file ../../../Engine/Plugins/Media/WmfMedia/Binaries/Win64/UE4Editor-WmfMediaEditor.dll (API version 3709383).
LogModuleManager: Display: Found up-to-date module file ../../../Engine/Plugins/Media/WmfMedia/Binaries/Win64/UE4Editor-WmfMediaFactory.dll (API version 3709383).
LogModuleManager: Display: Found up-to-date module file ../../../Engine/Plugins/Media/WmfMedia/Binaries/Win64/UE4Editor-WmfMediaFactory.dll (API version 3709383).
LogModuleManager: Display: Found up-to-date module file ../../../Engine/Plugins/Messaging/TcpMessaging/Binaries/Win64/UE4Editor-TcpMessaging.dll (API version 3709383).
LogModuleManager: Display: Found up-to-date module file ../../../Engine/Plugins/Messaging/UdpMessaging/Binaries/Win64/UE4Editor-UdpMessaging.dll (API version 3709383).
LogModuleManager: Display: Found up-to-date module file ../../../Engine/Plugins/MovieScene/ActorSequence/Binaries/Win64/UE4Editor-ActorSequence.dll (API version 3709383).
LogModuleManager: Display: Found up-to-date module file ../../../Engine/Plugins/MovieScene/LevelSequenceEditor/Binaries/Win64/UE4Editor-LevelSequenceEditor.dll (API version 3709383).
LogModuleManager: Display: Found up-to-date module file ../../../Engine/Plugins/MovieScene/MatineeToLevelSequence/Binaries/Win64/UE4Editor-MatineeToLevelSequence.dll (API version 3709383).
LogModuleManager: Display: Found up-to-date module file ../../../Engine/Plugins/Online/OnlineSubsystem/Binaries/Win64/UE4Editor-OnlineSubsystem.dll (API version 3709383).
LogModuleManager: Display: Found up-to-date module file ../../../Engine/Plugins/Runtime/AndroidPermission/Binaries/Win64/UE4Editor-AndroidPermission.dll (API version 3709383).
LogModuleManager: Display: Found up-to-date module file ../../../Engine/Plugins/Online/OnlineSubsystemNull/Binaries/Win64/UE4Editor-OnlineSubsystemNull.dll (API version 3709383).
LogModuleManager: Display: Found up-to-date module file ../../../Engine/Plugins/Online/OnlineSubsystemUtils/Binaries/Win64/UE4Editor-OnlineSubsystemUtils.dll (API version 3709383).
LogModuleManager: Display: Found up-to-date module file ../../../Engine/Plugins/Online/OnlineSubsystemUtils/Binaries/Win64/UE4Editor-OnlineBlueprintSupport.dll (API version 3709383).
LogModuleManager: Display: Found up-to-date module file ../../../Engine/Plugins/Runtime/AndroidDeviceProfileSelector/Binaries/Win64/UE4Editor-AndroidDeviceProfileSelector.dll (API version 3709383).
LogModuleManager: Display: Found up-to-date module file ../../../Engine/Plugins/Runtime/AppleARKit/Binaries/Win64/UE4Editor-AppleARKit.dll (API version 3709383).
LogModuleManager: Display: Found up-to-date module file ../../../Engine/Plugins/Runtime/ArchVisCharacter/Binaries/Win64/UE4Editor-ArchVisCharacter.dll (API version 3709383).
LogModuleManager: Display: Found up-to-date module file ../../../Engine/Plugins/Runtime/CableComponent/Binaries/Win64/UE4Editor-CableComponent.dll (API version 3709383).
LogModuleManager: Display: Found up-to-date module file ../../../Engine/Plugins/Runtime/CustomMeshComponent/Binaries/Win64/UE4Editor-CustomMeshComponent.dll (API version 3709383).
LogModuleManager: Display: Found up-to-date module file ../../../Engine/Plugins/Runtime/ExampleDeviceProfileSelector/Binaries/Win64/UE4Editor-ExampleDeviceProfileSelector.dll (API version 3709383).
LogModuleManager: Display: Found up-to-date module file ../../../Engine/Plugins/Runtime/ImmediatePhysics/Binaries/Win64/UE4Editor-ImmediatePhysics.dll (API version 3709383).
LogModuleManager: Display: Found up-to-date module file ../../../Engine/Plugins/Runtime/ImmediatePhysics/Binaries/Win64/UE4Editor-ImmediatePhysicsEditor.dll (API version 3709383).
LogModuleManager: Display: Found up-to-date module file ../../../Engine/Plugins/Runtime/LocationServicesBPLibrary/Binaries/Win64/UE4Editor-LocationServicesBPLibrary.dll (API version 3709383).
LogModuleManager: Display: Found up-to-date module file ../../../Engine/Plugins/Runtime/MobilePatchingUtils/Binaries/Win64/UE4Editor-MobilePatchingUtils.dll (API version 3709383).
LogModuleManager: Display: Found up-to-date module file ../../../Engine/Plugins/Runtime/Oculus/OculusVR/Binaries/Win64/UE4Editor-OculusHMD.dll (API version 3709383).
LogModuleManager: Display: Found up-to-date module file ../../../Engine/Plugins/Runtime/Oculus/OculusVR/Binaries/Win64/UE4Editor-OculusInput.dll (API version 3709383).
LogModuleManager: Display: Found up-to-date module file ../../../Engine/Plugins/Runtime/Oculus/OculusVR/Binaries/Win64/UE4Editor-OculusEditor.dll (API version 3709383).
LogModuleManager: Display: Found up-to-date module file ../../../Engine/Plugins/Runtime/PhysXVehicles/Binaries/Win64/UE4Editor-PhysXVehicles.dll (API version 3709383).
LogModuleManager: Display: Found up-to-date module file ../../../Engine/Plugins/Runtime/PhysXVehicles/Binaries/Win64/UE4Editor-PhysXVehiclesEditor.dll (API version 3709383).
LogModuleManager: Display: Found up-to-date module file ../../../Engine/Plugins/Runtime/ProceduralMeshComponent/Binaries/Win64/UE4Editor-ProceduralMeshComponent.dll (API version 3709383).
LogModuleManager: Display: Found up-to-date module file ../../../Engine/Plugins/Runtime/ProceduralMeshComponent/Binaries/Win64/UE4Editor-ProceduralMeshComponentEditor.dll (API version 3709383).
LogModuleManager: Display: Found up-to-date module file ../../../Engine/Plugins/Runtime/RuntimePhysXCooking/Binaries/Win64/UE4Editor-RuntimePhysXCooking.dll (API version 3709383).
LogModuleManager: Display: Found up-to-date module file ../../../Engine/Plugins/Runtime/Steam/SteamVR/Binaries/Win64/UE4Editor-SteamVR.dll (API version 3709383).
LogModuleManager: Display: Found up-to-date module file ../../../Engine/Plugins/Runtime/Steam/SteamVR/Binaries/Win64/UE4Editor-SteamVRController.dll (API version 3709383).
LogModuleManager: Display: Found up-to-date module file ../../../Engine/Plugins/Runtime/WindowsMoviePlayer/Binaries/Win64/UE4Editor-WindowsMoviePlayer.dll (API version 3709383).
LogPluginManager: Mounting plugin Paper2D
LogPluginManager: Mounting plugin LightPropagationVolume
LogPluginManager: Mounting plugin CodeLiteSourceCodeAccess
LogPluginManager: Mounting plugin GitSourceControl
LogPluginManager: Mounting plugin KDevelopSourceCodeAccess
LogPluginManager: Mounting plugin NullSourceCodeAccess
LogPluginManager: Mounting plugin PerforceSourceControl
LogPluginManager: Mounting plugin SubversionSourceControl
LogPluginManager: Mounting plugin UObjectPlugin
LogPluginManager: Mounting plugin VisualStudioCodeSourceCodeAccess
LogPluginManager: Mounting plugin VisualStudioSourceCodeAccess
LogPluginManager: Mounting plugin XCodeSourceCodeAccess
LogPluginManager: Mounting plugin AssetManagerEditor
LogPluginManager: Mounting plugin AudioCapture
LogPluginManager: Mounting plugin FacialAnimation
LogPluginManager: Mounting plugin GameplayTagsEditor
LogPluginManager: Mounting plugin MobileLauncherProfileWizard
LogPluginManager: Mounting plugin PluginBrowser
LogPluginManager: Mounting plugin SpeedTreeImporter
LogPluginManager: Mounting plugin AlembicImporter
LogPluginManager: Mounting plugin CharacterAI
LogPluginManager: Mounting plugin HTML5Networking
LogPluginManager: Mounting plugin AndroidMedia
LogPluginManager: Mounting plugin AvfMedia
LogPluginManager: Mounting plugin ImgMedia
LogPluginManager: Mounting plugin MediaCompositing
LogPluginManager: Mounting plugin MediaPlayerEditor
LogPluginManager: Mounting plugin WmfMedia
LogPluginManager: Mounting plugin TcpMessaging
LogPluginManager: Mounting plugin UdpMessaging
LogPluginManager: Mounting plugin ActorSequence
LogPluginManager: Mounting plugin LevelSequenceEditor
LogPluginManager: Mounting plugin MatineeToLevelSequence
LogPluginManager: Mounting plugin OnlineSubsystemGooglePlay
LogPluginManager: Mounting plugin OnlineSubsystemIOS
LogPluginManager: Mounting plugin OnlineSubsystem
LogPluginManager: Mounting plugin OnlineSubsystemNull
LogPluginManager: Mounting plugin OnlineSubsystemUtils
LogPluginManager: Mounting plugin AndroidDeviceProfileSelector
LogPluginManager: Mounting plugin AndroidMoviePlayer
LogPluginManager: Mounting plugin AndroidPermission
LogPluginManager: Mounting plugin AppleARKit
LogPluginManager: Mounting plugin AppleMoviePlayer
LogPluginManager: Mounting plugin ArchVisCharacter
LogPluginManager: Mounting plugin CableComponent
LogPluginManager: Mounting plugin CustomMeshComponent
LogPluginManager: Mounting plugin ExampleDeviceProfileSelector
LogPluginManager: Mounting plugin GoogleCloudMessaging
LogPluginManager: Mounting plugin ImmediatePhysics
LogPluginManager: Mounting plugin IOSDeviceProfileSelector
LogPluginManager: Mounting plugin LinuxDeviceProfileSelector
LogPluginManager: Mounting plugin LocationServicesBPLibrary
LogPluginManager: Mounting plugin MobilePatchingUtils
LogPluginManager: Mounting plugin OculusVR
LogPluginManager: Plugin shader directory ../../../Engine/Plugins/Runtime/Oculus/OculusVR/Shaders found
LogPluginManager: Mapping shader source directory ../../../Engine/Plugins/Runtime/Oculus/OculusVR/Shaders to virtual directory /Plugin/OculusVR
LogPluginManager: Mounting plugin PhysXVehicles
LogPluginManager: Mounting plugin ProceduralMeshComponent
LogPluginManager: Mounting plugin RuntimePhysXCooking
LogPluginManager: Mounting plugin SteamVR
LogPluginManager: Mounting plugin WindowsMoviePlayer
LogInit: Using libcurl 7.47.1
LogInit:  - built for x86_64-pc-win32
LogInit:  - supports SSL with OpenSSL/1.0.2g
LogInit:  - supports HTTP deflate (compression) using libz 1.2.8
LogInit:  - other features:
LogInit:      CURL_VERSION_SSL
LogInit:      CURL_VERSION_LIBZ
LogInit:      CURL_VERSION_IPV6
LogInit:      CURL_VERSION_ASYNCHDNS
LogInit:      CURL_VERSION_LARGEFILE
LogInit:      CURL_VERSION_IDN
LogInit:  CurlRequestOptions (configurable via config and command line):
LogInit:  - bVerifyPeer = false  - Libcurl will NOT verify peer certificate
LogInit:  - bUseHttpProxy = false  - Libcurl will NOT use HTTP proxy
LogInit:  - bDontReuseConnections = false  - Libcurl will reuse connections
LogInit:  - CertBundlePath = nullptr  - Libcurl will use whatever was configured at build time.
LogInit: Build: ++UE4+Release-4.18-CL-3794801
LogInit: Engine Version: 4.18.2-3794801+++UE4+Release-4.18
LogInit: Compatible Engine Version: 4.18.0-3709383+++UE4+Release-4.18
LogInit: Net CL: 3709383
LogDevObjectVersion: Number of dev versions registered: 16
LogDevObjectVersion:   Dev-Blueprints (B0D832E4-1F89-4F0D-ACCF-7EB736FD4AA2): 10
LogDevObjectVersion:   Dev-Build (E1C64328-A22C-4D53-A36C-8E866417BD8C): 0
LogDevObjectVersion:   Dev-Core (375EC13C-06E4-48FB-B500-84F0262A717E): 2
LogDevObjectVersion:   Dev-Editor (E4B068ED-F494-42E9-A231-DA0B2E46BB41): 20
LogDevObjectVersion:   Dev-Framework (CFFC743F-43B0-4480-9391-14DF171D2073): 30
LogDevObjectVersion:   Dev-Mobile (B02B49B5-BB20-44E9-A304-32B752E40360): 0
LogDevObjectVersion:   Dev-Networking (A4E4105C-59A1-49B5-A7C5-40C4547EDFEE): 0
LogDevObjectVersion:   Dev-Online (39C831C9-5AE6-47DC-9A44-9C173E1C8E7C): 0
LogDevObjectVersion:   Dev-Physics (78F01B33-EBEA-4F98-B9B4-84EACCB95AA2): 0
LogDevObjectVersion:   Dev-Platform (6631380F-2D4D-43E0-8009-CF276956A95A): 0
LogDevObjectVersion:   Dev-Rendering (12F88B9F-8875-4AFC-A67C-D90C383ABD29): 20
LogDevObjectVersion:   Dev-Sequencer (7B5AE74C-D270-4C10-A958-57980B212A5A): 4
LogDevObjectVersion:   Dev-VR (D7296918-1DD6-4BDD-9DE2-64A83CC13884): 0
LogDevObjectVersion:   Dev-LoadTimes (C2A15278-BFE7-4AFE-6C17-90FF531DF755): 1
LogDevObjectVersion:   Private-Geometry (6EACA3D4-40EC-4CC1-B786-8BED09428FC5): 1
LogDevObjectVersion:   Dev-AnimPhys (29E575DD-E0A3-4627-9D10-D276232CDCEA): 12
LogInit: Compiled (64-bit): Dec  8 2017 02:04:53
LogInit: Compiled with Visual C++: 19.00.24215.01
LogInit: Build Configuration: Development
LogInit: Branch Name: ++UE4+Release-4.18
LogInit: Command line:  
LogInit: Base directory: C:/Program Files/Epic Games/UE_4.18/Engine/Binaries/Win64/
LogInit: Installed Engine Build: 1
LogInit: Presizing for max 8388607 objects, including 0 objects not considered by GC, pre-allocating 0 bytes for permanent pool.
LogInit: Object subsystem initialized
[2017.12.19-14.15.30:456][  0]LogInit: Selected Device Profile: [Windows]
[2017.12.19-14.15.30:456][  0]LogInit: Applying CVar settings loaded from the selected device profile: [Windows]
[2017.12.19-14.15.30:483][  0]LogInit: Computer: JYD
[2017.12.19-14.15.30:483][  0]LogInit: User: mapl0
[2017.12.19-14.15.30:483][  0]LogInit: CPU Page size=4096, Cores=4
[2017.12.19-14.15.30:483][  0]LogInit: High frequency timer resolution =2.531249 MHz
[2017.12.19-14.15.30:483][  0]LogMemory: Memory total: Physical=15.9GB (16GB approx)
[2017.12.19-14.15.30:483][  0]LogMemory: Platform Memory Stats for Windows
[2017.12.19-14.15.30:483][  0]LogMemory: Process Physical Memory: 273.41 MB used, 273.41 MB peak
[2017.12.19-14.15.30:483][  0]LogMemory: Process Virtual Memory: 270.20 MB used, 270.20 MB peak
[2017.12.19-14.15.30:483][  0]LogMemory: Physical Memory: 7061.65 MB used,  9195.30 MB free, 16256.95 MB total
[2017.12.19-14.15.30:483][  0]LogMemory: Virtual Memory: 647.29 MB used,  9195.30 MB free, 134217728.00 MB total
[2017.12.19-14.15.31:722][  0]LogInit: Using OS detected language (ko-KR).
[2017.12.19-14.15.31:722][  0]LogInit: Using OS detected locale (ko-KR).
[2017.12.19-14.15.31:729][  0]LogTextLocalizationManager: No specific localization for 'ko-KR' exists, so the 'ko' localization will be used.
[2017.12.19-14.15.32:050][  0]LogInit: Setting process to per monitor DPI aware
[2017.12.19-14.15.33:608][  0]LogD3D11RHI: D3D11 adapters:
[2017.12.19-14.15.33:820][  0]LogD3D11RHI:    0. 'NVIDIA GeForce GTX 960M' (Feature Level 11_0)
[2017.12.19-14.15.33:821][  0]LogD3D11RHI:       4065/0/8128 MB DedicatedVideo/DedicatedSystem/SharedSystem, Outputs:2, VendorId:0x10de
[2017.12.19-14.15.33:844][  0]LogD3D11RHI:    1. 'Intel(R) HD Graphics 530' (Feature Level 11_0)
[2017.12.19-14.15.33:844][  0]LogD3D11RHI:       128/0/8128 MB DedicatedVideo/DedicatedSystem/SharedSystem, Outputs:0, VendorId:0x8086
[2017.12.19-14.15.33:851][  0]LogD3D11RHI:    2. 'Microsoft Basic Render Driver' (Feature Level 11_0)
[2017.12.19-14.15.33:851][  0]LogD3D11RHI:       0/0/8128 MB DedicatedVideo/DedicatedSystem/SharedSystem, Outputs:0, VendorId:0x1414
[2017.12.19-14.15.33:851][  0]LogD3D11RHI: Chosen D3D11 Adapter: 0
[2017.12.19-14.15.33:871][  0]LogD3D11RHI: Creating new Direct3DDevice
[2017.12.19-14.15.33:872][  0]LogD3D11RHI:     GPU DeviceId: 0x139b (for the marketing name, search the web for "GPU Device Id")
[2017.12.19-14.15.33:872][  0]LogWindows: EnumDisplayDevices:
[2017.12.19-14.15.33:873][  0]LogWindows:    0. 'Intel(R) HD Graphics 530' (P:1 D:1)
[2017.12.19-14.15.33:880][  0]LogWindows:    1. 'Intel(R) HD Graphics 530' (P:0 D:1)
[2017.12.19-14.15.33:888][  0]LogWindows:    2. 'Intel(R) HD Graphics 530' (P:0 D:0)
[2017.12.19-14.15.33:893][  0]LogWindows: DebugString: PrimaryIsNotTheChoosenAdapter PrimaryIsNotTheChoosenAdapter PrimaryIsNotTheChoosenAdapter FoundDriverCount:0 
[2017.12.19-14.15.33:893][  0]LogD3D11RHI:     Adapter Name: NVIDIA GeForce GTX 960M
[2017.12.19-14.15.33:893][  0]LogD3D11RHI:   Driver Version: Unknown (internal:Unknown, unified:Unknown)
[2017.12.19-14.15.33:893][  0]LogD3D11RHI:      Driver Date: Unknown
[2017.12.19-14.15.33:893][  0]LogRHI: Texture pool is 2846 MB (70% of 4065 MB)
[2017.12.19-14.15.33:995][  0]LogD3D11RHI: Async texture creation enabled
[2017.12.19-14.15.34:279][  0]LogD3D11RHI: GPU Timing Frequency: 1000.000000 (Debug: 2 1)
[2017.12.19-14.15.34:294][  0]LogShaderCompilers: Guid format shader working directory is 20 characters bigger than the processId version (D:/Project/Unreal4/BPRPG1/Intermediate/Shaders/WorkingDirectory/20084/).
[2017.12.19-14.15.34:295][  0]LogShaderCompilers: Cleaned the shader compiler working directory 'C:/Users/mapl0/AppData/Local/Temp/UnrealShaderWorkingDir/792A53384A367EA9F876D9B6F4D54903/'.
[2017.12.19-14.15.34:295][  0]LogShaderCompilers: Display: Using Local Shader Compiler.
[2017.12.19-14.15.38:292][  0]LogTemp: Display: Loaded TP AllDesktopTargetPlatform
[2017.12.19-14.15.38:586][  0]LogTemp: Display: Loaded TP MacClientTargetPlatform
[2017.12.19-14.15.38:895][  0]LogTemp: Display: Loaded TP MacNoEditorTargetPlatform
[2017.12.19-14.15.39:224][  0]LogTemp: Display: Loaded TP MacServerTargetPlatform
[2017.12.19-14.15.39:655][  0]LogTemp: Display: Loaded TP MacTargetPlatform
[2017.12.19-14.15.39:984][  0]LogTemp: Display: Loaded TP WindowsClientTargetPlatform
[2017.12.19-14.15.40:295][  0]LogTemp: Display: Loaded TP WindowsNoEditorTargetPlatform
[2017.12.19-14.15.40:639][  0]LogTemp: Display: Loaded TP WindowsServerTargetPlatform
[2017.12.19-14.15.40:935][  0]LogTemp: Display: Loaded TP WindowsTargetPlatform
[2017.12.19-14.15.41:228][  0]LogTemp: Display: Loaded TP Android_ASTCTargetPlatform
[2017.12.19-14.15.41:538][  0]LogTemp: Display: Loaded TP Android_ATCTargetPlatform
[2017.12.19-14.15.41:850][  0]LogTemp: Display: Loaded TP Android_DXTTargetPlatform
[2017.12.19-14.15.42:142][  0]LogTemp: Display: Loaded TP Android_ETC1TargetPlatform
[2017.12.19-14.15.42:512][  0]LogTemp: Display: Loaded TP Android_ETC2TargetPlatform
[2017.12.19-14.15.43:092][  0]LogTemp: Display: Loaded TP Android_MultiTargetPlatform
[2017.12.19-14.15.43:093][  0]LogTemp: Display: Loaded TP Android_PVRTCTargetPlatform
[2017.12.19-14.15.43:388][  0]LogTemp: Display: Loaded TP AndroidTargetPlatform
[2017.12.19-14.15.43:667][  0]LogTemp: Display: Loaded TP HTML5TargetPlatform
[2017.12.19-14.15.44:115][  0]LogTemp: Display: Loaded TP IOSTargetPlatform
[2017.12.19-14.15.44:272][  0]LogTemp: Display: Loaded TP TVOSTargetPlatform
[2017.12.19-14.15.44:585][  0]LogTemp: Display: Loaded TP LinuxClientTargetPlatform
[2017.12.19-14.15.44:898][  0]LogTemp: Display: Loaded TP LinuxNoEditorTargetPlatform
[2017.12.19-14.15.45:192][  0]LogTemp: Display: Loaded TP LinuxServerTargetPlatform
[2017.12.19-14.15.45:496][  0]LogTemp: Display: Loaded TP LinuxTargetPlatform
[2017.12.19-14.15.45:496][  0]LogTargetPlatformManager: Display: Building Assets For Windows
[2017.12.19-14.15.48:777][  0]LogDerivedDataCache: Display: Max Cache Size: 512 MB
[2017.12.19-14.15.49:039][  0]LogDerivedDataCache: Loaded boot cache 0.26s 78MB C:/Users/mapl0/AppData/Local/UnrealEngine/4.18/DerivedDataCache/Boot.ddc.
[2017.12.19-14.15.49:039][  0]LogDerivedDataCache: Display: Loaded Boot cache: C:/Users/mapl0/AppData/Local/UnrealEngine/4.18/DerivedDataCache/Boot.ddc
[2017.12.19-14.15.49:040][  0]LogDerivedDataCache: FDerivedDataBackendGraph:  Pak pak cache file D:/Project/Unreal4/BPRPG1/DerivedDataCache/DDC.ddp not found, will not use a pak cache.
[2017.12.19-14.15.49:040][  0]LogDerivedDataCache: Unable to find inner node Pak for hierarchical cache Hierarchy.
[2017.12.19-14.15.49:040][  0]LogDerivedDataCache: FDerivedDataBackendGraph:  CompressedPak pak cache file D:/Project/Unreal4/BPRPG1/DerivedDataCache/Compressed.ddp not found, will not use a pak cache.
[2017.12.19-14.15.49:040][  0]LogDerivedDataCache: Unable to find inner node CompressedPak for hierarchical cache Hierarchy.
[2017.12.19-14.15.49:106][  0]LogDerivedDataCache: Display: Pak cache opened for reading ../../../Engine/DerivedDataCache/Compressed.ddp.
[2017.12.19-14.15.49:121][  0]LogDerivedDataCache: Using Local data cache path C:/Users/mapl0/AppData/Local/UnrealEngine/Common/DerivedDataCache: Writable
[2017.12.19-14.15.49:157][  0]LogMaterial: Verifying Global Shaders for PCD3D_SM5
[2017.12.19-14.15.49:158][  0]LogSlate: Using Freetype 2.6.0
[2017.12.19-14.15.49:160][  0]LogSlate: SlateFontCache - WITH_FREETYPE: 1, WITH_HARFBUZZ: 1
[2017.12.19-14.15.49:160][  0]LogSlate: SlateFontCache - WITH_FREETYPE: 1, WITH_HARFBUZZ: 1
[2017.12.19-14.15.51:485][  0]LogInit: Selected Device Profile: [Windows]
[2017.12.19-14.15.52:941][  0]LogSimplygon: Simplygon DLL not present - disabling.
[2017.12.19-14.15.53:197][  0]LogMeshReduction: Using SimplygonSwarm for distributed automatic mesh merging
[2017.12.19-14.15.53:198][  0]LogMeshReduction: Using QuadricMeshReduction for automatic static mesh reduction
[2017.12.19-14.15.53:198][  0]LogMeshReduction: No automatic skeletal mesh reduction module available
[2017.12.19-14.15.53:198][  0]LogMeshReduction: No automatic mesh merging module available
[2017.12.19-14.15.53:198][  0]LogMeshMerging: No automatic mesh merging module available
[2017.12.19-14.15.53:655][  0]LogNetVersion: BPRPG1 , NetCL: 3709383, EngineNetVer: 2, GameNetVer: 0 (Checksum: 4133119992)
[2017.12.19-14.15.54:474][  0]LogAssetRegistry: FAssetRegistry took 0.0448 seconds to start up
[2017.12.19-14.15.56:611][  0]LogPackageLocalizationCache: Processed 7 localized package path(s) for 2 prioritized culture(s) in 0.186827 seconds
[2017.12.19-14.15.56:626][  0]LogUObjectArray: 35900 objects as part of root set at end of initial load.
[2017.12.19-14.15.56:626][  0]LogUObjectAllocator: 7372016 out of 0 bytes used by permanent object pool.
[2017.12.19-14.15.56:626][  0]LogUObjectArray: CloseDisregardForGC: 0/0 objects in disregard for GC pool
[2017.12.19-14.15.57:045][  0]LogInit: WinSock: version 1.1 (2.2), MaxSocks=32767, MaxUdp=65467
[2017.12.19-14.16.13:182][  0]LogTcpMessaging: Initializing TcpMessaging bridge
[2017.12.19-14.16.13:418][  0]LogUdpMessaging: Initializing bridge on interface 0.0.0.0:0 to multicast group 230.0.0.1:6666.
[2017.12.19-14.16.18:254][  0]LogMaterial: Uniform references updated for custom material expression Custom.
[2017.12.19-14.16.21:327][  0]SourceControl: 소스 콘트롤이 꺼졌습니다.
[2017.12.19-14.16.21:327][  0]SourceControl: 소스 콘트롤이 꺼졌습니다.
[2017.12.19-14.16.21:810][  0]SourceControl: 소스 콘트롤이 꺼졌습니다.
[2017.12.19-14.16.22:251][  0]SourceControl: 소스 콘트롤이 꺼졌습니다.
[2017.12.19-14.16.27:632][  0]LogAndroidPermission: UAndroidPermissionCallbackProxy::GetInstance
[2017.12.19-14.16.29:712][  0]LogOcInput: OculusInput pre-init called
[2017.12.19-14.16.31:606][  0]LogEngine: Initializing Engine...
[2017.12.19-14.16.31:615][  0]LogHMD: Failed to initialize OpenVR with code 110
[2017.12.19-14.16.32:297][  0]LogStats: UGameplayTagsManager::ConstructGameplayTagTree: Construct from data asset -  0.000 s
[2017.12.19-14.16.32:297][  0]LogStats: UGameplayTagsManager::ConstructGameplayTagTree: GameplayTagTreeChangedEvent.Broadcast -  0.000 s
[2017.12.19-14.16.32:976][  0]LogAIModule: Creating AISystem for world Untitled
[2017.12.19-14.16.33:158][  0]LogInit: XAudio2 using '스피커 / 헤드폰(Realtek High Definition Audio)' : 2 channels at 48 kHz using 32 bits per sample (channel mask 0x3)
[2017.12.19-14.16.33:421][  0]LogInit: FAudioDevice initialized.
[2017.12.19-14.16.33:549][  0]LogDerivedDataCache: Saved boot cache 0.13s 78MB C:/Users/mapl0/AppData/Local/UnrealEngine/4.18/DerivedDataCache/Boot.ddc.
[2017.12.19-14.16.33:589][  0]LogInit: Texture streaming: Enabled
[2017.12.19-14.16.34:104][  0]LogEngineSessionManager: EngineSessionManager initialized
[2017.12.19-14.16.35:150][  0]LogInit: Transaction tracking system initialized
[2017.12.19-14.16.37:857][  0]BlueprintLog: New page: 에디터 로드
[2017.12.19-14.16.44:690][  0]LocalizationService: 현지화 서비스가 비활성화되었습니다.
[2017.12.19-14.16.49:588][  0]LogConsoleResponse: Display: 
[2017.12.19-14.16.50:334][  0]LogCook: Display: Max memory allowance for cook 16384mb min free memory 0mb
[2017.12.19-14.16.50:335][  0]LogCook: Display: Mobile HDR setting 1
[2017.12.19-14.16.50:335][  0]LogGameplayTags: Display: UGameplayTagsManager::DoneAddingNativeTags. DelegateIsBound: 0
[2017.12.19-14.16.50:740][  0]LogFileCache: Scanning file cache for directory 'D:/Project/Unreal4/BPRPG1/Content/' took 0.04s
[2017.12.19-14.16.58:468][  0]SourceControl: 소스 콘트롤이 꺼졌습니다.
[2017.12.19-14.16.58:469][  0]Cmd: MAP LOAD FILE="D:/Project/Unreal4/BPRPG1/Content/Maps/Step2.umap" TEMPLATE=0 SHOWPROGRESS=1 FEATURELEVEL=3
[2017.12.19-14.16.58:470][  0]LightingResults: New page: 라이팅 빌드
[2017.12.19-14.16.58:766][  0]MapCheck: New page: 맵 체크
[2017.12.19-14.16.58:766][  0]LightingResults: New page: 라이팅 빌드
[2017.12.19-14.17.00:029][  0]LogAIModule: Creating AISystem for world Step2
[2017.12.19-14.17.00:068][  0]LogEditorServer: Finished looking for orphan Actors (0.000 secs)
[2017.12.19-14.17.00:198][  0]Cmd: MAP CHECKDEP NOCLEARLOG
[2017.12.19-14.17.00:489][  0]MapCheck: 맵 체크 완료: 오류 0 회, 경고 0 회, 소요 시간 290.771ms.
[2017.12.19-14.17.00:489][  0]LogFileHelpers: Loading map 'Step2' took 2.020
[2017.12.19-14.17.01:312][  0]LogCollectionManager: Loaded 0 collections in 0.007610 seconds
[2017.12.19-14.17.01:958][  0]LogFileCache: Scanning file cache for directory 'D:/Project/Unreal4/BPRPG1/Saved/Collections/' took 0.01s
[2017.12.19-14.17.01:958][  0]LogFileCache: Scanning file cache for directory 'D:/Project/Unreal4/BPRPG1/Content/Developers/mapl0/Collections/' took 0.01s
[2017.12.19-14.17.01:958][  0]LogFileCache: Scanning file cache for directory 'D:/Project/Unreal4/BPRPG1/Content/Collections/' took 0.02s
[2017.12.19-14.17.01:958][  0]LogCollectionManager: Rebuilt the GUID cache for 0 collections in 0.000001 seconds
[2017.12.19-14.17.02:026][  0]LogContentBrowser: Native class hierarchy populated in 0.0673 seconds. Added 2363 classes and 519 folders.
[2017.12.19-14.17.02:622][  0]LogContentBrowser: Native class hierarchy updated for 'WidgetCarousel' in 0.0005 seconds. Added 0 classes and 0 folders.
[2017.12.19-14.17.02:770][  0]LogContentBrowser: Native class hierarchy updated for 'AddContentDialog' in 0.0007 seconds. Added 0 classes and 0 folders.
[2017.12.19-14.17.03:024][  0]LogContentBrowser: Native class hierarchy updated for 'SceneOutliner' in 0.0007 seconds. Added 1 classes and 2 folders.
[2017.12.19-14.17.03:353][  0]LogSlate: Took 0.000789 seconds to synchronously load lazily loaded font '../../../Engine/Content/Slate/Fonts/Roboto-Regular.ttf' (155K)
[2017.12.19-14.17.03:363][  0]LogSlate: Took 0.007583 seconds to synchronously load lazily loaded font '../../../Engine/Content/Slate/Fonts/NanumGothic.ttf' (4243K)
[2017.12.19-14.17.03:365][  0]LogSlate: Took 0.000630 seconds to synchronously load lazily loaded font '../../../Engine/Content/Slate/Fonts/Roboto-Bold.ttf' (160K)
[2017.12.19-14.17.03:383][  0]LogSlate: Took 0.001326 seconds to synchronously load lazily loaded font '../../../Engine/Content/Editor/Slate/Fonts/FontAwesome.ttf' (139K)
[2017.12.19-14.17.03:794][  0]LogRenderer: Reallocating scene render targets to support 1080x576 Format 9 NumSamples 1 (Frame:1).
[2017.12.19-14.17.04:333][  0]LogContentBrowser: Native class hierarchy updated for 'HierarchicalLODOutliner' in 0.0004 seconds. Added 1 classes and 2 folders.
[2017.12.19-14.17.04:333][  0]LogLoad: (Engine Initialization) Total time: 103.45 seconds
[2017.12.19-14.17.04:333][  0]LogLoad: (Engine Initialization) Total Blueprint compile time: 0.00 seconds
[2017.12.19-14.17.04:333][  0]LogExternalProfiler: Found external profiler: VSPerf
[2017.12.19-14.17.04:333][  0]LogExternalProfiler: Using external profiler: VSPerf
[2017.12.19-14.17.04:720][  0]LogContentStreaming: Texture pool size now 800 MB
[2017.12.19-14.17.06:696][  6]LogAssetRegistry: Asset discovery search completed in 72.2453 seconds
[2017.12.19-14.17.06:707][  6]LogCollectionManager: Rebuilt the object cache for 0 collections in 0.000001 seconds (found 0 objects)
[2017.12.19-14.17.06:707][  6]LogCollectionManager: Fixed up redirectors for 0 collections in 0.000159 seconds (updated 0 objects)
[2017.12.19-14.17.47:248][528]LogSlate: Took 0.021002 seconds to synchronously load lazily loaded font '../../../Engine/Content/Slate/Fonts/Roboto-Light.ttf' (159K)
[2017.12.19-14.17.53:785][600]LogSlate: Took 0.001070 seconds to synchronously load lazily loaded font '../../../Engine/Content/Slate/Fonts/Roboto-Light.ttf' (159K)
[2017.12.19-14.17.54:847][600]LogAIModule: Creating AISystem for world Step3
[2017.12.19-14.17.54:930][600]Cmd: MAP LOAD FILE="D:/Project/Unreal4/BPRPG1/Content/Maps/Step3.umap" TEMPLATE=0 SHOWPROGRESS=1 FEATURELEVEL=3
[2017.12.19-14.17.54:931][600]LightingResults: New page: 라이팅 빌드
[2017.12.19-14.17.54:934][600]LoadErrors: New page: 맵 로드중: Step3.umap
[2017.12.19-14.17.54:951][600]MapCheck: New page: 맵 체크
[2017.12.19-14.17.54:951][600]LightingResults: New page: 라이팅 빌드
[2017.12.19-14.17.55:204][600]LogEditorServer: Finished looking for orphan Actors (0.000 secs)
[2017.12.19-14.17.55:361][600]Cmd: MAP CHECKDEP NOCLEARLOG
[2017.12.19-14.17.55:693][600]MapCheck: 맵 체크 완료: 오류 0 회, 경고 0 회, 소요 시간 331.617ms.
[2017.12.19-14.17.55:697][600]LogFileHelpers: Loading map 'Step3' took 0.770
[2017.12.19-14.17.55:706][600]LogSlate: Took 0.000791 seconds to synchronously load lazily loaded font '../../../Engine/Content/Slate/Fonts/Roboto-Regular.ttf' (155K)
[2017.12.19-14.18.12:379][414]LogEditorViewport: Clicking on Actor (context menu): StaticMeshActor (SM_SQUARE)
[2017.12.19-14.18.16:368][505]LogTemp: Repeating last play command: 선택된 뷰포트
[2017.12.19-14.18.16:815][505]LogPlayLevel: PlayLevel: No blueprints needed recompiling
[2017.12.19-14.18.16:819][505]PIE: New page: PIE 세션: Step3 (2017. 12. 20. 오전 8:18:16)
[2017.12.19-14.18.16:819][505]LogPlayLevel: Creating play world package: /Game/Maps/UEDPIE_0_Step3
[2017.12.19-14.18.16:829][505]LogPlayLevel: PIE: StaticDuplicateObject took: (0.009584s)
[2017.12.19-14.18.16:831][505]LogAIModule: Creating AISystem for world Step3
[2017.12.19-14.18.16:831][505]LogPlayLevel: PIE: World Init took: (0.002269s)
[2017.12.19-14.18.16:832][505]LogPlayLevel: PIE: Created PIE world by copying editor world from /Game/Maps/Step3.Step3 to /Game/Maps/UEDPIE_0_Step3.Step3 (0.013073s)
[2017.12.19-14.18.17:055][505]LogInit: XAudio2 using '스피커 / 헤드폰(Realtek High Definition Audio)' : 2 channels at 48 kHz using 32 bits per sample (channel mask 0x3)
[2017.12.19-14.18.17:304][505]LogInit: FAudioDevice initialized.
[2017.12.19-14.18.19:204][505]LogLoad: Game class is 'ThirdPersonGameMode_C'
[2017.12.19-14.18.19:214][505]LogWorld: Bringing World /Game/Maps/UEDPIE_0_Step3.Step3 up for play (max tick rate 0) at 2017.12.19-23.18.19
[2017.12.19-14.18.19:215][505]LogWorld: Bringing up level for play took: 0.002628
[2017.12.19-14.18.19:492][505]LogContentBrowser: Native class hierarchy updated for 'MovieSceneCapture' in 0.0009 seconds. Added 11 classes and 0 folders.
[2017.12.19-14.18.19:509][505]PIE: /Game/Maps/UEDPIE_0_Step3 에 대한 에디터에서 플레이 시작 시간: 3.2
[2017.12.19-14.18.49:338][378]LogAIModule: Creating AISystem for world Step3
[2017.12.19-14.18.49:354][378]Cmd: OBJ SAVEPACKAGE PACKAGE="/Game/Share/JYD/Maps/Step3" FILE="D:/Project/Unreal4/BPRPG1/Content/Share/JYD/Maps/Step3.umap" SILENT=true AUTOSAVING=false KEEPDIRTY=false
[2017.12.19-14.18.49:516][378]LogSavePackage: Save=120.13ms
[2017.12.19-14.18.49:516][378]LogSavePackage: Moving 'D:/Project/Unreal4/BPRPG1/Saved/Step3BF6854784AA1EBDBFB436D8A398799F2.tmp' to 'D:/Project/Unreal4/BPRPG1/Content/Share/JYD/Maps/Step3.umap'
[2017.12.19-14.18.49:531][378]LogSavePackage: Display: Finished SavePackage D:/Project/Unreal4/BPRPG1/Content/Share/JYD/Maps/Step3.umap
[2017.12.19-14.18.49:551][378]Cmd: OBJ SAVEPACKAGE PACKAGE="/Game/Share/JYD/Maps/Step3_BuiltData" FILE="D:/Project/Unreal4/BPRPG1/Content/Share/JYD/Maps/Step3_BuiltData.uasset" SILENT=true
[2017.12.19-14.18.49:721][378]LogSavePackage: Save=164.43ms
[2017.12.19-14.18.49:721][378]LogSavePackage: Moving 'D:/Project/Unreal4/BPRPG1/Saved/Step3_BuiltDataF2AE3A8944C4E6303F54EEAE161B2893.tmp' to 'D:/Project/Unreal4/BPRPG1/Content/Share/JYD/Maps/Step3_BuiltData.uasset'
[2017.12.19-14.18.49:724][378]LogSavePackage: Display: Finished SavePackage D:/Project/Unreal4/BPRPG1/Content/Share/JYD/Maps/Step3_BuiltData.uasset
[2017.12.19-14.18.49:741][378]LogFileHelpers: Saving map 'Step3' took 1.704
[2017.12.19-14.18.49:746][378]Cmd: MAP LOAD FILE="D:/Project/Unreal4/BPRPG1/Content/Share/JYD/Maps/Step3.umap" TEMPLATE=0 SHOWPROGRESS=1 FEATURELEVEL=3
[2017.12.19-14.18.49:847][378]LightingResults: New page: 라이팅 빌드
[2017.12.19-14.18.49:850][378]LoadErrors: New page: 맵 로드중: Step3.umap
[2017.12.19-14.18.49:857][378]MapCheck: New page: 맵 체크
[2017.12.19-14.18.49:857][378]LightingResults: New page: 라이팅 빌드
[2017.12.19-14.18.50:155][378]LogEditorServer: Finished looking for orphan Actors (0.000 secs)
[2017.12.19-14.18.50:319][378]Cmd: MAP CHECKDEP NOCLEARLOG
[2017.12.19-14.18.50:641][378]MapCheck: 맵 체크 완료: 오류 0 회, 경고 0 회, 소요 시간 321.961ms.
[2017.12.19-14.18.50:642][378]LogFileHelpers: Loading map 'Step3' took 0.901
[2017.12.19-14.19.49:310][911]LogActorFactory: Actor Factory created SM_Plains_Angel_Statue_01_nobase_torch
[2017.12.19-14.19.51:559][998]LogActorFactory: Actor Factory created SM_Plains_Angel_Statue_01_nobase_torch
[2017.12.19-14.19.54:095][ 93]LogEditorViewport: Clicking on Actor (LMB): StaticMeshActor (SM_Plains_Angel_Statue_01_nobase_torch)
[2017.12.19-14.19.54:240][ 97]Cmd: DELETE
[2017.12.19-14.19.54:240][ 97]Cmd: ACTOR DELETE
[2017.12.19-14.19.54:253][ 97]LogEditorActor: Deleted Actor: StaticMeshActor
[2017.12.19-14.19.54:288][ 97]LogEditorActor: Deleted 1 Actors (0.043 secs)
[2017.12.19-14.20.01:566][258]LogActorFactory: Actor Factory created SM_Plains_Angel_Statue_01
[2017.12.19-14.20.13:365][801]LogActorFactory: Actor Factory created SM_Plains_Angel_Statue_01
[2017.12.19-14.20.29:061][383]Cmd: CAMERA ALIGN ACTIVEVIEWPORTONLY
[2017.12.19-14.21.00:614][582]LogTemp: Repeating last play command: 선택된 뷰포트
[2017.12.19-14.21.00:690][582]LogPlayLevel: PlayLevel: No blueprints needed recompiling
[2017.12.19-14.21.00:690][582]PIE: New page: PIE 세션: Step3 (2017. 12. 20. 오전 8:21:00)
[2017.12.19-14.21.00:690][582]LogPlayLevel: Creating play world package: /Game/Share/JYD/Maps/UEDPIE_0_Step3
[2017.12.19-14.21.00:696][582]LogPlayLevel: PIE: StaticDuplicateObject took: (0.005787s)
[2017.12.19-14.21.00:698][582]LogAIModule: Creating AISystem for world Step3
[2017.12.19-14.21.00:699][582]LogPlayLevel: PIE: World Init took: (0.002546s)
[2017.12.19-14.21.00:699][582]LogPlayLevel: PIE: Created PIE world by copying editor world from /Game/Share/JYD/Maps/Step3.Step3 to /Game/Share/JYD/Maps/UEDPIE_0_Step3.Step3 (0.009132s)
[2017.12.19-14.21.00:878][582]LogInit: XAudio2 using '스피커 / 헤드폰(Realtek High Definition Audio)' : 2 channels at 48 kHz using 32 bits per sample (channel mask 0x3)
[2017.12.19-14.21.01:126][582]LogInit: FAudioDevice initialized.
[2017.12.19-14.21.01:178][582]LogLoad: Game class is 'ThirdPersonGameMode_C'
[2017.12.19-14.21.01:183][582]LogWorld: Bringing World /Game/Share/JYD/Maps/UEDPIE_0_Step3.Step3 up for play (max tick rate 0) at 2017.12.19-23.21.01
[2017.12.19-14.21.01:183][582]LogWorld: Bringing up level for play took: 0.002572
[2017.12.19-14.21.01:189][582]PIE: /Game/Share/JYD/Maps/UEDPIE_0_Step3 에 대한 에디터에서 플레이 시작 시간: 0.881
[2017.12.19-14.22.09:915][445]LogActorFactory: Actor Factory created SM_Plains_Castle_Stairs_01
[2017.12.19-14.22.11:794][465]LogActorFactory: Actor Factory created SM_Plains_Castle_Stairs_01
[2017.12.19-14.22.13:387][490]LogActorFactory: Actor Factory created SM_Plains_Castle_Stairs_01
[2017.12.19-14.22.32:047][808]LogTemp: Repeating last play command: 선택된 뷰포트
[2017.12.19-14.22.32:121][808]LogPlayLevel: PlayLevel: No blueprints needed recompiling
[2017.12.19-14.22.32:121][808]PIE: New page: PIE 세션: Step3 (2017. 12. 20. 오전 8:22:32)
[2017.12.19-14.22.32:121][808]LogPlayLevel: Creating play world package: /Game/Share/JYD/Maps/UEDPIE_0_Step3
[2017.12.19-14.22.32:129][808]LogPlayLevel: PIE: StaticDuplicateObject took: (0.007344s)
[2017.12.19-14.22.32:131][808]LogAIModule: Creating AISystem for world Step3
[2017.12.19-14.22.32:132][808]LogPlayLevel: PIE: World Init took: (0.002554s)
[2017.12.19-14.22.32:132][808]LogPlayLevel: PIE: Created PIE world by copying editor world from /Game/Share/JYD/Maps/Step3.Step3 to /Game/Share/JYD/Maps/UEDPIE_0_Step3.Step3 (0.010725s)
[2017.12.19-14.22.32:316][808]LogInit: XAudio2 using '스피커 / 헤드폰(Realtek High Definition Audio)' : 2 channels at 48 kHz using 32 bits per sample (channel mask 0x3)
[2017.12.19-14.22.32:546][808]LogInit: FAudioDevice initialized.
[2017.12.19-14.22.32:591][808]LogLoad: Game class is 'ThirdPersonGameMode_C'
[2017.12.19-14.22.32:596][808]LogWorld: Bringing World /Game/Share/JYD/Maps/UEDPIE_0_Step3.Step3 up for play (max tick rate 0) at 2017.12.19-23.22.32
[2017.12.19-14.22.32:596][808]LogWorld: Bringing up level for play took: 0.002642
[2017.12.19-14.22.32:604][808]PIE: /Game/Share/JYD/Maps/UEDPIE_0_Step3 에 대한 에디터에서 플레이 시작 시간: 0.295
[2017.12.19-14.24.10:387][639]LogTemp: Repeating last play command: 선택된 뷰포트
[2017.12.19-14.24.10:461][639]LogPlayLevel: PlayLevel: No blueprints needed recompiling
[2017.12.19-14.24.10:462][639]PIE: New page: PIE 세션: Step3 (2017. 12. 20. 오전 8:24:10)
[2017.12.19-14.24.10:462][639]LogPlayLevel: Creating play world package: /Game/Share/JYD/Maps/UEDPIE_0_Step3
[2017.12.19-14.24.10:468][639]LogPlayLevel: PIE: StaticDuplicateObject took: (0.006295s)
[2017.12.19-14.24.10:470][639]LogAIModule: Creating AISystem for world Step3
[2017.12.19-14.24.10:471][639]LogPlayLevel: PIE: World Init took: (0.001848s)
[2017.12.19-14.24.10:471][639]LogPlayLevel: PIE: Created PIE world by copying editor world from /Game/Share/JYD/Maps/Step3.Step3 to /Game/Share/JYD/Maps/UEDPIE_0_Step3.Step3 (0.008935s)
[2017.12.19-14.24.10:639][639]LogInit: XAudio2 using '스피커 / 헤드폰(Realtek High Definition Audio)' : 2 channels at 48 kHz using 32 bits per sample (channel mask 0x3)
[2017.12.19-14.24.10:877][639]LogInit: FAudioDevice initialized.
[2017.12.19-14.24.10:927][639]LogLoad: Game class is 'ThirdPersonGameMode_C'
[2017.12.19-14.24.10:931][639]LogWorld: Bringing World /Game/Share/JYD/Maps/UEDPIE_0_Step3.Step3 up for play (max tick rate 0) at 2017.12.19-23.24.10
[2017.12.19-14.24.10:932][639]LogWorld: Bringing up level for play took: 0.002266
[2017.12.19-14.24.10:940][639]PIE: /Game/Share/JYD/Maps/UEDPIE_0_Step3 에 대한 에디터에서 플레이 시작 시간: 0.631
[2017.12.19-14.24.14:321][692]MapCheck: New page: 맵 체크
[2017.12.19-14.24.14:742][692]Cmd: MAP REBUILD ALLVISIBLE
[2017.12.19-14.24.14:743][692]LogEditorServer: Rebuildmap Clear paths rebuilt
[2017.12.19-14.24.15:686][692]LogMaterial: Missing cached shader map for material FDebugViewModeMaterialProxy WorldGridMaterial, compiling. Is special engine material.
[2017.12.19-14.24.15:717][692]LogMaterial: Missing cached shader map for material FDebugViewModeMaterialProxy MaterialInstanceDynamic_4, compiling. 
[2017.12.19-14.24.15:742][692]LogMaterial: Missing cached shader map for material FDebugViewModeMaterialProxy M_Plains_Floors_Block, compiling. 
[2017.12.19-14.24.15:764][692]LogMaterial: Missing cached shader map for material FDebugViewModeMaterialProxy M_Plains_StoneWall, compiling. 
[2017.12.19-14.24.15:788][692]LogMaterial: Missing cached shader map for material FDebugViewModeMaterialProxy M_Plains_Pillars, compiling. 
[2017.12.19-14.24.15:811][692]LogMaterial: Missing cached shader map for material FDebugViewModeMaterialProxy M_Plains_Angel_Statue, compiling. 
[2017.12.19-14.24.15:837][692]LogMaterial: Missing cached shader map for material FDebugViewModeMaterialProxy M_Plains_Pillars03, compiling. 
[2017.12.19-14.24.18:105][692]TextureStreamingBuild: Display: Compiling optional shaders took 2.446 seconds.
[2017.12.19-14.24.18:124][692]LogLevel: Display: Export Material TexCoord Scales took 0.018 seconds.
[2017.12.19-14.24.18:138][692]TextureStreamingBuild: Display: Build Texture Streaming took 0.014 seconds.
[2017.12.19-14.24.18:162][692]LightingResults: New page: 라이팅 빌드 - 2017. 12. 20. 오전 8:24:18
[2017.12.19-14.24.18:298][692]LogSwarmInterface: [OpenConnection] Registering TCP channel ...
[2017.12.19-14.24.21:008][692]LogSwarmInterface: [OpenConnection] Connecting to agent ...
[2017.12.19-14.24.21:065][692]LogSwarmInterface: [TryOpenConnection] Testing the Agent
[2017.12.19-14.24.23:149][692]LogSwarmInterface: Error: [TryOpenConnection] Waiting for the agent to start up ...
[2017.12.19-14.24.23:165][692]LogSwarmInterface: Error: System.Net.Sockets.SocketException (0x80004005): 대상 컴퓨터에서 연결을 거부했으므로 연결하지 못했습니다 127.0.0.1:8008

Server stack trace: 
   위치: System.Net.Sockets.Socket.DoConnect(EndPoint endPointSnapshot, SocketAddress socketAddress)
   위치: System.Net.Sockets.Socket.Connect(EndPoint remoteEP)
   위치: System.Runtime.Remoting.Channels.RemoteConnection.CreateNewSocket(EndPoint ipEndPoint)
   위치: System.Runtime.Remoting.Channels.SocketCache.GetSocket(String machinePortAndSid, Boolean openNew)
   위치: System.Runtime.Remoting.Channels.Tcp.TcpClientTransportSink.SendRequestWithRetry(IMessage msg, ITransportHeaders requestHeaders, Stream requestStream)
   위치: System.Runtime.Remoting.Channels.Tcp.TcpClientTransportSink.AsyncProcessRequest(IClientChannelSinkStack sinkStack, IMessage msg, ITransportHeaders headers, Stream stream)
   위치: System.Runtime.Remoting.Channels.BinaryClientFormatterSink.AsyncProcessMessage(IMessage msg, IMessageSink replySink)

Exception rethrown at [0]: 
   위치: System.Runtime.Remoting.Proxies.RealProxy.HandleReturnMessage(IMessage reqMsg, IMessage retMsg)
   위치: System.Runtime.Remoting.Proxies.RealProxy.PrivateInvoke(MessageData& msgData, Int32 type)
   위치: NSwarm.IAgentInterfaceWrapper.MethodDelegate.EndInvoke(Hashtable& OutParameters, IAsyncResult result)
   위치: NSwarm.FSwarmInterface.TryOpenConnection(FConnectionCallback CallbackFunc, IntPtr CallbackData, ELogFlags LoggingFlags)
[2017.12.19-14.24.28:235][692]LogSwarmInterface: [TryOpenConnection] Opening Connection to Agent
[2017.12.19-14.24.28:235][692]LogSwarmInterface: [TryOpenConnection] Local Process ID is 20084
[2017.12.19-14.24.29:105][692]LogStaticLightingSystem: Warning: No importance volume found, so the scene bounding box was used.  You can optimize your scene's quality and lighting build times by adding importance volumes.
[2017.12.19-14.24.29:105][692]LogStaticLightingSystem: Running Lightmass w/ ImmediateImport mode ENABLED
[2017.12.19-14.24.29:105][692]LogStaticLightingSystem: Running Lightmass w/ ImmediateProcess mode ENABLED
[2017.12.19-14.24.29:105][692]LogStaticLightingSystem: Running Lightmass w/ Sorting mode ENABLED
[2017.12.19-14.24.29:106][692]LogStaticLightingSystem: Running Lightmass w/ Mapping paddings ENABLED
[2017.12.19-14.24.29:106][692]LogStaticLightingSystem: Running Lightmass w/ Mapping debug paddings DISABLED
[2017.12.19-14.24.30:216][692]Cmd: MAP CHECK DONTDISPLAYDIALOG
[2017.12.19-14.24.30:216][692]MapCheck: New page: Step3 - 2017. 12. 20. 오전 8:24:30
[2017.12.19-14.24.30:325][692]MapCheck: Error: WorldSettings_1 맵 라이팅을 리빌드해야 합니다. 
[2017.12.19-14.24.30:651][692]MapCheck: 맵 체크 완료: 오류 1 회, 경고 0 회, 소요 시간 434.006ms.
[2017.12.19-14.24.30:675][692]LogEditorBuildUtils: Build time 0:16
[2017.12.19-14.24.31:536][693]LogMaterial: Missing cached shader map for material FLightmassMaterialRenderer M_Plains_Angel_Statue, compiling. 
[2017.12.19-14.24.31:575][693]LogMaterial: Missing cached shader map for material FLightmassMaterialRenderer M_Plains_Angel_Statue, compiling. 
[2017.12.19-14.24.31:714][694]LogMaterial: Missing cached shader map for material FLightmassMaterialRenderer M_Plains_Pillars03, compiling. 
[2017.12.19-14.24.31:742][694]LogMaterial: Missing cached shader map for material FLightmassMaterialRenderer M_Plains_Pillars03, compiling. 
[2017.12.19-14.24.51:892][819]LightingResults: Warning: SM_SQUARE 오브젝트에 겹치는 UV 가 있습니다.
[2017.12.19-14.24.51:892][819]LightingResults: SM_SQUARE Lightmap UV are overlapping by 1.9%. Please adjust content - Enable Error Coloring to visualize.
[2017.12.19-14.24.52:217][820]Job is a success!
[2017.12.19-14.24.53:240][821]LogVolumetricLightmapImport: Imported Volumetric Lightmap in 0.051s
[2017.12.19-14.24.53:240][821]LogVolumetricLightmapImport:      Indirection Texture 16x16x16 = 0.0Mb
[2017.12.19-14.24.53:240][821]LogVolumetricLightmapImport:      BrickData 170x5x5 = 0.1Mb
[2017.12.19-14.24.53:240][821]LogVolumetricLightmapImport:      Bricks at Level
[2017.12.19-14.24.53:240][821]LogVolumetricLightmapImport:          0: 2.9% covering 100.0% of volume
[2017.12.19-14.24.53:240][821]LogVolumetricLightmapImport:          1: 2.9% covering 1.6% of volume
[2017.12.19-14.24.53:240][821]LogVolumetricLightmapImport:          2: 94.1% covering 0.8% of volume
[2017.12.19-14.24.54:323][821]LogTexture: Display: 텍스처 빌드: LQ_Lightmap_0_1 (DXT1, 512X512)
[2017.12.19-14.24.54:323][821]LogTexture: Display: 텍스처 빌드: HQ_Lightmap0_1 (AutoDXT, 512X512)
[2017.12.19-14.24.54:323][821]LogTexture: Display: 텍스처 빌드: LQ_Lightmap_0_2 (DXT1, 64X64)
[2017.12.19-14.24.54:323][821]LogTexture: Display: 텍스처 빌드: HQ_Lightmap0_2 (AutoDXT, 64X64)
[2017.12.19-14.24.54:477][821]LogTexture: Display: 텍스처 빌드: ShadowMapTexture2D_1 (G8, 32X32)
[2017.12.19-14.24.54:477][821]LogTexture: Display: 텍스처 빌드: ShadowMapTexture2D_0 (G8, 512X256)
[2017.12.19-14.24.54:852][821]Lightmass on JYD: 16.5 sec total, 1.57 sec importing, 185 ms setup, 4.01 sec photons, 10.6 sec processing, 0 ms extra exporting [4/4 mappings]. Threads: 1:14 min total, 11.7 sec processing.
[2017.12.19-14.24.55:267][821]LogStaticLightingSystem: Illumination: 36.6 sec (784 ms encoding lightmaps, 151 ms encoding shadowmaps)
[2017.12.19-14.24.55:268][821]LogStaticLightingSystem: Lightmap texture memory:  0.5 MB (0.5 MB streaming, 0.0 MB non-streaming), 4 textures
[2017.12.19-14.24.55:268][821]LogStaticLightingSystem: Shadowmap texture memory: 0.2 MB (0.2 MB streaming, 0.0 MB non-streaming), 2 textures
[2017.12.19-14.25.01:082][821]DumpUnbuiltLightIteractions
[2017.12.19-14.25.01:082][821]Lights with unbuilt interactions: 0
[2017.12.19-14.25.01:082][821]
[2017.12.19-14.25.01:082][821]Primitives with unbuilt interactions: 0
[2017.12.19-14.25.01:117][822]Cmd: MAP CHECK NOTIFYRESULTS
[2017.12.19-14.25.01:117][822]MapCheck: New page: Step3 - 2017. 12. 20. 오전 8:25:01
[2017.12.19-14.25.01:491][822]MapCheck: 맵 체크 완료: 오류 0 회, 경고 0 회, 소요 시간 374ms.
[2017.12.19-14.25.06:936][895]LogTemp: Repeating last play command: 선택된 뷰포트
[2017.12.19-14.25.07:017][895]LogPlayLevel: PlayLevel: No blueprints needed recompiling
[2017.12.19-14.25.07:018][895]PIE: New page: PIE 세션: Step3 (2017. 12. 20. 오전 8:25:07)
[2017.12.19-14.25.07:018][895]LogPlayLevel: Creating play world package: /Game/Share/JYD/Maps/UEDPIE_0_Step3
[2017.12.19-14.25.07:026][895]LogPlayLevel: PIE: StaticDuplicateObject took: (0.007249s)
[2017.12.19-14.25.07:027][895]LogAIModule: Creating AISystem for world Step3
[2017.12.19-14.25.07:028][895]LogPlayLevel: PIE: World Init took: (0.001924s)
[2017.12.19-14.25.07:028][895]LogPlayLevel: PIE: Created PIE world by copying editor world from /Game/Share/JYD/Maps/Step3.Step3 to /Game/Share/JYD/Maps/UEDPIE_0_Step3.Step3 (0.009914s)
[2017.12.19-14.25.07:233][895]LogInit: XAudio2 using '스피커 / 헤드폰(Realtek High Definition Audio)' : 2 channels at 48 kHz using 32 bits per sample (channel mask 0x3)
[2017.12.19-14.25.07:446][895]LogInit: FAudioDevice initialized.
[2017.12.19-14.25.07:492][895]LogLoad: Game class is 'ThirdPersonGameMode_C'
[2017.12.19-14.25.07:496][895]LogWorld: Bringing World /Game/Share/JYD/Maps/UEDPIE_0_Step3.Step3 up for play (max tick rate 0) at 2017.12.19-23.25.07
[2017.12.19-14.25.07:496][895]LogWorld: Bringing up level for play took: 0.002283
[2017.12.19-14.25.07:502][895]PIE: /Game/Share/JYD/Maps/UEDPIE_0_Step3 에 대한 에디터에서 플레이 시작 시간: 1.193
[2017.12.19-14.25.11:698][965]LogEditorViewport: Clicking on Actor (LMB): StaticMeshActor (SM_Plains_Castle_Stairs_01)
[2017.12.19-14.25.12:860][984]Cmd: DELETE
[2017.12.19-14.25.12:860][984]Cmd: ACTOR DELETE
[2017.12.19-14.25.12:865][984]LogEditorActor: Deleted Actor: StaticMeshActor
[2017.12.19-14.25.12:901][984]LogEditorActor: Deleted 1 Actors (0.040 secs)
[2017.12.19-14.25.15:862][ 37]LogTemp: Repeating last play command: 선택된 뷰포트
[2017.12.19-14.25.15:938][ 37]LogPlayLevel: PlayLevel: No blueprints needed recompiling
[2017.12.19-14.25.15:939][ 37]PIE: New page: PIE 세션: Step3 (2017. 12. 20. 오전 8:25:15)
[2017.12.19-14.25.15:939][ 37]LogPlayLevel: Creating play world package: /Game/Share/JYD/Maps/UEDPIE_0_Step3
[2017.12.19-14.25.15:947][ 37]LogPlayLevel: PIE: StaticDuplicateObject took: (0.007397s)
[2017.12.19-14.25.15:949][ 37]LogAIModule: Creating AISystem for world Step3
[2017.12.19-14.25.15:949][ 37]LogPlayLevel: PIE: World Init took: (0.002114s)
[2017.12.19-14.25.15:949][ 37]LogPlayLevel: PIE: Created PIE world by copying editor world from /Game/Share/JYD/Maps/Step3.Step3 to /Game/Share/JYD/Maps/UEDPIE_0_Step3.Step3 (0.010287s)
[2017.12.19-14.25.16:127][ 37]LogInit: XAudio2 using '스피커 / 헤드폰(Realtek High Definition Audio)' : 2 channels at 48 kHz using 32 bits per sample (channel mask 0x3)
[2017.12.19-14.25.16:356][ 37]LogInit: FAudioDevice initialized.
[2017.12.19-14.25.16:407][ 37]LogLoad: Game class is 'ThirdPersonGameMode_C'
[2017.12.19-14.25.16:411][ 37]LogWorld: Bringing World /Game/Share/JYD/Maps/UEDPIE_0_Step3.Step3 up for play (max tick rate 0) at 2017.12.19-23.25.16
[2017.12.19-14.25.16:412][ 37]LogWorld: Bringing up level for play took: 0.002270
[2017.12.19-14.25.16:418][ 37]PIE: /Game/Share/JYD/Maps/UEDPIE_0_Step3 에 대한 에디터에서 플레이 시작 시간: 0.11
[2017.12.19-14.28.36:164][795]Cmd: OBJ SAVEPACKAGE PACKAGE="/Game/Share/JYD/Maps/Step3" FILE="D:/Project/Unreal4/BPRPG1/Content/Share/JYD/Maps/Step3.umap" SILENT=true AUTOSAVING=false KEEPDIRTY=false
[2017.12.19-14.28.36:776][795]LogSavePackage: Save=142.82ms
[2017.12.19-14.28.36:776][795]LogSavePackage: Moving 'D:/Project/Unreal4/BPRPG1/Saved/Step3299CD1014EAB5D820ADBD0AB57182989.tmp' to 'D:/Project/Unreal4/BPRPG1/Content/Share/JYD/Maps/Step3.umap'
[2017.12.19-14.28.36:792][795]LogSavePackage: Display: Finished SavePackage D:/Project/Unreal4/BPRPG1/Content/Share/JYD/Maps/Step3.umap
[2017.12.19-14.28.36:962][795]LogFileHelpers: Saving map 'Step3' took 1.148
[2017.12.19-14.28.37:097][795]Cmd: OBJ SAVEPACKAGE PACKAGE="/Game/Share/JYD/Maps/Step3_BuiltData" FILE="D:/Project/Unreal4/BPRPG1/Content/Share/JYD/Maps/Step3_BuiltData.uasset" SILENT=true
[2017.12.19-14.28.37:325][795]LogSavePackage: Save=198.39ms
[2017.12.19-14.28.37:325][795]LogSavePackage: Moving 'D:/Project/Unreal4/BPRPG1/Saved/Step3_BuiltDataB3B51254481364057887FC8520441937.tmp' to 'D:/Project/Unreal4/BPRPG1/Content/Share/JYD/Maps/Step3_BuiltData.uasset'
[2017.12.19-14.28.37:334][795]LogSavePackage: Display: Finished SavePackage D:/Project/Unreal4/BPRPG1/Content/Share/JYD/Maps/Step3_BuiltData.uasset
[2017.12.19-14.28.39:519][823]Cmd: QUIT_EDITOR
[2017.12.19-14.28.40:380][823]LogWindowsTextInputMethodSystem: Display: IME system now activated using TSF (Microsoft 입력기).
[2017.12.19-14.28.40:419][823]LogExit: Preparing to exit.
[2017.12.19-14.28.41:082][823]LogExit: Editor shut down
[2017.12.19-14.28.41:093][823]LogExit: Transaction tracking system shut down
[2017.12.19-14.28.41:448][823]LogDirectoryWatcher: A directory notification for '../../../Engine/Content/' was aborted.
[2017.12.19-14.28.41:448][823]LogDirectoryWatcher: A directory notification for 'D:/Project/Unreal4/BPRPG1/Content/' was aborted.
[2017.12.19-14.28.41:449][823]LogDirectoryWatcher: A directory notification for '../../../Engine/Plugins/2D/Paper2D/Content/' was aborted.
[2017.12.19-14.28.41:449][823]LogDirectoryWatcher: A directory notification for '../../../Engine/Plugins/Media/MediaCompositing/Content/' was aborted.
[2017.12.19-14.28.41:449][823]LogDirectoryWatcher: A directory notification for '../../../Engine/Plugins/Runtime/AppleARKit/Content/' was aborted.
[2017.12.19-14.28.41:450][823]LogDirectoryWatcher: A directory notification for '../../../Engine/Plugins/Runtime/Oculus/OculusVR/Content/' was aborted.
[2017.12.19-14.28.41:450][823]LogDirectoryWatcher: A directory notification for '../../../Engine/Plugins/Runtime/Steam/SteamVR/Content/' was aborted.
[2017.12.19-14.28.41:587][823]LogExit: Object subsystem successfully closed.
[2017.12.19-14.28.41:629][823]LogD3D11RHI: Shutdown
[2017.12.19-14.28.41:630][823]LogD3D11RHI: CleanupD3DDevice
[2017.12.19-14.28.41:637][823]LogD3D11RHI: ~FD3D11DynamicRHI
[2017.12.19-14.28.41:722][823]LogModuleManager: Shutting down and abandoning module HierarchicalLODUtilities (552)
[2017.12.19-14.28.41:722][823]LogModuleManager: Shutting down and abandoning module MovieSceneCapture (550)
[2017.12.19-14.28.41:722][823]LogModuleManager: Shutting down and abandoning module HierarchicalLODOutliner (548)
[2017.12.19-14.28.41:722][823]LogModuleManager: Shutting down and abandoning module SceneOutliner (546)
[2017.12.19-14.28.41:723][823]LogModuleManager: Shutting down and abandoning module AddContentDialog (544)
[2017.12.19-14.28.41:723][823]LogDirectoryWatcher: A directory notification for 'C:/Program Files/Epic Games/UE_4.18/FeaturePacks/' was aborted.
[2017.12.19-14.28.41:725][823]LogModuleManager: Shutting down and abandoning module WidgetCarousel (543)
[2017.12.19-14.28.41:726][823]LogModuleManager: Shutting down and abandoning module EditorWidgets (540)
[2017.12.19-14.28.41:726][823]LogModuleManager: Shutting down and abandoning module CollectionManager (538)
[2017.12.19-14.28.41:726][823]LogDirectoryWatcher: A directory notification for 'D:/Project/Unreal4/BPRPG1/Content/Collections/' was aborted.
[2017.12.19-14.28.41:726][823]LogDirectoryWatcher: A directory notification for 'D:/Project/Unreal4/BPRPG1/Content/Developers/mapl0/Collections/' was aborted.
[2017.12.19-14.28.41:726][823]LogDirectoryWatcher: A directory notification for 'D:/Project/Unreal4/BPRPG1/Saved/Collections/' was aborted.
[2017.12.19-14.28.41:727][823]LogModuleManager: Shutting down and abandoning module StatsViewer (536)
[2017.12.19-14.28.41:727][823]LogModuleManager: Shutting down and abandoning module FoliageEdit (534)
[2017.12.19-14.28.41:727][823]LogModuleManager: Shutting down and abandoning module LandscapeEditor (532)
[2017.12.19-14.28.41:727][823]LogModuleManager: Shutting down and abandoning module MeshPaintMode (530)
[2017.12.19-14.28.41:727][823]LogModuleManager: Shutting down and abandoning module SceneDepthPickerMode (528)
[2017.12.19-14.28.41:727][823]LogModuleManager: Shutting down and abandoning module ActorPickerMode (526)
[2017.12.19-14.28.41:727][823]LogModuleManager: Shutting down and abandoning module GeometryMode (524)
[2017.12.19-14.28.41:727][823]LogModuleManager: Shutting down and abandoning module TextureAlignMode (522)
[2017.12.19-14.28.41:727][823]LogModuleManager: Shutting down and abandoning module BspMode (520)
[2017.12.19-14.28.41:727][823]LogModuleManager: Shutting down and abandoning module PIEPreviewDeviceProfileSelector (518)
[2017.12.19-14.28.41:728][823]LogModuleManager: Shutting down and abandoning module HardwareSurvey (516)
[2017.12.19-14.28.41:728][823]LogModuleManager: Shutting down and abandoning module SequenceRecorderSections (514)
[2017.12.19-14.28.41:728][823]LogModuleManager: Shutting down and abandoning module AutomationWorker (512)
[2017.12.19-14.28.41:728][823]LogModuleManager: Shutting down and abandoning module MatineeToLevelSequence (510)
[2017.12.19-14.28.41:728][823]LogModuleManager: Shutting down and abandoning module LevelSequenceEditor (508)
[2017.12.19-14.28.41:728][823]LogModuleManager: Shutting down and abandoning module PlacementMode (507)
[2017.12.19-14.28.41:728][823]LogModuleManager: Shutting down and abandoning module WmfMediaFactory (504)
[2017.12.19-14.28.41:728][823]LogModuleManager: Shutting down and abandoning module WmfMediaEditor (502)
[2017.12.19-14.28.41:729][823]LogModuleManager: Shutting down and abandoning module OpenExrWrapper (500)
[2017.12.19-14.28.41:729][823]LogModuleManager: Shutting down and abandoning module ImgMediaFactory (498)
[2017.12.19-14.28.41:729][823]LogModuleManager: Shutting down and abandoning module ImgMediaEditor (496)
[2017.12.19-14.28.41:729][823]LogModuleManager: Shutting down and abandoning module AvfMediaFactory (494)
[2017.12.19-14.28.41:729][823]LogModuleManager: Shutting down and abandoning module AvfMediaEditor (492)
[2017.12.19-14.28.41:729][823]LogModuleManager: Shutting down and abandoning module AndroidMediaFactory (490)
[2017.12.19-14.28.41:729][823]LogModuleManager: Shutting down and abandoning module AndroidMediaEditor (488)
[2017.12.19-14.28.41:729][823]LogModuleManager: Shutting down and abandoning module CharacterAI (486)
[2017.12.19-14.28.41:729][823]LogModuleManager: Shutting down and abandoning module AudioCapture (484)
[2017.12.19-14.28.41:729][823]LogModuleManager: Shutting down and abandoning module SequenceRecorder (483)
[2017.12.19-14.28.41:729][823]LogModuleManager: Shutting down and abandoning module SmartSnapping (480)
[2017.12.19-14.28.41:729][823]LogModuleManager: Shutting down and abandoning module SessionServices (478)
[2017.12.19-14.28.41:729][823]LogModuleManager: Shutting down and abandoning module ViewportSnapping (476)
[2017.12.19-14.28.41:729][823]LogModuleManager: Shutting down and abandoning module ViewportInteraction (474)
[2017.12.19-14.28.41:730][823]LogModuleManager: Shutting down and abandoning module ClothPainter (472)
[2017.12.19-14.28.41:730][823]LogModuleManager: Shutting down and abandoning module SkeletalMeshEditor (471)
[2017.12.19-14.28.41:730][823]LogModuleManager: Shutting down and abandoning module LogVisualizer (468)
[2017.12.19-14.28.41:730][823]LogModuleManager: Shutting down and abandoning module IntroTutorials (466)
[2017.12.19-14.28.41:730][823]LogModuleManager: Shutting down and abandoning module GameProjectGeneration (465)
[2017.12.19-14.28.41:730][823]LogModuleManager: Shutting down and abandoning module IOSPlatformEditor (462)
[2017.12.19-14.28.41:730][823]LogModuleManager: Shutting down and abandoning module HTML5PlatformEditor (460)
[2017.12.19-14.28.41:730][823]LogModuleManager: Shutting down and abandoning module AndroidPlatformEditor (458)
[2017.12.19-14.28.41:730][823]LogModuleManager: Shutting down and abandoning module AndroidDeviceDetection (457)
[2017.12.19-14.28.42:449][823]LogModuleManager: Shutting down and abandoning module WindowsPlatformEditor (454)
[2017.12.19-14.28.42:451][823]LogModuleManager: Shutting down and abandoning module IOSRuntimeSettings (452)
[2017.12.19-14.28.42:451][823]LogModuleManager: Shutting down and abandoning module AndroidRuntimeSettings (450)
[2017.12.19-14.28.42:451][823]LogModuleManager: Shutting down and abandoning module InputBindingEditor (448)
[2017.12.19-14.28.42:451][823]LogModuleManager: Shutting down and abandoning module MergeActors (446)
[2017.12.19-14.28.42:451][823]LogModuleManager: Shutting down and abandoning module SizeMap (444)
[2017.12.19-14.28.42:451][823]LogModuleManager: Shutting down and abandoning module TreeMap (442)
[2017.12.19-14.28.42:451][823]LogModuleManager: Shutting down and abandoning module ReferenceViewer (440)
[2017.12.19-14.28.42:451][823]LogModuleManager: Shutting down and abandoning module LocalizationDashboard (438)
[2017.12.19-14.28.42:451][823]LogModuleManager: Shutting down and abandoning module LocalizationService (437)
[2017.12.19-14.28.42:451][823]LogModuleManager: Shutting down and abandoning module HardwareTargeting (434)
[2017.12.19-14.28.42:451][823]LogModuleManager: Shutting down and abandoning module DeviceProfileEditor (432)
[2017.12.19-14.28.42:451][823]LogModuleManager: Shutting down and abandoning module UndoHistory (430)
[2017.12.19-14.28.42:451][823]LogModuleManager: Shutting down and abandoning module XmlParser (428)
[2017.12.19-14.28.42:451][823]LogModuleManager: Shutting down and abandoning module Blutility (426)
[2017.12.19-14.28.42:453][823]LogModuleManager: Shutting down and abandoning module ProjectSettingsViewer (424)
[2017.12.19-14.28.42:453][823]LogModuleManager: Shutting down and abandoning module ProjectTargetPlatformEditor (423)
[2017.12.19-14.28.42:453][823]LogModuleManager: Shutting down and abandoning module EditorSettingsViewer (420)
[2017.12.19-14.28.42:453][823]LogModuleManager: Shutting down and abandoning module SettingsEditor (418)
[2017.12.19-14.28.42:454][823]LogModuleManager: Shutting down and abandoning module ProjectLauncher (416)
[2017.12.19-14.28.42:454][823]LogModuleManager: Shutting down and abandoning module SessionFrontend (414)
[2017.12.19-14.28.42:454][823]LogModuleManager: Shutting down and abandoning module ProfilerClient (412)
[2017.12.19-14.28.42:454][823]LogModuleManager: Shutting down and abandoning module DeviceManager (410)
[2017.12.19-14.28.42:454][823]LogModuleManager: Shutting down and abandoning module TargetDeviceServices (409)
[2017.12.19-14.28.42:509][823]LogModuleManager: Shutting down and abandoning module AutomationController (406)
[2017.12.19-14.28.42:509][823]LogModuleManager: Shutting down and abandoning module AutomationWindow (404)
[2017.12.19-14.28.42:509][823]LogModuleManager: Shutting down and abandoning module Layers (402)
[2017.12.19-14.28.42:509][823]LogModuleManager: Shutting down and abandoning module ComponentVisualizers (400)
[2017.12.19-14.28.42:509][823]LogModuleManager: Shutting down and abandoning module DetailCustomizations (398)
[2017.12.19-14.28.42:509][823]LogModuleManager: Shutting down and abandoning module PackagesDialog (396)
[2017.12.19-14.28.42:510][823]LogModuleManager: Shutting down and abandoning module Persona (394)
[2017.12.19-14.28.42:510][823]LogModuleManager: Shutting down and abandoning module AdvancedPreviewScene (393)
[2017.12.19-14.28.42:510][823]LogModuleManager: Shutting down and abandoning module AnimGraph (391)
[2017.12.19-14.28.42:510][823]LogModuleManager: Shutting down and abandoning module Kismet (388)
[2017.12.19-14.28.42:512][823]LogModuleManager: Shutting down and abandoning module ClassViewer (386)
[2017.12.19-14.28.42:513][823]LogModuleManager: Shutting down and abandoning module Toolbox (384)
[2017.12.19-14.28.42:513][823]LogModuleManager: Shutting down and abandoning module ModuleUI (382)
[2017.12.19-14.28.42:513][823]LogModuleManager: Shutting down and abandoning module MovieSceneTools (380)
[2017.12.19-14.28.42:513][823]LogModuleManager: Shutting down and abandoning module OutputLog (378)
[2017.12.19-14.28.42:513][823]LogModuleManager: Shutting down and abandoning module GammaUI (376)
[2017.12.19-14.28.42:513][823]LogModuleManager: Shutting down and abandoning module Documentation (374)
[2017.12.19-14.28.42:513][823]LogModuleManager: Shutting down and abandoning module MovieSceneTracks (372)
[2017.12.19-14.28.42:513][823]LogModuleManager: Shutting down and abandoning module MovieScene (370)
[2017.12.19-14.28.42:514][823]LogModuleManager: Shutting down and abandoning module StreamingPauseRendering (368)
[2017.12.19-14.28.42:514][823]LogModuleManager: Shutting down and abandoning module LauncherPlatform (366)
[2017.12.19-14.28.42:514][823]LogModuleManager: Shutting down and abandoning module AnalyticsET (364)
[2017.12.19-14.28.42:514][823]LogModuleManager: Shutting down and abandoning module PortalServices (362)
[2017.12.19-14.28.42:514][823]LogModuleManager: Shutting down and abandoning module PortalRpc (360)
[2017.12.19-14.28.42:514][823]LogModuleManager: Shutting down and abandoning module MessagingRpc (358)
[2017.12.19-14.28.42:514][823]LogModuleManager: Shutting down and abandoning module AIModule (356)
[2017.12.19-14.28.42:514][823]LogModuleManager: Shutting down and abandoning module GameplayDebugger (355)
[2017.12.19-14.28.42:514][823]LogModuleManager: Shutting down and abandoning module AITestSuite (353)
[2017.12.19-14.28.42:514][823]LogModuleManager: Shutting down and abandoning module DesktopPlatform (350)
[2017.12.19-14.28.42:515][823]LogModuleManager: Shutting down and abandoning module ProfilerService (348)
[2017.12.19-14.28.42:640][823]LogModuleManager: Shutting down and abandoning module TaskGraph (346)
[2017.12.19-14.28.42:641][823]LogModuleManager: Shutting down and abandoning module SteamVRController (344)
[2017.12.19-14.28.42:641][823]LogModuleManager: Shutting down and abandoning module ProceduralMeshComponentEditor (342)
[2017.12.19-14.28.42:641][823]LogModuleManager: Shutting down and abandoning module ProceduralMeshComponent (340)
[2017.12.19-14.28.42:641][823]LogModuleManager: Shutting down and abandoning module OculusInput (338)
[2017.12.19-14.28.42:642][823]LogModuleManager: Shutting down and abandoning module MobilePatchingUtils (336)
[2017.12.19-14.28.42:642][823]LogModuleManager: Shutting down and abandoning module CustomMeshComponent (334)
[2017.12.19-14.28.42:642][823]LogModuleManager: Shutting down and abandoning module CableComponent (332)
[2017.12.19-14.28.42:642][823]LogModuleManager: Shutting down and abandoning module ArchVisCharacter (330)
[2017.12.19-14.28.42:642][823]LogModuleManager: Shutting down and abandoning module AndroidPermission (328)
[2017.12.19-14.28.42:642][823]LogModuleManager: Shutting down and abandoning module ActorSequence (324)
[2017.12.19-14.28.42:642][823]LogModuleManager: Shutting down and abandoning module MediaPlayerEditor (322)
[2017.12.19-14.28.42:643][823]LogModuleManager: Shutting down and abandoning module MediaCompositingEditor (320)
[2017.12.19-14.28.42:643][823]LogModuleManager: Shutting down and abandoning module MediaCompositing (318)
[2017.12.19-14.28.42:643][823]LogModuleManager: Shutting down and abandoning module HTML5Networking (316)
[2017.12.19-14.28.42:643][823]LogModuleManager: Shutting down and abandoning module AlembicImporter (314)
[2017.12.19-14.28.42:643][823]LogModuleManager: Shutting down and abandoning module AlembicLibrary (313)
[2017.12.19-14.28.42:643][823]LogModuleManager: Shutting down and abandoning module GeometryCache (312)
[2017.12.19-14.28.42:644][823]LogModuleManager: Shutting down and abandoning module GeometryCacheEd (311)
[2017.12.19-14.28.42:644][823]LogModuleManager: Shutting down and abandoning module SpeedTreeImporter (306)
[2017.12.19-14.28.42:644][823]LogModuleManager: Shutting down and abandoning module PluginBrowser (304)
[2017.12.19-14.28.42:644][823]LogModuleManager: Shutting down and abandoning module MobileLauncherProfileWizard (302)
[2017.12.19-14.28.42:644][823]LogModuleManager: Shutting down and abandoning module VisualStudioSourceCodeAccess (300)
[2017.12.19-14.28.42:645][823]LogModuleManager: Shutting down and abandoning module VisualStudioCodeSourceCodeAccess (298)
[2017.12.19-14.28.42:645][823]LogModuleManager: Shutting down and abandoning module UObjectPlugin (296)
[2017.12.19-14.28.42:646][823]LogModuleManager: Shutting down and abandoning module SubversionSourceControl (294)
[2017.12.19-14.28.42:646][823]LogModuleManager: Shutting down and abandoning module PerforceSourceControl (292)
[2017.12.19-14.28.42:647][823]LogModuleManager: Shutting down and abandoning module GitSourceControl (290)
[2017.12.19-14.28.42:647][823]LogModuleManager: Shutting down and abandoning module SourceControl (289)
[2017.12.19-14.28.42:647][823]LogModuleManager: Shutting down and abandoning module LightPropagationVolumeEditor (286)
[2017.12.19-14.28.42:648][823]LogModuleManager: Shutting down and abandoning module PaperTiledImporter (284)
[2017.12.19-14.28.42:648][823]LogModuleManager: Shutting down and abandoning module PaperSpriteSheetImporter (282)
[2017.12.19-14.28.42:648][823]LogModuleManager: Shutting down and abandoning module Paper2DEditor (280)
[2017.12.19-14.28.42:648][823]LogModuleManager: Shutting down and abandoning module MeshPaint (279)
[2017.12.19-14.28.42:648][823]LogModuleManager: Shutting down and abandoning module LevelEditor (277)
[2017.12.19-14.28.42:652][823]LogModuleManager: Shutting down and abandoning module PixelInspectorModule (276)
[2017.12.19-14.28.42:652][823]LogModuleManager: Shutting down and abandoning module MainFrame (274)
[2017.12.19-14.28.42:652][823]LogModuleManager: Shutting down and abandoning module HotReload (273)
[2017.12.19-14.28.42:654][823]LogModuleManager: Shutting down and abandoning module RuntimePhysXCooking (268)
[2017.12.19-14.28.42:654][823]LogModuleManager: Shutting down and abandoning module PhysXVehiclesEditor (266)
[2017.12.19-14.28.42:654][823]LogModuleManager: Shutting down and abandoning module PhysXVehicles (264)
[2017.12.19-14.28.42:654][823]LogModuleManager: Shutting down and abandoning module OculusEditor (262)
[2017.12.19-14.28.42:654][823]LogModuleManager: Shutting down and abandoning module LocationServicesBPLibrary (260)
[2017.12.19-14.28.42:654][823]LogModuleManager: Shutting down and abandoning module ImmediatePhysicsEditor (258)
[2017.12.19-14.28.42:655][823]LogModuleManager: Shutting down and abandoning module ImmediatePhysics (256)
[2017.12.19-14.28.42:655][823]LogModuleManager: Shutting down and abandoning module UdpMessaging (254)
[2017.12.19-14.28.42:756][823]LogModuleManager: Shutting down and abandoning module TcpMessaging (252)
[2017.12.19-14.28.42:858][823]LogModuleManager: Shutting down and abandoning module GameplayTagsEditor (250)
[2017.12.19-14.28.42:858][823]LogModuleManager: Shutting down and abandoning module FacialAnimationEditor (248)
[2017.12.19-14.28.42:858][823]LogModuleManager: Shutting down and abandoning module FacialAnimation (246)
[2017.12.19-14.28.42:858][823]LogModuleManager: Shutting down and abandoning module AssetManagerEditor (244)
[2017.12.19-14.28.42:858][823]LogModuleManager: Shutting down and abandoning module GraphEditor (243)
[2017.12.19-14.28.42:858][823]LogModuleManager: Shutting down and abandoning module ContentBrowser (241)
[2017.12.19-14.28.42:861][823]LogModuleManager: Shutting down and abandoning module LightPropagationVolumeRuntime (238)
[2017.12.19-14.28.42:861][823]LogModuleManager: Shutting down and abandoning module Paper2D (236)
[2017.12.19-14.28.42:861][823]LogModuleManager: Shutting down and abandoning module WindowsMoviePlayer (234)
[2017.12.19-14.28.42:861][823]LogModuleManager: Shutting down and abandoning module WmfMedia (232)
[2017.12.19-14.28.42:862][823]LogModuleManager: Shutting down and abandoning module ImgMedia (230)
[2017.12.19-14.28.42:862][823]LogModuleManager: Shutting down and abandoning module PacketHandler (228)
[2017.12.19-14.28.42:862][823]LogModuleManager: Shutting down and abandoning module ClothingSystemEditor (226)
[2017.12.19-14.28.42:862][823]LogModuleManager: Shutting down and abandoning module ClothingSystemRuntime (224)
[2017.12.19-14.28.42:862][823]LogModuleManager: Shutting down and abandoning module MediaAssets (222)
[2017.12.19-14.28.42:862][823]LogModuleManager: Shutting down and abandoning module Media (221)
[2017.12.19-14.28.42:869][823]LogModuleManager: Shutting down and abandoning module Overlay (218)
[2017.12.19-14.28.42:869][823]LogModuleManager: Shutting down and abandoning module OverlayEditor (217)
[2017.12.19-14.28.42:869][823]LogModuleManager: Shutting down and abandoning module VREditor (214)
[2017.12.19-14.28.42:869][823]LogModuleManager: Shutting down and abandoning module StringTableEditor (212)
[2017.12.19-14.28.42:869][823]LogModuleManager: Shutting down and abandoning module GameplayTasksEditor (210)
[2017.12.19-14.28.42:869][823]LogModuleManager: Shutting down and abandoning module BehaviorTreeEditor (208)
[2017.12.19-14.28.42:869][823]LogModuleManager: Shutting down and abandoning module FunctionalTesting (206)
[2017.12.19-14.28.42:869][823]LogModuleManager: Shutting down and abandoning module CollisionAnalyzer (204)
[2017.12.19-14.28.42:870][823]LogModuleManager: Shutting down and abandoning module WorkspaceMenuStructure (203)
[2017.12.19-14.28.42:870][823]LogModuleManager: Shutting down and abandoning module UMG (200)
[2017.12.19-14.28.42:870][823]LogModuleManager: Shutting down and abandoning module UMGEditor (199)
[2017.12.19-14.28.42:870][823]LogModuleManager: Shutting down and abandoning module Sequencer (198)
[2017.12.19-14.28.42:870][823]LogModuleManager: Shutting down and abandoning module MessageLog (195)
[2017.12.19-14.28.42:870][823]LogModuleManager: Shutting down and abandoning module SlateReflector (190)
[2017.12.19-14.28.42:870][823]LogModuleManager: Shutting down and abandoning module Slate (188)
[2017.12.19-14.28.42:870][823]LogModuleManager: Shutting down and abandoning module EditorStyle (186)
[2017.12.19-14.28.42:879][823]LogModuleManager: Shutting down and abandoning module MRMesh (184)
[2017.12.19-14.28.42:879][823]LogModuleManager: Shutting down and abandoning module SourceCodeAccess (182)
[2017.12.19-14.28.42:879][823]LogModuleManager: Shutting down and abandoning module HeadMountedDisplay (180)
[2017.12.19-14.28.42:880][823]LogModuleManager: Shutting down and abandoning module XAudio2 (178)
[2017.12.19-14.28.42:880][823]LogModuleManager: Shutting down and abandoning module Networking (176)
[2017.12.19-14.28.42:880][823]LogModuleManager: Shutting down and abandoning module Core (172)
[2017.12.19-14.28.42:880][823]LogModuleManager: Shutting down and abandoning module LevelSequence (168)
[2017.12.19-14.28.42:880][823]LogModuleManager: Shutting down and abandoning module DirectoryWatcher (166)
[2017.12.19-14.28.42:882][823]LogModuleManager: Shutting down and abandoning module KismetCompiler (164)
[2017.12.19-14.28.42:882][823]LogModuleManager: Shutting down and abandoning module MeshUtilities (162)
[2017.12.19-14.28.42:882][823]LogModuleManager: Shutting down and abandoning module MeshMergeUtilities (161)
[2017.12.19-14.28.42:882][823]LogModuleManager: Shutting down and abandoning module MeshReductionInterface (160)
[2017.12.19-14.28.42:882][823]LogModuleManager: Shutting down and abandoning module SimplygonSwarm (159)
[2017.12.19-14.28.42:882][823]LogModuleManager: Shutting down and abandoning module SimplygonMeshReduction (157)
[2017.12.19-14.28.42:882][823]LogModuleManager: Shutting down and abandoning module QuadricMeshReduction (155)
[2017.12.19-14.28.42:882][823]LogModuleManager: Shutting down and abandoning module MaterialBaking (151)
[2017.12.19-14.28.42:883][823]LogModuleManager: Shutting down and abandoning module DerivedDataCache (148)
[2017.12.19-14.28.42:901][823]LogDerivedDataCache: Shutdown
[2017.12.19-14.28.42:901][823]LogModuleManager: Shutting down and abandoning module TargetPlatform (146)
[2017.12.19-14.28.42:901][823]LogModuleManager: Shutting down and abandoning module VulkanShaderFormat (145)
[2017.12.19-14.28.42:901][823]LogModuleManager: Shutting down and abandoning module ShaderFormatVectorVM (143)
[2017.12.19-14.28.42:901][823]LogModuleManager: Shutting down and abandoning module ShaderFormatOpenGL (141)
[2017.12.19-14.28.42:901][823]LogModuleManager: Shutting down and abandoning module ShaderFormatD3D (139)
[2017.12.19-14.28.42:901][823]LogModuleManager: Shutting down and abandoning module MetalShaderFormat (137)
[2017.12.19-14.28.42:901][823]LogModuleManager: Shutting down and abandoning module TextureFormatUncompressed (135)
[2017.12.19-14.28.42:901][823]LogModuleManager: Shutting down and abandoning module TextureFormatPVR (133)
[2017.12.19-14.28.42:902][823]LogModuleManager: Shutting down and abandoning module TextureFormatDXT (131)
[2017.12.19-14.28.42:902][823]LogModuleManager: Shutting down and abandoning module TextureFormatIntelISPCTexComp (129)
[2017.12.19-14.28.42:902][823]LogModuleManager: Shutting down and abandoning module TextureFormatASTC (127)
[2017.12.19-14.28.42:902][823]LogModuleManager: Shutting down and abandoning module ImageWrapper (126)
[2017.12.19-14.28.42:902][823]LogModuleManager: Shutting down and abandoning module TextureFormatAndroid (123)
[2017.12.19-14.28.42:902][823]LogModuleManager: Shutting down and abandoning module AudioFormatOpus (121)
[2017.12.19-14.28.42:902][823]LogModuleManager: Shutting down and abandoning module AudioFormatOgg (119)
[2017.12.19-14.28.42:902][823]LogModuleManager: Shutting down and abandoning module AudioFormatADPCM (117)
[2017.12.19-14.28.42:902][823]LogModuleManager: Shutting down and abandoning module LinuxTargetPlatform (115)
[2017.12.19-14.28.42:902][823]LogModuleManager: Shutting down and abandoning module LinuxServerTargetPlatform (113)
[2017.12.19-14.28.42:902][823]LogModuleManager: Shutting down and abandoning module LinuxNoEditorTargetPlatform (111)
[2017.12.19-14.28.42:902][823]LogModuleManager: Shutting down and abandoning module LinuxClientTargetPlatform (109)
[2017.12.19-14.28.42:902][823]LogModuleManager: Shutting down and abandoning module TVOSTargetPlatform (107)
[2017.12.19-14.28.42:903][823]LogModuleManager: Shutting down and abandoning module Messaging (105)
[2017.12.19-14.28.42:903][823]LogModuleManager: Shutting down and abandoning module IOSTargetPlatform (103)
[2017.12.19-14.28.42:903][823]LogModuleManager: Shutting down and abandoning module HTML5TargetPlatform (101)
[2017.12.19-14.28.42:903][823]LogModuleManager: Shutting down and abandoning module AndroidTargetPlatform (99)
[2017.12.19-14.28.42:903][823]LogModuleManager: Shutting down and abandoning module Android_PVRTCTargetPlatform (97)
[2017.12.19-14.28.42:903][823]LogModuleManager: Shutting down and abandoning module Android_MultiTargetPlatform (95)
[2017.12.19-14.28.42:903][823]LogModuleManager: Shutting down and abandoning module Android_ETC2TargetPlatform (93)
[2017.12.19-14.28.42:903][823]LogModuleManager: Shutting down and abandoning module Android_ETC1TargetPlatform (91)
[2017.12.19-14.28.42:903][823]LogModuleManager: Shutting down and abandoning module Android_DXTTargetPlatform (89)
[2017.12.19-14.28.42:903][823]LogModuleManager: Shutting down and abandoning module Android_ATCTargetPlatform (87)
[2017.12.19-14.28.42:903][823]LogModuleManager: Shutting down and abandoning module Android_ASTCTargetPlatform (85)
[2017.12.19-14.28.42:903][823]LogModuleManager: Shutting down and abandoning module WindowsTargetPlatform (83)
[2017.12.19-14.28.42:903][823]LogModuleManager: Shutting down and abandoning module WindowsServerTargetPlatform (81)
[2017.12.19-14.28.42:903][823]LogModuleManager: Shutting down and abandoning module WindowsNoEditorTargetPlatform (79)
[2017.12.19-14.28.42:903][823]LogModuleManager: Shutting down and abandoning module WindowsClientTargetPlatform (77)
[2017.12.19-14.28.42:903][823]LogModuleManager: Shutting down and abandoning module MacTargetPlatform (75)
[2017.12.19-14.28.42:903][823]LogModuleManager: Shutting down and abandoning module MacServerTargetPlatform (73)
[2017.12.19-14.28.42:904][823]LogModuleManager: Shutting down and abandoning module MacNoEditorTargetPlatform (71)
[2017.12.19-14.28.42:904][823]LogModuleManager: Shutting down and abandoning module MacClientTargetPlatform (69)
[2017.12.19-14.28.42:904][823]LogModuleManager: Shutting down and abandoning module AllDesktopTargetPlatform (67)
[2017.12.19-14.28.42:904][823]LogModuleManager: Shutting down and abandoning module InputCore (64)
[2017.12.19-14.28.42:904][823]LogModuleManager: Shutting down and abandoning module Settings (62)
[2017.12.19-14.28.42:904][823]LogModuleManager: Shutting down and abandoning module PhysXCooking (60)
[2017.12.19-14.28.42:904][823]LogModuleManager: Shutting down and abandoning module SteamVR (58)
[2017.12.19-14.28.42:904][823]LogModuleManager: Shutting down and abandoning module OculusHMD (56)
[2017.12.19-14.28.42:904][823]LogModuleManager: Shutting down and abandoning module ExampleDeviceProfileSelector (54)
[2017.12.19-14.28.42:904][823]LogModuleManager: Shutting down and abandoning module AppleARKit (52)
[2017.12.19-14.28.42:904][823]LogModuleManager: Shutting down and abandoning module AugmentedReality (51)
[2017.12.19-14.28.42:904][823]LogModuleManager: Shutting down and abandoning module OnlineBlueprintSupport (48)
[2017.12.19-14.28.42:904][823]LogModuleManager: Shutting down and abandoning module OnlineSubsystem (44)
[2017.12.19-14.28.42:904][823]LogModuleManager: Shutting down and abandoning module XMPP (43)
[2017.12.19-14.28.42:905][823]LogModuleManager: Shutting down and abandoning module HTTP (41)
[2017.12.19-14.28.42:905][823]LogHttp: Display: Http module shutting down, but needs to wait on 1 outstanding Http requests:
[2017.12.19-14.28.42:905][823]LogHttp: Display: 	verb=[POST] url=[https://datarouter.ol.epicgames.com/datarouter/api/v1/public/data?SessionID=%7B09B6804F-4E28-2702-5841-7D8A00530AFA%7D&AppID=UEEditor.Rocket.Release&AppVersion=4.18.2-3794801%2B%2B%2BUE4%2BRelease-4.18&UserID=ab0f6ec7467c65357aa0a68f65584983%7C896c5d86c4cd4015b20f317903f9495b%7C2946f11b-8d1b-47ea-b6f1-d9c83ead4eea&AppEnvironment=datacollector-binary&UploadType=eteventstream] status=Processing
[2017.12.19-14.28.42:939][823]LogModuleManager: Shutting down and abandoning module SSL (40)
[2017.12.19-14.28.42:942][823]LogModuleManager: Shutting down and abandoning module AnimationModifiers (36)
[2017.12.19-14.28.42:942][823]LogModuleManager: Shutting down and abandoning module PropertyEditor (35)
[2017.12.19-14.28.42:942][823]LogModuleManager: Shutting down and abandoning module AudioEditor (32)
[2017.12.19-14.28.42:943][823]LogModuleManager: Shutting down and abandoning module TextureCompressor (30)
[2017.12.19-14.28.42:943][823]LogModuleManager: Shutting down and abandoning module ShaderCore (28)
[2017.12.19-14.28.42:943][823]LogModuleManager: Shutting down and abandoning module Landscape (26)
[2017.12.19-14.28.42:943][823]LogModuleManager: Shutting down and abandoning module SlateRHIRenderer (24)
[2017.12.19-14.28.42:947][823]LogModuleManager: Shutting down and abandoning module OpenGLDrv (22)
[2017.12.19-14.28.42:948][823]LogModuleManager: Shutting down and abandoning module D3D11RHI (20)
[2017.12.19-14.28.42:948][823]LogModuleManager: Shutting down and abandoning module AnimGraphRuntime (18)
[2017.12.19-14.28.42:948][823]LogModuleManager: Shutting down and abandoning module Renderer (16)
[2017.12.19-14.28.42:948][823]LogModuleManager: Shutting down and abandoning module Engine (14)
[2017.12.19-14.28.42:948][823]LogModuleManager: Shutting down and abandoning module CoreUObject (12)
[2017.12.19-14.28.42:948][823]LogModuleManager: Shutting down and abandoning module NetworkFile (10)
[2017.12.19-14.28.42:948][823]LogModuleManager: Shutting down and abandoning module CookedIterativeFile (8)
[2017.12.19-14.28.42:948][823]LogModuleManager: Shutting down and abandoning module StreamingFile (6)
[2017.12.19-14.28.42:948][823]LogModuleManager: Shutting down and abandoning module SandboxFile (4)
[2017.12.19-14.28.42:948][823]LogModuleManager: Shutting down and abandoning module PakFile (2)
[2017.12.19-14.28.42:958][823]LogExit: Exiting.
[2017.12.19-14.28.43:009][823]Log file closed, 12/19/17 23:28:43
