Log file open, 12/24/17 12:26:23
LogWindows: Failed to load 'aqProf.dll' (GetLastError=126)
LogWindows: File 'aqProf.dll' does not exist
LogWindows: Failed to load 'VtuneApi.dll' (GetLastError=126)
LogWindows: File 'VtuneApi.dll' does not exist
LogWindows: Failed to load 'VtuneApi32e.dll' (GetLastError=126)
LogWindows: File 'VtuneApi32e.dll' does not exist
LogInit: Display: Running engine for game: BPRPG1
LogPlatformFile: Not using cached read wrapper
LogInit: Display: RandInit(1126069090) SRandInit(1126069090).
LogInit: Read version file with build ID '3709383'
LogInit: Overriding engine version to CL 3794801, compatible CL 3709383
LogInit: Registered custom module enumerator with build ID '3709383'
LogTaskGraph: Started task graph with 5 named threads and 14 total threads with 3 sets of task threads.
LogStats: Stats thread started at 0.187936
LogD3D11RHI: Aftermath initialized
LogModuleManager: Display: Found up-to-date module file ../../../Engine/Plugins/2D/Paper2D/Binaries/Win64/UE4Editor-Paper2D.dll (API version 3709383).
LogModuleManager: Display: Found up-to-date module file ../../../Engine/Plugins/2D/Paper2D/Binaries/Win64/UE4Editor-Paper2DEditor.dll (API version 3709383).
LogModuleManager: Display: Found up-to-date module file ../../../Engine/Plugins/2D/Paper2D/Binaries/Win64/UE4Editor-PaperSpriteSheetImporter.dll (API version 3709383).
LogModuleManager: Display: Found up-to-date module file ../../../Engine/Plugins/2D/Paper2D/Binaries/Win64/UE4Editor-PaperTiledImporter.dll (API version 3709383).
LogModuleManager: Display: Found up-to-date module file ../../../Engine/Plugins/2D/Paper2D/Binaries/Win64/UE4Editor-SmartSnapping.dll (API version 3709383).
LogModuleManager: Display: Found up-to-date module file ../../../Engine/Plugins/Blendables/LightPropagationVolume/Binaries/Win64/UE4Editor-LightPropagationVolumeRuntime.dll (API version 3709383).
LogModuleManager: Display: Found up-to-date module file ../../../Engine/Plugins/Blendables/LightPropagationVolume/Binaries/Win64/UE4Editor-LightPropagationVolumeEditor.dll (API version 3709383).
LogModuleManager: Display: Found up-to-date module file ../../../Engine/Plugins/Developer/GitSourceControl/Binaries/Win64/UE4Editor-GitSourceControl.dll (API version 3709383).
LogModuleManager: Display: Found up-to-date module file ../../../Engine/Plugins/Developer/PerforceSourceControl/Binaries/Win64/UE4Editor-PerforceSourceControl.dll (API version 3709383).
LogModuleManager: Display: Found up-to-date module file ../../../Engine/Plugins/Developer/SubversionSourceControl/Binaries/Win64/UE4Editor-SubversionSourceControl.dll (API version 3709383).
LogModuleManager: Display: Found up-to-date module file ../../../Engine/Plugins/Developer/UObjectPlugin/Binaries/Win64/UE4Editor-UObjectPlugin.dll (API version 3709383).
LogModuleManager: Display: Found up-to-date module file ../../../Engine/Plugins/Developer/VisualStudioCodeSourceCodeAccess/Binaries/Win64/UE4Editor-VisualStudioCodeSourceCodeAccess.dll (API version 3709383).
LogModuleManager: Display: Found up-to-date module file ../../../Engine/Plugins/Developer/VisualStudioSourceCodeAccess/Binaries/Win64/UE4Editor-VisualStudioSourceCodeAccess.dll (API version 3709383).
LogModuleManager: Display: Found up-to-date module file ../../../Engine/Plugins/Editor/AssetManagerEditor/Binaries/Win64/UE4Editor-AssetManagerEditor.dll (API version 3709383).
LogModuleManager: Display: Found up-to-date module file ../../../Engine/Plugins/Editor/AudioCapture/Binaries/Win64/UE4Editor-AudioCapture.dll (API version 3709383).
LogModuleManager: Display: Found up-to-date module file ../../../Engine/Plugins/Editor/FacialAnimation/Binaries/Win64/UE4Editor-FacialAnimation.dll (API version 3709383).
LogModuleManager: Display: Found up-to-date module file ../../../Engine/Plugins/Editor/FacialAnimation/Binaries/Win64/UE4Editor-FacialAnimationEditor.dll (API version 3709383).
LogModuleManager: Display: Found up-to-date module file ../../../Engine/Plugins/Editor/GameplayTagsEditor/Binaries/Win64/UE4Editor-GameplayTagsEditor.dll (API version 3709383).
LogModuleManager: Display: Found up-to-date module file ../../../Engine/Plugins/Editor/MobileLauncherProfileWizard/Binaries/Win64/UE4Editor-MobileLauncherProfileWizard.dll (API version 3709383).
LogModuleManager: Display: Found up-to-date module file ../../../Engine/Plugins/Editor/PluginBrowser/Binaries/Win64/UE4Editor-PluginBrowser.dll (API version 3709383).
LogModuleManager: Display: Found up-to-date module file ../../../Engine/Plugins/Editor/SpeedTreeImporter/Binaries/Win64/UE4Editor-SpeedTreeImporter.dll (API version 3709383).
LogModuleManager: Display: Found up-to-date module file ../../../Engine/Plugins/Experimental/AlembicImporter/Binaries/Win64/UE4Editor-AlembicImporter.dll (API version 3709383).
LogModuleManager: Display: Found up-to-date module file ../../../Engine/Plugins/Experimental/AlembicImporter/Binaries/Win64/UE4Editor-AlembicLibrary.dll (API version 3709383).
LogModuleManager: Display: Found up-to-date module file ../../../Engine/Plugins/Experimental/CharacterAI/Binaries/Win64/UE4Editor-CharacterAI.dll (API version 3709383).
LogModuleManager: Display: Found up-to-date module file ../../../Engine/Plugins/Experimental/HTML5Networking/Binaries/Win64/UE4Editor-HTML5Networking.dll (API version 3709383).
LogModuleManager: Display: Found up-to-date module file ../../../Engine/Plugins/Media/AndroidMedia/Binaries/Win64/UE4Editor-AndroidMediaEditor.dll (API version 3709383).
LogModuleManager: Display: Found up-to-date module file ../../../Engine/Plugins/Media/AndroidMedia/Binaries/Win64/UE4Editor-AndroidMediaFactory.dll (API version 3709383).
LogModuleManager: Display: Found up-to-date module file ../../../Engine/Plugins/Media/AvfMedia/Binaries/Win64/UE4Editor-AvfMediaEditor.dll (API version 3709383).
LogModuleManager: Display: Found up-to-date module file ../../../Engine/Plugins/Media/AvfMedia/Binaries/Win64/UE4Editor-AvfMediaFactory.dll (API version 3709383).
LogModuleManager: Display: Found up-to-date module file ../../../Engine/Plugins/Media/AvfMedia/Binaries/Win64/UE4Editor-AvfMediaFactory.dll (API version 3709383).
LogModuleManager: Display: Found up-to-date module file ../../../Engine/Plugins/Media/ImgMedia/Binaries/Win64/UE4Editor-ImgMedia.dll (API version 3709383).
LogModuleManager: Display: Found up-to-date module file ../../../Engine/Plugins/Media/ImgMedia/Binaries/Win64/UE4Editor-ImgMediaEditor.dll (API version 3709383).
LogModuleManager: Display: Found up-to-date module file ../../../Engine/Plugins/Media/ImgMedia/Binaries/Win64/UE4Editor-ImgMediaFactory.dll (API version 3709383).
LogModuleManager: Display: Found up-to-date module file ../../../Engine/Plugins/Media/ImgMedia/Binaries/Win64/UE4Editor-ImgMediaFactory.dll (API version 3709383).
LogModuleManager: Display: Found up-to-date module file ../../../Engine/Plugins/Media/ImgMedia/Binaries/Win64/UE4Editor-OpenExrWrapper.dll (API version 3709383).
LogModuleManager: Display: Found up-to-date module file ../../../Engine/Plugins/Media/MediaCompositing/Binaries/Win64/UE4Editor-MediaCompositing.dll (API version 3709383).
LogModuleManager: Display: Found up-to-date module file ../../../Engine/Plugins/Media/MediaCompositing/Binaries/Win64/UE4Editor-MediaCompositingEditor.dll (API version 3709383).
LogModuleManager: Display: Found up-to-date module file ../../../Engine/Plugins/Media/MediaPlayerEditor/Binaries/Win64/UE4Editor-MediaPlayerEditor.dll (API version 3709383).
LogModuleManager: Display: Found up-to-date module file ../../../Engine/Plugins/Media/WmfMedia/Binaries/Win64/UE4Editor-WmfMedia.dll (API version 3709383).
LogModuleManager: Display: Found up-to-date module file ../../../Engine/Plugins/Media/WmfMedia/Binaries/Win64/UE4Editor-WmfMediaEditor.dll (API version 3709383).
LogModuleManager: Display: Found up-to-date module file ../../../Engine/Plugins/Media/WmfMedia/Binaries/Win64/UE4Editor-WmfMediaFactory.dll (API version 3709383).
LogModuleManager: Display: Found up-to-date module file ../../../Engine/Plugins/Media/WmfMedia/Binaries/Win64/UE4Editor-WmfMediaFactory.dll (API version 3709383).
LogModuleManager: Display: Found up-to-date module file ../../../Engine/Plugins/Messaging/TcpMessaging/Binaries/Win64/UE4Editor-TcpMessaging.dll (API version 3709383).
LogModuleManager: Display: Found up-to-date module file ../../../Engine/Plugins/Messaging/UdpMessaging/Binaries/Win64/UE4Editor-UdpMessaging.dll (API version 3709383).
LogModuleManager: Display: Found up-to-date module file ../../../Engine/Plugins/MovieScene/ActorSequence/Binaries/Win64/UE4Editor-ActorSequence.dll (API version 3709383).
LogModuleManager: Display: Found up-to-date module file ../../../Engine/Plugins/MovieScene/LevelSequenceEditor/Binaries/Win64/UE4Editor-LevelSequenceEditor.dll (API version 3709383).
LogModuleManager: Display: Found up-to-date module file ../../../Engine/Plugins/MovieScene/MatineeToLevelSequence/Binaries/Win64/UE4Editor-MatineeToLevelSequence.dll (API version 3709383).
LogModuleManager: Display: Found up-to-date module file ../../../Engine/Plugins/Online/OnlineSubsystem/Binaries/Win64/UE4Editor-OnlineSubsystem.dll (API version 3709383).
LogModuleManager: Display: Found up-to-date module file ../../../Engine/Plugins/Runtime/AndroidPermission/Binaries/Win64/UE4Editor-AndroidPermission.dll (API version 3709383).
LogModuleManager: Display: Found up-to-date module file ../../../Engine/Plugins/Online/OnlineSubsystemNull/Binaries/Win64/UE4Editor-OnlineSubsystemNull.dll (API version 3709383).
LogModuleManager: Display: Found up-to-date module file ../../../Engine/Plugins/Online/OnlineSubsystemUtils/Binaries/Win64/UE4Editor-OnlineSubsystemUtils.dll (API version 3709383).
LogModuleManager: Display: Found up-to-date module file ../../../Engine/Plugins/Online/OnlineSubsystemUtils/Binaries/Win64/UE4Editor-OnlineBlueprintSupport.dll (API version 3709383).
LogModuleManager: Display: Found up-to-date module file ../../../Engine/Plugins/Runtime/AndroidDeviceProfileSelector/Binaries/Win64/UE4Editor-AndroidDeviceProfileSelector.dll (API version 3709383).
LogModuleManager: Display: Found up-to-date module file ../../../Engine/Plugins/Runtime/AppleARKit/Binaries/Win64/UE4Editor-AppleARKit.dll (API version 3709383).
LogModuleManager: Display: Found up-to-date module file ../../../Engine/Plugins/Runtime/ArchVisCharacter/Binaries/Win64/UE4Editor-ArchVisCharacter.dll (API version 3709383).
LogModuleManager: Display: Found up-to-date module file ../../../Engine/Plugins/Runtime/CableComponent/Binaries/Win64/UE4Editor-CableComponent.dll (API version 3709383).
LogModuleManager: Display: Found up-to-date module file ../../../Engine/Plugins/Runtime/CustomMeshComponent/Binaries/Win64/UE4Editor-CustomMeshComponent.dll (API version 3709383).
LogModuleManager: Display: Found up-to-date module file ../../../Engine/Plugins/Runtime/ExampleDeviceProfileSelector/Binaries/Win64/UE4Editor-ExampleDeviceProfileSelector.dll (API version 3709383).
LogModuleManager: Display: Found up-to-date module file ../../../Engine/Plugins/Runtime/ImmediatePhysics/Binaries/Win64/UE4Editor-ImmediatePhysics.dll (API version 3709383).
LogModuleManager: Display: Found up-to-date module file ../../../Engine/Plugins/Runtime/ImmediatePhysics/Binaries/Win64/UE4Editor-ImmediatePhysicsEditor.dll (API version 3709383).
LogModuleManager: Display: Found up-to-date module file ../../../Engine/Plugins/Runtime/LocationServicesBPLibrary/Binaries/Win64/UE4Editor-LocationServicesBPLibrary.dll (API version 3709383).
LogModuleManager: Display: Found up-to-date module file ../../../Engine/Plugins/Runtime/MobilePatchingUtils/Binaries/Win64/UE4Editor-MobilePatchingUtils.dll (API version 3709383).
LogModuleManager: Display: Found up-to-date module file ../../../Engine/Plugins/Runtime/Oculus/OculusVR/Binaries/Win64/UE4Editor-OculusHMD.dll (API version 3709383).
LogModuleManager: Display: Found up-to-date module file ../../../Engine/Plugins/Runtime/Oculus/OculusVR/Binaries/Win64/UE4Editor-OculusInput.dll (API version 3709383).
LogModuleManager: Display: Found up-to-date module file ../../../Engine/Plugins/Runtime/Oculus/OculusVR/Binaries/Win64/UE4Editor-OculusEditor.dll (API version 3709383).
LogModuleManager: Display: Found up-to-date module file ../../../Engine/Plugins/Runtime/PhysXVehicles/Binaries/Win64/UE4Editor-PhysXVehicles.dll (API version 3709383).
LogModuleManager: Display: Found up-to-date module file ../../../Engine/Plugins/Runtime/PhysXVehicles/Binaries/Win64/UE4Editor-PhysXVehiclesEditor.dll (API version 3709383).
LogModuleManager: Display: Found up-to-date module file ../../../Engine/Plugins/Runtime/ProceduralMeshComponent/Binaries/Win64/UE4Editor-ProceduralMeshComponent.dll (API version 3709383).
LogModuleManager: Display: Found up-to-date module file ../../../Engine/Plugins/Runtime/ProceduralMeshComponent/Binaries/Win64/UE4Editor-ProceduralMeshComponentEditor.dll (API version 3709383).
LogModuleManager: Display: Found up-to-date module file ../../../Engine/Plugins/Runtime/RuntimePhysXCooking/Binaries/Win64/UE4Editor-RuntimePhysXCooking.dll (API version 3709383).
LogModuleManager: Display: Found up-to-date module file ../../../Engine/Plugins/Runtime/Steam/SteamVR/Binaries/Win64/UE4Editor-SteamVR.dll (API version 3709383).
LogModuleManager: Display: Found up-to-date module file ../../../Engine/Plugins/Runtime/Steam/SteamVR/Binaries/Win64/UE4Editor-SteamVRController.dll (API version 3709383).
LogModuleManager: Display: Found up-to-date module file ../../../Engine/Plugins/Runtime/WindowsMoviePlayer/Binaries/Win64/UE4Editor-WindowsMoviePlayer.dll (API version 3709383).
LogPluginManager: Mounting plugin Paper2D
LogPluginManager: Mounting plugin LightPropagationVolume
LogPluginManager: Mounting plugin CodeLiteSourceCodeAccess
LogPluginManager: Mounting plugin GitSourceControl
LogPluginManager: Mounting plugin KDevelopSourceCodeAccess
LogPluginManager: Mounting plugin NullSourceCodeAccess
LogPluginManager: Mounting plugin PerforceSourceControl
LogPluginManager: Mounting plugin SubversionSourceControl
LogPluginManager: Mounting plugin UObjectPlugin
LogPluginManager: Mounting plugin VisualStudioCodeSourceCodeAccess
LogPluginManager: Mounting plugin VisualStudioSourceCodeAccess
LogPluginManager: Mounting plugin XCodeSourceCodeAccess
LogPluginManager: Mounting plugin AssetManagerEditor
LogPluginManager: Mounting plugin AudioCapture
LogPluginManager: Mounting plugin FacialAnimation
LogPluginManager: Mounting plugin GameplayTagsEditor
LogPluginManager: Mounting plugin MobileLauncherProfileWizard
LogPluginManager: Mounting plugin PluginBrowser
LogPluginManager: Mounting plugin SpeedTreeImporter
LogPluginManager: Mounting plugin AlembicImporter
LogPluginManager: Mounting plugin CharacterAI
LogPluginManager: Mounting plugin HTML5Networking
LogPluginManager: Mounting plugin AndroidMedia
LogPluginManager: Mounting plugin AvfMedia
LogPluginManager: Mounting plugin ImgMedia
LogPluginManager: Mounting plugin MediaCompositing
LogPluginManager: Mounting plugin MediaPlayerEditor
LogPluginManager: Mounting plugin WmfMedia
LogPluginManager: Mounting plugin TcpMessaging
LogPluginManager: Mounting plugin UdpMessaging
LogPluginManager: Mounting plugin ActorSequence
LogPluginManager: Mounting plugin LevelSequenceEditor
LogPluginManager: Mounting plugin MatineeToLevelSequence
LogPluginManager: Mounting plugin OnlineSubsystemGooglePlay
LogPluginManager: Mounting plugin OnlineSubsystemIOS
LogPluginManager: Mounting plugin OnlineSubsystem
LogPluginManager: Mounting plugin OnlineSubsystemNull
LogPluginManager: Mounting plugin OnlineSubsystemUtils
LogPluginManager: Mounting plugin AndroidDeviceProfileSelector
LogPluginManager: Mounting plugin AndroidMoviePlayer
LogPluginManager: Mounting plugin AndroidPermission
LogPluginManager: Mounting plugin AppleARKit
LogPluginManager: Mounting plugin AppleMoviePlayer
LogPluginManager: Mounting plugin ArchVisCharacter
LogPluginManager: Mounting plugin CableComponent
LogPluginManager: Mounting plugin CustomMeshComponent
LogPluginManager: Mounting plugin ExampleDeviceProfileSelector
LogPluginManager: Mounting plugin GoogleCloudMessaging
LogPluginManager: Mounting plugin ImmediatePhysics
LogPluginManager: Mounting plugin IOSDeviceProfileSelector
LogPluginManager: Mounting plugin LinuxDeviceProfileSelector
LogPluginManager: Mounting plugin LocationServicesBPLibrary
LogPluginManager: Mounting plugin MobilePatchingUtils
LogPluginManager: Mounting plugin OculusVR
LogPluginManager: Plugin shader directory ../../../Engine/Plugins/Runtime/Oculus/OculusVR/Shaders found
LogPluginManager: Mapping shader source directory ../../../Engine/Plugins/Runtime/Oculus/OculusVR/Shaders to virtual directory /Plugin/OculusVR
LogPluginManager: Mounting plugin PhysXVehicles
LogPluginManager: Mounting plugin ProceduralMeshComponent
LogPluginManager: Mounting plugin RuntimePhysXCooking
LogPluginManager: Mounting plugin SteamVR
LogPluginManager: Mounting plugin WindowsMoviePlayer
LogInit: Using libcurl 7.47.1
LogInit:  - built for x86_64-pc-win32
LogInit:  - supports SSL with OpenSSL/1.0.2g
LogInit:  - supports HTTP deflate (compression) using libz 1.2.8
LogInit:  - other features:
LogInit:      CURL_VERSION_SSL
LogInit:      CURL_VERSION_LIBZ
LogInit:      CURL_VERSION_IPV6
LogInit:      CURL_VERSION_ASYNCHDNS
LogInit:      CURL_VERSION_LARGEFILE
LogInit:      CURL_VERSION_IDN
LogInit:  CurlRequestOptions (configurable via config and command line):
LogInit:  - bVerifyPeer = false  - Libcurl will NOT verify peer certificate
LogInit:  - bUseHttpProxy = false  - Libcurl will NOT use HTTP proxy
LogInit:  - bDontReuseConnections = false  - Libcurl will reuse connections
LogInit:  - CertBundlePath = nullptr  - Libcurl will use whatever was configured at build time.
LogInit: Build: ++UE4+Release-4.18-CL-3794801
LogInit: Engine Version: 4.18.2-3794801+++UE4+Release-4.18
LogInit: Compatible Engine Version: 4.18.0-3709383+++UE4+Release-4.18
LogInit: Net CL: 3709383
LogDevObjectVersion: Number of dev versions registered: 16
LogDevObjectVersion:   Dev-Blueprints (B0D832E4-1F89-4F0D-ACCF-7EB736FD4AA2): 10
LogDevObjectVersion:   Dev-Build (E1C64328-A22C-4D53-A36C-8E866417BD8C): 0
LogDevObjectVersion:   Dev-Core (375EC13C-06E4-48FB-B500-84F0262A717E): 2
LogDevObjectVersion:   Dev-Editor (E4B068ED-F494-42E9-A231-DA0B2E46BB41): 20
LogDevObjectVersion:   Dev-Framework (CFFC743F-43B0-4480-9391-14DF171D2073): 30
LogDevObjectVersion:   Dev-Mobile (B02B49B5-BB20-44E9-A304-32B752E40360): 0
LogDevObjectVersion:   Dev-Networking (A4E4105C-59A1-49B5-A7C5-40C4547EDFEE): 0
LogDevObjectVersion:   Dev-Online (39C831C9-5AE6-47DC-9A44-9C173E1C8E7C): 0
LogDevObjectVersion:   Dev-Physics (78F01B33-EBEA-4F98-B9B4-84EACCB95AA2): 0
LogDevObjectVersion:   Dev-Platform (6631380F-2D4D-43E0-8009-CF276956A95A): 0
LogDevObjectVersion:   Dev-Rendering (12F88B9F-8875-4AFC-A67C-D90C383ABD29): 20
LogDevObjectVersion:   Dev-Sequencer (7B5AE74C-D270-4C10-A958-57980B212A5A): 4
LogDevObjectVersion:   Dev-VR (D7296918-1DD6-4BDD-9DE2-64A83CC13884): 0
LogDevObjectVersion:   Dev-LoadTimes (C2A15278-BFE7-4AFE-6C17-90FF531DF755): 1
LogDevObjectVersion:   Private-Geometry (6EACA3D4-40EC-4CC1-B786-8BED09428FC5): 1
LogDevObjectVersion:   Dev-AnimPhys (29E575DD-E0A3-4627-9D10-D276232CDCEA): 12
LogInit: Compiled (64-bit): Dec  8 2017 02:04:53
LogInit: Compiled with Visual C++: 19.00.24215.01
LogInit: Build Configuration: Development
LogInit: Branch Name: ++UE4+Release-4.18
LogInit: Command line:  
LogInit: Base directory: C:/Program Files/Epic Games/UE_4.18/Engine/Binaries/Win64/
LogInit: Installed Engine Build: 1
LogInit: Presizing for max 8388607 objects, including 0 objects not considered by GC, pre-allocating 0 bytes for permanent pool.
LogInit: Object subsystem initialized
[2017.12.24-03.26.25:658][  0]LogInit: Selected Device Profile: [Windows]
[2017.12.24-03.26.25:658][  0]LogInit: Applying CVar settings loaded from the selected device profile: [Windows]
[2017.12.24-03.26.25:671][  0]LogInit: Computer: JYD
[2017.12.24-03.26.25:671][  0]LogInit: User: mapl0
[2017.12.24-03.26.25:671][  0]LogInit: CPU Page size=4096, Cores=4
[2017.12.24-03.26.25:671][  0]LogInit: High frequency timer resolution =2.531249 MHz
[2017.12.24-03.26.25:671][  0]LogMemory: Memory total: Physical=15.9GB (16GB approx)
[2017.12.24-03.26.25:671][  0]LogMemory: Platform Memory Stats for Windows
[2017.12.24-03.26.25:671][  0]LogMemory: Process Physical Memory: 273.58 MB used, 273.58 MB peak
[2017.12.24-03.26.25:671][  0]LogMemory: Process Virtual Memory: 270.23 MB used, 270.23 MB peak
[2017.12.24-03.26.25:671][  0]LogMemory: Physical Memory: 6927.92 MB used,  9329.03 MB free, 16256.95 MB total
[2017.12.24-03.26.25:671][  0]LogMemory: Virtual Memory: 647.29 MB used,  9329.03 MB free, 134217728.00 MB total
[2017.12.24-03.26.26:525][  0]LogInit: Using OS detected language (ko-KR).
[2017.12.24-03.26.26:525][  0]LogInit: Using OS detected locale (ko-KR).
[2017.12.24-03.26.26:528][  0]LogTextLocalizationManager: No specific localization for 'ko-KR' exists, so the 'ko' localization will be used.
[2017.12.24-03.26.26:723][  0]LogInit: Setting process to per monitor DPI aware
[2017.12.24-03.26.27:065][  0]LogD3D11RHI: D3D11 adapters:
[2017.12.24-03.26.27:125][  0]LogD3D11RHI:    0. 'NVIDIA GeForce GTX 960M' (Feature Level 11_0)
[2017.12.24-03.26.27:125][  0]LogD3D11RHI:       4065/0/8128 MB DedicatedVideo/DedicatedSystem/SharedSystem, Outputs:2, VendorId:0x10de
[2017.12.24-03.26.27:132][  0]LogD3D11RHI:    1. 'Intel(R) HD Graphics 530' (Feature Level 11_0)
[2017.12.24-03.26.27:133][  0]LogD3D11RHI:       128/0/8128 MB DedicatedVideo/DedicatedSystem/SharedSystem, Outputs:0, VendorId:0x8086
[2017.12.24-03.26.27:134][  0]LogD3D11RHI:    2. 'Microsoft Basic Render Driver' (Feature Level 11_0)
[2017.12.24-03.26.27:134][  0]LogD3D11RHI:       0/0/8128 MB DedicatedVideo/DedicatedSystem/SharedSystem, Outputs:0, VendorId:0x1414
[2017.12.24-03.26.27:134][  0]LogD3D11RHI: Chosen D3D11 Adapter: 0
[2017.12.24-03.26.27:140][  0]LogD3D11RHI: Creating new Direct3DDevice
[2017.12.24-03.26.27:140][  0]LogD3D11RHI:     GPU DeviceId: 0x139b (for the marketing name, search the web for "GPU Device Id")
[2017.12.24-03.26.27:140][  0]LogWindows: EnumDisplayDevices:
[2017.12.24-03.26.27:141][  0]LogWindows:    0. 'Intel(R) HD Graphics 530' (P:0 D:1)
[2017.12.24-03.26.27:142][  0]LogWindows:    1. 'Intel(R) HD Graphics 530' (P:1 D:1)
[2017.12.24-03.26.27:143][  0]LogWindows:    2. 'Intel(R) HD Graphics 530' (P:0 D:0)
[2017.12.24-03.26.27:144][  0]LogWindows: DebugString: PrimaryIsNotTheChoosenAdapter PrimaryIsNotTheChoosenAdapter PrimaryIsNotTheChoosenAdapter FoundDriverCount:0 
[2017.12.24-03.26.27:144][  0]LogD3D11RHI:     Adapter Name: NVIDIA GeForce GTX 960M
[2017.12.24-03.26.27:144][  0]LogD3D11RHI:   Driver Version: Unknown (internal:Unknown, unified:Unknown)
[2017.12.24-03.26.27:144][  0]LogD3D11RHI:      Driver Date: Unknown
[2017.12.24-03.26.27:144][  0]LogRHI: Texture pool is 2846 MB (70% of 4065 MB)
[2017.12.24-03.26.27:173][  0]LogD3D11RHI: Async texture creation enabled
[2017.12.24-03.26.27:487][  0]LogD3D11RHI: GPU Timing Frequency: 1000.000000 (Debug: 2 1)
[2017.12.24-03.26.27:489][  0]LogShaderCompilers: Guid format shader working directory is 21 characters bigger than the processId version (D:/Project/Unreal4/BPRPG1/Intermediate/Shaders/WorkingDirectory/7996/).
[2017.12.24-03.26.27:490][  0]LogShaderCompilers: Cleaned the shader compiler working directory 'C:/Users/mapl0/AppData/Local/Temp/UnrealShaderWorkingDir/B6C83B57410E460214001A92194A6A09/'.
[2017.12.24-03.26.27:490][  0]LogShaderCompilers: Display: Using Local Shader Compiler.
[2017.12.24-03.26.28:603][  0]LogTemp: Display: Loaded TP AllDesktopTargetPlatform
[2017.12.24-03.26.28:672][  0]LogTemp: Display: Loaded TP MacClientTargetPlatform
[2017.12.24-03.26.28:743][  0]LogTemp: Display: Loaded TP MacNoEditorTargetPlatform
[2017.12.24-03.26.28:820][  0]LogTemp: Display: Loaded TP MacServerTargetPlatform
[2017.12.24-03.26.28:905][  0]LogTemp: Display: Loaded TP MacTargetPlatform
[2017.12.24-03.26.28:984][  0]LogTemp: Display: Loaded TP WindowsClientTargetPlatform
[2017.12.24-03.26.29:065][  0]LogTemp: Display: Loaded TP WindowsNoEditorTargetPlatform
[2017.12.24-03.26.29:151][  0]LogTemp: Display: Loaded TP WindowsServerTargetPlatform
[2017.12.24-03.26.29:228][  0]LogTemp: Display: Loaded TP WindowsTargetPlatform
[2017.12.24-03.26.29:305][  0]LogTemp: Display: Loaded TP Android_ASTCTargetPlatform
[2017.12.24-03.26.29:378][  0]LogTemp: Display: Loaded TP Android_ATCTargetPlatform
[2017.12.24-03.26.29:447][  0]LogTemp: Display: Loaded TP Android_DXTTargetPlatform
[2017.12.24-03.26.29:518][  0]LogTemp: Display: Loaded TP Android_ETC1TargetPlatform
[2017.12.24-03.26.29:589][  0]LogTemp: Display: Loaded TP Android_ETC2TargetPlatform
[2017.12.24-03.26.29:730][  0]LogTemp: Display: Loaded TP Android_MultiTargetPlatform
[2017.12.24-03.26.29:730][  0]LogTemp: Display: Loaded TP Android_PVRTCTargetPlatform
[2017.12.24-03.26.29:801][  0]LogTemp: Display: Loaded TP AndroidTargetPlatform
[2017.12.24-03.26.29:860][  0]LogTemp: Display: Loaded TP HTML5TargetPlatform
[2017.12.24-03.26.29:983][  0]LogTemp: Display: Loaded TP IOSTargetPlatform
[2017.12.24-03.26.30:022][  0]LogTemp: Display: Loaded TP TVOSTargetPlatform
[2017.12.24-03.26.30:090][  0]LogTemp: Display: Loaded TP LinuxClientTargetPlatform
[2017.12.24-03.26.30:158][  0]LogTemp: Display: Loaded TP LinuxNoEditorTargetPlatform
[2017.12.24-03.26.30:228][  0]LogTemp: Display: Loaded TP LinuxServerTargetPlatform
[2017.12.24-03.26.30:300][  0]LogTemp: Display: Loaded TP LinuxTargetPlatform
[2017.12.24-03.26.30:300][  0]LogTargetPlatformManager: Display: Building Assets For Windows
[2017.12.24-03.26.30:998][  0]LogDerivedDataCache: Display: Max Cache Size: 512 MB
[2017.12.24-03.26.31:083][  0]LogDerivedDataCache: Loaded boot cache 0.09s 78MB C:/Users/mapl0/AppData/Local/UnrealEngine/4.18/DerivedDataCache/Boot.ddc.
[2017.12.24-03.26.31:083][  0]LogDerivedDataCache: Display: Loaded Boot cache: C:/Users/mapl0/AppData/Local/UnrealEngine/4.18/DerivedDataCache/Boot.ddc
[2017.12.24-03.26.31:083][  0]LogDerivedDataCache: FDerivedDataBackendGraph:  Pak pak cache file D:/Project/Unreal4/BPRPG1/DerivedDataCache/DDC.ddp not found, will not use a pak cache.
[2017.12.24-03.26.31:083][  0]LogDerivedDataCache: Unable to find inner node Pak for hierarchical cache Hierarchy.
[2017.12.24-03.26.31:083][  0]LogDerivedDataCache: FDerivedDataBackendGraph:  CompressedPak pak cache file D:/Project/Unreal4/BPRPG1/DerivedDataCache/Compressed.ddp not found, will not use a pak cache.
[2017.12.24-03.26.31:083][  0]LogDerivedDataCache: Unable to find inner node CompressedPak for hierarchical cache Hierarchy.
[2017.12.24-03.26.31:099][  0]LogDerivedDataCache: Display: Pak cache opened for reading ../../../Engine/DerivedDataCache/Compressed.ddp.
[2017.12.24-03.26.31:112][  0]LogDerivedDataCache: Using Local data cache path C:/Users/mapl0/AppData/Local/UnrealEngine/Common/DerivedDataCache: Writable
[2017.12.24-03.26.31:122][  0]LogMaterial: Verifying Global Shaders for PCD3D_SM5
[2017.12.24-03.26.31:122][  0]LogSlate: Using Freetype 2.6.0
[2017.12.24-03.26.31:123][  0]LogSlate: SlateFontCache - WITH_FREETYPE: 1, WITH_HARFBUZZ: 1
[2017.12.24-03.26.31:123][  0]LogSlate: SlateFontCache - WITH_FREETYPE: 1, WITH_HARFBUZZ: 1
[2017.12.24-03.26.31:496][  0]LogInit: Selected Device Profile: [Windows]
[2017.12.24-03.26.31:872][  0]LogSimplygon: Simplygon DLL not present - disabling.
[2017.12.24-03.26.31:932][  0]LogMeshReduction: Using SimplygonSwarm for distributed automatic mesh merging
[2017.12.24-03.26.31:932][  0]LogMeshReduction: Using QuadricMeshReduction for automatic static mesh reduction
[2017.12.24-03.26.31:932][  0]LogMeshReduction: No automatic skeletal mesh reduction module available
[2017.12.24-03.26.31:932][  0]LogMeshReduction: No automatic mesh merging module available
[2017.12.24-03.26.31:932][  0]LogMeshMerging: No automatic mesh merging module available
[2017.12.24-03.26.32:058][  0]LogNetVersion: BPRPG1 , NetCL: 3709383, EngineNetVer: 2, GameNetVer: 0 (Checksum: 4133119992)
[2017.12.24-03.26.32:258][  0]LogAssetRegistry: FAssetRegistry took 0.0266 seconds to start up
[2017.12.24-03.26.32:863][  0]LogPackageLocalizationCache: Processed 7 localized package path(s) for 2 prioritized culture(s) in 0.069069 seconds
[2017.12.24-03.26.32:870][  0]LogUObjectArray: 35900 objects as part of root set at end of initial load.
[2017.12.24-03.26.32:870][  0]LogUObjectAllocator: 7372024 out of 0 bytes used by permanent object pool.
[2017.12.24-03.26.32:870][  0]LogUObjectArray: CloseDisregardForGC: 0/0 objects in disregard for GC pool
[2017.12.24-03.26.32:961][  0]LogInit: WinSock: version 1.1 (2.2), MaxSocks=32767, MaxUdp=65467
[2017.12.24-03.26.36:514][  0]LogTcpMessaging: Initializing TcpMessaging bridge
[2017.12.24-03.26.36:567][  0]LogUdpMessaging: Initializing bridge on interface 0.0.0.0:0 to multicast group 230.0.0.1:6666.
[2017.12.24-03.26.37:537][  0]LogMaterial: Uniform references updated for custom material expression Custom.
[2017.12.24-03.26.38:104][  0]SourceControl: 소스 콘트롤이 꺼졌습니다.
[2017.12.24-03.26.38:104][  0]SourceControl: 소스 콘트롤이 꺼졌습니다.
[2017.12.24-03.26.38:176][  0]SourceControl: 소스 콘트롤이 꺼졌습니다.
[2017.12.24-03.26.38:250][  0]SourceControl: 소스 콘트롤이 꺼졌습니다.
[2017.12.24-03.26.39:424][  0]LogAndroidPermission: UAndroidPermissionCallbackProxy::GetInstance
[2017.12.24-03.26.39:842][  0]LogOcInput: OculusInput pre-init called
[2017.12.24-03.26.40:302][  0]LogEngine: Initializing Engine...
[2017.12.24-03.26.40:306][  0]LogHMD: Failed to initialize OpenVR with code 110
[2017.12.24-03.26.40:585][  0]LogStats: UGameplayTagsManager::ConstructGameplayTagTree: Construct from data asset -  0.000 s
[2017.12.24-03.26.40:585][  0]LogStats: UGameplayTagsManager::ConstructGameplayTagTree: GameplayTagTreeChangedEvent.Broadcast -  0.000 s
[2017.12.24-03.26.40:844][  0]LogAIModule: Creating AISystem for world Untitled
[2017.12.24-03.26.40:898][  0]LogInit: XAudio2 using '스피커 / 헤드폰(Realtek High Definition Audio)' : 2 channels at 48 kHz using 32 bits per sample (channel mask 0x3)
[2017.12.24-03.26.41:408][  0]LogInit: FAudioDevice initialized.
[2017.12.24-03.26.41:461][  0]LogDerivedDataCache: Saved boot cache 0.05s 78MB C:/Users/mapl0/AppData/Local/UnrealEngine/4.18/DerivedDataCache/Boot.ddc.
[2017.12.24-03.26.41:481][  0]LogInit: Texture streaming: Enabled
[2017.12.24-03.26.41:638][  0]LogEngineSessionManager: EngineSessionManager initialized
[2017.12.24-03.26.41:836][  0]LogInit: Transaction tracking system initialized
[2017.12.24-03.26.42:327][  0]BlueprintLog: New page: 에디터 로드
[2017.12.24-03.26.43:807][  0]LocalizationService: 현지화 서비스가 비활성화되었습니다.
[2017.12.24-03.26.44:948][  0]LogConsoleResponse: Display: 
[2017.12.24-03.26.45:187][  0]LogCook: Display: Max memory allowance for cook 16384mb min free memory 0mb
[2017.12.24-03.26.45:187][  0]LogCook: Display: Mobile HDR setting 1
[2017.12.24-03.26.45:187][  0]LogGameplayTags: Display: UGameplayTagsManager::DoneAddingNativeTags. DelegateIsBound: 0
[2017.12.24-03.26.46:152][  0]LogFileCache: Scanning file cache for directory 'D:/Project/Unreal4/BPRPG1/Content/' took 0.02s
[2017.12.24-03.26.47:021][  0]SourceControl: 소스 콘트롤이 꺼졌습니다.
[2017.12.24-03.26.47:021][  0]Cmd: MAP LOAD FILE="D:/Project/Unreal4/BPRPG1/Content/Maps/Step2.umap" TEMPLATE=0 SHOWPROGRESS=1 FEATURELEVEL=3
[2017.12.24-03.26.47:022][  0]LightingResults: New page: 라이팅 빌드
[2017.12.24-03.26.47:084][  0]MapCheck: New page: 맵 체크
[2017.12.24-03.26.47:084][  0]LightingResults: New page: 라이팅 빌드
[2017.12.24-03.26.47:479][  0]LogAIModule: Creating AISystem for world Step2
[2017.12.24-03.26.47:492][  0]LogEditorServer: Finished looking for orphan Actors (0.000 secs)
[2017.12.24-03.26.47:530][  0]Cmd: MAP CHECKDEP NOCLEARLOG
[2017.12.24-03.26.47:596][  0]MapCheck: 맵 체크 완료: 오류 0 회, 경고 0 회, 소요 시간 65.684ms.
[2017.12.24-03.26.47:596][  0]LogFileHelpers: Loading map 'Step2' took 0.575
[2017.12.24-03.26.47:803][  0]LogCollectionManager: Loaded 0 collections in 0.002101 seconds
[2017.12.24-03.26.47:927][  0]LogFileCache: Scanning file cache for directory 'D:/Project/Unreal4/BPRPG1/Saved/Collections/' took 0.01s
[2017.12.24-03.26.47:927][  0]LogFileCache: Scanning file cache for directory 'D:/Project/Unreal4/BPRPG1/Content/Developers/mapl0/Collections/' took 0.01s
[2017.12.24-03.26.47:927][  0]LogFileCache: Scanning file cache for directory 'D:/Project/Unreal4/BPRPG1/Content/Collections/' took 0.01s
[2017.12.24-03.26.47:927][  0]LogCollectionManager: Rebuilt the GUID cache for 0 collections in 0.000000 seconds
[2017.12.24-03.26.47:935][  0]LogContentBrowser: Native class hierarchy populated in 0.0084 seconds. Added 2363 classes and 519 folders.
[2017.12.24-03.26.48:039][  0]LogContentBrowser: Native class hierarchy updated for 'WidgetCarousel' in 0.0003 seconds. Added 0 classes and 0 folders.
[2017.12.24-03.26.48:083][  0]LogContentBrowser: Native class hierarchy updated for 'AddContentDialog' in 0.0003 seconds. Added 0 classes and 0 folders.
[2017.12.24-03.26.48:149][  0]LogContentBrowser: Native class hierarchy updated for 'SceneOutliner' in 0.0003 seconds. Added 1 classes and 2 folders.
[2017.12.24-03.26.48:260][  0]LogSlate: Took 0.000196 seconds to synchronously load lazily loaded font '../../../Engine/Content/Slate/Fonts/Roboto-Regular.ttf' (155K)
[2017.12.24-03.26.48:264][  0]LogSlate: Took 0.003576 seconds to synchronously load lazily loaded font '../../../Engine/Content/Slate/Fonts/NanumGothic.ttf' (4243K)
[2017.12.24-03.26.48:265][  0]LogSlate: Took 0.000293 seconds to synchronously load lazily loaded font '../../../Engine/Content/Slate/Fonts/Roboto-Bold.ttf' (160K)
[2017.12.24-03.26.48:270][  0]LogSlate: Took 0.000160 seconds to synchronously load lazily loaded font '../../../Engine/Content/Editor/Slate/Fonts/FontAwesome.ttf' (139K)
[2017.12.24-03.26.48:375][  0]LogRenderer: Reallocating scene render targets to support 1080x576 Format 9 NumSamples 1 (Frame:1).
[2017.12.24-03.26.48:732][  0]LogContentBrowser: Native class hierarchy updated for 'HierarchicalLODOutliner' in 0.0003 seconds. Added 1 classes and 2 folders.
[2017.12.24-03.26.48:732][  0]LogLoad: (Engine Initialization) Total time: 25.91 seconds
[2017.12.24-03.26.48:733][  0]LogLoad: (Engine Initialization) Total Blueprint compile time: 0.00 seconds
[2017.12.24-03.26.48:733][  0]LogExternalProfiler: Found external profiler: VSPerf
[2017.12.24-03.26.48:733][  0]LogExternalProfiler: Using external profiler: VSPerf
[2017.12.24-03.26.49:095][  0]LogContentStreaming: Texture pool size now 800 MB
[2017.12.24-03.26.49:426][  1]LogAssetRegistry: Asset discovery search completed in 17.1903 seconds
[2017.12.24-03.26.49:429][  1]LogCollectionManager: Rebuilt the object cache for 0 collections in 0.000000 seconds (found 0 objects)
[2017.12.24-03.26.49:429][  1]LogCollectionManager: Fixed up redirectors for 0 collections in 0.000052 seconds (updated 0 objects)
[2017.12.24-03.27.12:668][795]LogSlate: Took 0.000136 seconds to synchronously load lazily loaded font '../../../Engine/Content/Slate/Fonts/Roboto-Light.ttf' (159K)
[2017.12.24-03.27.12:936][795]LogAIModule: Creating AISystem for world JYD
[2017.12.24-03.27.12:959][795]Cmd: MAP LOAD FILE="D:/Project/Unreal4/BPRPG1/Content/Share/JYD/Maps/JYD.umap" TEMPLATE=0 SHOWPROGRESS=1 FEATURELEVEL=3
[2017.12.24-03.27.12:959][795]LightingResults: New page: 라이팅 빌드
[2017.12.24-03.27.12:960][795]LoadErrors: New page: 맵 로드중: JYD.umap
[2017.12.24-03.27.12:965][795]MapCheck: New page: 맵 체크
[2017.12.24-03.27.12:965][795]LightingResults: New page: 라이팅 빌드
[2017.12.24-03.27.12:981][795]LogStreaming: Display: ULevelStreaming::RequestLevel(/Game/Share/YD/Maps/YD) is flushing async loading
[2017.12.24-03.27.13:037][795]LogStreaming: Display: ULevelStreaming::RequestLevel(/Game/Maps/Step3) is flushing async loading
[2017.12.24-03.27.13:099][795]LogEditorServer: Finished looking for orphan Actors (0.000 secs)
[2017.12.24-03.27.13:140][795]Cmd: MAP CHECKDEP NOCLEARLOG
[2017.12.24-03.27.13:205][795]MapCheck: 맵 체크 완료: 오류 0 회, 경고 0 회, 소요 시간 64.731ms.
[2017.12.24-03.27.13:206][795]LogFileHelpers: Loading map 'JYD' took 0.248
[2017.12.24-03.27.15:269][884]LogTemp: Repeating last play command: 선택된 뷰포트
[2017.12.24-03.27.15:339][884]LogPlayLevel: PlayLevel: No blueprints needed recompiling
[2017.12.24-03.27.15:340][884]PIE: New page: PIE 세션: JYD (2017. 12. 24. 오후 9:27:15)
[2017.12.24-03.27.15:340][884]LogPlayLevel: Creating play world package: /Game/Share/JYD/Maps/UEDPIE_0_JYD
[2017.12.24-03.27.15:344][884]LogPlayLevel: PIE: StaticDuplicateObject took: (0.003969s)
[2017.12.24-03.27.15:345][884]LogAIModule: Creating AISystem for world JYD
[2017.12.24-03.27.15:345][884]LogPlayLevel: PIE: World Init took: (0.000943s)
[2017.12.24-03.27.15:345][884]LogPlayLevel: PIE: Created PIE world by copying editor world from /Game/Share/JYD/Maps/JYD.JYD to /Game/Share/JYD/Maps/UEDPIE_0_JYD.JYD (0.005274s)
[2017.12.24-03.27.15:390][884]LogInit: XAudio2 using '스피커 / 헤드폰(Realtek High Definition Audio)' : 2 channels at 48 kHz using 32 bits per sample (channel mask 0x3)
[2017.12.24-03.27.15:443][884]LogInit: FAudioDevice initialized.
[2017.12.24-03.27.15:656][884]LogLoad: Game class is 'ThirdPersonGameMode_C'
[2017.12.24-03.27.15:685][884]LogWorld: Bringing World /Game/Share/JYD/Maps/UEDPIE_0_JYD.JYD up for play (max tick rate 60) at 2017.12.24-12.27.15
[2017.12.24-03.27.15:686][884]LogWorld: Bringing up level for play took: 0.001318
[2017.12.24-03.27.15:749][884]LogContentBrowser: Native class hierarchy updated for 'MovieSceneCapture' in 0.0003 seconds. Added 11 classes and 0 folders.
[2017.12.24-03.27.15:752][884]PIE: /Game/Share/JYD/Maps/UEDPIE_0_JYD 에 대한 에디터에서 플레이 시작 시간: 0.444
[2017.12.24-03.27.48:860][517]LogEditorViewport: Clicking on Actor (LMB): StaticMeshActor (SM_Plains_Fountain_02)
[2017.12.24-03.30.24:776][662]LogSlate: Took 0.000173 seconds to synchronously load lazily loaded font '../../../Engine/Content/Slate/Fonts/Roboto-Regular.ttf' (155K)
[2017.12.24-03.30.25:261][662]LogContentBrowser: Native class hierarchy updated for 'BlueprintGraph' in 0.0007 seconds. Added 116 classes and 0 folders.
[2017.12.24-03.30.26:020][662]LogMaterial: Missing cached shader map for material PersonaFloorMat, compiling. 
[2017.12.24-03.30.26:308][662]LogRenderer: Reallocating scene render targets to support 1144x900 Format 9 NumSamples 1 (Frame:1).
[2017.12.24-03.30.54:460][996]LogSlate: Took 0.000274 seconds to synchronously load lazily loaded font '../../../Engine/Content/Editor/Slate/Fonts/Roboto-Italic.ttf' (157K)
[2017.12.24-03.32.02:410][749]LogSlate: Took 0.000183 seconds to synchronously load lazily loaded font '../../../Engine/Content/Slate/Fonts/Roboto-Light.ttf' (159K)
[2017.12.24-03.32.51:745][628]Cmd: TRANSACTION UNDO
[2017.12.24-03.32.51:745][628]LogEditorTransaction: Undo Static Mesh 편집
[2017.12.24-03.35.42:017][267]LogEditorViewport: Clicking on Actor (LMB): StaticMeshActor (SM_SQUARE)
[2017.12.24-03.35.58:946][571]BlueprintLog: New page: BP_Fountain 컴파일
[2017.12.24-03.36.10:526][ 77]Cmd: OBJ SAVEPACKAGE PACKAGE="/Game/Share/JYD/Blueprints/BP_Fountain" FILE="D:/Project/Unreal4/BPRPG1/Content/Share/JYD/Blueprints/BP_Fountain.uasset" SILENT=true
[2017.12.24-03.36.10:553][ 77]LogSavePackage: Save=25.63ms
[2017.12.24-03.36.10:553][ 77]LogSavePackage: Moving 'D:/Project/Unreal4/BPRPG1/Saved/BP_FountainEEC3ADA6469D1A0EB199C78175C5ECDB.tmp' to 'D:/Project/Unreal4/BPRPG1/Content/Share/JYD/Blueprints/BP_Fountain.uasset'
[2017.12.24-03.36.10:560][ 77]LogSavePackage: Display: Finished SavePackage D:/Project/Unreal4/BPRPG1/Content/Share/JYD/Blueprints/BP_Fountain.uasset
[2017.12.24-03.36.11:580][128]BlueprintLog: New page: BP_Fountain 컴파일
[2017.12.24-03.36.24:795][753]LogEditorViewport: Clicking on Actor (LMB): BP_Sky_Sphere_C (Sky Sphere)
[2017.12.24-03.36.25:497][791]LogEditorViewport: Clicking on Actor (LMB): BP_Fountain_C (BP_Fountain)
[2017.12.24-03.36.27:043][879]LogEditorViewport: Clicking on Actor (LMB): BP_Sky_Sphere_C (Sky Sphere)
[2017.12.24-03.36.30:153][ 52]LogEditorViewport: Clicking on Actor (LMB): StaticMeshActor (SM_Plains_Fountain_02)
[2017.12.24-03.36.31:108][100]LogEditorViewport: Clicking on Actor (CTRL LMB): StaticMeshActor (SM_Plains_Castle_Fountain_01)
[2017.12.24-03.36.34:937][324]Cmd: DELETE
[2017.12.24-03.36.34:937][324]Cmd: ACTOR DELETE
[2017.12.24-03.36.34:939][324]LogEditorActor: Deleted Actor: StaticMeshActor
[2017.12.24-03.36.34:939][324]LogEditorActor: Deleted Actor: StaticMeshActor
[2017.12.24-03.36.34:960][324]LogEditorActor: Deleted 2 Actors (0.023 secs)
[2017.12.24-03.36.38:700][513]LogEditorViewport: Clicking on Actor (LMB): BP_Fountain_C (BP_Fountain)
[2017.12.24-03.37.08:905][ 84]LogEditorViewport: Clicking Background
[2017.12.24-03.37.11:281][216]LogEditorViewport: Clicking on Actor (LMB): BP_Fountain_C (BP_Fountain3)
[2017.12.24-03.37.28:248][220]LogEditorViewport: Clicking on Actor (LMB): BP_Fountain_C (BP_Fountain3)
[2017.12.24-03.37.45:150][206]LogEditorViewport: Clicking on Actor (LMB): BP_Sky_Sphere_C (Sky Sphere)
[2017.12.24-03.37.50:520][285]LogEditorViewport: Clicking on Actor (LMB): BP_Fountain_C (BP_Fountain)
[2017.12.24-03.37.52:929][411]LogEditorViewport: Clicking on Actor (LMB): BP_Sky_Sphere_C (Sky Sphere)
[2017.12.24-03.37.57:856][641]LogSlate: Took 0.006348 seconds to synchronously load lazily loaded font '../../../Engine/Content/Editor/Slate/Fonts/Roboto-BoldCondensed.ttf' (158K)
[2017.12.24-03.38.17:198][489]BlueprintLog: New page: BP_Fountain 컴파일
[2017.12.24-03.38.18:320][501]Cmd: OBJ SAVEPACKAGE PACKAGE="/Game/Share/JYD/Blueprints/BP_Fountain" FILE="D:/Project/Unreal4/BPRPG1/Content/Share/JYD/Blueprints/BP_Fountain.uasset" SILENT=true
[2017.12.24-03.38.18:361][501]LogSavePackage: Save=29.61ms
[2017.12.24-03.38.18:361][501]LogSavePackage: Moving 'D:/Project/Unreal4/BPRPG1/Saved/BP_FountainD9565EB24E7AC98C546F5CBA7A710BA0.tmp' to 'D:/Project/Unreal4/BPRPG1/Content/Share/JYD/Blueprints/BP_Fountain.uasset'
[2017.12.24-03.38.18:364][501]LogSavePackage: Display: Finished SavePackage D:/Project/Unreal4/BPRPG1/Content/Share/JYD/Blueprints/BP_Fountain.uasset
[2017.12.24-03.39.29:666][661]LogTexture: Display: 텍스처 빌드: ThumbnailTexture (DXT1, 512X512)
[2017.12.24-03.39.29:666][661]LogTexture: Display: 텍스처 빌드: T_LeafFlip_6X6_01 (AutoDXT, 1024X1024)
[2017.12.24-03.39.38:928][ 86]LogTexture: Display: 텍스처 빌드: ThumbnailTexture (DXT1, 512X512)
[2017.12.24-03.39.44:552][290]LogMaterial: Missing cached shader map for material m_flare_01, compiling. 
[2017.12.24-03.39.44:597][290]LogMaterial: Missing cached shader map for material M_Burst, compiling. 
[2017.12.24-03.39.44:635][290]LogMaterial: Missing cached shader map for material M_radial_ramp, compiling. 
[2017.12.24-03.39.44:682][290]LogMaterial: Missing cached shader map for material M_explosion_subUV, compiling. 
[2017.12.24-03.40.09:461][ 76]LogTexture: Display: 텍스처 빌드: ThumbnailTexture (DXT1, 512X512)
[2017.12.24-03.40.19:073][461]LogMaterial: Missing cached shader map for material M_Dust_Particle, compiling. 
[2017.12.24-03.40.28:549][707]BlueprintLog: New page: BP_Fountain 컴파일
[2017.12.24-03.40.30:057][718]Cmd: OBJ SAVEPACKAGE PACKAGE="/Game/Share/JYD/Blueprints/BP_Fountain" FILE="D:/Project/Unreal4/BPRPG1/Content/Share/JYD/Blueprints/BP_Fountain.uasset" SILENT=true
[2017.12.24-03.40.30:096][718]LogSavePackage: Save=34.59ms
[2017.12.24-03.40.30:096][718]LogSavePackage: Moving 'D:/Project/Unreal4/BPRPG1/Saved/BP_Fountain07BAB6B542DF23818E86F7B20F2FC32E.tmp' to 'D:/Project/Unreal4/BPRPG1/Content/Share/JYD/Blueprints/BP_Fountain.uasset'
[2017.12.24-03.40.30:099][718]LogSavePackage: Display: Finished SavePackage D:/Project/Unreal4/BPRPG1/Content/Share/JYD/Blueprints/BP_Fountain.uasset
[2017.12.24-03.40.38:095][ 70]BlueprintLog: New page: BP_Fountain 컴파일
[2017.12.24-03.40.39:679][ 97]Cmd: OBJ SAVEPACKAGE PACKAGE="/Game/Share/JYD/Blueprints/BP_Fountain" FILE="D:/Project/Unreal4/BPRPG1/Content/Share/JYD/Blueprints/BP_Fountain.uasset" SILENT=true
[2017.12.24-03.40.39:716][ 97]LogSavePackage: Save=32.90ms
[2017.12.24-03.40.39:716][ 97]LogSavePackage: Moving 'D:/Project/Unreal4/BPRPG1/Saved/BP_Fountain23714AC64E0589969D258590785D0E7F.tmp' to 'D:/Project/Unreal4/BPRPG1/Content/Share/JYD/Blueprints/BP_Fountain.uasset'
[2017.12.24-03.40.39:717][ 97]LogSavePackage: Display: Finished SavePackage D:/Project/Unreal4/BPRPG1/Content/Share/JYD/Blueprints/BP_Fountain.uasset
[2017.12.24-03.40.42:572][252]LogTemp: Repeating last play command: 선택된 뷰포트
[2017.12.24-03.40.42:610][252]LogPlayLevel: PlayLevel: No blueprints needed recompiling
[2017.12.24-03.40.42:610][252]PIE: New page: PIE 세션: JYD (2017. 12. 24. 오후 9:40:42)
[2017.12.24-03.40.42:610][252]LogPlayLevel: Creating play world package: /Game/Share/JYD/Maps/UEDPIE_0_JYD
[2017.12.24-03.40.42:613][252]LogPlayLevel: PIE: StaticDuplicateObject took: (0.002765s)
[2017.12.24-03.40.42:614][252]LogAIModule: Creating AISystem for world JYD
[2017.12.24-03.40.42:614][252]LogPlayLevel: PIE: World Init took: (0.001000s)
[2017.12.24-03.40.42:614][252]LogPlayLevel: PIE: Created PIE world by copying editor world from /Game/Share/JYD/Maps/JYD.JYD to /Game/Share/JYD/Maps/UEDPIE_0_JYD.JYD (0.004068s)
[2017.12.24-03.40.42:660][252]LogInit: XAudio2 using '스피커 / 헤드폰(Realtek High Definition Audio)' : 2 channels at 48 kHz using 32 bits per sample (channel mask 0x3)
[2017.12.24-03.40.42:710][252]LogInit: FAudioDevice initialized.
[2017.12.24-03.40.42:741][252]LogLoad: Game class is 'ThirdPersonGameMode_C'
[2017.12.24-03.40.42:777][252]LogWorld: Bringing World /Game/Share/JYD/Maps/UEDPIE_0_JYD.JYD up for play (max tick rate 60) at 2017.12.24-12.40.42
[2017.12.24-03.40.42:778][252]LogWorld: Bringing up level for play took: 0.002637
[2017.12.24-03.40.42:781][252]PIE: /Game/Share/JYD/Maps/UEDPIE_0_JYD 에 대한 에디터에서 플레이 시작 시간: -0.528
[2017.12.24-03.40.56:959][916]LogTexture: Display: 텍스처 빌드: ThumbnailTexture (DXT1, 512X512)
[2017.12.24-03.41.05:235][258]LogMaterial: Missing cached shader map for material M_Spark, compiling. 
[2017.12.24-03.41.13:391][544]LogTexture: Display: 텍스처 빌드: ThumbnailTexture (DXT1, 512X512)
[2017.12.24-03.41.24:731][995]BlueprintLog: New page: BP_Fountain 컴파일
[2017.12.24-03.41.25:844][ 14]Cmd: OBJ SAVEPACKAGE PACKAGE="/Game/Share/JYD/Blueprints/BP_Fountain" FILE="D:/Project/Unreal4/BPRPG1/Content/Share/JYD/Blueprints/BP_Fountain.uasset" SILENT=true
[2017.12.24-03.41.25:873][ 14]LogSavePackage: Save=25.22ms
[2017.12.24-03.41.25:873][ 14]LogSavePackage: Moving 'D:/Project/Unreal4/BPRPG1/Saved/BP_FountainC6678BC24899DA44767D51B8AAF47507.tmp' to 'D:/Project/Unreal4/BPRPG1/Content/Share/JYD/Blueprints/BP_Fountain.uasset'
[2017.12.24-03.41.25:875][ 14]LogSavePackage: Display: Finished SavePackage D:/Project/Unreal4/BPRPG1/Content/Share/JYD/Blueprints/BP_Fountain.uasset
[2017.12.24-03.41.28:170][146]LogTemp: Repeating last play command: 선택된 뷰포트
[2017.12.24-03.41.28:195][146]LogPlayLevel: PlayLevel: No blueprints needed recompiling
[2017.12.24-03.41.28:195][146]PIE: New page: PIE 세션: JYD (2017. 12. 24. 오후 9:41:28)
[2017.12.24-03.41.28:195][146]LogPlayLevel: Creating play world package: /Game/Share/JYD/Maps/UEDPIE_0_JYD
[2017.12.24-03.41.28:198][146]LogPlayLevel: PIE: StaticDuplicateObject took: (0.002484s)
[2017.12.24-03.41.28:199][146]LogAIModule: Creating AISystem for world JYD
[2017.12.24-03.41.28:199][146]LogPlayLevel: PIE: World Init took: (0.001308s)
[2017.12.24-03.41.28:199][146]LogPlayLevel: PIE: Created PIE world by copying editor world from /Game/Share/JYD/Maps/JYD.JYD to /Game/Share/JYD/Maps/UEDPIE_0_JYD.JYD (0.004104s)
[2017.12.24-03.41.28:247][146]LogInit: XAudio2 using '스피커 / 헤드폰(Realtek High Definition Audio)' : 2 channels at 48 kHz using 32 bits per sample (channel mask 0x3)
[2017.12.24-03.41.28:299][146]LogInit: FAudioDevice initialized.
[2017.12.24-03.41.28:330][146]LogLoad: Game class is 'ThirdPersonGameMode_C'
[2017.12.24-03.41.28:360][146]LogWorld: Bringing World /Game/Share/JYD/Maps/UEDPIE_0_JYD.JYD up for play (max tick rate 60) at 2017.12.24-12.41.28
[2017.12.24-03.41.28:362][146]LogWorld: Bringing up level for play took: 0.002684
[2017.12.24-03.41.28:364][146]PIE: /Game/Share/JYD/Maps/UEDPIE_0_JYD 에 대한 에디터에서 플레이 시작 시간: 1.056
[2017.12.24-03.42.00:539][682]BlueprintLog: New page: BP_Fountain 컴파일
[2017.12.24-03.42.01:711][692]Cmd: OBJ SAVEPACKAGE PACKAGE="/Game/Share/JYD/Blueprints/BP_Fountain" FILE="D:/Project/Unreal4/BPRPG1/Content/Share/JYD/Blueprints/BP_Fountain.uasset" SILENT=true
[2017.12.24-03.42.01:743][692]LogSavePackage: Save=26.81ms
[2017.12.24-03.42.01:743][692]LogSavePackage: Moving 'D:/Project/Unreal4/BPRPG1/Saved/BP_Fountain8EFD6D0F47C029A8DFB9DC85BC4B2782.tmp' to 'D:/Project/Unreal4/BPRPG1/Content/Share/JYD/Blueprints/BP_Fountain.uasset'
[2017.12.24-03.42.01:744][692]LogSavePackage: Display: Finished SavePackage D:/Project/Unreal4/BPRPG1/Content/Share/JYD/Blueprints/BP_Fountain.uasset
[2017.12.24-03.42.32:216][164]Cmd: OBJ SAVEPACKAGE PACKAGE="/Game/Share/JYD/Maps/JYD" FILE="D:/Project/Unreal4/BPRPG1/Saved/Autosaves/Game/Share/JYD/Maps/JYD_Auto1.umap" SILENT=true AUTOSAVING=true KEEPDIRTY=false
[2017.12.24-03.42.32:314][164]LogSavePackage: Save=89.16ms
[2017.12.24-03.42.32:314][164]LogSavePackage: Moving 'D:/Project/Unreal4/BPRPG1/Saved/JYD_Auto19ECF382742B7B08ED11965B0E3C0DA95.tmp' to 'D:/Project/Unreal4/BPRPG1/Saved/Autosaves/Game/Share/JYD/Maps/JYD_Auto1.umap'
[2017.12.24-03.42.32:315][164]LogSavePackage: Display: Finished SavePackage D:/Project/Unreal4/BPRPG1/Saved/Autosaves/Game/Share/JYD/Maps/JYD_Auto1.umap
[2017.12.24-03.42.32:322][164]LogFileHelpers: Editor autosave (incl. sublevels) for '/Game/Share/JYD/Maps/JYD' took 0.131
[2017.12.24-03.42.32:322][164]LogFileHelpers: Editor autosave (incl. sublevels) for all levels took 0.131
[2017.12.24-03.42.59:381][306]LogEditorViewport: Clicking on Actor (LMB): BP_Fountain_C (BP_Fountain)
[2017.12.24-03.43.00:655][379]LogEditorViewport: Clicking on Actor (LMB): BP_Fountain_C (BP_Fountain3)
[2017.12.24-03.43.11:091][902]LogEditorViewport: Clicking on Actor (LMB): StaticMeshActor (SM_SQUARE)
[2017.12.24-03.43.17:689][281]LogEditorViewport: Clicking on Actor (LMB): BP_Fountain_C (BP_Fountain3)
[2017.12.24-03.43.37:578][384]LogTemp: Repeating last play command: 선택된 뷰포트
[2017.12.24-03.43.37:608][384]LogPlayLevel: PlayLevel: No blueprints needed recompiling
[2017.12.24-03.43.37:608][384]PIE: New page: PIE 세션: JYD (2017. 12. 24. 오후 9:43:37)
[2017.12.24-03.43.37:608][384]LogPlayLevel: Creating play world package: /Game/Share/JYD/Maps/UEDPIE_0_JYD
[2017.12.24-03.43.37:611][384]LogPlayLevel: PIE: StaticDuplicateObject took: (0.002443s)
[2017.12.24-03.43.37:611][384]LogAIModule: Creating AISystem for world JYD
[2017.12.24-03.43.37:612][384]LogPlayLevel: PIE: World Init took: (0.001132s)
[2017.12.24-03.43.37:612][384]LogPlayLevel: PIE: Created PIE world by copying editor world from /Game/Share/JYD/Maps/JYD.JYD to /Game/Share/JYD/Maps/UEDPIE_0_JYD.JYD (0.004016s)
[2017.12.24-03.43.37:659][384]LogInit: XAudio2 using '스피커 / 헤드폰(Realtek High Definition Audio)' : 2 channels at 48 kHz using 32 bits per sample (channel mask 0x3)
[2017.12.24-03.43.37:712][384]LogInit: FAudioDevice initialized.
[2017.12.24-03.43.37:743][384]LogLoad: Game class is 'ThirdPersonGameMode_C'
[2017.12.24-03.43.37:775][384]LogWorld: Bringing World /Game/Share/JYD/Maps/UEDPIE_0_JYD.JYD up for play (max tick rate 60) at 2017.12.24-12.43.37
[2017.12.24-03.43.37:776][384]LogWorld: Bringing up level for play took: 0.002169
[2017.12.24-03.43.37:779][384]PIE: /Game/Share/JYD/Maps/UEDPIE_0_JYD 에 대한 에디터에서 플레이 시작 시간: 0.47
[2017.12.24-03.43.53:885][318]LogEditorViewport: Clicking on Actor (LMB): BP_Fountain_C (BP_Fountain2)
[2017.12.24-03.44.01:661][727]LogEditorViewport: Clicking on Actor (LMB): BP_Fountain_C (BP_Fountain3)
[2017.12.24-03.44.15:659][462]LogEditorViewport: Clicking on Actor (LMB): BP_Fountain_C (BP_Fountain)
[2017.12.24-03.44.17:679][577]LogEditorViewport: Clicking on Actor (LMB): StaticMeshActor (SM_SQUARE)
[2017.12.24-03.44.18:362][613]LogEditorViewport: Clicking on Actor (LMB): BP_Sky_Sphere_C (Sky Sphere)
[2017.12.24-03.44.35:623][535]Cmd: OBJ SAVEPACKAGE PACKAGE="/Game/Share/JYD/Blueprints/BP_Fountain" FILE="D:/Project/Unreal4/BPRPG1/Content/Share/JYD/Blueprints/BP_Fountain.uasset" SILENT=true
[2017.12.24-03.44.35:689][535]LogSavePackage: Save=54.96ms
[2017.12.24-03.44.35:689][535]LogSavePackage: Moving 'D:/Project/Unreal4/BPRPG1/Saved/BP_Fountain5588FF5149F531E28BD6AC8A0D7E1BC8.tmp' to 'D:/Project/Unreal4/BPRPG1/Content/Share/JYD/Blueprints/BP_Fountain.uasset'
[2017.12.24-03.44.35:690][535]LogSavePackage: Display: Finished SavePackage D:/Project/Unreal4/BPRPG1/Content/Share/JYD/Blueprints/BP_Fountain.uasset
[2017.12.24-03.46.40:830][406]BlueprintLog: New page: BP_Fountain 컴파일
[2017.12.24-03.46.46:090][608]LogTemp: Repeating last play command: 선택된 뷰포트
[2017.12.24-03.46.46:122][608]LogPlayLevel: PlayLevel: No blueprints needed recompiling
[2017.12.24-03.46.46:122][608]PIE: New page: PIE 세션: JYD (2017. 12. 24. 오후 9:46:46)
[2017.12.24-03.46.46:122][608]LogPlayLevel: Creating play world package: /Game/Share/JYD/Maps/UEDPIE_0_JYD
[2017.12.24-03.46.46:125][608]LogPlayLevel: PIE: StaticDuplicateObject took: (0.002882s)
[2017.12.24-03.46.46:126][608]LogAIModule: Creating AISystem for world JYD
[2017.12.24-03.46.46:126][608]LogPlayLevel: PIE: World Init took: (0.001290s)
[2017.12.24-03.46.46:126][608]LogPlayLevel: PIE: Created PIE world by copying editor world from /Game/Share/JYD/Maps/JYD.JYD to /Game/Share/JYD/Maps/UEDPIE_0_JYD.JYD (0.004553s)
[2017.12.24-03.46.46:181][608]LogInit: XAudio2 using '스피커 / 헤드폰(Realtek High Definition Audio)' : 2 channels at 48 kHz using 32 bits per sample (channel mask 0x3)
[2017.12.24-03.46.46:237][608]LogInit: FAudioDevice initialized.
[2017.12.24-03.46.46:278][608]LogLoad: Game class is 'ThirdPersonGameMode_C'
[2017.12.24-03.46.46:312][608]LogWorld: Bringing World /Game/Share/JYD/Maps/UEDPIE_0_JYD.JYD up for play (max tick rate 60) at 2017.12.24-12.46.46
[2017.12.24-03.46.46:313][608]LogWorld: Bringing up level for play took: 0.001932
[2017.12.24-03.46.46:317][608]LogBlueprintUserMessages: [BP_Fountain3] Hello world
[2017.12.24-03.46.46:317][608]LogBlueprintUserMessages: [BP_Fountain2] Hello world
[2017.12.24-03.46.46:317][608]LogBlueprintUserMessages: [BP_Fountain_722] Hello world
[2017.12.24-03.46.46:317][608]PIE: /Game/Share/JYD/Maps/UEDPIE_0_JYD 에 대한 에디터에서 플레이 시작 시간: 1.009
[2017.12.24-03.46.56:497][938]LogTemp: Repeating last play command: 선택된 뷰포트
[2017.12.24-03.46.56:525][938]LogPlayLevel: PlayLevel: No blueprints needed recompiling
[2017.12.24-03.46.56:525][938]PIE: New page: PIE 세션: JYD (2017. 12. 24. 오후 9:46:56)
[2017.12.24-03.46.56:525][938]LogPlayLevel: Creating play world package: /Game/Share/JYD/Maps/UEDPIE_0_JYD
[2017.12.24-03.46.56:528][938]LogPlayLevel: PIE: StaticDuplicateObject took: (0.002959s)
[2017.12.24-03.46.56:529][938]LogAIModule: Creating AISystem for world JYD
[2017.12.24-03.46.56:530][938]LogPlayLevel: PIE: World Init took: (0.001372s)
[2017.12.24-03.46.56:530][938]LogPlayLevel: PIE: Created PIE world by copying editor world from /Game/Share/JYD/Maps/JYD.JYD to /Game/Share/JYD/Maps/UEDPIE_0_JYD.JYD (0.004749s)
[2017.12.24-03.46.56:579][938]LogInit: XAudio2 using '스피커 / 헤드폰(Realtek High Definition Audio)' : 2 channels at 48 kHz using 32 bits per sample (channel mask 0x3)
[2017.12.24-03.46.56:632][938]LogInit: FAudioDevice initialized.
[2017.12.24-03.46.56:667][938]LogLoad: Game class is 'ThirdPersonGameMode_C'
[2017.12.24-03.46.56:695][938]LogWorld: Bringing World /Game/Share/JYD/Maps/UEDPIE_0_JYD.JYD up for play (max tick rate 60) at 2017.12.24-12.46.56
[2017.12.24-03.46.56:696][938]LogWorld: Bringing up level for play took: 0.001470
[2017.12.24-03.46.56:699][938]LogBlueprintUserMessages: [BP_Fountain3] Hello world
[2017.12.24-03.46.56:699][938]LogBlueprintUserMessages: [BP_Fountain2] Hello world
[2017.12.24-03.46.56:699][938]LogBlueprintUserMessages: [BP_Fountain_722] Hello world
[2017.12.24-03.46.56:699][938]PIE: /Game/Share/JYD/Maps/UEDPIE_0_JYD 에 대한 에디터에서 플레이 시작 시간: -0.609
[2017.12.24-03.49.32:152][593]LogTemp: Repeating last play command: 선택된 뷰포트
[2017.12.24-03.49.32:180][593]LogPlayLevel: PlayLevel: No blueprints needed recompiling
[2017.12.24-03.49.32:180][593]PIE: New page: PIE 세션: JYD (2017. 12. 24. 오후 9:49:32)
[2017.12.24-03.49.32:180][593]LogPlayLevel: Creating play world package: /Game/Share/JYD/Maps/UEDPIE_0_JYD
[2017.12.24-03.49.32:184][593]LogPlayLevel: PIE: StaticDuplicateObject took: (0.003327s)
[2017.12.24-03.49.32:184][593]LogAIModule: Creating AISystem for world JYD
[2017.12.24-03.49.32:185][593]LogPlayLevel: PIE: World Init took: (0.000821s)
[2017.12.24-03.49.32:185][593]LogPlayLevel: PIE: Created PIE world by copying editor world from /Game/Share/JYD/Maps/JYD.JYD to /Game/Share/JYD/Maps/UEDPIE_0_JYD.JYD (0.004446s)
[2017.12.24-03.49.32:257][593]LogInit: XAudio2 using '스피커 / 헤드폰(Realtek High Definition Audio)' : 2 channels at 48 kHz using 32 bits per sample (channel mask 0x3)
[2017.12.24-03.49.32:330][593]LogInit: FAudioDevice initialized.
[2017.12.24-03.49.32:362][593]LogLoad: Game class is 'ThirdPersonGameMode_C'
[2017.12.24-03.49.32:396][593]LogWorld: Bringing World /Game/Share/JYD/Maps/UEDPIE_0_JYD.JYD up for play (max tick rate 60) at 2017.12.24-12.49.32
[2017.12.24-03.49.32:397][593]LogWorld: Bringing up level for play took: 0.001666
[2017.12.24-03.49.32:399][593]LogBlueprintUserMessages: [BP_Fountain3] Hello world
[2017.12.24-03.49.32:399][593]LogBlueprintUserMessages: [BP_Fountain2] Hello world
[2017.12.24-03.49.32:399][593]LogBlueprintUserMessages: [BP_Fountain_722] Hello world
[2017.12.24-03.49.32:399][593]PIE: /Game/Share/JYD/Maps/UEDPIE_0_JYD 에 대한 에디터에서 플레이 시작 시간: 1.091
[2017.12.24-03.50.15:261][656]BlueprintLog: New page: BP_Fountain 컴파일
[2017.12.24-03.50.16:184][656]Cmd: OBJ SAVEPACKAGE PACKAGE="/Game/Share/JYD/Blueprints/BP_Fountain" FILE="D:/Project/Unreal4/BPRPG1/Content/Share/JYD/Blueprints/BP_Fountain.uasset" SILENT=true
[2017.12.24-03.50.16:233][656]LogSavePackage: Save=38.37ms
[2017.12.24-03.50.16:234][656]LogSavePackage: Moving 'D:/Project/Unreal4/BPRPG1/Saved/BP_Fountain95B6095A4725A4B0338CCF80B9038680.tmp' to 'D:/Project/Unreal4/BPRPG1/Content/Share/JYD/Blueprints/BP_Fountain.uasset'
[2017.12.24-03.50.16:236][656]LogSavePackage: Display: Finished SavePackage D:/Project/Unreal4/BPRPG1/Content/Share/JYD/Blueprints/BP_Fountain.uasset
[2017.12.24-03.50.17:700][682]Cmd: OBJ SAVEPACKAGE PACKAGE="/Game/Share/JYD/Blueprints/BP_Fountain" FILE="D:/Project/Unreal4/BPRPG1/Content/Share/JYD/Blueprints/BP_Fountain.uasset" SILENT=true
[2017.12.24-03.50.17:733][682]LogSavePackage: Save=27.31ms
[2017.12.24-03.50.17:734][682]LogSavePackage: Moving 'D:/Project/Unreal4/BPRPG1/Saved/BP_FountainE4D21FA343C11BA9C5CADC8D58616D38.tmp' to 'D:/Project/Unreal4/BPRPG1/Content/Share/JYD/Blueprints/BP_Fountain.uasset'
[2017.12.24-03.50.17:734][682]LogSavePackage: Display: Finished SavePackage D:/Project/Unreal4/BPRPG1/Content/Share/JYD/Blueprints/BP_Fountain.uasset
[2017.12.24-03.52.03:478][663]BlueprintLog: New page: BP_Fountain 컴파일
[2017.12.24-03.52.05:032][667]Cmd: OBJ SAVEPACKAGE PACKAGE="/Game/Share/JYD/Blueprints/BP_Fountain" FILE="D:/Project/Unreal4/BPRPG1/Content/Share/JYD/Blueprints/BP_Fountain.uasset" SILENT=true
[2017.12.24-03.52.05:074][667]LogSavePackage: Save=37.69ms
[2017.12.24-03.52.05:074][667]LogSavePackage: Moving 'D:/Project/Unreal4/BPRPG1/Saved/BP_FountainA38AEBDF41D8A7B1FA4185B9523CEABE.tmp' to 'D:/Project/Unreal4/BPRPG1/Content/Share/JYD/Blueprints/BP_Fountain.uasset'
[2017.12.24-03.52.05:076][667]LogSavePackage: Display: Finished SavePackage D:/Project/Unreal4/BPRPG1/Content/Share/JYD/Blueprints/BP_Fountain.uasset
[2017.12.24-03.52.29:968][961]LogTemp: Repeating last play command: 선택된 뷰포트
[2017.12.24-03.52.30:004][961]LogPlayLevel: PlayLevel: No blueprints needed recompiling
[2017.12.24-03.52.30:004][961]PIE: New page: PIE 세션: JYD (2017. 12. 24. 오후 9:52:30)
[2017.12.24-03.52.30:004][961]LogPlayLevel: Creating play world package: /Game/Share/JYD/Maps/UEDPIE_0_JYD
[2017.12.24-03.52.30:008][961]LogPlayLevel: PIE: StaticDuplicateObject took: (0.003641s)
[2017.12.24-03.52.30:009][961]LogAIModule: Creating AISystem for world JYD
[2017.12.24-03.52.30:009][961]LogPlayLevel: PIE: World Init took: (0.000811s)
[2017.12.24-03.52.30:009][961]LogPlayLevel: PIE: Created PIE world by copying editor world from /Game/Share/JYD/Maps/JYD.JYD to /Game/Share/JYD/Maps/UEDPIE_0_JYD.JYD (0.004732s)
[2017.12.24-03.52.30:127][961]LogInit: XAudio2 using '스피커 / 헤드폰(Realtek High Definition Audio)' : 2 channels at 48 kHz using 32 bits per sample (channel mask 0x3)
[2017.12.24-03.52.30:190][961]LogInit: FAudioDevice initialized.
[2017.12.24-03.52.30:227][961]LogLoad: Game class is 'ThirdPersonGameMode_C'
[2017.12.24-03.52.30:262][961]LogWorld: Bringing World /Game/Share/JYD/Maps/UEDPIE_0_JYD.JYD up for play (max tick rate 60) at 2017.12.24-12.52.30
[2017.12.24-03.52.30:262][961]LogWorld: Bringing up level for play took: 0.001645
[2017.12.24-03.52.30:266][961]LogBlueprintUserMessages: [BP_Fountain3] Hello world
[2017.12.24-03.52.30:266][961]LogBlueprintUserMessages: [BP_Fountain2] Hello world
[2017.12.24-03.52.30:266][961]LogBlueprintUserMessages: [BP_Fountain_722] Hello world
[2017.12.24-03.52.30:266][961]PIE: /Game/Share/JYD/Maps/UEDPIE_0_JYD 에 대한 에디터에서 플레이 시작 시간: 0.958
[2017.12.24-03.53.35:039][ 67]Cmd: OBJ SAVEPACKAGE PACKAGE="/Game/Share/JYD/Maps/JYD" FILE="D:/Project/Unreal4/BPRPG1/Saved/Autosaves/Game/Share/JYD/Maps/JYD_Auto2.umap" SILENT=true AUTOSAVING=true KEEPDIRTY=false
[2017.12.24-03.53.35:143][ 67]LogSavePackage: Save=92.91ms
[2017.12.24-03.53.35:143][ 67]LogSavePackage: Moving 'D:/Project/Unreal4/BPRPG1/Saved/JYD_Auto24A8E35474748192AC2D71BB37A030908.tmp' to 'D:/Project/Unreal4/BPRPG1/Saved/Autosaves/Game/Share/JYD/Maps/JYD_Auto2.umap'
[2017.12.24-03.53.35:144][ 67]LogSavePackage: Display: Finished SavePackage D:/Project/Unreal4/BPRPG1/Saved/Autosaves/Game/Share/JYD/Maps/JYD_Auto2.umap
[2017.12.24-03.53.35:150][ 67]LogFileHelpers: Editor autosave (incl. sublevels) for '/Game/Share/JYD/Maps/JYD' took 0.131
[2017.12.24-03.53.35:150][ 67]LogFileHelpers: Editor autosave (incl. sublevels) for all levels took 0.131
[2017.12.24-11.01.45:276][556]LogTemp: Repeating last play command: 선택된 뷰포트
[2017.12.24-11.01.45:308][556]LogPlayLevel: PlayLevel: No blueprints needed recompiling
[2017.12.24-11.01.45:308][556]PIE: New page: PIE 세션: JYD (2017. 12. 25. 오전 5:01:45)
[2017.12.24-11.01.45:308][556]LogPlayLevel: Creating play world package: /Game/Share/JYD/Maps/UEDPIE_0_JYD
[2017.12.24-11.01.45:313][556]LogPlayLevel: PIE: StaticDuplicateObject took: (0.005037s)
[2017.12.24-11.01.45:314][556]LogAIModule: Creating AISystem for world JYD
[2017.12.24-11.01.45:314][556]LogPlayLevel: PIE: World Init took: (0.000980s)
[2017.12.24-11.01.45:314][556]LogPlayLevel: PIE: Created PIE world by copying editor world from /Game/Share/JYD/Maps/JYD.JYD to /Game/Share/JYD/Maps/UEDPIE_0_JYD.JYD (0.006360s)
[2017.12.24-11.01.45:409][556]LogInit: XAudio2 using '스피커 / 헤드폰(Realtek High Definition Audio)' : 2 channels at 48 kHz using 32 bits per sample (channel mask 0x3)
[2017.12.24-11.01.45:474][556]LogInit: FAudioDevice initialized.
[2017.12.24-11.01.45:508][556]LogLoad: Game class is 'ThirdPersonGameMode_C'
[2017.12.24-11.01.45:542][556]LogWorld: Bringing World /Game/Share/JYD/Maps/UEDPIE_0_JYD.JYD up for play (max tick rate 60) at 2017.12.24-20.01.45
[2017.12.24-11.01.45:543][556]LogWorld: Bringing up level for play took: 0.002672
[2017.12.24-11.01.45:546][556]LogBlueprintUserMessages: [BP_Fountain3] Hello world
[2017.12.24-11.01.45:546][556]LogBlueprintUserMessages: [BP_Fountain2] Hello world
[2017.12.24-11.01.45:546][556]LogBlueprintUserMessages: [BP_Fountain_722] Hello world
[2017.12.24-11.01.45:546][556]PIE: /Game/Share/JYD/Maps/UEDPIE_0_JYD 에 대한 에디터에서 플레이 시작 시간: 0.238
[2017.12.24-11.59.20:828][ 13]LogTemp: Repeating last play command: 선택된 뷰포트
[2017.12.24-11.59.20:856][ 13]LogPlayLevel: PlayLevel: No blueprints needed recompiling
[2017.12.24-11.59.20:857][ 13]PIE: New page: PIE 세션: JYD (2017. 12. 25. 오전 5:59:20)
[2017.12.24-11.59.20:857][ 13]LogPlayLevel: Creating play world package: /Game/Share/JYD/Maps/UEDPIE_0_JYD
[2017.12.24-11.59.20:862][ 13]LogPlayLevel: PIE: StaticDuplicateObject took: (0.004873s)
[2017.12.24-11.59.20:862][ 13]LogAIModule: Creating AISystem for world JYD
[2017.12.24-11.59.20:863][ 13]LogPlayLevel: PIE: World Init took: (0.000955s)
[2017.12.24-11.59.20:863][ 13]LogPlayLevel: PIE: Created PIE world by copying editor world from /Game/Share/JYD/Maps/JYD.JYD to /Game/Share/JYD/Maps/UEDPIE_0_JYD.JYD (0.006152s)
[2017.12.24-11.59.20:921][ 13]LogInit: XAudio2 using '스피커 / 헤드폰(Realtek High Definition Audio)' : 2 channels at 48 kHz using 32 bits per sample (channel mask 0x3)
[2017.12.24-11.59.20:985][ 13]LogInit: FAudioDevice initialized.
[2017.12.24-11.59.21:021][ 13]LogLoad: Game class is 'ThirdPersonGameMode_C'
[2017.12.24-11.59.21:055][ 13]LogWorld: Bringing World /Game/Share/JYD/Maps/UEDPIE_0_JYD.JYD up for play (max tick rate 60) at 2017.12.24-20.59.21
[2017.12.24-11.59.21:055][ 13]LogWorld: Bringing up level for play took: 0.001741
[2017.12.24-11.59.21:058][ 13]LogBlueprintUserMessages: [BP_Fountain3] Hello world
[2017.12.24-11.59.21:058][ 13]LogBlueprintUserMessages: [BP_Fountain2] Hello world
[2017.12.24-11.59.21:058][ 13]LogBlueprintUserMessages: [BP_Fountain_722] Hello world
[2017.12.24-11.59.21:058][ 13]PIE: /Game/Share/JYD/Maps/UEDPIE_0_JYD 에 대한 에디터에서 플레이 시작 시간: -0.25
[2017.12.24-11.59.31:066][217]Cmd: OBJ SAVEPACKAGE PACKAGE="/Game/Share/JYD/Maps/JYD" FILE="D:/Project/Unreal4/BPRPG1/Content/Share/JYD/Maps/JYD.umap" SILENT=true AUTOSAVING=false KEEPDIRTY=false
[2017.12.24-11.59.31:166][217]LogSavePackage: Save=65.59ms
[2017.12.24-11.59.31:166][217]LogSavePackage: Moving 'D:/Project/Unreal4/BPRPG1/Saved/JYD6C673C724A4A909E4EFD25BBBEE89FA7.tmp' to 'D:/Project/Unreal4/BPRPG1/Content/Share/JYD/Maps/JYD.umap'
[2017.12.24-11.59.31:172][217]LogSavePackage: Display: Finished SavePackage D:/Project/Unreal4/BPRPG1/Content/Share/JYD/Maps/JYD.umap
[2017.12.24-11.59.31:213][217]LogFileHelpers: Saving map 'JYD' took 0.261
[2017.12.24-11.59.34:238][308]Cmd: QUIT_EDITOR
[2017.12.24-11.59.34:588][308]LogWindowsTextInputMethodSystem: Display: IME system now activated using TSF (Microsoft 입력기).
[2017.12.24-11.59.34:612][308]LogExit: Preparing to exit.
[2017.12.24-11.59.35:537][308]LogExit: Editor shut down
[2017.12.24-11.59.35:580][308]LogExit: Transaction tracking system shut down
[2017.12.24-11.59.35:741][308]LogDirectoryWatcher: A directory notification for '../../../Engine/Content/' was aborted.
[2017.12.24-11.59.35:741][308]LogDirectoryWatcher: A directory notification for 'D:/Project/Unreal4/BPRPG1/Content/' was aborted.
[2017.12.24-11.59.35:741][308]LogDirectoryWatcher: A directory notification for '../../../Engine/Plugins/2D/Paper2D/Content/' was aborted.
[2017.12.24-11.59.35:741][308]LogDirectoryWatcher: A directory notification for '../../../Engine/Plugins/Media/MediaCompositing/Content/' was aborted.
[2017.12.24-11.59.35:741][308]LogDirectoryWatcher: A directory notification for '../../../Engine/Plugins/Runtime/AppleARKit/Content/' was aborted.
[2017.12.24-11.59.35:741][308]LogDirectoryWatcher: A directory notification for '../../../Engine/Plugins/Runtime/Oculus/OculusVR/Content/' was aborted.
[2017.12.24-11.59.35:741][308]LogDirectoryWatcher: A directory notification for '../../../Engine/Plugins/Runtime/Steam/SteamVR/Content/' was aborted.
[2017.12.24-11.59.35:964][308]LogExit: Object subsystem successfully closed.
[2017.12.24-11.59.35:999][308]LogD3D11RHI: Shutdown
[2017.12.24-11.59.35:999][308]LogD3D11RHI: CleanupD3DDevice
[2017.12.24-11.59.36:007][308]LogD3D11RHI: ~FD3D11DynamicRHI
[2017.12.24-11.59.36:043][308]LogModuleManager: Shutting down and abandoning module HierarchicalLODUtilities (554)
[2017.12.24-11.59.36:043][308]LogModuleManager: Shutting down and abandoning module BlueprintGraph (552)
[2017.12.24-11.59.36:043][308]LogModuleManager: Shutting down and abandoning module MovieSceneCapture (550)
[2017.12.24-11.59.36:043][308]LogModuleManager: Shutting down and abandoning module HierarchicalLODOutliner (548)
[2017.12.24-11.59.36:043][308]LogModuleManager: Shutting down and abandoning module SceneOutliner (546)
[2017.12.24-11.59.36:043][308]LogModuleManager: Shutting down and abandoning module AddContentDialog (544)
[2017.12.24-11.59.36:043][308]LogDirectoryWatcher: A directory notification for 'C:/Program Files/Epic Games/UE_4.18/FeaturePacks/' was aborted.
[2017.12.24-11.59.36:050][308]LogModuleManager: Shutting down and abandoning module WidgetCarousel (543)
[2017.12.24-11.59.36:050][308]LogModuleManager: Shutting down and abandoning module EditorWidgets (540)
[2017.12.24-11.59.36:050][308]LogModuleManager: Shutting down and abandoning module CollectionManager (538)
[2017.12.24-11.59.36:050][308]LogDirectoryWatcher: A directory notification for 'D:/Project/Unreal4/BPRPG1/Content/Collections/' was aborted.
[2017.12.24-11.59.36:050][308]LogDirectoryWatcher: A directory notification for 'D:/Project/Unreal4/BPRPG1/Content/Developers/mapl0/Collections/' was aborted.
[2017.12.24-11.59.36:050][308]LogDirectoryWatcher: A directory notification for 'D:/Project/Unreal4/BPRPG1/Saved/Collections/' was aborted.
[2017.12.24-11.59.36:050][308]LogModuleManager: Shutting down and abandoning module StatsViewer (536)
[2017.12.24-11.59.36:050][308]LogModuleManager: Shutting down and abandoning module FoliageEdit (534)
[2017.12.24-11.59.36:050][308]LogModuleManager: Shutting down and abandoning module LandscapeEditor (532)
[2017.12.24-11.59.36:051][308]LogModuleManager: Shutting down and abandoning module MeshPaintMode (530)
[2017.12.24-11.59.36:051][308]LogModuleManager: Shutting down and abandoning module SceneDepthPickerMode (528)
[2017.12.24-11.59.36:051][308]LogModuleManager: Shutting down and abandoning module ActorPickerMode (526)
[2017.12.24-11.59.36:051][308]LogModuleManager: Shutting down and abandoning module GeometryMode (524)
[2017.12.24-11.59.36:051][308]LogModuleManager: Shutting down and abandoning module TextureAlignMode (522)
[2017.12.24-11.59.36:051][308]LogModuleManager: Shutting down and abandoning module BspMode (520)
[2017.12.24-11.59.36:051][308]LogModuleManager: Shutting down and abandoning module PIEPreviewDeviceProfileSelector (518)
[2017.12.24-11.59.36:051][308]LogModuleManager: Shutting down and abandoning module HardwareSurvey (516)
[2017.12.24-11.59.36:051][308]LogModuleManager: Shutting down and abandoning module SequenceRecorderSections (514)
[2017.12.24-11.59.36:051][308]LogModuleManager: Shutting down and abandoning module AutomationWorker (512)
[2017.12.24-11.59.36:051][308]LogModuleManager: Shutting down and abandoning module MatineeToLevelSequence (510)
[2017.12.24-11.59.36:051][308]LogModuleManager: Shutting down and abandoning module LevelSequenceEditor (508)
[2017.12.24-11.59.36:051][308]LogModuleManager: Shutting down and abandoning module PlacementMode (507)
[2017.12.24-11.59.36:051][308]LogModuleManager: Shutting down and abandoning module WmfMediaFactory (504)
[2017.12.24-11.59.36:051][308]LogModuleManager: Shutting down and abandoning module WmfMediaEditor (502)
[2017.12.24-11.59.36:051][308]LogModuleManager: Shutting down and abandoning module OpenExrWrapper (500)
[2017.12.24-11.59.36:051][308]LogModuleManager: Shutting down and abandoning module ImgMediaFactory (498)
[2017.12.24-11.59.36:051][308]LogModuleManager: Shutting down and abandoning module ImgMediaEditor (496)
[2017.12.24-11.59.36:051][308]LogModuleManager: Shutting down and abandoning module AvfMediaFactory (494)
[2017.12.24-11.59.36:051][308]LogModuleManager: Shutting down and abandoning module AvfMediaEditor (492)
[2017.12.24-11.59.36:051][308]LogModuleManager: Shutting down and abandoning module AndroidMediaFactory (490)
[2017.12.24-11.59.36:051][308]LogModuleManager: Shutting down and abandoning module AndroidMediaEditor (488)
[2017.12.24-11.59.36:051][308]LogModuleManager: Shutting down and abandoning module CharacterAI (486)
[2017.12.24-11.59.36:051][308]LogModuleManager: Shutting down and abandoning module AudioCapture (484)
[2017.12.24-11.59.36:051][308]LogModuleManager: Shutting down and abandoning module SequenceRecorder (483)
[2017.12.24-11.59.36:051][308]LogModuleManager: Shutting down and abandoning module SmartSnapping (480)
[2017.12.24-11.59.36:052][308]LogModuleManager: Shutting down and abandoning module SessionServices (478)
[2017.12.24-11.59.36:052][308]LogModuleManager: Shutting down and abandoning module ViewportSnapping (476)
[2017.12.24-11.59.36:052][308]LogModuleManager: Shutting down and abandoning module ViewportInteraction (474)
[2017.12.24-11.59.36:052][308]LogModuleManager: Shutting down and abandoning module ClothPainter (472)
[2017.12.24-11.59.36:052][308]LogModuleManager: Shutting down and abandoning module SkeletalMeshEditor (471)
[2017.12.24-11.59.36:052][308]LogModuleManager: Shutting down and abandoning module LogVisualizer (468)
[2017.12.24-11.59.36:052][308]LogModuleManager: Shutting down and abandoning module IntroTutorials (466)
[2017.12.24-11.59.36:052][308]LogModuleManager: Shutting down and abandoning module GameProjectGeneration (465)
[2017.12.24-11.59.36:052][308]LogModuleManager: Shutting down and abandoning module IOSPlatformEditor (462)
[2017.12.24-11.59.36:052][308]LogModuleManager: Shutting down and abandoning module HTML5PlatformEditor (460)
[2017.12.24-11.59.36:052][308]LogModuleManager: Shutting down and abandoning module AndroidPlatformEditor (458)
[2017.12.24-11.59.36:052][308]LogModuleManager: Shutting down and abandoning module AndroidDeviceDetection (457)
[2017.12.24-11.59.36:682][308]LogModuleManager: Shutting down and abandoning module WindowsPlatformEditor (454)
[2017.12.24-11.59.36:682][308]LogModuleManager: Shutting down and abandoning module IOSRuntimeSettings (452)
[2017.12.24-11.59.36:682][308]LogModuleManager: Shutting down and abandoning module AndroidRuntimeSettings (450)
[2017.12.24-11.59.36:682][308]LogModuleManager: Shutting down and abandoning module InputBindingEditor (448)
[2017.12.24-11.59.36:682][308]LogModuleManager: Shutting down and abandoning module MergeActors (446)
[2017.12.24-11.59.36:682][308]LogModuleManager: Shutting down and abandoning module SizeMap (444)
[2017.12.24-11.59.36:682][308]LogModuleManager: Shutting down and abandoning module TreeMap (442)
[2017.12.24-11.59.36:682][308]LogModuleManager: Shutting down and abandoning module ReferenceViewer (440)
[2017.12.24-11.59.36:682][308]LogModuleManager: Shutting down and abandoning module LocalizationDashboard (438)
[2017.12.24-11.59.36:683][308]LogModuleManager: Shutting down and abandoning module LocalizationService (437)
[2017.12.24-11.59.36:683][308]LogModuleManager: Shutting down and abandoning module HardwareTargeting (434)
[2017.12.24-11.59.36:683][308]LogModuleManager: Shutting down and abandoning module DeviceProfileEditor (432)
[2017.12.24-11.59.36:683][308]LogModuleManager: Shutting down and abandoning module UndoHistory (430)
[2017.12.24-11.59.36:683][308]LogModuleManager: Shutting down and abandoning module XmlParser (428)
[2017.12.24-11.59.36:683][308]LogModuleManager: Shutting down and abandoning module Blutility (426)
[2017.12.24-11.59.36:683][308]LogModuleManager: Shutting down and abandoning module ProjectSettingsViewer (424)
[2017.12.24-11.59.36:683][308]LogModuleManager: Shutting down and abandoning module ProjectTargetPlatformEditor (423)
[2017.12.24-11.59.36:683][308]LogModuleManager: Shutting down and abandoning module EditorSettingsViewer (420)
[2017.12.24-11.59.36:683][308]LogModuleManager: Shutting down and abandoning module SettingsEditor (418)
[2017.12.24-11.59.36:683][308]LogModuleManager: Shutting down and abandoning module ProjectLauncher (416)
[2017.12.24-11.59.36:683][308]LogModuleManager: Shutting down and abandoning module SessionFrontend (414)
[2017.12.24-11.59.36:683][308]LogModuleManager: Shutting down and abandoning module ProfilerClient (412)
[2017.12.24-11.59.36:683][308]LogModuleManager: Shutting down and abandoning module DeviceManager (410)
[2017.12.24-11.59.36:683][308]LogModuleManager: Shutting down and abandoning module TargetDeviceServices (409)
[2017.12.24-11.59.36:739][308]LogModuleManager: Shutting down and abandoning module AutomationController (406)
[2017.12.24-11.59.36:739][308]LogModuleManager: Shutting down and abandoning module AutomationWindow (404)
[2017.12.24-11.59.36:739][308]LogModuleManager: Shutting down and abandoning module Layers (402)
[2017.12.24-11.59.36:739][308]LogModuleManager: Shutting down and abandoning module ComponentVisualizers (400)
[2017.12.24-11.59.36:739][308]LogModuleManager: Shutting down and abandoning module DetailCustomizations (398)
[2017.12.24-11.59.36:739][308]LogModuleManager: Shutting down and abandoning module PackagesDialog (396)
[2017.12.24-11.59.36:739][308]LogModuleManager: Shutting down and abandoning module Persona (394)
[2017.12.24-11.59.36:739][308]LogModuleManager: Shutting down and abandoning module AdvancedPreviewScene (393)
[2017.12.24-11.59.36:739][308]LogModuleManager: Shutting down and abandoning module AnimGraph (391)
[2017.12.24-11.59.36:739][308]LogModuleManager: Shutting down and abandoning module Kismet (388)
[2017.12.24-11.59.36:748][308]LogModuleManager: Shutting down and abandoning module ClassViewer (386)
[2017.12.24-11.59.36:751][308]LogModuleManager: Shutting down and abandoning module Toolbox (384)
[2017.12.24-11.59.36:751][308]LogModuleManager: Shutting down and abandoning module ModuleUI (382)
[2017.12.24-11.59.36:751][308]LogModuleManager: Shutting down and abandoning module MovieSceneTools (380)
[2017.12.24-11.59.36:751][308]LogModuleManager: Shutting down and abandoning module OutputLog (378)
[2017.12.24-11.59.36:751][308]LogModuleManager: Shutting down and abandoning module GammaUI (376)
[2017.12.24-11.59.36:751][308]LogModuleManager: Shutting down and abandoning module Documentation (374)
[2017.12.24-11.59.36:751][308]LogModuleManager: Shutting down and abandoning module MovieSceneTracks (372)
[2017.12.24-11.59.36:751][308]LogModuleManager: Shutting down and abandoning module MovieScene (370)
[2017.12.24-11.59.36:751][308]LogModuleManager: Shutting down and abandoning module StreamingPauseRendering (368)
[2017.12.24-11.59.36:751][308]LogModuleManager: Shutting down and abandoning module LauncherPlatform (366)
[2017.12.24-11.59.36:751][308]LogModuleManager: Shutting down and abandoning module AnalyticsET (364)
[2017.12.24-11.59.36:751][308]LogModuleManager: Shutting down and abandoning module PortalServices (362)
[2017.12.24-11.59.36:751][308]LogModuleManager: Shutting down and abandoning module PortalRpc (360)
[2017.12.24-11.59.36:751][308]LogModuleManager: Shutting down and abandoning module MessagingRpc (358)
[2017.12.24-11.59.36:751][308]LogModuleManager: Shutting down and abandoning module AIModule (356)
[2017.12.24-11.59.36:751][308]LogModuleManager: Shutting down and abandoning module GameplayDebugger (355)
[2017.12.24-11.59.36:751][308]LogModuleManager: Shutting down and abandoning module AITestSuite (353)
[2017.12.24-11.59.36:751][308]LogModuleManager: Shutting down and abandoning module DesktopPlatform (350)
[2017.12.24-11.59.36:751][308]LogModuleManager: Shutting down and abandoning module ProfilerService (348)
[2017.12.24-11.59.36:836][308]LogModuleManager: Shutting down and abandoning module TaskGraph (346)
[2017.12.24-11.59.36:836][308]LogModuleManager: Shutting down and abandoning module SteamVRController (344)
[2017.12.24-11.59.36:836][308]LogModuleManager: Shutting down and abandoning module ProceduralMeshComponentEditor (342)
[2017.12.24-11.59.36:836][308]LogModuleManager: Shutting down and abandoning module ProceduralMeshComponent (340)
[2017.12.24-11.59.36:836][308]LogModuleManager: Shutting down and abandoning module OculusInput (338)
[2017.12.24-11.59.36:836][308]LogModuleManager: Shutting down and abandoning module MobilePatchingUtils (336)
[2017.12.24-11.59.36:837][308]LogModuleManager: Shutting down and abandoning module CustomMeshComponent (334)
[2017.12.24-11.59.36:837][308]LogModuleManager: Shutting down and abandoning module CableComponent (332)
[2017.12.24-11.59.36:837][308]LogModuleManager: Shutting down and abandoning module ArchVisCharacter (330)
[2017.12.24-11.59.36:837][308]LogModuleManager: Shutting down and abandoning module AndroidPermission (328)
[2017.12.24-11.59.36:837][308]LogModuleManager: Shutting down and abandoning module ActorSequence (324)
[2017.12.24-11.59.36:837][308]LogModuleManager: Shutting down and abandoning module MediaPlayerEditor (322)
[2017.12.24-11.59.36:837][308]LogModuleManager: Shutting down and abandoning module MediaCompositingEditor (320)
[2017.12.24-11.59.36:837][308]LogModuleManager: Shutting down and abandoning module MediaCompositing (318)
[2017.12.24-11.59.36:837][308]LogModuleManager: Shutting down and abandoning module HTML5Networking (316)
[2017.12.24-11.59.36:837][308]LogModuleManager: Shutting down and abandoning module AlembicImporter (314)
[2017.12.24-11.59.36:837][308]LogModuleManager: Shutting down and abandoning module AlembicLibrary (313)
[2017.12.24-11.59.36:837][308]LogModuleManager: Shutting down and abandoning module GeometryCache (312)
[2017.12.24-11.59.36:837][308]LogModuleManager: Shutting down and abandoning module GeometryCacheEd (311)
[2017.12.24-11.59.36:837][308]LogModuleManager: Shutting down and abandoning module SpeedTreeImporter (306)
[2017.12.24-11.59.36:837][308]LogModuleManager: Shutting down and abandoning module PluginBrowser (304)
[2017.12.24-11.59.36:837][308]LogModuleManager: Shutting down and abandoning module MobileLauncherProfileWizard (302)
[2017.12.24-11.59.36:837][308]LogModuleManager: Shutting down and abandoning module VisualStudioSourceCodeAccess (300)
[2017.12.24-11.59.36:837][308]LogModuleManager: Shutting down and abandoning module VisualStudioCodeSourceCodeAccess (298)
[2017.12.24-11.59.36:837][308]LogModuleManager: Shutting down and abandoning module UObjectPlugin (296)
[2017.12.24-11.59.36:837][308]LogModuleManager: Shutting down and abandoning module SubversionSourceControl (294)
[2017.12.24-11.59.36:837][308]LogModuleManager: Shutting down and abandoning module PerforceSourceControl (292)
[2017.12.24-11.59.36:837][308]LogModuleManager: Shutting down and abandoning module GitSourceControl (290)
[2017.12.24-11.59.36:837][308]LogModuleManager: Shutting down and abandoning module SourceControl (289)
[2017.12.24-11.59.36:838][308]LogModuleManager: Shutting down and abandoning module LightPropagationVolumeEditor (286)
[2017.12.24-11.59.36:838][308]LogModuleManager: Shutting down and abandoning module PaperTiledImporter (284)
[2017.12.24-11.59.36:838][308]LogModuleManager: Shutting down and abandoning module PaperSpriteSheetImporter (282)
[2017.12.24-11.59.36:838][308]LogModuleManager: Shutting down and abandoning module Paper2DEditor (280)
[2017.12.24-11.59.36:838][308]LogModuleManager: Shutting down and abandoning module MeshPaint (279)
[2017.12.24-11.59.36:838][308]LogModuleManager: Shutting down and abandoning module LevelEditor (277)
[2017.12.24-11.59.36:842][308]LogModuleManager: Shutting down and abandoning module PixelInspectorModule (276)
[2017.12.24-11.59.36:842][308]LogModuleManager: Shutting down and abandoning module MainFrame (274)
[2017.12.24-11.59.36:842][308]LogModuleManager: Shutting down and abandoning module HotReload (273)
[2017.12.24-11.59.36:843][308]LogModuleManager: Shutting down and abandoning module RuntimePhysXCooking (268)
[2017.12.24-11.59.36:843][308]LogModuleManager: Shutting down and abandoning module PhysXVehiclesEditor (266)
[2017.12.24-11.59.36:843][308]LogModuleManager: Shutting down and abandoning module PhysXVehicles (264)
[2017.12.24-11.59.36:843][308]LogModuleManager: Shutting down and abandoning module OculusEditor (262)
[2017.12.24-11.59.36:843][308]LogModuleManager: Shutting down and abandoning module LocationServicesBPLibrary (260)
[2017.12.24-11.59.36:843][308]LogModuleManager: Shutting down and abandoning module ImmediatePhysicsEditor (258)
[2017.12.24-11.59.36:843][308]LogModuleManager: Shutting down and abandoning module ImmediatePhysics (256)
[2017.12.24-11.59.36:843][308]LogModuleManager: Shutting down and abandoning module UdpMessaging (254)
[2017.12.24-11.59.36:944][308]LogModuleManager: Shutting down and abandoning module TcpMessaging (252)
[2017.12.24-11.59.37:045][308]LogModuleManager: Shutting down and abandoning module GameplayTagsEditor (250)
[2017.12.24-11.59.37:045][308]LogModuleManager: Shutting down and abandoning module FacialAnimationEditor (248)
[2017.12.24-11.59.37:045][308]LogModuleManager: Shutting down and abandoning module FacialAnimation (246)
[2017.12.24-11.59.37:045][308]LogModuleManager: Shutting down and abandoning module AssetManagerEditor (244)
[2017.12.24-11.59.37:045][308]LogModuleManager: Shutting down and abandoning module GraphEditor (243)
[2017.12.24-11.59.37:045][308]LogModuleManager: Shutting down and abandoning module ContentBrowser (241)
[2017.12.24-11.59.37:047][308]LogModuleManager: Shutting down and abandoning module LightPropagationVolumeRuntime (238)
[2017.12.24-11.59.37:047][308]LogModuleManager: Shutting down and abandoning module Paper2D (236)
[2017.12.24-11.59.37:047][308]LogModuleManager: Shutting down and abandoning module WindowsMoviePlayer (234)
[2017.12.24-11.59.37:047][308]LogModuleManager: Shutting down and abandoning module WmfMedia (232)
[2017.12.24-11.59.37:048][308]LogModuleManager: Shutting down and abandoning module ImgMedia (230)
[2017.12.24-11.59.37:048][308]LogModuleManager: Shutting down and abandoning module PacketHandler (228)
[2017.12.24-11.59.37:048][308]LogModuleManager: Shutting down and abandoning module ClothingSystemEditor (226)
[2017.12.24-11.59.37:048][308]LogModuleManager: Shutting down and abandoning module ClothingSystemRuntime (224)
[2017.12.24-11.59.37:048][308]LogModuleManager: Shutting down and abandoning module MediaAssets (222)
[2017.12.24-11.59.37:048][308]LogModuleManager: Shutting down and abandoning module Media (221)
[2017.12.24-11.59.37:054][308]LogModuleManager: Shutting down and abandoning module Overlay (218)
[2017.12.24-11.59.37:054][308]LogModuleManager: Shutting down and abandoning module OverlayEditor (217)
[2017.12.24-11.59.37:054][308]LogModuleManager: Shutting down and abandoning module VREditor (214)
[2017.12.24-11.59.37:054][308]LogModuleManager: Shutting down and abandoning module StringTableEditor (212)
[2017.12.24-11.59.37:054][308]LogModuleManager: Shutting down and abandoning module GameplayTasksEditor (210)
[2017.12.24-11.59.37:054][308]LogModuleManager: Shutting down and abandoning module BehaviorTreeEditor (208)
[2017.12.24-11.59.37:054][308]LogModuleManager: Shutting down and abandoning module FunctionalTesting (206)
[2017.12.24-11.59.37:054][308]LogModuleManager: Shutting down and abandoning module CollisionAnalyzer (204)
[2017.12.24-11.59.37:055][308]LogModuleManager: Shutting down and abandoning module WorkspaceMenuStructure (203)
[2017.12.24-11.59.37:055][308]LogModuleManager: Shutting down and abandoning module UMG (200)
[2017.12.24-11.59.37:055][308]LogModuleManager: Shutting down and abandoning module UMGEditor (199)
[2017.12.24-11.59.37:055][308]LogModuleManager: Shutting down and abandoning module Sequencer (198)
[2017.12.24-11.59.37:055][308]LogModuleManager: Shutting down and abandoning module MessageLog (195)
[2017.12.24-11.59.37:055][308]LogModuleManager: Shutting down and abandoning module SlateReflector (190)
[2017.12.24-11.59.37:055][308]LogModuleManager: Shutting down and abandoning module Slate (188)
[2017.12.24-11.59.37:055][308]LogModuleManager: Shutting down and abandoning module EditorStyle (186)
[2017.12.24-11.59.37:058][308]LogModuleManager: Shutting down and abandoning module MRMesh (184)
[2017.12.24-11.59.37:058][308]LogModuleManager: Shutting down and abandoning module SourceCodeAccess (182)
[2017.12.24-11.59.37:058][308]LogModuleManager: Shutting down and abandoning module HeadMountedDisplay (180)
[2017.12.24-11.59.37:058][308]LogModuleManager: Shutting down and abandoning module XAudio2 (178)
[2017.12.24-11.59.37:058][308]LogModuleManager: Shutting down and abandoning module Networking (176)
[2017.12.24-11.59.37:058][308]LogModuleManager: Shutting down and abandoning module Core (172)
[2017.12.24-11.59.37:058][308]LogModuleManager: Shutting down and abandoning module LevelSequence (168)
[2017.12.24-11.59.37:058][308]LogModuleManager: Shutting down and abandoning module DirectoryWatcher (166)
[2017.12.24-11.59.37:067][308]LogModuleManager: Shutting down and abandoning module KismetCompiler (164)
[2017.12.24-11.59.37:067][308]LogModuleManager: Shutting down and abandoning module MeshUtilities (162)
[2017.12.24-11.59.37:067][308]LogModuleManager: Shutting down and abandoning module MeshMergeUtilities (161)
[2017.12.24-11.59.37:067][308]LogModuleManager: Shutting down and abandoning module MeshReductionInterface (160)
[2017.12.24-11.59.37:067][308]LogModuleManager: Shutting down and abandoning module SimplygonSwarm (159)
[2017.12.24-11.59.37:068][308]LogModuleManager: Shutting down and abandoning module SimplygonMeshReduction (157)
[2017.12.24-11.59.37:068][308]LogModuleManager: Shutting down and abandoning module QuadricMeshReduction (155)
[2017.12.24-11.59.37:068][308]LogModuleManager: Shutting down and abandoning module MaterialBaking (151)
[2017.12.24-11.59.37:068][308]LogModuleManager: Shutting down and abandoning module DerivedDataCache (148)
[2017.12.24-11.59.37:167][308]LogDerivedDataCache: Shutdown
[2017.12.24-11.59.37:167][308]LogModuleManager: Shutting down and abandoning module TargetPlatform (146)
[2017.12.24-11.59.37:168][308]LogModuleManager: Shutting down and abandoning module VulkanShaderFormat (145)
[2017.12.24-11.59.37:168][308]LogModuleManager: Shutting down and abandoning module ShaderFormatVectorVM (143)
[2017.12.24-11.59.37:168][308]LogModuleManager: Shutting down and abandoning module ShaderFormatOpenGL (141)
[2017.12.24-11.59.37:168][308]LogModuleManager: Shutting down and abandoning module ShaderFormatD3D (139)
[2017.12.24-11.59.37:168][308]LogModuleManager: Shutting down and abandoning module MetalShaderFormat (137)
[2017.12.24-11.59.37:168][308]LogModuleManager: Shutting down and abandoning module TextureFormatUncompressed (135)
[2017.12.24-11.59.37:168][308]LogModuleManager: Shutting down and abandoning module TextureFormatPVR (133)
[2017.12.24-11.59.37:168][308]LogModuleManager: Shutting down and abandoning module TextureFormatDXT (131)
[2017.12.24-11.59.37:168][308]LogModuleManager: Shutting down and abandoning module TextureFormatIntelISPCTexComp (129)
[2017.12.24-11.59.37:168][308]LogModuleManager: Shutting down and abandoning module TextureFormatASTC (127)
[2017.12.24-11.59.37:168][308]LogModuleManager: Shutting down and abandoning module ImageWrapper (126)
[2017.12.24-11.59.37:168][308]LogModuleManager: Shutting down and abandoning module TextureFormatAndroid (123)
[2017.12.24-11.59.37:168][308]LogModuleManager: Shutting down and abandoning module AudioFormatOpus (121)
[2017.12.24-11.59.37:168][308]LogModuleManager: Shutting down and abandoning module AudioFormatOgg (119)
[2017.12.24-11.59.37:168][308]LogModuleManager: Shutting down and abandoning module AudioFormatADPCM (117)
[2017.12.24-11.59.37:168][308]LogModuleManager: Shutting down and abandoning module LinuxTargetPlatform (115)
[2017.12.24-11.59.37:168][308]LogModuleManager: Shutting down and abandoning module LinuxServerTargetPlatform (113)
[2017.12.24-11.59.37:168][308]LogModuleManager: Shutting down and abandoning module LinuxNoEditorTargetPlatform (111)
[2017.12.24-11.59.37:168][308]LogModuleManager: Shutting down and abandoning module LinuxClientTargetPlatform (109)
[2017.12.24-11.59.37:168][308]LogModuleManager: Shutting down and abandoning module TVOSTargetPlatform (107)
[2017.12.24-11.59.37:168][308]LogModuleManager: Shutting down and abandoning module Messaging (105)
[2017.12.24-11.59.37:168][308]LogModuleManager: Shutting down and abandoning module IOSTargetPlatform (103)
[2017.12.24-11.59.37:168][308]LogModuleManager: Shutting down and abandoning module HTML5TargetPlatform (101)
[2017.12.24-11.59.37:168][308]LogModuleManager: Shutting down and abandoning module AndroidTargetPlatform (99)
[2017.12.24-11.59.37:168][308]LogModuleManager: Shutting down and abandoning module Android_PVRTCTargetPlatform (97)
[2017.12.24-11.59.37:169][308]LogModuleManager: Shutting down and abandoning module Android_MultiTargetPlatform (95)
[2017.12.24-11.59.37:169][308]LogModuleManager: Shutting down and abandoning module Android_ETC2TargetPlatform (93)
[2017.12.24-11.59.37:169][308]LogModuleManager: Shutting down and abandoning module Android_ETC1TargetPlatform (91)
[2017.12.24-11.59.37:169][308]LogModuleManager: Shutting down and abandoning module Android_DXTTargetPlatform (89)
[2017.12.24-11.59.37:169][308]LogModuleManager: Shutting down and abandoning module Android_ATCTargetPlatform (87)
[2017.12.24-11.59.37:169][308]LogModuleManager: Shutting down and abandoning module Android_ASTCTargetPlatform (85)
[2017.12.24-11.59.37:169][308]LogModuleManager: Shutting down and abandoning module WindowsTargetPlatform (83)
[2017.12.24-11.59.37:169][308]LogModuleManager: Shutting down and abandoning module WindowsServerTargetPlatform (81)
[2017.12.24-11.59.37:169][308]LogModuleManager: Shutting down and abandoning module WindowsNoEditorTargetPlatform (79)
[2017.12.24-11.59.37:169][308]LogModuleManager: Shutting down and abandoning module WindowsClientTargetPlatform (77)
[2017.12.24-11.59.37:169][308]LogModuleManager: Shutting down and abandoning module MacTargetPlatform (75)
[2017.12.24-11.59.37:169][308]LogModuleManager: Shutting down and abandoning module MacServerTargetPlatform (73)
[2017.12.24-11.59.37:169][308]LogModuleManager: Shutting down and abandoning module MacNoEditorTargetPlatform (71)
[2017.12.24-11.59.37:169][308]LogModuleManager: Shutting down and abandoning module MacClientTargetPlatform (69)
[2017.12.24-11.59.37:169][308]LogModuleManager: Shutting down and abandoning module AllDesktopTargetPlatform (67)
[2017.12.24-11.59.37:169][308]LogModuleManager: Shutting down and abandoning module InputCore (64)
[2017.12.24-11.59.37:169][308]LogModuleManager: Shutting down and abandoning module Settings (62)
[2017.12.24-11.59.37:169][308]LogModuleManager: Shutting down and abandoning module PhysXCooking (60)
[2017.12.24-11.59.37:169][308]LogModuleManager: Shutting down and abandoning module SteamVR (58)
[2017.12.24-11.59.37:169][308]LogModuleManager: Shutting down and abandoning module OculusHMD (56)
[2017.12.24-11.59.37:169][308]LogModuleManager: Shutting down and abandoning module ExampleDeviceProfileSelector (54)
[2017.12.24-11.59.37:169][308]LogModuleManager: Shutting down and abandoning module AppleARKit (52)
[2017.12.24-11.59.37:169][308]LogModuleManager: Shutting down and abandoning module AugmentedReality (51)
[2017.12.24-11.59.37:169][308]LogModuleManager: Shutting down and abandoning module OnlineBlueprintSupport (48)
[2017.12.24-11.59.37:169][308]LogModuleManager: Shutting down and abandoning module OnlineSubsystem (44)
[2017.12.24-11.59.37:169][308]LogModuleManager: Shutting down and abandoning module XMPP (43)
[2017.12.24-11.59.37:169][308]LogModuleManager: Shutting down and abandoning module HTTP (41)
[2017.12.24-11.59.37:169][308]LogHttp: Display: Http module shutting down, but needs to wait on 1 outstanding Http requests:
[2017.12.24-11.59.37:169][308]LogHttp: Display: 	verb=[POST] url=[https://datarouter.ol.epicgames.com/datarouter/api/v1/public/data?SessionID=%7B6109E6FD-4A5C-E32C-F128-D19247D1485C%7D&AppID=UEEditor.Rocket.Release&AppVersion=4.18.2-3794801%2B%2B%2BUE4%2BRelease-4.18&UserID=ab0f6ec7467c65357aa0a68f65584983%7C896c5d86c4cd4015b20f317903f9495b%7C2946f11b-8d1b-47ea-b6f1-d9c83ead4eea&AppEnvironment=datacollector-binary&UploadType=eteventstream] status=Processing
[2017.12.24-11.59.37:186][308]LogModuleManager: Shutting down and abandoning module SSL (40)
[2017.12.24-11.59.37:188][308]LogModuleManager: Shutting down and abandoning module AnimationModifiers (36)
[2017.12.24-11.59.37:188][308]LogModuleManager: Shutting down and abandoning module PropertyEditor (35)
[2017.12.24-11.59.37:189][308]LogModuleManager: Shutting down and abandoning module AudioEditor (32)
[2017.12.24-11.59.37:189][308]LogModuleManager: Shutting down and abandoning module TextureCompressor (30)
[2017.12.24-11.59.37:189][308]LogModuleManager: Shutting down and abandoning module ShaderCore (28)
[2017.12.24-11.59.37:189][308]LogModuleManager: Shutting down and abandoning module Landscape (26)
[2017.12.24-11.59.37:189][308]LogModuleManager: Shutting down and abandoning module SlateRHIRenderer (24)
[2017.12.24-11.59.37:202][308]LogModuleManager: Shutting down and abandoning module OpenGLDrv (22)
[2017.12.24-11.59.37:202][308]LogModuleManager: Shutting down and abandoning module D3D11RHI (20)
[2017.12.24-11.59.37:202][308]LogModuleManager: Shutting down and abandoning module AnimGraphRuntime (18)
[2017.12.24-11.59.37:202][308]LogModuleManager: Shutting down and abandoning module Renderer (16)
[2017.12.24-11.59.37:202][308]LogModuleManager: Shutting down and abandoning module Engine (14)
[2017.12.24-11.59.37:202][308]LogModuleManager: Shutting down and abandoning module CoreUObject (12)
[2017.12.24-11.59.37:202][308]LogModuleManager: Shutting down and abandoning module NetworkFile (10)
[2017.12.24-11.59.37:202][308]LogModuleManager: Shutting down and abandoning module CookedIterativeFile (8)
[2017.12.24-11.59.37:202][308]LogModuleManager: Shutting down and abandoning module StreamingFile (6)
[2017.12.24-11.59.37:203][308]LogModuleManager: Shutting down and abandoning module SandboxFile (4)
[2017.12.24-11.59.37:203][308]LogModuleManager: Shutting down and abandoning module PakFile (2)
[2017.12.24-11.59.37:207][308]LogExit: Exiting.
[2017.12.24-11.59.37:233][308]Log file closed, 12/24/17 20:59:37
