Log file open, 01/18/18 21:12:01
LogWindows: Failed to load 'aqProf.dll' (GetLastError=126)
LogWindows: File 'aqProf.dll' does not exist
LogWindows: Failed to load 'VtuneApi.dll' (GetLastError=126)
LogWindows: File 'VtuneApi.dll' does not exist
LogWindows: Failed to load 'VtuneApi32e.dll' (GetLastError=126)
LogWindows: File 'VtuneApi32e.dll' does not exist
LogInit: Display: Running engine for game: BPRPG1
LogPlatformFile: Not using cached read wrapper
LogInit: Display: RandInit(-250028749) SRandInit(-250028748).
LogInit: Read version file with build ID '3709383'
LogInit: Overriding engine version to CL 3794801, compatible CL 3709383
LogInit: Registered custom module enumerator with build ID '3709383'
LogTaskGraph: Started task graph with 5 named threads and 14 total threads with 3 sets of task threads.
LogStats: Stats thread started at 0.211151
LogD3D11RHI: Aftermath initialized
LogModuleManager: Display: Found up-to-date module file ../../../Engine/Plugins/2D/Paper2D/Binaries/Win64/UE4Editor-Paper2D.dll (API version 3709383).
LogModuleManager: Display: Found up-to-date module file ../../../Engine/Plugins/2D/Paper2D/Binaries/Win64/UE4Editor-Paper2DEditor.dll (API version 3709383).
LogModuleManager: Display: Found up-to-date module file ../../../Engine/Plugins/2D/Paper2D/Binaries/Win64/UE4Editor-PaperSpriteSheetImporter.dll (API version 3709383).
LogModuleManager: Display: Found up-to-date module file ../../../Engine/Plugins/2D/Paper2D/Binaries/Win64/UE4Editor-PaperTiledImporter.dll (API version 3709383).
LogModuleManager: Display: Found up-to-date module file ../../../Engine/Plugins/2D/Paper2D/Binaries/Win64/UE4Editor-SmartSnapping.dll (API version 3709383).
LogModuleManager: Display: Found up-to-date module file ../../../Engine/Plugins/Blendables/LightPropagationVolume/Binaries/Win64/UE4Editor-LightPropagationVolumeRuntime.dll (API version 3709383).
LogModuleManager: Display: Found up-to-date module file ../../../Engine/Plugins/Blendables/LightPropagationVolume/Binaries/Win64/UE4Editor-LightPropagationVolumeEditor.dll (API version 3709383).
LogModuleManager: Display: Found up-to-date module file ../../../Engine/Plugins/Developer/GitSourceControl/Binaries/Win64/UE4Editor-GitSourceControl.dll (API version 3709383).
LogModuleManager: Display: Found up-to-date module file ../../../Engine/Plugins/Developer/PerforceSourceControl/Binaries/Win64/UE4Editor-PerforceSourceControl.dll (API version 3709383).
LogModuleManager: Display: Found up-to-date module file ../../../Engine/Plugins/Developer/SubversionSourceControl/Binaries/Win64/UE4Editor-SubversionSourceControl.dll (API version 3709383).
LogModuleManager: Display: Found up-to-date module file ../../../Engine/Plugins/Developer/UObjectPlugin/Binaries/Win64/UE4Editor-UObjectPlugin.dll (API version 3709383).
LogModuleManager: Display: Found up-to-date module file ../../../Engine/Plugins/Developer/VisualStudioCodeSourceCodeAccess/Binaries/Win64/UE4Editor-VisualStudioCodeSourceCodeAccess.dll (API version 3709383).
LogModuleManager: Display: Found up-to-date module file ../../../Engine/Plugins/Developer/VisualStudioSourceCodeAccess/Binaries/Win64/UE4Editor-VisualStudioSourceCodeAccess.dll (API version 3709383).
LogModuleManager: Display: Found up-to-date module file ../../../Engine/Plugins/Editor/AssetManagerEditor/Binaries/Win64/UE4Editor-AssetManagerEditor.dll (API version 3709383).
LogModuleManager: Display: Found up-to-date module file ../../../Engine/Plugins/Editor/AudioCapture/Binaries/Win64/UE4Editor-AudioCapture.dll (API version 3709383).
LogModuleManager: Display: Found up-to-date module file ../../../Engine/Plugins/Editor/FacialAnimation/Binaries/Win64/UE4Editor-FacialAnimation.dll (API version 3709383).
LogModuleManager: Display: Found up-to-date module file ../../../Engine/Plugins/Editor/FacialAnimation/Binaries/Win64/UE4Editor-FacialAnimationEditor.dll (API version 3709383).
LogModuleManager: Display: Found up-to-date module file ../../../Engine/Plugins/Editor/GameplayTagsEditor/Binaries/Win64/UE4Editor-GameplayTagsEditor.dll (API version 3709383).
LogModuleManager: Display: Found up-to-date module file ../../../Engine/Plugins/Editor/MobileLauncherProfileWizard/Binaries/Win64/UE4Editor-MobileLauncherProfileWizard.dll (API version 3709383).
LogModuleManager: Display: Found up-to-date module file ../../../Engine/Plugins/Editor/PluginBrowser/Binaries/Win64/UE4Editor-PluginBrowser.dll (API version 3709383).
LogModuleManager: Display: Found up-to-date module file ../../../Engine/Plugins/Editor/SpeedTreeImporter/Binaries/Win64/UE4Editor-SpeedTreeImporter.dll (API version 3709383).
LogModuleManager: Display: Found up-to-date module file ../../../Engine/Plugins/Experimental/AlembicImporter/Binaries/Win64/UE4Editor-AlembicImporter.dll (API version 3709383).
LogModuleManager: Display: Found up-to-date module file ../../../Engine/Plugins/Experimental/AlembicImporter/Binaries/Win64/UE4Editor-AlembicLibrary.dll (API version 3709383).
LogModuleManager: Display: Found up-to-date module file ../../../Engine/Plugins/Experimental/CharacterAI/Binaries/Win64/UE4Editor-CharacterAI.dll (API version 3709383).
LogModuleManager: Display: Found up-to-date module file ../../../Engine/Plugins/Experimental/HTML5Networking/Binaries/Win64/UE4Editor-HTML5Networking.dll (API version 3709383).
LogModuleManager: Display: Found up-to-date module file ../../../Engine/Plugins/Media/AndroidMedia/Binaries/Win64/UE4Editor-AndroidMediaEditor.dll (API version 3709383).
LogModuleManager: Display: Found up-to-date module file ../../../Engine/Plugins/Media/AndroidMedia/Binaries/Win64/UE4Editor-AndroidMediaFactory.dll (API version 3709383).
LogModuleManager: Display: Found up-to-date module file ../../../Engine/Plugins/Media/AvfMedia/Binaries/Win64/UE4Editor-AvfMediaEditor.dll (API version 3709383).
LogModuleManager: Display: Found up-to-date module file ../../../Engine/Plugins/Media/AvfMedia/Binaries/Win64/UE4Editor-AvfMediaFactory.dll (API version 3709383).
LogModuleManager: Display: Found up-to-date module file ../../../Engine/Plugins/Media/AvfMedia/Binaries/Win64/UE4Editor-AvfMediaFactory.dll (API version 3709383).
LogModuleManager: Display: Found up-to-date module file ../../../Engine/Plugins/Media/ImgMedia/Binaries/Win64/UE4Editor-ImgMedia.dll (API version 3709383).
LogModuleManager: Display: Found up-to-date module file ../../../Engine/Plugins/Media/ImgMedia/Binaries/Win64/UE4Editor-ImgMediaEditor.dll (API version 3709383).
LogModuleManager: Display: Found up-to-date module file ../../../Engine/Plugins/Media/ImgMedia/Binaries/Win64/UE4Editor-ImgMediaFactory.dll (API version 3709383).
LogModuleManager: Display: Found up-to-date module file ../../../Engine/Plugins/Media/ImgMedia/Binaries/Win64/UE4Editor-ImgMediaFactory.dll (API version 3709383).
LogModuleManager: Display: Found up-to-date module file ../../../Engine/Plugins/Media/ImgMedia/Binaries/Win64/UE4Editor-OpenExrWrapper.dll (API version 3709383).
LogModuleManager: Display: Found up-to-date module file ../../../Engine/Plugins/Media/MediaCompositing/Binaries/Win64/UE4Editor-MediaCompositing.dll (API version 3709383).
LogModuleManager: Display: Found up-to-date module file ../../../Engine/Plugins/Media/MediaCompositing/Binaries/Win64/UE4Editor-MediaCompositingEditor.dll (API version 3709383).
LogModuleManager: Display: Found up-to-date module file ../../../Engine/Plugins/Media/MediaPlayerEditor/Binaries/Win64/UE4Editor-MediaPlayerEditor.dll (API version 3709383).
LogModuleManager: Display: Found up-to-date module file ../../../Engine/Plugins/Media/WmfMedia/Binaries/Win64/UE4Editor-WmfMedia.dll (API version 3709383).
LogModuleManager: Display: Found up-to-date module file ../../../Engine/Plugins/Media/WmfMedia/Binaries/Win64/UE4Editor-WmfMediaEditor.dll (API version 3709383).
LogModuleManager: Display: Found up-to-date module file ../../../Engine/Plugins/Media/WmfMedia/Binaries/Win64/UE4Editor-WmfMediaFactory.dll (API version 3709383).
LogModuleManager: Display: Found up-to-date module file ../../../Engine/Plugins/Media/WmfMedia/Binaries/Win64/UE4Editor-WmfMediaFactory.dll (API version 3709383).
LogModuleManager: Display: Found up-to-date module file ../../../Engine/Plugins/Messaging/TcpMessaging/Binaries/Win64/UE4Editor-TcpMessaging.dll (API version 3709383).
LogModuleManager: Display: Found up-to-date module file ../../../Engine/Plugins/Messaging/UdpMessaging/Binaries/Win64/UE4Editor-UdpMessaging.dll (API version 3709383).
LogModuleManager: Display: Found up-to-date module file ../../../Engine/Plugins/MovieScene/ActorSequence/Binaries/Win64/UE4Editor-ActorSequence.dll (API version 3709383).
LogModuleManager: Display: Found up-to-date module file ../../../Engine/Plugins/MovieScene/LevelSequenceEditor/Binaries/Win64/UE4Editor-LevelSequenceEditor.dll (API version 3709383).
LogModuleManager: Display: Found up-to-date module file ../../../Engine/Plugins/MovieScene/MatineeToLevelSequence/Binaries/Win64/UE4Editor-MatineeToLevelSequence.dll (API version 3709383).
LogModuleManager: Display: Found up-to-date module file ../../../Engine/Plugins/Online/OnlineSubsystem/Binaries/Win64/UE4Editor-OnlineSubsystem.dll (API version 3709383).
LogModuleManager: Display: Found up-to-date module file ../../../Engine/Plugins/Runtime/AndroidPermission/Binaries/Win64/UE4Editor-AndroidPermission.dll (API version 3709383).
LogModuleManager: Display: Found up-to-date module file ../../../Engine/Plugins/Online/OnlineSubsystemNull/Binaries/Win64/UE4Editor-OnlineSubsystemNull.dll (API version 3709383).
LogModuleManager: Display: Found up-to-date module file ../../../Engine/Plugins/Online/OnlineSubsystemUtils/Binaries/Win64/UE4Editor-OnlineSubsystemUtils.dll (API version 3709383).
LogModuleManager: Display: Found up-to-date module file ../../../Engine/Plugins/Online/OnlineSubsystemUtils/Binaries/Win64/UE4Editor-OnlineBlueprintSupport.dll (API version 3709383).
LogModuleManager: Display: Found up-to-date module file ../../../Engine/Plugins/Runtime/AndroidDeviceProfileSelector/Binaries/Win64/UE4Editor-AndroidDeviceProfileSelector.dll (API version 3709383).
LogModuleManager: Display: Found up-to-date module file ../../../Engine/Plugins/Runtime/AppleARKit/Binaries/Win64/UE4Editor-AppleARKit.dll (API version 3709383).
LogModuleManager: Display: Found up-to-date module file ../../../Engine/Plugins/Runtime/ArchVisCharacter/Binaries/Win64/UE4Editor-ArchVisCharacter.dll (API version 3709383).
LogModuleManager: Display: Found up-to-date module file ../../../Engine/Plugins/Runtime/CableComponent/Binaries/Win64/UE4Editor-CableComponent.dll (API version 3709383).
LogModuleManager: Display: Found up-to-date module file ../../../Engine/Plugins/Runtime/CustomMeshComponent/Binaries/Win64/UE4Editor-CustomMeshComponent.dll (API version 3709383).
LogModuleManager: Display: Found up-to-date module file ../../../Engine/Plugins/Runtime/ExampleDeviceProfileSelector/Binaries/Win64/UE4Editor-ExampleDeviceProfileSelector.dll (API version 3709383).
LogModuleManager: Display: Found up-to-date module file ../../../Engine/Plugins/Runtime/ImmediatePhysics/Binaries/Win64/UE4Editor-ImmediatePhysics.dll (API version 3709383).
LogModuleManager: Display: Found up-to-date module file ../../../Engine/Plugins/Runtime/ImmediatePhysics/Binaries/Win64/UE4Editor-ImmediatePhysicsEditor.dll (API version 3709383).
LogModuleManager: Display: Found up-to-date module file ../../../Engine/Plugins/Runtime/LocationServicesBPLibrary/Binaries/Win64/UE4Editor-LocationServicesBPLibrary.dll (API version 3709383).
LogModuleManager: Display: Found up-to-date module file ../../../Engine/Plugins/Runtime/MobilePatchingUtils/Binaries/Win64/UE4Editor-MobilePatchingUtils.dll (API version 3709383).
LogModuleManager: Display: Found up-to-date module file ../../../Engine/Plugins/Runtime/Oculus/OculusVR/Binaries/Win64/UE4Editor-OculusHMD.dll (API version 3709383).
LogModuleManager: Display: Found up-to-date module file ../../../Engine/Plugins/Runtime/Oculus/OculusVR/Binaries/Win64/UE4Editor-OculusInput.dll (API version 3709383).
LogModuleManager: Display: Found up-to-date module file ../../../Engine/Plugins/Runtime/Oculus/OculusVR/Binaries/Win64/UE4Editor-OculusEditor.dll (API version 3709383).
LogModuleManager: Display: Found up-to-date module file ../../../Engine/Plugins/Runtime/PhysXVehicles/Binaries/Win64/UE4Editor-PhysXVehicles.dll (API version 3709383).
LogModuleManager: Display: Found up-to-date module file ../../../Engine/Plugins/Runtime/PhysXVehicles/Binaries/Win64/UE4Editor-PhysXVehiclesEditor.dll (API version 3709383).
LogModuleManager: Display: Found up-to-date module file ../../../Engine/Plugins/Runtime/ProceduralMeshComponent/Binaries/Win64/UE4Editor-ProceduralMeshComponent.dll (API version 3709383).
LogModuleManager: Display: Found up-to-date module file ../../../Engine/Plugins/Runtime/ProceduralMeshComponent/Binaries/Win64/UE4Editor-ProceduralMeshComponentEditor.dll (API version 3709383).
LogModuleManager: Display: Found up-to-date module file ../../../Engine/Plugins/Runtime/RuntimePhysXCooking/Binaries/Win64/UE4Editor-RuntimePhysXCooking.dll (API version 3709383).
LogModuleManager: Display: Found up-to-date module file ../../../Engine/Plugins/Runtime/Steam/SteamVR/Binaries/Win64/UE4Editor-SteamVR.dll (API version 3709383).
LogModuleManager: Display: Found up-to-date module file ../../../Engine/Plugins/Runtime/Steam/SteamVR/Binaries/Win64/UE4Editor-SteamVRController.dll (API version 3709383).
LogModuleManager: Display: Found up-to-date module file ../../../Engine/Plugins/Runtime/WindowsMoviePlayer/Binaries/Win64/UE4Editor-WindowsMoviePlayer.dll (API version 3709383).
LogPluginManager: Mounting plugin Paper2D
LogPluginManager: Mounting plugin LightPropagationVolume
LogPluginManager: Mounting plugin CodeLiteSourceCodeAccess
LogPluginManager: Mounting plugin GitSourceControl
LogPluginManager: Mounting plugin KDevelopSourceCodeAccess
LogPluginManager: Mounting plugin NullSourceCodeAccess
LogPluginManager: Mounting plugin PerforceSourceControl
LogPluginManager: Mounting plugin SubversionSourceControl
LogPluginManager: Mounting plugin UObjectPlugin
LogPluginManager: Mounting plugin VisualStudioCodeSourceCodeAccess
LogPluginManager: Mounting plugin VisualStudioSourceCodeAccess
LogPluginManager: Mounting plugin XCodeSourceCodeAccess
LogPluginManager: Mounting plugin AssetManagerEditor
LogPluginManager: Mounting plugin AudioCapture
LogPluginManager: Mounting plugin FacialAnimation
LogPluginManager: Mounting plugin GameplayTagsEditor
LogPluginManager: Mounting plugin MobileLauncherProfileWizard
LogPluginManager: Mounting plugin PluginBrowser
LogPluginManager: Mounting plugin SpeedTreeImporter
LogPluginManager: Mounting plugin AlembicImporter
LogPluginManager: Mounting plugin CharacterAI
LogPluginManager: Mounting plugin HTML5Networking
LogPluginManager: Mounting plugin AndroidMedia
LogPluginManager: Mounting plugin AvfMedia
LogPluginManager: Mounting plugin ImgMedia
LogPluginManager: Mounting plugin MediaCompositing
LogPluginManager: Mounting plugin MediaPlayerEditor
LogPluginManager: Mounting plugin WmfMedia
LogPluginManager: Mounting plugin TcpMessaging
LogPluginManager: Mounting plugin UdpMessaging
LogPluginManager: Mounting plugin ActorSequence
LogPluginManager: Mounting plugin LevelSequenceEditor
LogPluginManager: Mounting plugin MatineeToLevelSequence
LogPluginManager: Mounting plugin OnlineSubsystemGooglePlay
LogPluginManager: Mounting plugin OnlineSubsystemIOS
LogPluginManager: Mounting plugin OnlineSubsystem
LogPluginManager: Mounting plugin OnlineSubsystemNull
LogPluginManager: Mounting plugin OnlineSubsystemUtils
LogPluginManager: Mounting plugin AndroidDeviceProfileSelector
LogPluginManager: Mounting plugin AndroidMoviePlayer
LogPluginManager: Mounting plugin AndroidPermission
LogPluginManager: Mounting plugin AppleARKit
LogPluginManager: Mounting plugin AppleMoviePlayer
LogPluginManager: Mounting plugin ArchVisCharacter
LogPluginManager: Mounting plugin CableComponent
LogPluginManager: Mounting plugin CustomMeshComponent
LogPluginManager: Mounting plugin ExampleDeviceProfileSelector
LogPluginManager: Mounting plugin GoogleCloudMessaging
LogPluginManager: Mounting plugin ImmediatePhysics
LogPluginManager: Mounting plugin IOSDeviceProfileSelector
LogPluginManager: Mounting plugin LinuxDeviceProfileSelector
LogPluginManager: Mounting plugin LocationServicesBPLibrary
LogPluginManager: Mounting plugin MobilePatchingUtils
LogPluginManager: Mounting plugin OculusVR
LogPluginManager: Plugin shader directory ../../../Engine/Plugins/Runtime/Oculus/OculusVR/Shaders found
LogPluginManager: Mapping shader source directory ../../../Engine/Plugins/Runtime/Oculus/OculusVR/Shaders to virtual directory /Plugin/OculusVR
LogPluginManager: Mounting plugin PhysXVehicles
LogPluginManager: Mounting plugin ProceduralMeshComponent
LogPluginManager: Mounting plugin RuntimePhysXCooking
LogPluginManager: Mounting plugin SteamVR
LogPluginManager: Mounting plugin WindowsMoviePlayer
LogInit: Using libcurl 7.47.1
LogInit:  - built for x86_64-pc-win32
LogInit:  - supports SSL with OpenSSL/1.0.2g
LogInit:  - supports HTTP deflate (compression) using libz 1.2.8
LogInit:  - other features:
LogInit:      CURL_VERSION_SSL
LogInit:      CURL_VERSION_LIBZ
LogInit:      CURL_VERSION_IPV6
LogInit:      CURL_VERSION_ASYNCHDNS
LogInit:      CURL_VERSION_LARGEFILE
LogInit:      CURL_VERSION_IDN
LogInit:  CurlRequestOptions (configurable via config and command line):
LogInit:  - bVerifyPeer = false  - Libcurl will NOT verify peer certificate
LogInit:  - bUseHttpProxy = false  - Libcurl will NOT use HTTP proxy
LogInit:  - bDontReuseConnections = false  - Libcurl will reuse connections
LogInit:  - CertBundlePath = nullptr  - Libcurl will use whatever was configured at build time.
LogInit: Build: ++UE4+Release-4.18-CL-3794801
LogInit: Engine Version: 4.18.2-3794801+++UE4+Release-4.18
LogInit: Compatible Engine Version: 4.18.0-3709383+++UE4+Release-4.18
LogInit: Net CL: 3709383
LogDevObjectVersion: Number of dev versions registered: 16
LogDevObjectVersion:   Dev-Blueprints (B0D832E4-1F89-4F0D-ACCF-7EB736FD4AA2): 10
LogDevObjectVersion:   Dev-Build (E1C64328-A22C-4D53-A36C-8E866417BD8C): 0
LogDevObjectVersion:   Dev-Core (375EC13C-06E4-48FB-B500-84F0262A717E): 2
LogDevObjectVersion:   Dev-Editor (E4B068ED-F494-42E9-A231-DA0B2E46BB41): 20
LogDevObjectVersion:   Dev-Framework (CFFC743F-43B0-4480-9391-14DF171D2073): 30
LogDevObjectVersion:   Dev-Mobile (B02B49B5-BB20-44E9-A304-32B752E40360): 0
LogDevObjectVersion:   Dev-Networking (A4E4105C-59A1-49B5-A7C5-40C4547EDFEE): 0
LogDevObjectVersion:   Dev-Online (39C831C9-5AE6-47DC-9A44-9C173E1C8E7C): 0
LogDevObjectVersion:   Dev-Physics (78F01B33-EBEA-4F98-B9B4-84EACCB95AA2): 0
LogDevObjectVersion:   Dev-Platform (6631380F-2D4D-43E0-8009-CF276956A95A): 0
LogDevObjectVersion:   Dev-Rendering (12F88B9F-8875-4AFC-A67C-D90C383ABD29): 20
LogDevObjectVersion:   Dev-Sequencer (7B5AE74C-D270-4C10-A958-57980B212A5A): 4
LogDevObjectVersion:   Dev-VR (D7296918-1DD6-4BDD-9DE2-64A83CC13884): 0
LogDevObjectVersion:   Dev-LoadTimes (C2A15278-BFE7-4AFE-6C17-90FF531DF755): 1
LogDevObjectVersion:   Private-Geometry (6EACA3D4-40EC-4CC1-B786-8BED09428FC5): 1
LogDevObjectVersion:   Dev-AnimPhys (29E575DD-E0A3-4627-9D10-D276232CDCEA): 12
LogInit: Compiled (64-bit): Dec  8 2017 02:04:53
LogInit: Compiled with Visual C++: 19.00.24215.01
LogInit: Build Configuration: Development
LogInit: Branch Name: ++UE4+Release-4.18
LogInit: Command line:  
LogInit: Base directory: C:/Program Files/Epic Games/UE_4.18/Engine/Binaries/Win64/
LogInit: Installed Engine Build: 1
LogInit: Presizing for max 8388607 objects, including 0 objects not considered by GC, pre-allocating 0 bytes for permanent pool.
LogInit: Object subsystem initialized
[2018.01.18-12.12.03:561][  0]LogInit: Selected Device Profile: [Windows]
[2018.01.18-12.12.03:561][  0]LogInit: Applying CVar settings loaded from the selected device profile: [Windows]
[2018.01.18-12.12.03:577][  0]LogInit: Computer: JYD
[2018.01.18-12.12.03:577][  0]LogInit: User: mapl0
[2018.01.18-12.12.03:577][  0]LogInit: CPU Page size=4096, Cores=4
[2018.01.18-12.12.03:577][  0]LogInit: High frequency timer resolution =2.531249 MHz
[2018.01.18-12.12.03:577][  0]LogMemory: Memory total: Physical=15.9GB (16GB approx)
[2018.01.18-12.12.03:577][  0]LogMemory: Platform Memory Stats for Windows
[2018.01.18-12.12.03:577][  0]LogMemory: Process Physical Memory: 274.29 MB used, 274.29 MB peak
[2018.01.18-12.12.03:577][  0]LogMemory: Process Virtual Memory: 272.26 MB used, 272.26 MB peak
[2018.01.18-12.12.03:577][  0]LogMemory: Physical Memory: 6326.90 MB used,  9930.05 MB free, 16256.95 MB total
[2018.01.18-12.12.03:577][  0]LogMemory: Virtual Memory: 649.42 MB used,  9930.05 MB free, 134217728.00 MB total
[2018.01.18-12.12.03:925][  0]LogInit: Using OS detected language (ko-KR).
[2018.01.18-12.12.03:925][  0]LogInit: Using OS detected locale (ko-KR).
[2018.01.18-12.12.03:931][  0]LogTextLocalizationManager: No specific localization for 'ko-KR' exists, so the 'ko' localization will be used.
[2018.01.18-12.12.04:163][  0]LogInit: Setting process to per monitor DPI aware
[2018.01.18-12.12.04:732][  0]LogD3D11RHI: D3D11 adapters:
[2018.01.18-12.12.04:808][  0]LogD3D11RHI:    0. 'NVIDIA GeForce GTX 960M' (Feature Level 11_0)
[2018.01.18-12.12.04:808][  0]LogD3D11RHI:       4065/0/8128 MB DedicatedVideo/DedicatedSystem/SharedSystem, Outputs:2, VendorId:0x10de
[2018.01.18-12.12.04:820][  0]LogD3D11RHI:    1. 'Intel(R) HD Graphics 530' (Feature Level 11_0)
[2018.01.18-12.12.04:820][  0]LogD3D11RHI:       128/0/8128 MB DedicatedVideo/DedicatedSystem/SharedSystem, Outputs:0, VendorId:0x8086
[2018.01.18-12.12.04:823][  0]LogD3D11RHI:    2. 'Microsoft Basic Render Driver' (Feature Level 11_0)
[2018.01.18-12.12.04:823][  0]LogD3D11RHI:       0/0/8128 MB DedicatedVideo/DedicatedSystem/SharedSystem, Outputs:0, VendorId:0x1414
[2018.01.18-12.12.04:823][  0]LogD3D11RHI: Chosen D3D11 Adapter: 0
[2018.01.18-12.12.04:833][  0]LogD3D11RHI: Creating new Direct3DDevice
[2018.01.18-12.12.04:833][  0]LogD3D11RHI:     GPU DeviceId: 0x139b (for the marketing name, search the web for "GPU Device Id")
[2018.01.18-12.12.04:833][  0]LogWindows: EnumDisplayDevices:
[2018.01.18-12.12.04:834][  0]LogWindows:    0. 'Intel(R) HD Graphics 530' (P:1 D:1)
[2018.01.18-12.12.04:836][  0]LogWindows:    1. 'Intel(R) HD Graphics 530' (P:0 D:1)
[2018.01.18-12.12.04:837][  0]LogWindows:    2. 'Intel(R) HD Graphics 530' (P:0 D:0)
[2018.01.18-12.12.04:839][  0]LogWindows: DebugString: PrimaryIsNotTheChoosenAdapter PrimaryIsNotTheChoosenAdapter PrimaryIsNotTheChoosenAdapter FoundDriverCount:0 
[2018.01.18-12.12.04:839][  0]LogD3D11RHI:     Adapter Name: NVIDIA GeForce GTX 960M
[2018.01.18-12.12.04:839][  0]LogD3D11RHI:   Driver Version: Unknown (internal:Unknown, unified:Unknown)
[2018.01.18-12.12.04:839][  0]LogD3D11RHI:      Driver Date: Unknown
[2018.01.18-12.12.04:839][  0]LogRHI: Texture pool is 2846 MB (70% of 4065 MB)
[2018.01.18-12.12.04:879][  0]LogD3D11RHI: Async texture creation enabled
[2018.01.18-12.12.05:285][  0]LogD3D11RHI: GPU Timing Frequency: 1000.000000 (Debug: 2 1)
[2018.01.18-12.12.05:290][  0]LogShaderCompilers: Guid format shader working directory is 20 characters bigger than the processId version (D:/Project/Unreal4/BPRPG1/Intermediate/Shaders/WorkingDirectory/31664/).
[2018.01.18-12.12.05:290][  0]LogShaderCompilers: Cleaned the shader compiler working directory 'C:/Users/mapl0/AppData/Local/Temp/UnrealShaderWorkingDir/2CAD798E4445ED5303C4C6B02075997C/'.
[2018.01.18-12.12.05:290][  0]LogShaderCompilers: Display: Using Local Shader Compiler.
[2018.01.18-12.12.06:743][  0]LogTemp: Display: Loaded TP AllDesktopTargetPlatform
[2018.01.18-12.12.06:848][  0]LogTemp: Display: Loaded TP MacClientTargetPlatform
[2018.01.18-12.12.06:954][  0]LogTemp: Display: Loaded TP MacNoEditorTargetPlatform
[2018.01.18-12.12.07:064][  0]LogTemp: Display: Loaded TP MacServerTargetPlatform
[2018.01.18-12.12.07:175][  0]LogTemp: Display: Loaded TP MacTargetPlatform
[2018.01.18-12.12.07:280][  0]LogTemp: Display: Loaded TP WindowsClientTargetPlatform
[2018.01.18-12.12.07:387][  0]LogTemp: Display: Loaded TP WindowsNoEditorTargetPlatform
[2018.01.18-12.12.07:492][  0]LogTemp: Display: Loaded TP WindowsServerTargetPlatform
[2018.01.18-12.12.07:588][  0]LogTemp: Display: Loaded TP WindowsTargetPlatform
[2018.01.18-12.12.07:693][  0]LogTemp: Display: Loaded TP Android_ASTCTargetPlatform
[2018.01.18-12.12.07:798][  0]LogTemp: Display: Loaded TP Android_ATCTargetPlatform
[2018.01.18-12.12.07:902][  0]LogTemp: Display: Loaded TP Android_DXTTargetPlatform
[2018.01.18-12.12.08:008][  0]LogTemp: Display: Loaded TP Android_ETC1TargetPlatform
[2018.01.18-12.12.08:112][  0]LogTemp: Display: Loaded TP Android_ETC2TargetPlatform
[2018.01.18-12.12.08:320][  0]LogTemp: Display: Loaded TP Android_MultiTargetPlatform
[2018.01.18-12.12.08:320][  0]LogTemp: Display: Loaded TP Android_PVRTCTargetPlatform
[2018.01.18-12.12.08:424][  0]LogTemp: Display: Loaded TP AndroidTargetPlatform
[2018.01.18-12.12.08:513][  0]LogTemp: Display: Loaded TP HTML5TargetPlatform
[2018.01.18-12.12.08:683][  0]LogTemp: Display: Loaded TP IOSTargetPlatform
[2018.01.18-12.12.08:737][  0]LogTemp: Display: Loaded TP TVOSTargetPlatform
[2018.01.18-12.12.08:845][  0]LogTemp: Display: Loaded TP LinuxClientTargetPlatform
[2018.01.18-12.12.08:949][  0]LogTemp: Display: Loaded TP LinuxNoEditorTargetPlatform
[2018.01.18-12.12.09:053][  0]LogTemp: Display: Loaded TP LinuxServerTargetPlatform
[2018.01.18-12.12.09:160][  0]LogTemp: Display: Loaded TP LinuxTargetPlatform
[2018.01.18-12.12.09:160][  0]LogTargetPlatformManager: Display: Building Assets For Windows
[2018.01.18-12.12.10:174][  0]LogDerivedDataCache: Display: Max Cache Size: 512 MB
[2018.01.18-12.12.10:289][  0]LogDerivedDataCache: Loaded boot cache 0.12s 78MB C:/Users/mapl0/AppData/Local/UnrealEngine/4.18/DerivedDataCache/Boot.ddc.
[2018.01.18-12.12.10:289][  0]LogDerivedDataCache: Display: Loaded Boot cache: C:/Users/mapl0/AppData/Local/UnrealEngine/4.18/DerivedDataCache/Boot.ddc
[2018.01.18-12.12.10:289][  0]LogDerivedDataCache: FDerivedDataBackendGraph:  Pak pak cache file D:/Project/Unreal4/BPRPG1/DerivedDataCache/DDC.ddp not found, will not use a pak cache.
[2018.01.18-12.12.10:289][  0]LogDerivedDataCache: Unable to find inner node Pak for hierarchical cache Hierarchy.
[2018.01.18-12.12.10:289][  0]LogDerivedDataCache: FDerivedDataBackendGraph:  CompressedPak pak cache file D:/Project/Unreal4/BPRPG1/DerivedDataCache/Compressed.ddp not found, will not use a pak cache.
[2018.01.18-12.12.10:289][  0]LogDerivedDataCache: Unable to find inner node CompressedPak for hierarchical cache Hierarchy.
[2018.01.18-12.12.10:311][  0]LogDerivedDataCache: Display: Pak cache opened for reading ../../../Engine/DerivedDataCache/Compressed.ddp.
[2018.01.18-12.12.10:324][  0]LogDerivedDataCache: Using Local data cache path C:/Users/mapl0/AppData/Local/UnrealEngine/Common/DerivedDataCache: Writable
[2018.01.18-12.12.10:338][  0]LogMaterial: Verifying Global Shaders for PCD3D_SM5
[2018.01.18-12.12.10:339][  0]LogSlate: Using Freetype 2.6.0
[2018.01.18-12.12.10:340][  0]LogSlate: SlateFontCache - WITH_FREETYPE: 1, WITH_HARFBUZZ: 1
[2018.01.18-12.12.10:340][  0]LogSlate: SlateFontCache - WITH_FREETYPE: 1, WITH_HARFBUZZ: 1
[2018.01.18-12.12.10:866][  0]LogInit: Selected Device Profile: [Windows]
[2018.01.18-12.12.11:516][  0]LogSimplygon: Simplygon DLL not present - disabling.
[2018.01.18-12.12.11:606][  0]LogMeshReduction: Using SimplygonSwarm for distributed automatic mesh merging
[2018.01.18-12.12.11:606][  0]LogMeshReduction: Using QuadricMeshReduction for automatic static mesh reduction
[2018.01.18-12.12.11:606][  0]LogMeshReduction: No automatic skeletal mesh reduction module available
[2018.01.18-12.12.11:606][  0]LogMeshReduction: No automatic mesh merging module available
[2018.01.18-12.12.11:606][  0]LogMeshMerging: No automatic mesh merging module available
[2018.01.18-12.12.11:661][  0]LogNetVersion: BPRPG1 , NetCL: 3709383, EngineNetVer: 2, GameNetVer: 0 (Checksum: 4133119992)
[2018.01.18-12.12.11:930][  0]LogAssetRegistry: FAssetRegistry took 0.0281 seconds to start up
[2018.01.18-12.12.12:735][  0]LogPackageLocalizationCache: Processed 7 localized package path(s) for 2 prioritized culture(s) in 0.074674 seconds
[2018.01.18-12.12.12:742][  0]LogUObjectArray: 35900 objects as part of root set at end of initial load.
[2018.01.18-12.12.12:742][  0]LogUObjectAllocator: 7372024 out of 0 bytes used by permanent object pool.
[2018.01.18-12.12.12:742][  0]LogUObjectArray: CloseDisregardForGC: 0/0 objects in disregard for GC pool
[2018.01.18-12.12.12:861][  0]LogInit: WinSock: version 1.1 (2.2), MaxSocks=32767, MaxUdp=65467
[2018.01.18-12.12.17:983][  0]LogTcpMessaging: Initializing TcpMessaging bridge
[2018.01.18-12.12.18:057][  0]LogUdpMessaging: Initializing bridge on interface 0.0.0.0:0 to multicast group 230.0.0.1:6666.
[2018.01.18-12.12.19:420][  0]LogMaterial: Uniform references updated for custom material expression Custom.
[2018.01.18-12.12.20:285][  0]SourceControl: 소스 콘트롤이 꺼졌습니다.
[2018.01.18-12.12.20:285][  0]SourceControl: 소스 콘트롤이 꺼졌습니다.
[2018.01.18-12.12.20:399][  0]SourceControl: 소스 콘트롤이 꺼졌습니다.
[2018.01.18-12.12.20:511][  0]SourceControl: 소스 콘트롤이 꺼졌습니다.
[2018.01.18-12.12.22:248][  0]LogAndroidPermission: UAndroidPermissionCallbackProxy::GetInstance
[2018.01.18-12.12.22:818][  0]LogOcInput: OculusInput pre-init called
[2018.01.18-12.12.23:413][  0]LogEngine: Initializing Engine...
[2018.01.18-12.12.23:417][  0]LogHMD: Failed to initialize OpenVR with code 110
[2018.01.18-12.12.23:734][  0]LogStats: UGameplayTagsManager::ConstructGameplayTagTree: Construct from data asset -  0.000 s
[2018.01.18-12.12.23:734][  0]LogStats: UGameplayTagsManager::ConstructGameplayTagTree: GameplayTagTreeChangedEvent.Broadcast -  0.000 s
[2018.01.18-12.12.24:025][  0]LogAIModule: Creating AISystem for world Untitled
[2018.01.18-12.12.24:085][  0]LogInit: XAudio2 using '스피커 / 헤드폰(Realtek High Definition Audio)' : 2 channels at 48 kHz using 32 bits per sample (channel mask 0x3)
[2018.01.18-12.12.24:640][  0]LogInit: FAudioDevice initialized.
[2018.01.18-12.12.24:710][  0]LogDerivedDataCache: Saved boot cache 0.07s 78MB C:/Users/mapl0/AppData/Local/UnrealEngine/4.18/DerivedDataCache/Boot.ddc.
[2018.01.18-12.12.24:732][  0]LogInit: Texture streaming: Enabled
[2018.01.18-12.12.24:958][  0]LogEngineSessionManager: EngineSessionManager initialized
[2018.01.18-12.12.25:247][  0]LogInit: Transaction tracking system initialized
[2018.01.18-12.12.25:963][  0]BlueprintLog: New page: 에디터 로드
[2018.01.18-12.12.27:971][  0]LocalizationService: 현지화 서비스가 비활성화되었습니다.
[2018.01.18-12.12.29:602][  0]LogConsoleResponse: Display: 
[2018.01.18-12.12.29:877][  0]LogCook: Display: Max memory allowance for cook 16384mb min free memory 0mb
[2018.01.18-12.12.29:877][  0]LogCook: Display: Mobile HDR setting 1
[2018.01.18-12.12.29:877][  0]LogGameplayTags: Display: UGameplayTagsManager::DoneAddingNativeTags. DelegateIsBound: 0
[2018.01.18-12.12.30:220][  0]LogFileCache: Scanning file cache for directory 'D:/Project/Unreal4/BPRPG1/Content/' took 0.03s
[2018.01.18-12.12.32:509][  0]SourceControl: 소스 콘트롤이 꺼졌습니다.
[2018.01.18-12.12.32:509][  0]Cmd: MAP LOAD FILE="D:/Project/Unreal4/BPRPG1/Content/Maps/Step4_P.umap" TEMPLATE=0 SHOWPROGRESS=1 FEATURELEVEL=3
[2018.01.18-12.12.32:510][  0]LightingResults: New page: 라이팅 빌드
[2018.01.18-12.12.32:604][  0]MapCheck: New page: 맵 체크
[2018.01.18-12.12.32:604][  0]LightingResults: New page: 라이팅 빌드
[2018.01.18-12.12.33:126][  0]LogAIModule: Creating AISystem for world Step4_P
[2018.01.18-12.12.33:145][  0]LogStreaming: Display: ULevelStreaming::RequestLevel(/Game/Maps/Step4_S1) is flushing async loading
[2018.01.18-12.12.33:158][  0]LogStreaming: Display: ULevelStreaming::RequestLevel(/Game/Maps/Step4_S2) is flushing async loading
[2018.01.18-12.12.33:341][  0]LogStreaming: Display: ULevelStreaming::RequestLevel(/Game/Maps/Step4_S3) is flushing async loading
[2018.01.18-12.12.33:553][  0]LogEditorServer: Finished looking for orphan Actors (0.000 secs)
[2018.01.18-12.12.33:568][  0]Cmd: MAP CHECKDEP NOCLEARLOG
[2018.01.18-12.12.33:682][  0]MapCheck: 맵 체크 완료: 오류 0 회, 경고 0 회, 소요 시간 113.083ms.
[2018.01.18-12.12.33:682][  0]LogFileHelpers: Loading map 'Step4_P' took 1.173
[2018.01.18-12.12.33:926][  0]LogCollectionManager: Loaded 0 collections in 0.002195 seconds
[2018.01.18-12.12.34:071][  0]LogFileCache: Scanning file cache for directory 'D:/Project/Unreal4/BPRPG1/Saved/Collections/' took 0.01s
[2018.01.18-12.12.34:071][  0]LogFileCache: Scanning file cache for directory 'D:/Project/Unreal4/BPRPG1/Content/Developers/mapl0/Collections/' took 0.01s
[2018.01.18-12.12.34:071][  0]LogFileCache: Scanning file cache for directory 'D:/Project/Unreal4/BPRPG1/Content/Collections/' took 0.01s
[2018.01.18-12.12.34:072][  0]LogCollectionManager: Rebuilt the GUID cache for 0 collections in 0.000000 seconds
[2018.01.18-12.12.34:083][  0]LogContentBrowser: Native class hierarchy populated in 0.0111 seconds. Added 2363 classes and 519 folders.
[2018.01.18-12.12.34:234][  0]LogContentBrowser: Native class hierarchy updated for 'WidgetCarousel' in 0.0003 seconds. Added 0 classes and 0 folders.
[2018.01.18-12.12.34:296][  0]LogContentBrowser: Native class hierarchy updated for 'AddContentDialog' in 0.0003 seconds. Added 0 classes and 0 folders.
[2018.01.18-12.12.34:393][  0]LogContentBrowser: Native class hierarchy updated for 'SceneOutliner' in 0.0003 seconds. Added 1 classes and 2 folders.
[2018.01.18-12.12.34:614][  0]LogContentBrowser: Native class hierarchy updated for 'HierarchicalLODOutliner' in 0.0003 seconds. Added 1 classes and 2 folders.
[2018.01.18-12.12.34:614][  0]LogLoad: (Engine Initialization) Total time: 34.81 seconds
[2018.01.18-12.12.34:614][  0]LogLoad: (Engine Initialization) Total Blueprint compile time: 0.00 seconds
[2018.01.18-12.12.34:614][  0]LogExternalProfiler: Found external profiler: VSPerf
[2018.01.18-12.12.34:614][  0]LogExternalProfiler: Using external profiler: VSPerf
[2018.01.18-12.12.34:978][  0]LogContentStreaming: Texture pool size now 800 MB
[2018.01.18-12.12.34:980][  0]LogSlate: Took 0.000344 seconds to synchronously load lazily loaded font '../../../Engine/Content/Slate/Fonts/Roboto-Regular.ttf' (155K)
[2018.01.18-12.12.34:985][  0]LogSlate: Took 0.004305 seconds to synchronously load lazily loaded font '../../../Engine/Content/Slate/Fonts/NanumGothic.ttf' (4243K)
[2018.01.18-12.12.34:986][  0]LogSlate: Took 0.000271 seconds to synchronously load lazily loaded font '../../../Engine/Content/Slate/Fonts/Roboto-Bold.ttf' (160K)
[2018.01.18-12.12.34:991][  0]LogSlate: Took 0.000287 seconds to synchronously load lazily loaded font '../../../Engine/Content/Editor/Slate/Fonts/FontAwesome.ttf' (139K)
[2018.01.18-12.12.35:290][  1]LogRenderer: Reallocating scene render targets to support 960x560 Format 9 NumSamples 1 (Frame:1).
[2018.01.18-12.12.35:635][  2]LogAssetRegistry: Asset discovery search completed in 23.7269 seconds
[2018.01.18-12.12.35:640][  2]LogCollectionManager: Rebuilt the object cache for 0 collections in 0.000000 seconds (found 0 objects)
[2018.01.18-12.12.35:640][  2]LogCollectionManager: Fixed up redirectors for 0 collections in 0.000113 seconds (updated 0 objects)
[2018.01.18-12.12.35:968][  3]LogSlate: Took 0.000431 seconds to synchronously load lazily loaded font '../../../Engine/Content/Slate/Fonts/Roboto-Light.ttf' (159K)
[2018.01.18-12.12.37:259][  5]LogEditorViewport: Clicking on Actor (context menu): StaticMeshActor (SM_SQUARE)
[2018.01.18-12.12.38:398][ 10]LogEditorViewport: Clicking on Actor (context menu): StaticMeshActor (SM_SQUARE)
[2018.01.18-12.12.39:218][ 15]LogEditorViewport: Clicking on Actor (context menu): StaticMeshActor (SM_SQUARE)
[2018.01.18-12.12.40:266][ 20]LogEditorViewport: Clicking on Actor (LMB): StaticMeshActor (SM_SQUARE)
[2018.01.18-12.12.48:921][236]LogTemp: Repeating last play command: 선택된 뷰포트
[2018.01.18-12.12.49:041][236]LogBlueprintUserMessages: Early PlayInEditor Detection: Level '/Game/Maps/Step4_P.Step4_P:PersistentLevel' has LevelScriptBlueprint '/Game/Maps/Step4_P.Step4_P:PersistentLevel.Step4_P' with GeneratedClass '/Game/Maps/Step4_P.Step4_P_C' with ClassGeneratedBy '/Game/Maps/Step4_P.Step4_P:PersistentLevel.Step4_P'
[2018.01.18-12.12.49:041][236]LogBlueprintUserMessages: Early PlayInEditor Detection: Level '/Game/Maps/Step4_S2.Step4_S2:PersistentLevel' has LevelScriptBlueprint '/Game/Maps/Step4_S2.Step4_S2:PersistentLevel.Step4_S2' with GeneratedClass '/Game/Maps/Step4_S2.Step4_S2_C' with ClassGeneratedBy '/Game/Maps/Step4_S2.Step4_S2:PersistentLevel.Step4_S2'
[2018.01.18-12.12.49:041][236]LogBlueprintUserMessages: Early PlayInEditor Detection: Level '/Game/Maps/Step4_S3.Step4_S3:PersistentLevel' has LevelScriptBlueprint '/Game/Maps/Step4_S3.Step4_S3:PersistentLevel.Step4_S3' with GeneratedClass '/Game/Maps/Step4_S3.Step4_S3_C' with ClassGeneratedBy '/Game/Maps/Step4_S3.Step4_S3:PersistentLevel.Step4_S3'
[2018.01.18-12.12.49:041][236]LogPlayLevel: PlayLevel: No blueprints needed recompiling
[2018.01.18-12.12.49:041][236]PIE: New page: PIE 세션: Step4_P (2018. 1. 19. 오전 6:12:49)
[2018.01.18-12.12.49:042][236]LogPlayLevel: Creating play world package: /Game/Maps/UEDPIE_0_Step4_P
[2018.01.18-12.12.49:049][236]LogPlayLevel: PIE: StaticDuplicateObject took: (0.007435s)
[2018.01.18-12.12.49:050][236]LogAIModule: Creating AISystem for world Step4_P
[2018.01.18-12.12.49:050][236]LogPlayLevel: PIE: World Init took: (0.000986s)
[2018.01.18-12.12.49:050][236]LogPlayLevel: PIE: Created PIE world by copying editor world from /Game/Maps/Step4_P.Step4_P to /Game/Maps/UEDPIE_0_Step4_P.Step4_P (0.008813s)
[2018.01.18-12.12.49:101][236]LogInit: XAudio2 using '스피커 / 헤드폰(Realtek High Definition Audio)' : 2 channels at 48 kHz using 32 bits per sample (channel mask 0x3)
[2018.01.18-12.12.49:170][236]LogInit: FAudioDevice initialized.
[2018.01.18-12.12.49:228][236]LogLoad: Game class is 'BP_GameMode_C'
[2018.01.18-12.12.49:281][236]LogWorld: Bringing World /Game/Maps/UEDPIE_0_Step4_P.Step4_P up for play (max tick rate 60) at 2018.01.18-21.12.49
[2018.01.18-12.12.49:283][236]LogWorld: Bringing up level for play took: 0.002157
[2018.01.18-12.12.49:377][236]LogContentBrowser: Native class hierarchy updated for 'MovieSceneCapture' in 0.0004 seconds. Added 11 classes and 0 folders.
[2018.01.18-12.12.49:378][236]PIE: /Game/Maps/UEDPIE_0_Step4_P 에 대한 에디터에서 플레이 시작 시간: 1.17
[2018.01.18-12.12.49:379][236]LogBlueprintUserMessages: Late PlayInEditor Detection: Level '/Game/Maps/Step4_P.Step4_P:PersistentLevel' has LevelScriptBlueprint '/Game/Maps/Step4_P.Step4_P:PersistentLevel.Step4_P' with GeneratedClass '/Game/Maps/Step4_P.Step4_P_C' with ClassGeneratedBy '/Game/Maps/Step4_P.Step4_P:PersistentLevel.Step4_P'
[2018.01.18-12.12.49:379][236]LogBlueprintUserMessages: Late PlayInEditor Detection: Level '/Game/Maps/Step4_S2.Step4_S2:PersistentLevel' has LevelScriptBlueprint '/Game/Maps/Step4_S2.Step4_S2:PersistentLevel.Step4_S2' with GeneratedClass '/Game/Maps/Step4_S2.Step4_S2_C' with ClassGeneratedBy '/Game/Maps/Step4_S2.Step4_S2:PersistentLevel.Step4_S2'
[2018.01.18-12.12.49:379][236]LogBlueprintUserMessages: Late PlayInEditor Detection: Level '/Game/Maps/Step4_S3.Step4_S3:PersistentLevel' has LevelScriptBlueprint '/Game/Maps/Step4_S3.Step4_S3:PersistentLevel.Step4_S3' with GeneratedClass '/Game/Maps/Step4_S3.Step4_S3_C' with ClassGeneratedBy '/Game/Maps/Step4_S3.Step4_S3:PersistentLevel.Step4_S3'
[2018.01.18-12.13.28:794][591]LogBlueprintUserMessages: Early EndPlayMap Detection: Level '/Game/Maps/Step4_P.Step4_P:PersistentLevel' has LevelScriptBlueprint '/Game/Maps/Step4_P.Step4_P:PersistentLevel.Step4_P' with GeneratedClass '/Game/Maps/Step4_P.Step4_P_C' with ClassGeneratedBy '/Game/Maps/Step4_P.Step4_P:PersistentLevel.Step4_P'
[2018.01.18-12.13.28:794][591]LogBlueprintUserMessages: Early EndPlayMap Detection: Level '/Game/Maps/Step4_S2.Step4_S2:PersistentLevel' has LevelScriptBlueprint '/Game/Maps/Step4_S2.Step4_S2:PersistentLevel.Step4_S2' with GeneratedClass '/Game/Maps/Step4_S2.Step4_S2_C' with ClassGeneratedBy '/Game/Maps/Step4_S2.Step4_S2:PersistentLevel.Step4_S2'
[2018.01.18-12.13.28:794][591]LogBlueprintUserMessages: Early EndPlayMap Detection: Level '/Game/Maps/Step4_S3.Step4_S3:PersistentLevel' has LevelScriptBlueprint '/Game/Maps/Step4_S3.Step4_S3:PersistentLevel.Step4_S3' with GeneratedClass '/Game/Maps/Step4_S3.Step4_S3_C' with ClassGeneratedBy '/Game/Maps/Step4_S3.Step4_S3:PersistentLevel.Step4_S3'
[2018.01.18-12.13.28:799][591]LogScript: Warning: CallFunc_GetPlayerController_ReturnValue7 프로퍼티를 읽으려던 중 None 에 접근했습니다.
	Step4_P_C /Game/Maps/UEDPIE_0_Step4_P.Step4_P:PersistentLevel.Step4_P_C_1
	Function /Game/Maps/Step4_P.Step4_P_C:ExecuteUbergraph_Step4_P:03BA
[2018.01.18-12.13.28:800][591]PIE: Error: 블루프린트 런타임 오류: CallFunc_GetPlayerController_ReturnValue7 프로퍼티를 읽으려던 중 None 에 접근했습니다. 다음 함수에서: 'ExecuteUbergraph_Step4_P' 노드: Set View Target with Blend 그래프: EventGraph 오브젝트: Step4_P 설명: CallFunc_GetPlayerController_ReturnValue7 프로퍼티를 읽으려던 중 None 에 접근했습니다.
[2018.01.18-12.13.28:843][591]LogBlueprintUserMessages: Late EndPlayMap Detection: Level '/Game/Maps/Step4_P.Step4_P:PersistentLevel' has LevelScriptBlueprint '/Game/Maps/Step4_P.Step4_P:PersistentLevel.Step4_P' with GeneratedClass '/Game/Maps/Step4_P.Step4_P_C' with ClassGeneratedBy '/Game/Maps/Step4_P.Step4_P:PersistentLevel.Step4_P'
[2018.01.18-12.13.28:843][591]LogBlueprintUserMessages: Late EndPlayMap Detection: Level '/Game/Maps/Step4_S2.Step4_S2:PersistentLevel' has LevelScriptBlueprint '/Game/Maps/Step4_S2.Step4_S2:PersistentLevel.Step4_S2' with GeneratedClass '/Game/Maps/Step4_S2.Step4_S2_C' with ClassGeneratedBy '/Game/Maps/Step4_S2.Step4_S2:PersistentLevel.Step4_S2'
[2018.01.18-12.13.28:843][591]LogBlueprintUserMessages: Late EndPlayMap Detection: Level '/Game/Maps/Step4_S3.Step4_S3:PersistentLevel' has LevelScriptBlueprint '/Game/Maps/Step4_S3.Step4_S3:PersistentLevel.Step4_S3' with GeneratedClass '/Game/Maps/Step4_S3.Step4_S3_C' with ClassGeneratedBy '/Game/Maps/Step4_S3.Step4_S3:PersistentLevel.Step4_S3'
[2018.01.18-12.58.39:035][780]LogEditorViewport: Clicking on Actor (LMB): StaticMeshActor (SM_SQUARE)
[2018.01.18-12.59.38:356][117]LogSlate: Took 0.000236 seconds to synchronously load lazily loaded font '../../../Engine/Content/Slate/Fonts/Roboto-Light.ttf' (159K)
[2018.01.18-12.59.38:391][117]Cmd: OBJ SAVEPACKAGE PACKAGE="/Game/Maps/Step4_P" FILE="D:/Project/Unreal4/BPRPG1/Content/Maps/Step4_P.umap" SILENT=true AUTOSAVING=false KEEPDIRTY=false
[2018.01.18-12.59.38:748][117]LogSavePackage: Save=320.65ms
[2018.01.18-12.59.38:748][117]LogSavePackage: Moving 'D:/Project/Unreal4/BPRPG1/Saved/Step4_PC2F69F754893C6BC2A2B2C812790CD3E.tmp' to 'D:/Project/Unreal4/BPRPG1/Content/Maps/Step4_P.umap'
[2018.01.18-12.59.38:752][117]LogSavePackage: Display: Finished SavePackage D:/Project/Unreal4/BPRPG1/Content/Maps/Step4_P.umap
[2018.01.18-12.59.38:806][117]Cmd: OBJ SAVEPACKAGE PACKAGE="/Game/Maps/Step4_P_BuiltData" FILE="D:/Project/Unreal4/BPRPG1/Content/Maps/Step4_P_BuiltData.uasset" SILENT=true
[2018.01.18-12.59.38:915][117]LogSavePackage: Save=90.13ms
[2018.01.18-12.59.38:915][117]LogSavePackage: Moving 'D:/Project/Unreal4/BPRPG1/Saved/Step4_P_BuiltData927EDDAA41D7F3115299EAA78104C010.tmp' to 'D:/Project/Unreal4/BPRPG1/Content/Maps/Step4_P_BuiltData.uasset'
[2018.01.18-12.59.38:916][117]LogSavePackage: Display: Finished SavePackage D:/Project/Unreal4/BPRPG1/Content/Maps/Step4_P_BuiltData.uasset
[2018.01.18-12.59.42:722][261]LogTemp: Repeating last play command: 선택된 뷰포트
[2018.01.18-12.59.42:757][261]LogBlueprintUserMessages: Early PlayInEditor Detection: Level '/Game/Maps/Step4_P.Step4_P:PersistentLevel' has LevelScriptBlueprint '/Game/Maps/Step4_P.Step4_P:PersistentLevel.Step4_P' with GeneratedClass '/Game/Maps/Step4_P.Step4_P_C' with ClassGeneratedBy '/Game/Maps/Step4_P.Step4_P:PersistentLevel.Step4_P'
[2018.01.18-12.59.42:757][261]LogBlueprintUserMessages: Early PlayInEditor Detection: Level '/Game/Maps/Step4_S2.Step4_S2:PersistentLevel' has LevelScriptBlueprint '/Game/Maps/Step4_S2.Step4_S2:PersistentLevel.Step4_S2' with GeneratedClass '/Game/Maps/Step4_S2.Step4_S2_C' with ClassGeneratedBy '/Game/Maps/Step4_S2.Step4_S2:PersistentLevel.Step4_S2'
[2018.01.18-12.59.42:757][261]LogBlueprintUserMessages: Early PlayInEditor Detection: Level '/Game/Maps/Step4_S3.Step4_S3:PersistentLevel' has LevelScriptBlueprint '/Game/Maps/Step4_S3.Step4_S3:PersistentLevel.Step4_S3' with GeneratedClass '/Game/Maps/Step4_S3.Step4_S3_C' with ClassGeneratedBy '/Game/Maps/Step4_S3.Step4_S3:PersistentLevel.Step4_S3'
[2018.01.18-12.59.42:757][261]LogPlayLevel: PlayLevel: No blueprints needed recompiling
[2018.01.18-12.59.42:757][261]PIE: New page: PIE 세션: Step4_P (2018. 1. 19. 오전 6:59:42)
[2018.01.18-12.59.42:757][261]LogPlayLevel: Creating play world package: /Game/Maps/UEDPIE_0_Step4_P
[2018.01.18-12.59.42:767][261]LogPlayLevel: PIE: StaticDuplicateObject took: (0.009281s)
[2018.01.18-12.59.42:767][261]LogAIModule: Creating AISystem for world Step4_P
[2018.01.18-12.59.42:768][261]LogPlayLevel: PIE: World Init took: (0.000957s)
[2018.01.18-12.59.42:768][261]LogPlayLevel: PIE: Created PIE world by copying editor world from /Game/Maps/Step4_P.Step4_P to /Game/Maps/UEDPIE_0_Step4_P.Step4_P (0.010650s)
[2018.01.18-12.59.42:824][261]LogInit: XAudio2 using '스피커 / 헤드폰(Realtek High Definition Audio)' : 2 channels at 48 kHz using 32 bits per sample (channel mask 0x3)
[2018.01.18-12.59.42:901][261]LogInit: FAudioDevice initialized.
[2018.01.18-12.59.42:937][261]LogLoad: Game class is 'BP_GameMode_C'
[2018.01.18-12.59.42:991][261]LogWorld: Bringing World /Game/Maps/UEDPIE_0_Step4_P.Step4_P up for play (max tick rate 60) at 2018.01.18-21.59.42
[2018.01.18-12.59.42:992][261]LogWorld: Bringing up level for play took: 0.002228
[2018.01.18-12.59.42:993][261]PIE: /Game/Maps/UEDPIE_0_Step4_P 에 대한 에디터에서 플레이 시작 시간: 0.784
[2018.01.18-12.59.43:014][261]LogBlueprintUserMessages: Late PlayInEditor Detection: Level '/Game/Maps/Step4_P.Step4_P:PersistentLevel' has LevelScriptBlueprint '/Game/Maps/Step4_P.Step4_P:PersistentLevel.Step4_P' with GeneratedClass '/Game/Maps/Step4_P.Step4_P_C' with ClassGeneratedBy '/Game/Maps/Step4_P.Step4_P:PersistentLevel.Step4_P'
[2018.01.18-12.59.43:014][261]LogBlueprintUserMessages: Late PlayInEditor Detection: Level '/Game/Maps/Step4_S2.Step4_S2:PersistentLevel' has LevelScriptBlueprint '/Game/Maps/Step4_S2.Step4_S2:PersistentLevel.Step4_S2' with GeneratedClass '/Game/Maps/Step4_S2.Step4_S2_C' with ClassGeneratedBy '/Game/Maps/Step4_S2.Step4_S2:PersistentLevel.Step4_S2'
[2018.01.18-12.59.43:015][261]LogBlueprintUserMessages: Late PlayInEditor Detection: Level '/Game/Maps/Step4_S3.Step4_S3:PersistentLevel' has LevelScriptBlueprint '/Game/Maps/Step4_S3.Step4_S3:PersistentLevel.Step4_S3' with GeneratedClass '/Game/Maps/Step4_S3.Step4_S3_C' with ClassGeneratedBy '/Game/Maps/Step4_S3.Step4_S3:PersistentLevel.Step4_S3'
[2018.01.18-13.00.53:139][461]LogBlueprintUserMessages: Early EndPlayMap Detection: Level '/Game/Maps/Step4_P.Step4_P:PersistentLevel' has LevelScriptBlueprint '/Game/Maps/Step4_P.Step4_P:PersistentLevel.Step4_P' with GeneratedClass '/Game/Maps/Step4_P.Step4_P_C' with ClassGeneratedBy '/Game/Maps/Step4_P.Step4_P:PersistentLevel.Step4_P'
[2018.01.18-13.00.53:139][461]LogBlueprintUserMessages: Early EndPlayMap Detection: Level '/Game/Maps/Step4_S2.Step4_S2:PersistentLevel' has LevelScriptBlueprint '/Game/Maps/Step4_S2.Step4_S2:PersistentLevel.Step4_S2' with GeneratedClass '/Game/Maps/Step4_S2.Step4_S2_C' with ClassGeneratedBy '/Game/Maps/Step4_S2.Step4_S2:PersistentLevel.Step4_S2'
[2018.01.18-13.00.53:139][461]LogBlueprintUserMessages: Early EndPlayMap Detection: Level '/Game/Maps/Step4_S3.Step4_S3:PersistentLevel' has LevelScriptBlueprint '/Game/Maps/Step4_S3.Step4_S3:PersistentLevel.Step4_S3' with GeneratedClass '/Game/Maps/Step4_S3.Step4_S3_C' with ClassGeneratedBy '/Game/Maps/Step4_S3.Step4_S3:PersistentLevel.Step4_S3'
[2018.01.18-13.00.53:147][461]LogScript: Warning: CallFunc_GetPlayerController_ReturnValue7 프로퍼티를 읽으려던 중 None 에 접근했습니다.
	Step4_P_C /Game/Maps/UEDPIE_0_Step4_P.Step4_P:PersistentLevel.Step4_P_C_0
	Function /Game/Maps/Step4_P.Step4_P_C:ExecuteUbergraph_Step4_P:03BA
[2018.01.18-13.00.53:147][461]PIE: Error: 블루프린트 런타임 오류: CallFunc_GetPlayerController_ReturnValue7 프로퍼티를 읽으려던 중 None 에 접근했습니다. 다음 함수에서: 'ExecuteUbergraph_Step4_P' 노드: Set View Target with Blend 그래프: EventGraph 오브젝트: Step4_P 설명: CallFunc_GetPlayerController_ReturnValue7 프로퍼티를 읽으려던 중 None 에 접근했습니다.
[2018.01.18-13.00.53:191][461]LogBlueprintUserMessages: Late EndPlayMap Detection: Level '/Game/Maps/Step4_P.Step4_P:PersistentLevel' has LevelScriptBlueprint '/Game/Maps/Step4_P.Step4_P:PersistentLevel.Step4_P' with GeneratedClass '/Game/Maps/Step4_P.Step4_P_C' with ClassGeneratedBy '/Game/Maps/Step4_P.Step4_P:PersistentLevel.Step4_P'
[2018.01.18-13.00.53:191][461]LogBlueprintUserMessages: Late EndPlayMap Detection: Level '/Game/Maps/Step4_S2.Step4_S2:PersistentLevel' has LevelScriptBlueprint '/Game/Maps/Step4_S2.Step4_S2:PersistentLevel.Step4_S2' with GeneratedClass '/Game/Maps/Step4_S2.Step4_S2_C' with ClassGeneratedBy '/Game/Maps/Step4_S2.Step4_S2:PersistentLevel.Step4_S2'
[2018.01.18-13.00.53:191][461]LogBlueprintUserMessages: Late EndPlayMap Detection: Level '/Game/Maps/Step4_S3.Step4_S3:PersistentLevel' has LevelScriptBlueprint '/Game/Maps/Step4_S3.Step4_S3:PersistentLevel.Step4_S3' with GeneratedClass '/Game/Maps/Step4_S3.Step4_S3_C' with ClassGeneratedBy '/Game/Maps/Step4_S3.Step4_S3:PersistentLevel.Step4_S3'
[2018.01.18-13.00.56:729][560]LogEditorViewport: Clicking on Actor (LMB): TriggerVolume (TriggerVolume)
[2018.01.18-13.01.03:618][767]LogEditorViewport: Clicking on Actor (LMB): TriggerVolume (CameraSection2)
[2018.01.18-13.01.09:236][ 97]LogEditorViewport: Clicking on Actor (LMB): TriggerVolume (CameraSection1)
[2018.01.18-13.01.15:109][425]Cmd: OBJ SAVEPACKAGE PACKAGE="/Game/Maps/Step4_P" FILE="D:/Project/Unreal4/BPRPG1/Content/Maps/Step4_P.umap" SILENT=true AUTOSAVING=false KEEPDIRTY=false
[2018.01.18-13.01.15:417][425]LogSavePackage: Save=285.01ms
[2018.01.18-13.01.15:417][425]LogSavePackage: Moving 'D:/Project/Unreal4/BPRPG1/Saved/Step4_P9EA2B55A493B179151E4E2A3064E3371.tmp' to 'D:/Project/Unreal4/BPRPG1/Content/Maps/Step4_P.umap'
[2018.01.18-13.01.15:420][425]LogSavePackage: Display: Finished SavePackage D:/Project/Unreal4/BPRPG1/Content/Maps/Step4_P.umap
[2018.01.18-13.01.15:470][425]Cmd: OBJ SAVEPACKAGE PACKAGE="/Game/Maps/Step4_P_BuiltData" FILE="D:/Project/Unreal4/BPRPG1/Content/Maps/Step4_P_BuiltData.uasset" SILENT=true
[2018.01.18-13.01.15:545][425]LogSavePackage: Save=66.51ms
[2018.01.18-13.01.15:545][425]LogSavePackage: Moving 'D:/Project/Unreal4/BPRPG1/Saved/Step4_P_BuiltData5138CF044D8F002DE07BB0BB64284F42.tmp' to 'D:/Project/Unreal4/BPRPG1/Content/Maps/Step4_P_BuiltData.uasset'
[2018.01.18-13.01.15:547][425]LogSavePackage: Display: Finished SavePackage D:/Project/Unreal4/BPRPG1/Content/Maps/Step4_P_BuiltData.uasset
[2018.01.18-13.01.17:215][483]LogTemp: Repeating last play command: 선택된 뷰포트
[2018.01.18-13.01.17:249][483]LogBlueprintUserMessages: Early PlayInEditor Detection: Level '/Game/Maps/Step4_P.Step4_P:PersistentLevel' has LevelScriptBlueprint '/Game/Maps/Step4_P.Step4_P:PersistentLevel.Step4_P' with GeneratedClass '/Game/Maps/Step4_P.Step4_P_C' with ClassGeneratedBy '/Game/Maps/Step4_P.Step4_P:PersistentLevel.Step4_P'
[2018.01.18-13.01.17:249][483]LogBlueprintUserMessages: Early PlayInEditor Detection: Level '/Game/Maps/Step4_S2.Step4_S2:PersistentLevel' has LevelScriptBlueprint '/Game/Maps/Step4_S2.Step4_S2:PersistentLevel.Step4_S2' with GeneratedClass '/Game/Maps/Step4_S2.Step4_S2_C' with ClassGeneratedBy '/Game/Maps/Step4_S2.Step4_S2:PersistentLevel.Step4_S2'
[2018.01.18-13.01.17:249][483]LogBlueprintUserMessages: Early PlayInEditor Detection: Level '/Game/Maps/Step4_S3.Step4_S3:PersistentLevel' has LevelScriptBlueprint '/Game/Maps/Step4_S3.Step4_S3:PersistentLevel.Step4_S3' with GeneratedClass '/Game/Maps/Step4_S3.Step4_S3_C' with ClassGeneratedBy '/Game/Maps/Step4_S3.Step4_S3:PersistentLevel.Step4_S3'
[2018.01.18-13.01.17:249][483]LogPlayLevel: PlayLevel: No blueprints needed recompiling
[2018.01.18-13.01.17:249][483]PIE: New page: PIE 세션: Step4_P (2018. 1. 19. 오전 7:01:17)
[2018.01.18-13.01.17:250][483]LogPlayLevel: Creating play world package: /Game/Maps/UEDPIE_0_Step4_P
[2018.01.18-13.01.17:257][483]LogPlayLevel: PIE: StaticDuplicateObject took: (0.007539s)
[2018.01.18-13.01.17:259][483]LogAIModule: Creating AISystem for world Step4_P
[2018.01.18-13.01.17:259][483]LogPlayLevel: PIE: World Init took: (0.002026s)
[2018.01.18-13.01.17:260][483]LogPlayLevel: PIE: Created PIE world by copying editor world from /Game/Maps/Step4_P.Step4_P to /Game/Maps/UEDPIE_0_Step4_P.Step4_P (0.010224s)
[2018.01.18-13.01.17:313][483]LogInit: XAudio2 using '스피커 / 헤드폰(Realtek High Definition Audio)' : 2 channels at 48 kHz using 32 bits per sample (channel mask 0x3)
[2018.01.18-13.01.17:385][483]LogInit: FAudioDevice initialized.
[2018.01.18-13.01.17:420][483]LogLoad: Game class is 'BP_GameMode_C'
[2018.01.18-13.01.17:476][483]LogWorld: Bringing World /Game/Maps/UEDPIE_0_Step4_P.Step4_P up for play (max tick rate 60) at 2018.01.18-22.01.17
[2018.01.18-13.01.17:477][483]LogWorld: Bringing up level for play took: 0.002739
[2018.01.18-13.01.17:478][483]PIE: /Game/Maps/UEDPIE_0_Step4_P 에 대한 에디터에서 플레이 시작 시간: -0.73
[2018.01.18-13.01.17:479][483]LogBlueprintUserMessages: Late PlayInEditor Detection: Level '/Game/Maps/Step4_P.Step4_P:PersistentLevel' has LevelScriptBlueprint '/Game/Maps/Step4_P.Step4_P:PersistentLevel.Step4_P' with GeneratedClass '/Game/Maps/Step4_P.Step4_P_C' with ClassGeneratedBy '/Game/Maps/Step4_P.Step4_P:PersistentLevel.Step4_P'
[2018.01.18-13.01.17:479][483]LogBlueprintUserMessages: Late PlayInEditor Detection: Level '/Game/Maps/Step4_S2.Step4_S2:PersistentLevel' has LevelScriptBlueprint '/Game/Maps/Step4_S2.Step4_S2:PersistentLevel.Step4_S2' with GeneratedClass '/Game/Maps/Step4_S2.Step4_S2_C' with ClassGeneratedBy '/Game/Maps/Step4_S2.Step4_S2:PersistentLevel.Step4_S2'
[2018.01.18-13.01.17:479][483]LogBlueprintUserMessages: Late PlayInEditor Detection: Level '/Game/Maps/Step4_S3.Step4_S3:PersistentLevel' has LevelScriptBlueprint '/Game/Maps/Step4_S3.Step4_S3:PersistentLevel.Step4_S3' with GeneratedClass '/Game/Maps/Step4_S3.Step4_S3_C' with ClassGeneratedBy '/Game/Maps/Step4_S3.Step4_S3:PersistentLevel.Step4_S3'
[2018.01.18-13.01.48:343][325]LogBlueprintUserMessages: Early EndPlayMap Detection: Level '/Game/Maps/Step4_P.Step4_P:PersistentLevel' has LevelScriptBlueprint '/Game/Maps/Step4_P.Step4_P:PersistentLevel.Step4_P' with GeneratedClass '/Game/Maps/Step4_P.Step4_P_C' with ClassGeneratedBy '/Game/Maps/Step4_P.Step4_P:PersistentLevel.Step4_P'
[2018.01.18-13.01.48:343][325]LogBlueprintUserMessages: Early EndPlayMap Detection: Level '/Game/Maps/Step4_S2.Step4_S2:PersistentLevel' has LevelScriptBlueprint '/Game/Maps/Step4_S2.Step4_S2:PersistentLevel.Step4_S2' with GeneratedClass '/Game/Maps/Step4_S2.Step4_S2_C' with ClassGeneratedBy '/Game/Maps/Step4_S2.Step4_S2:PersistentLevel.Step4_S2'
[2018.01.18-13.01.48:343][325]LogBlueprintUserMessages: Early EndPlayMap Detection: Level '/Game/Maps/Step4_S3.Step4_S3:PersistentLevel' has LevelScriptBlueprint '/Game/Maps/Step4_S3.Step4_S3:PersistentLevel.Step4_S3' with GeneratedClass '/Game/Maps/Step4_S3.Step4_S3_C' with ClassGeneratedBy '/Game/Maps/Step4_S3.Step4_S3:PersistentLevel.Step4_S3'
[2018.01.18-13.01.48:348][325]LogScript: Warning: CallFunc_GetPlayerController_ReturnValue7 프로퍼티를 읽으려던 중 None 에 접근했습니다.
	Step4_P_C /Game/Maps/UEDPIE_0_Step4_P.Step4_P:PersistentLevel.Step4_P_C_1
	Function /Game/Maps/Step4_P.Step4_P_C:ExecuteUbergraph_Step4_P:03BA
[2018.01.18-13.01.48:349][325]PIE: Error: 블루프린트 런타임 오류: CallFunc_GetPlayerController_ReturnValue7 프로퍼티를 읽으려던 중 None 에 접근했습니다. 다음 함수에서: 'ExecuteUbergraph_Step4_P' 노드: Set View Target with Blend 그래프: EventGraph 오브젝트: Step4_P 설명: CallFunc_GetPlayerController_ReturnValue7 프로퍼티를 읽으려던 중 None 에 접근했습니다.
[2018.01.18-13.01.48:349][325]LogScript: Warning: CallFunc_GetPlayerController_ReturnValue7 프로퍼티를 읽으려던 중 None 에 접근했습니다.
	Step4_P_C /Game/Maps/UEDPIE_0_Step4_P.Step4_P:PersistentLevel.Step4_P_C_1
	Function /Game/Maps/Step4_P.Step4_P_C:ExecuteUbergraph_Step4_P:03BA
[2018.01.18-13.01.48:349][325]PIE: Error: 블루프린트 런타임 오류: CallFunc_GetPlayerController_ReturnValue7 프로퍼티를 읽으려던 중 None 에 접근했습니다. 다음 함수에서: 'ExecuteUbergraph_Step4_P' 노드: Set View Target with Blend 그래프: EventGraph 오브젝트: Step4_P 설명: CallFunc_GetPlayerController_ReturnValue7 프로퍼티를 읽으려던 중 None 에 접근했습니다.
[2018.01.18-13.01.48:391][325]LogBlueprintUserMessages: Late EndPlayMap Detection: Level '/Game/Maps/Step4_P.Step4_P:PersistentLevel' has LevelScriptBlueprint '/Game/Maps/Step4_P.Step4_P:PersistentLevel.Step4_P' with GeneratedClass '/Game/Maps/Step4_P.Step4_P_C' with ClassGeneratedBy '/Game/Maps/Step4_P.Step4_P:PersistentLevel.Step4_P'
[2018.01.18-13.01.48:391][325]LogBlueprintUserMessages: Late EndPlayMap Detection: Level '/Game/Maps/Step4_S2.Step4_S2:PersistentLevel' has LevelScriptBlueprint '/Game/Maps/Step4_S2.Step4_S2:PersistentLevel.Step4_S2' with GeneratedClass '/Game/Maps/Step4_S2.Step4_S2_C' with ClassGeneratedBy '/Game/Maps/Step4_S2.Step4_S2:PersistentLevel.Step4_S2'
[2018.01.18-13.01.48:391][325]LogBlueprintUserMessages: Late EndPlayMap Detection: Level '/Game/Maps/Step4_S3.Step4_S3:PersistentLevel' has LevelScriptBlueprint '/Game/Maps/Step4_S3.Step4_S3:PersistentLevel.Step4_S3' with GeneratedClass '/Game/Maps/Step4_S3.Step4_S3_C' with ClassGeneratedBy '/Game/Maps/Step4_S3.Step4_S3:PersistentLevel.Step4_S3'
[2018.01.18-13.01.57:336][572]Cmd: SELECT NONE
[2018.01.18-13.01.58:236][591]Cmd: SELECT NONE
[2018.01.18-13.02.08:060][890]LogContentBrowser: Native class hierarchy updated for 'BlueprintGraph' in 0.0008 seconds. Added 116 classes and 0 folders.
[2018.01.18-13.02.08:975][890]LogSlate: Took 0.000325 seconds to synchronously load lazily loaded font '../../../Engine/Content/Editor/Slate/Fonts/Roboto-BoldCondensed.ttf' (158K)
[2018.01.18-13.02.09:124][891]LogSlate: Took 0.000402 seconds to synchronously load lazily loaded font '../../../Engine/Content/Editor/Slate/Fonts/Roboto-Italic.ttf' (157K)
[2018.01.18-13.02.37:961][182]LogEditorTransaction: Undo 핀 링크 끊기
[2018.01.18-13.05.37:262][ 17]BlueprintLog: New page: Step4_P 컴파일
[2018.01.18-13.05.39:436][ 19]Cmd: OBJ SAVEPACKAGE PACKAGE="/Game/Maps/Step4_P" FILE="D:/Project/Unreal4/BPRPG1/Content/Maps/Step4_P.umap" SILENT=true AUTOSAVING=false KEEPDIRTY=false
[2018.01.18-13.05.39:865][ 19]LogSavePackage: Save=388.45ms
[2018.01.18-13.05.39:865][ 19]LogSavePackage: Moving 'D:/Project/Unreal4/BPRPG1/Saved/Step4_PFF5A440D471521BF12BC849604EEADAB.tmp' to 'D:/Project/Unreal4/BPRPG1/Content/Maps/Step4_P.umap'
[2018.01.18-13.05.39:868][ 19]LogSavePackage: Display: Finished SavePackage D:/Project/Unreal4/BPRPG1/Content/Maps/Step4_P.umap
[2018.01.18-13.05.40:014][ 19]LogFileHelpers: Saving map 'Step4_P' took 0.760
[2018.01.18-13.05.45:093][ 28]Cmd: OBJ SAVEPACKAGE PACKAGE="/Game/Maps/Step4_S3" FILE="D:/Project/Unreal4/BPRPG1/Content/Maps/Step4_S3.umap" SILENT=true AUTOSAVING=false KEEPDIRTY=false
[2018.01.18-13.05.45:146][ 28]LogSpawn: Warning: UWorld::DestroyActor: World has no context! World: Step4_S3, Actor: /Game/Maps/Step4_S3.Step4_S3:PersistentLevel.REINST_Step4_S3_C_0
[2018.01.18-13.05.45:434][ 28]LogSavePackage: Save=305.12ms
[2018.01.18-13.05.45:434][ 28]LogSavePackage: Moving 'D:/Project/Unreal4/BPRPG1/Saved/Step4_S319EABC29428528EC70A512B80E8B910F.tmp' to 'D:/Project/Unreal4/BPRPG1/Content/Maps/Step4_S3.umap'
[2018.01.18-13.05.45:437][ 28]LogSavePackage: Display: Finished SavePackage D:/Project/Unreal4/BPRPG1/Content/Maps/Step4_S3.umap
[2018.01.18-13.05.45:461][ 28]LogFileHelpers: Saving map 'Step4_S3' took 0.584
[2018.01.18-13.05.46:058][ 29]Cmd: QUIT_EDITOR
[2018.01.18-13.05.46:423][ 29]LogWindowsTextInputMethodSystem: Display: IME system now activated using TSF (Microsoft 입력기).
[2018.01.18-13.05.46:445][ 29]LogExit: Preparing to exit.
[2018.01.18-13.05.47:042][ 29]LogExit: Editor shut down
[2018.01.18-13.05.47:054][ 29]LogExit: Transaction tracking system shut down
[2018.01.18-13.05.47:252][ 29]LogDirectoryWatcher: A directory notification for '../../../Engine/Content/' was aborted.
[2018.01.18-13.05.47:253][ 29]LogDirectoryWatcher: A directory notification for 'D:/Project/Unreal4/BPRPG1/Content/' was aborted.
[2018.01.18-13.05.47:253][ 29]LogDirectoryWatcher: A directory notification for '../../../Engine/Plugins/2D/Paper2D/Content/' was aborted.
[2018.01.18-13.05.47:253][ 29]LogDirectoryWatcher: A directory notification for '../../../Engine/Plugins/Media/MediaCompositing/Content/' was aborted.
[2018.01.18-13.05.47:253][ 29]LogDirectoryWatcher: A directory notification for '../../../Engine/Plugins/Runtime/AppleARKit/Content/' was aborted.
[2018.01.18-13.05.47:253][ 29]LogDirectoryWatcher: A directory notification for '../../../Engine/Plugins/Runtime/Oculus/OculusVR/Content/' was aborted.
[2018.01.18-13.05.47:253][ 29]LogDirectoryWatcher: A directory notification for '../../../Engine/Plugins/Runtime/Steam/SteamVR/Content/' was aborted.
[2018.01.18-13.05.47:364][ 29]LogExit: Object subsystem successfully closed.
[2018.01.18-13.05.47:385][ 29]LogD3D11RHI: Shutdown
[2018.01.18-13.05.47:385][ 29]LogD3D11RHI: CleanupD3DDevice
[2018.01.18-13.05.47:390][ 29]LogD3D11RHI: ~FD3D11DynamicRHI
[2018.01.18-13.05.47:421][ 29]LogModuleManager: Shutting down and abandoning module BlueprintGraph (552)
[2018.01.18-13.05.47:422][ 29]LogModuleManager: Shutting down and abandoning module MovieSceneCapture (550)
[2018.01.18-13.05.47:422][ 29]LogModuleManager: Shutting down and abandoning module HierarchicalLODOutliner (548)
[2018.01.18-13.05.47:422][ 29]LogModuleManager: Shutting down and abandoning module SceneOutliner (546)
[2018.01.18-13.05.47:422][ 29]LogModuleManager: Shutting down and abandoning module AddContentDialog (544)
[2018.01.18-13.05.47:422][ 29]LogDirectoryWatcher: A directory notification for 'C:/Program Files/Epic Games/UE_4.18/FeaturePacks/' was aborted.
[2018.01.18-13.05.47:423][ 29]LogModuleManager: Shutting down and abandoning module WidgetCarousel (543)
[2018.01.18-13.05.47:423][ 29]LogModuleManager: Shutting down and abandoning module EditorWidgets (540)
[2018.01.18-13.05.47:423][ 29]LogModuleManager: Shutting down and abandoning module CollectionManager (538)
[2018.01.18-13.05.47:423][ 29]LogDirectoryWatcher: A directory notification for 'D:/Project/Unreal4/BPRPG1/Content/Collections/' was aborted.
[2018.01.18-13.05.47:423][ 29]LogDirectoryWatcher: A directory notification for 'D:/Project/Unreal4/BPRPG1/Content/Developers/mapl0/Collections/' was aborted.
[2018.01.18-13.05.47:423][ 29]LogDirectoryWatcher: A directory notification for 'D:/Project/Unreal4/BPRPG1/Saved/Collections/' was aborted.
[2018.01.18-13.05.47:423][ 29]LogModuleManager: Shutting down and abandoning module StatsViewer (536)
[2018.01.18-13.05.47:423][ 29]LogModuleManager: Shutting down and abandoning module FoliageEdit (534)
[2018.01.18-13.05.47:423][ 29]LogModuleManager: Shutting down and abandoning module LandscapeEditor (532)
[2018.01.18-13.05.47:423][ 29]LogModuleManager: Shutting down and abandoning module MeshPaintMode (530)
[2018.01.18-13.05.47:423][ 29]LogModuleManager: Shutting down and abandoning module SceneDepthPickerMode (528)
[2018.01.18-13.05.47:423][ 29]LogModuleManager: Shutting down and abandoning module ActorPickerMode (526)
[2018.01.18-13.05.47:423][ 29]LogModuleManager: Shutting down and abandoning module GeometryMode (524)
[2018.01.18-13.05.47:423][ 29]LogModuleManager: Shutting down and abandoning module TextureAlignMode (522)
[2018.01.18-13.05.47:423][ 29]LogModuleManager: Shutting down and abandoning module BspMode (520)
[2018.01.18-13.05.47:424][ 29]LogModuleManager: Shutting down and abandoning module PIEPreviewDeviceProfileSelector (518)
[2018.01.18-13.05.47:424][ 29]LogModuleManager: Shutting down and abandoning module HardwareSurvey (516)
[2018.01.18-13.05.47:424][ 29]LogModuleManager: Shutting down and abandoning module SequenceRecorderSections (514)
[2018.01.18-13.05.47:424][ 29]LogModuleManager: Shutting down and abandoning module AutomationWorker (512)
[2018.01.18-13.05.47:424][ 29]LogModuleManager: Shutting down and abandoning module MatineeToLevelSequence (510)
[2018.01.18-13.05.47:424][ 29]LogModuleManager: Shutting down and abandoning module LevelSequenceEditor (508)
[2018.01.18-13.05.47:424][ 29]LogModuleManager: Shutting down and abandoning module PlacementMode (507)
[2018.01.18-13.05.47:424][ 29]LogModuleManager: Shutting down and abandoning module WmfMediaFactory (504)
[2018.01.18-13.05.47:424][ 29]LogModuleManager: Shutting down and abandoning module WmfMediaEditor (502)
[2018.01.18-13.05.47:424][ 29]LogModuleManager: Shutting down and abandoning module OpenExrWrapper (500)
[2018.01.18-13.05.47:424][ 29]LogModuleManager: Shutting down and abandoning module ImgMediaFactory (498)
[2018.01.18-13.05.47:424][ 29]LogModuleManager: Shutting down and abandoning module ImgMediaEditor (496)
[2018.01.18-13.05.47:424][ 29]LogModuleManager: Shutting down and abandoning module AvfMediaFactory (494)
[2018.01.18-13.05.47:424][ 29]LogModuleManager: Shutting down and abandoning module AvfMediaEditor (492)
[2018.01.18-13.05.47:424][ 29]LogModuleManager: Shutting down and abandoning module AndroidMediaFactory (490)
[2018.01.18-13.05.47:424][ 29]LogModuleManager: Shutting down and abandoning module AndroidMediaEditor (488)
[2018.01.18-13.05.47:424][ 29]LogModuleManager: Shutting down and abandoning module CharacterAI (486)
[2018.01.18-13.05.47:424][ 29]LogModuleManager: Shutting down and abandoning module AudioCapture (484)
[2018.01.18-13.05.47:424][ 29]LogModuleManager: Shutting down and abandoning module SequenceRecorder (483)
[2018.01.18-13.05.47:424][ 29]LogModuleManager: Shutting down and abandoning module SmartSnapping (480)
[2018.01.18-13.05.47:424][ 29]LogModuleManager: Shutting down and abandoning module SessionServices (478)
[2018.01.18-13.05.47:424][ 29]LogModuleManager: Shutting down and abandoning module ViewportSnapping (476)
[2018.01.18-13.05.47:424][ 29]LogModuleManager: Shutting down and abandoning module ViewportInteraction (474)
[2018.01.18-13.05.47:424][ 29]LogModuleManager: Shutting down and abandoning module ClothPainter (472)
[2018.01.18-13.05.47:424][ 29]LogModuleManager: Shutting down and abandoning module SkeletalMeshEditor (471)
[2018.01.18-13.05.47:424][ 29]LogModuleManager: Shutting down and abandoning module LogVisualizer (468)
[2018.01.18-13.05.47:424][ 29]LogModuleManager: Shutting down and abandoning module IntroTutorials (466)
[2018.01.18-13.05.47:424][ 29]LogModuleManager: Shutting down and abandoning module GameProjectGeneration (465)
[2018.01.18-13.05.47:424][ 29]LogModuleManager: Shutting down and abandoning module IOSPlatformEditor (462)
[2018.01.18-13.05.47:425][ 29]LogModuleManager: Shutting down and abandoning module HTML5PlatformEditor (460)
[2018.01.18-13.05.47:425][ 29]LogModuleManager: Shutting down and abandoning module AndroidPlatformEditor (458)
[2018.01.18-13.05.47:425][ 29]LogModuleManager: Shutting down and abandoning module AndroidDeviceDetection (457)
[2018.01.18-13.05.47:703][ 29]LogModuleManager: Shutting down and abandoning module WindowsPlatformEditor (454)
[2018.01.18-13.05.47:703][ 29]LogModuleManager: Shutting down and abandoning module IOSRuntimeSettings (452)
[2018.01.18-13.05.47:703][ 29]LogModuleManager: Shutting down and abandoning module AndroidRuntimeSettings (450)
[2018.01.18-13.05.47:703][ 29]LogModuleManager: Shutting down and abandoning module InputBindingEditor (448)
[2018.01.18-13.05.47:703][ 29]LogModuleManager: Shutting down and abandoning module MergeActors (446)
[2018.01.18-13.05.47:703][ 29]LogModuleManager: Shutting down and abandoning module SizeMap (444)
[2018.01.18-13.05.47:703][ 29]LogModuleManager: Shutting down and abandoning module TreeMap (442)
[2018.01.18-13.05.47:703][ 29]LogModuleManager: Shutting down and abandoning module ReferenceViewer (440)
[2018.01.18-13.05.47:703][ 29]LogModuleManager: Shutting down and abandoning module LocalizationDashboard (438)
[2018.01.18-13.05.47:703][ 29]LogModuleManager: Shutting down and abandoning module LocalizationService (437)
[2018.01.18-13.05.47:703][ 29]LogModuleManager: Shutting down and abandoning module HardwareTargeting (434)
[2018.01.18-13.05.47:703][ 29]LogModuleManager: Shutting down and abandoning module DeviceProfileEditor (432)
[2018.01.18-13.05.47:703][ 29]LogModuleManager: Shutting down and abandoning module UndoHistory (430)
[2018.01.18-13.05.47:703][ 29]LogModuleManager: Shutting down and abandoning module XmlParser (428)
[2018.01.18-13.05.47:703][ 29]LogModuleManager: Shutting down and abandoning module Blutility (426)
[2018.01.18-13.05.47:703][ 29]LogModuleManager: Shutting down and abandoning module ProjectSettingsViewer (424)
[2018.01.18-13.05.47:703][ 29]LogModuleManager: Shutting down and abandoning module ProjectTargetPlatformEditor (423)
[2018.01.18-13.05.47:703][ 29]LogModuleManager: Shutting down and abandoning module EditorSettingsViewer (420)
[2018.01.18-13.05.47:703][ 29]LogModuleManager: Shutting down and abandoning module SettingsEditor (418)
[2018.01.18-13.05.47:703][ 29]LogModuleManager: Shutting down and abandoning module ProjectLauncher (416)
[2018.01.18-13.05.47:703][ 29]LogModuleManager: Shutting down and abandoning module SessionFrontend (414)
[2018.01.18-13.05.47:704][ 29]LogModuleManager: Shutting down and abandoning module ProfilerClient (412)
[2018.01.18-13.05.47:704][ 29]LogModuleManager: Shutting down and abandoning module DeviceManager (410)
[2018.01.18-13.05.47:704][ 29]LogModuleManager: Shutting down and abandoning module TargetDeviceServices (409)
[2018.01.18-13.05.47:757][ 29]LogModuleManager: Shutting down and abandoning module AutomationController (406)
[2018.01.18-13.05.47:757][ 29]LogModuleManager: Shutting down and abandoning module AutomationWindow (404)
[2018.01.18-13.05.47:757][ 29]LogModuleManager: Shutting down and abandoning module Layers (402)
[2018.01.18-13.05.47:757][ 29]LogModuleManager: Shutting down and abandoning module ComponentVisualizers (400)
[2018.01.18-13.05.47:757][ 29]LogModuleManager: Shutting down and abandoning module DetailCustomizations (398)
[2018.01.18-13.05.47:757][ 29]LogModuleManager: Shutting down and abandoning module PackagesDialog (396)
[2018.01.18-13.05.47:757][ 29]LogModuleManager: Shutting down and abandoning module Persona (394)
[2018.01.18-13.05.47:757][ 29]LogModuleManager: Shutting down and abandoning module AdvancedPreviewScene (393)
[2018.01.18-13.05.47:757][ 29]LogModuleManager: Shutting down and abandoning module AnimGraph (391)
[2018.01.18-13.05.47:757][ 29]LogModuleManager: Shutting down and abandoning module Kismet (388)
[2018.01.18-13.05.47:768][ 29]LogModuleManager: Shutting down and abandoning module ClassViewer (386)
[2018.01.18-13.05.47:768][ 29]LogModuleManager: Shutting down and abandoning module Toolbox (384)
[2018.01.18-13.05.47:768][ 29]LogModuleManager: Shutting down and abandoning module ModuleUI (382)
[2018.01.18-13.05.47:768][ 29]LogModuleManager: Shutting down and abandoning module MovieSceneTools (380)
[2018.01.18-13.05.47:768][ 29]LogModuleManager: Shutting down and abandoning module OutputLog (378)
[2018.01.18-13.05.47:768][ 29]LogModuleManager: Shutting down and abandoning module GammaUI (376)
[2018.01.18-13.05.47:768][ 29]LogModuleManager: Shutting down and abandoning module Documentation (374)
[2018.01.18-13.05.47:768][ 29]LogModuleManager: Shutting down and abandoning module MovieSceneTracks (372)
[2018.01.18-13.05.47:768][ 29]LogModuleManager: Shutting down and abandoning module MovieScene (370)
[2018.01.18-13.05.47:768][ 29]LogModuleManager: Shutting down and abandoning module StreamingPauseRendering (368)
[2018.01.18-13.05.47:768][ 29]LogModuleManager: Shutting down and abandoning module LauncherPlatform (366)
[2018.01.18-13.05.47:768][ 29]LogModuleManager: Shutting down and abandoning module AnalyticsET (364)
[2018.01.18-13.05.47:768][ 29]LogModuleManager: Shutting down and abandoning module PortalServices (362)
[2018.01.18-13.05.47:768][ 29]LogModuleManager: Shutting down and abandoning module PortalRpc (360)
[2018.01.18-13.05.47:768][ 29]LogModuleManager: Shutting down and abandoning module MessagingRpc (358)
[2018.01.18-13.05.47:769][ 29]LogModuleManager: Shutting down and abandoning module AIModule (356)
[2018.01.18-13.05.47:769][ 29]LogModuleManager: Shutting down and abandoning module GameplayDebugger (355)
[2018.01.18-13.05.47:769][ 29]LogModuleManager: Shutting down and abandoning module AITestSuite (353)
[2018.01.18-13.05.47:769][ 29]LogModuleManager: Shutting down and abandoning module DesktopPlatform (350)
[2018.01.18-13.05.47:769][ 29]LogModuleManager: Shutting down and abandoning module ProfilerService (348)
[2018.01.18-13.05.48:007][ 29]LogModuleManager: Shutting down and abandoning module TaskGraph (346)
[2018.01.18-13.05.48:007][ 29]LogModuleManager: Shutting down and abandoning module SteamVRController (344)
[2018.01.18-13.05.48:007][ 29]LogModuleManager: Shutting down and abandoning module ProceduralMeshComponentEditor (342)
[2018.01.18-13.05.48:007][ 29]LogModuleManager: Shutting down and abandoning module ProceduralMeshComponent (340)
[2018.01.18-13.05.48:007][ 29]LogModuleManager: Shutting down and abandoning module OculusInput (338)
[2018.01.18-13.05.48:007][ 29]LogModuleManager: Shutting down and abandoning module MobilePatchingUtils (336)
[2018.01.18-13.05.48:007][ 29]LogModuleManager: Shutting down and abandoning module CustomMeshComponent (334)
[2018.01.18-13.05.48:007][ 29]LogModuleManager: Shutting down and abandoning module CableComponent (332)
[2018.01.18-13.05.48:007][ 29]LogModuleManager: Shutting down and abandoning module ArchVisCharacter (330)
[2018.01.18-13.05.48:007][ 29]LogModuleManager: Shutting down and abandoning module AndroidPermission (328)
[2018.01.18-13.05.48:007][ 29]LogModuleManager: Shutting down and abandoning module ActorSequence (324)
[2018.01.18-13.05.48:007][ 29]LogModuleManager: Shutting down and abandoning module MediaPlayerEditor (322)
[2018.01.18-13.05.48:007][ 29]LogModuleManager: Shutting down and abandoning module MediaCompositingEditor (320)
[2018.01.18-13.05.48:008][ 29]LogModuleManager: Shutting down and abandoning module MediaCompositing (318)
[2018.01.18-13.05.48:008][ 29]LogModuleManager: Shutting down and abandoning module HTML5Networking (316)
[2018.01.18-13.05.48:008][ 29]LogModuleManager: Shutting down and abandoning module AlembicImporter (314)
[2018.01.18-13.05.48:008][ 29]LogModuleManager: Shutting down and abandoning module AlembicLibrary (313)
[2018.01.18-13.05.48:008][ 29]LogModuleManager: Shutting down and abandoning module GeometryCache (312)
[2018.01.18-13.05.48:008][ 29]LogModuleManager: Shutting down and abandoning module GeometryCacheEd (311)
[2018.01.18-13.05.48:008][ 29]LogModuleManager: Shutting down and abandoning module SpeedTreeImporter (306)
[2018.01.18-13.05.48:008][ 29]LogModuleManager: Shutting down and abandoning module PluginBrowser (304)
[2018.01.18-13.05.48:008][ 29]LogModuleManager: Shutting down and abandoning module MobileLauncherProfileWizard (302)
[2018.01.18-13.05.48:008][ 29]LogModuleManager: Shutting down and abandoning module VisualStudioSourceCodeAccess (300)
[2018.01.18-13.05.48:008][ 29]LogModuleManager: Shutting down and abandoning module VisualStudioCodeSourceCodeAccess (298)
[2018.01.18-13.05.48:008][ 29]LogModuleManager: Shutting down and abandoning module UObjectPlugin (296)
[2018.01.18-13.05.48:008][ 29]LogModuleManager: Shutting down and abandoning module SubversionSourceControl (294)
[2018.01.18-13.05.48:008][ 29]LogModuleManager: Shutting down and abandoning module PerforceSourceControl (292)
[2018.01.18-13.05.48:008][ 29]LogModuleManager: Shutting down and abandoning module GitSourceControl (290)
[2018.01.18-13.05.48:008][ 29]LogModuleManager: Shutting down and abandoning module SourceControl (289)
[2018.01.18-13.05.48:008][ 29]LogModuleManager: Shutting down and abandoning module LightPropagationVolumeEditor (286)
[2018.01.18-13.05.48:008][ 29]LogModuleManager: Shutting down and abandoning module PaperTiledImporter (284)
[2018.01.18-13.05.48:008][ 29]LogModuleManager: Shutting down and abandoning module PaperSpriteSheetImporter (282)
[2018.01.18-13.05.48:008][ 29]LogModuleManager: Shutting down and abandoning module Paper2DEditor (280)
[2018.01.18-13.05.48:009][ 29]LogModuleManager: Shutting down and abandoning module MeshPaint (279)
[2018.01.18-13.05.48:009][ 29]LogModuleManager: Shutting down and abandoning module LevelEditor (277)
[2018.01.18-13.05.48:010][ 29]LogModuleManager: Shutting down and abandoning module PixelInspectorModule (276)
[2018.01.18-13.05.48:010][ 29]LogModuleManager: Shutting down and abandoning module MainFrame (274)
[2018.01.18-13.05.48:010][ 29]LogModuleManager: Shutting down and abandoning module HotReload (273)
[2018.01.18-13.05.48:011][ 29]LogModuleManager: Shutting down and abandoning module RuntimePhysXCooking (268)
[2018.01.18-13.05.48:011][ 29]LogModuleManager: Shutting down and abandoning module PhysXVehiclesEditor (266)
[2018.01.18-13.05.48:011][ 29]LogModuleManager: Shutting down and abandoning module PhysXVehicles (264)
[2018.01.18-13.05.48:011][ 29]LogModuleManager: Shutting down and abandoning module OculusEditor (262)
[2018.01.18-13.05.48:011][ 29]LogModuleManager: Shutting down and abandoning module LocationServicesBPLibrary (260)
[2018.01.18-13.05.48:011][ 29]LogModuleManager: Shutting down and abandoning module ImmediatePhysicsEditor (258)
[2018.01.18-13.05.48:011][ 29]LogModuleManager: Shutting down and abandoning module ImmediatePhysics (256)
[2018.01.18-13.05.48:011][ 29]LogModuleManager: Shutting down and abandoning module UdpMessaging (254)
[2018.01.18-13.05.48:112][ 29]LogModuleManager: Shutting down and abandoning module TcpMessaging (252)
[2018.01.18-13.05.48:213][ 29]LogModuleManager: Shutting down and abandoning module GameplayTagsEditor (250)
[2018.01.18-13.05.48:213][ 29]LogModuleManager: Shutting down and abandoning module FacialAnimationEditor (248)
[2018.01.18-13.05.48:213][ 29]LogModuleManager: Shutting down and abandoning module FacialAnimation (246)
[2018.01.18-13.05.48:213][ 29]LogModuleManager: Shutting down and abandoning module AssetManagerEditor (244)
[2018.01.18-13.05.48:213][ 29]LogModuleManager: Shutting down and abandoning module GraphEditor (243)
[2018.01.18-13.05.48:213][ 29]LogModuleManager: Shutting down and abandoning module ContentBrowser (241)
[2018.01.18-13.05.48:214][ 29]LogModuleManager: Shutting down and abandoning module LightPropagationVolumeRuntime (238)
[2018.01.18-13.05.48:214][ 29]LogModuleManager: Shutting down and abandoning module Paper2D (236)
[2018.01.18-13.05.48:214][ 29]LogModuleManager: Shutting down and abandoning module WindowsMoviePlayer (234)
[2018.01.18-13.05.48:214][ 29]LogModuleManager: Shutting down and abandoning module WmfMedia (232)
[2018.01.18-13.05.48:215][ 29]LogModuleManager: Shutting down and abandoning module ImgMedia (230)
[2018.01.18-13.05.48:215][ 29]LogModuleManager: Shutting down and abandoning module PacketHandler (228)
[2018.01.18-13.05.48:215][ 29]LogModuleManager: Shutting down and abandoning module ClothingSystemEditor (226)
[2018.01.18-13.05.48:215][ 29]LogModuleManager: Shutting down and abandoning module ClothingSystemRuntime (224)
[2018.01.18-13.05.48:215][ 29]LogModuleManager: Shutting down and abandoning module MediaAssets (222)
[2018.01.18-13.05.48:215][ 29]LogModuleManager: Shutting down and abandoning module Media (221)
[2018.01.18-13.05.48:221][ 29]LogModuleManager: Shutting down and abandoning module Overlay (218)
[2018.01.18-13.05.48:221][ 29]LogModuleManager: Shutting down and abandoning module OverlayEditor (217)
[2018.01.18-13.05.48:221][ 29]LogModuleManager: Shutting down and abandoning module VREditor (214)
[2018.01.18-13.05.48:221][ 29]LogModuleManager: Shutting down and abandoning module StringTableEditor (212)
[2018.01.18-13.05.48:221][ 29]LogModuleManager: Shutting down and abandoning module GameplayTasksEditor (210)
[2018.01.18-13.05.48:221][ 29]LogModuleManager: Shutting down and abandoning module BehaviorTreeEditor (208)
[2018.01.18-13.05.48:222][ 29]LogModuleManager: Shutting down and abandoning module FunctionalTesting (206)
[2018.01.18-13.05.48:222][ 29]LogModuleManager: Shutting down and abandoning module CollisionAnalyzer (204)
[2018.01.18-13.05.48:222][ 29]LogModuleManager: Shutting down and abandoning module WorkspaceMenuStructure (203)
[2018.01.18-13.05.48:222][ 29]LogModuleManager: Shutting down and abandoning module UMG (200)
[2018.01.18-13.05.48:222][ 29]LogModuleManager: Shutting down and abandoning module UMGEditor (199)
[2018.01.18-13.05.48:222][ 29]LogModuleManager: Shutting down and abandoning module Sequencer (198)
[2018.01.18-13.05.48:222][ 29]LogModuleManager: Shutting down and abandoning module MessageLog (195)
[2018.01.18-13.05.48:222][ 29]LogModuleManager: Shutting down and abandoning module SlateReflector (190)
[2018.01.18-13.05.48:222][ 29]LogModuleManager: Shutting down and abandoning module Slate (188)
[2018.01.18-13.05.48:222][ 29]LogModuleManager: Shutting down and abandoning module EditorStyle (186)
[2018.01.18-13.05.48:226][ 29]LogModuleManager: Shutting down and abandoning module MRMesh (184)
[2018.01.18-13.05.48:226][ 29]LogModuleManager: Shutting down and abandoning module SourceCodeAccess (182)
[2018.01.18-13.05.48:226][ 29]LogModuleManager: Shutting down and abandoning module HeadMountedDisplay (180)
[2018.01.18-13.05.48:226][ 29]LogModuleManager: Shutting down and abandoning module XAudio2 (178)
[2018.01.18-13.05.48:226][ 29]LogModuleManager: Shutting down and abandoning module Networking (176)
[2018.01.18-13.05.48:226][ 29]LogModuleManager: Shutting down and abandoning module Core (172)
[2018.01.18-13.05.48:226][ 29]LogModuleManager: Shutting down and abandoning module LevelSequence (168)
[2018.01.18-13.05.48:227][ 29]LogModuleManager: Shutting down and abandoning module DirectoryWatcher (166)
[2018.01.18-13.05.48:229][ 29]LogModuleManager: Shutting down and abandoning module KismetCompiler (164)
[2018.01.18-13.05.48:229][ 29]LogModuleManager: Shutting down and abandoning module MeshUtilities (162)
[2018.01.18-13.05.48:229][ 29]LogModuleManager: Shutting down and abandoning module MeshMergeUtilities (161)
[2018.01.18-13.05.48:229][ 29]LogModuleManager: Shutting down and abandoning module MeshReductionInterface (160)
[2018.01.18-13.05.48:229][ 29]LogModuleManager: Shutting down and abandoning module SimplygonSwarm (159)
[2018.01.18-13.05.48:229][ 29]LogModuleManager: Shutting down and abandoning module SimplygonMeshReduction (157)
[2018.01.18-13.05.48:229][ 29]LogModuleManager: Shutting down and abandoning module QuadricMeshReduction (155)
[2018.01.18-13.05.48:229][ 29]LogModuleManager: Shutting down and abandoning module MaterialBaking (151)
[2018.01.18-13.05.48:229][ 29]LogModuleManager: Shutting down and abandoning module DerivedDataCache (148)
[2018.01.18-13.05.48:291][ 29]LogDerivedDataCache: Shutdown
[2018.01.18-13.05.48:291][ 29]LogModuleManager: Shutting down and abandoning module TargetPlatform (146)
[2018.01.18-13.05.48:291][ 29]LogModuleManager: Shutting down and abandoning module VulkanShaderFormat (145)
[2018.01.18-13.05.48:291][ 29]LogModuleManager: Shutting down and abandoning module ShaderFormatVectorVM (143)
[2018.01.18-13.05.48:291][ 29]LogModuleManager: Shutting down and abandoning module ShaderFormatOpenGL (141)
[2018.01.18-13.05.48:291][ 29]LogModuleManager: Shutting down and abandoning module ShaderFormatD3D (139)
[2018.01.18-13.05.48:291][ 29]LogModuleManager: Shutting down and abandoning module MetalShaderFormat (137)
[2018.01.18-13.05.48:291][ 29]LogModuleManager: Shutting down and abandoning module TextureFormatUncompressed (135)
[2018.01.18-13.05.48:291][ 29]LogModuleManager: Shutting down and abandoning module TextureFormatPVR (133)
[2018.01.18-13.05.48:291][ 29]LogModuleManager: Shutting down and abandoning module TextureFormatDXT (131)
[2018.01.18-13.05.48:291][ 29]LogModuleManager: Shutting down and abandoning module TextureFormatIntelISPCTexComp (129)
[2018.01.18-13.05.48:291][ 29]LogModuleManager: Shutting down and abandoning module TextureFormatASTC (127)
[2018.01.18-13.05.48:291][ 29]LogModuleManager: Shutting down and abandoning module ImageWrapper (126)
[2018.01.18-13.05.48:291][ 29]LogModuleManager: Shutting down and abandoning module TextureFormatAndroid (123)
[2018.01.18-13.05.48:291][ 29]LogModuleManager: Shutting down and abandoning module AudioFormatOpus (121)
[2018.01.18-13.05.48:291][ 29]LogModuleManager: Shutting down and abandoning module AudioFormatOgg (119)
[2018.01.18-13.05.48:291][ 29]LogModuleManager: Shutting down and abandoning module AudioFormatADPCM (117)
[2018.01.18-13.05.48:291][ 29]LogModuleManager: Shutting down and abandoning module LinuxTargetPlatform (115)
[2018.01.18-13.05.48:291][ 29]LogModuleManager: Shutting down and abandoning module LinuxServerTargetPlatform (113)
[2018.01.18-13.05.48:291][ 29]LogModuleManager: Shutting down and abandoning module LinuxNoEditorTargetPlatform (111)
[2018.01.18-13.05.48:291][ 29]LogModuleManager: Shutting down and abandoning module LinuxClientTargetPlatform (109)
[2018.01.18-13.05.48:291][ 29]LogModuleManager: Shutting down and abandoning module TVOSTargetPlatform (107)
[2018.01.18-13.05.48:291][ 29]LogModuleManager: Shutting down and abandoning module Messaging (105)
[2018.01.18-13.05.48:291][ 29]LogModuleManager: Shutting down and abandoning module IOSTargetPlatform (103)
[2018.01.18-13.05.48:291][ 29]LogModuleManager: Shutting down and abandoning module HTML5TargetPlatform (101)
[2018.01.18-13.05.48:291][ 29]LogModuleManager: Shutting down and abandoning module AndroidTargetPlatform (99)
[2018.01.18-13.05.48:292][ 29]LogModuleManager: Shutting down and abandoning module Android_PVRTCTargetPlatform (97)
[2018.01.18-13.05.48:292][ 29]LogModuleManager: Shutting down and abandoning module Android_MultiTargetPlatform (95)
[2018.01.18-13.05.48:292][ 29]LogModuleManager: Shutting down and abandoning module Android_ETC2TargetPlatform (93)
[2018.01.18-13.05.48:292][ 29]LogModuleManager: Shutting down and abandoning module Android_ETC1TargetPlatform (91)
[2018.01.18-13.05.48:292][ 29]LogModuleManager: Shutting down and abandoning module Android_DXTTargetPlatform (89)
[2018.01.18-13.05.48:292][ 29]LogModuleManager: Shutting down and abandoning module Android_ATCTargetPlatform (87)
[2018.01.18-13.05.48:292][ 29]LogModuleManager: Shutting down and abandoning module Android_ASTCTargetPlatform (85)
[2018.01.18-13.05.48:292][ 29]LogModuleManager: Shutting down and abandoning module WindowsTargetPlatform (83)
[2018.01.18-13.05.48:292][ 29]LogModuleManager: Shutting down and abandoning module WindowsServerTargetPlatform (81)
[2018.01.18-13.05.48:292][ 29]LogModuleManager: Shutting down and abandoning module WindowsNoEditorTargetPlatform (79)
[2018.01.18-13.05.48:292][ 29]LogModuleManager: Shutting down and abandoning module WindowsClientTargetPlatform (77)
[2018.01.18-13.05.48:292][ 29]LogModuleManager: Shutting down and abandoning module MacTargetPlatform (75)
[2018.01.18-13.05.48:292][ 29]LogModuleManager: Shutting down and abandoning module MacServerTargetPlatform (73)
[2018.01.18-13.05.48:292][ 29]LogModuleManager: Shutting down and abandoning module MacNoEditorTargetPlatform (71)
[2018.01.18-13.05.48:292][ 29]LogModuleManager: Shutting down and abandoning module MacClientTargetPlatform (69)
[2018.01.18-13.05.48:292][ 29]LogModuleManager: Shutting down and abandoning module AllDesktopTargetPlatform (67)
[2018.01.18-13.05.48:292][ 29]LogModuleManager: Shutting down and abandoning module InputCore (64)
[2018.01.18-13.05.48:292][ 29]LogModuleManager: Shutting down and abandoning module Settings (62)
[2018.01.18-13.05.48:292][ 29]LogModuleManager: Shutting down and abandoning module PhysXCooking (60)
[2018.01.18-13.05.48:292][ 29]LogModuleManager: Shutting down and abandoning module SteamVR (58)
[2018.01.18-13.05.48:292][ 29]LogModuleManager: Shutting down and abandoning module OculusHMD (56)
[2018.01.18-13.05.48:292][ 29]LogModuleManager: Shutting down and abandoning module ExampleDeviceProfileSelector (54)
[2018.01.18-13.05.48:293][ 29]LogModuleManager: Shutting down and abandoning module AppleARKit (52)
[2018.01.18-13.05.48:293][ 29]LogModuleManager: Shutting down and abandoning module AugmentedReality (51)
[2018.01.18-13.05.48:293][ 29]LogModuleManager: Shutting down and abandoning module OnlineBlueprintSupport (48)
[2018.01.18-13.05.48:293][ 29]LogModuleManager: Shutting down and abandoning module OnlineSubsystem (44)
[2018.01.18-13.05.48:293][ 29]LogModuleManager: Shutting down and abandoning module XMPP (43)
[2018.01.18-13.05.48:293][ 29]LogModuleManager: Shutting down and abandoning module HTTP (41)
[2018.01.18-13.05.48:293][ 29]LogHttp: Display: Http module shutting down, but needs to wait on 1 outstanding Http requests:
[2018.01.18-13.05.48:293][ 29]LogHttp: Display: 	verb=[POST] url=[https://datarouter.ol.epicgames.com/datarouter/api/v1/public/data?SessionID=%7B794815DE-4434-F2EC-4E2B-11A18926F6FC%7D&AppID=UEEditor.Rocket.Release&AppVersion=4.18.2-3794801%2B%2B%2BUE4%2BRelease-4.18&UserID=ab0f6ec7467c65357aa0a68f65584983%7C896c5d86c4cd4015b20f317903f9495b%7C2946f11b-8d1b-47ea-b6f1-d9c83ead4eea&AppEnvironment=datacollector-binary&UploadType=eteventstream] status=Processing
[2018.01.18-13.05.48:301][ 29]LogModuleManager: Shutting down and abandoning module SSL (40)
[2018.01.18-13.05.48:303][ 29]LogModuleManager: Shutting down and abandoning module AnimationModifiers (36)
[2018.01.18-13.05.48:303][ 29]LogModuleManager: Shutting down and abandoning module PropertyEditor (35)
[2018.01.18-13.05.48:303][ 29]LogModuleManager: Shutting down and abandoning module AudioEditor (32)
[2018.01.18-13.05.48:304][ 29]LogModuleManager: Shutting down and abandoning module TextureCompressor (30)
[2018.01.18-13.05.48:304][ 29]LogModuleManager: Shutting down and abandoning module ShaderCore (28)
[2018.01.18-13.05.48:304][ 29]LogModuleManager: Shutting down and abandoning module Landscape (26)
[2018.01.18-13.05.48:304][ 29]LogModuleManager: Shutting down and abandoning module SlateRHIRenderer (24)
[2018.01.18-13.05.48:306][ 29]LogModuleManager: Shutting down and abandoning module OpenGLDrv (22)
[2018.01.18-13.05.48:306][ 29]LogModuleManager: Shutting down and abandoning module D3D11RHI (20)
[2018.01.18-13.05.48:306][ 29]LogModuleManager: Shutting down and abandoning module AnimGraphRuntime (18)
[2018.01.18-13.05.48:306][ 29]LogModuleManager: Shutting down and abandoning module Renderer (16)
[2018.01.18-13.05.48:306][ 29]LogModuleManager: Shutting down and abandoning module Engine (14)
[2018.01.18-13.05.48:306][ 29]LogModuleManager: Shutting down and abandoning module CoreUObject (12)
[2018.01.18-13.05.48:306][ 29]LogModuleManager: Shutting down and abandoning module NetworkFile (10)
[2018.01.18-13.05.48:307][ 29]LogModuleManager: Shutting down and abandoning module CookedIterativeFile (8)
[2018.01.18-13.05.48:307][ 29]LogModuleManager: Shutting down and abandoning module StreamingFile (6)
[2018.01.18-13.05.48:307][ 29]LogModuleManager: Shutting down and abandoning module SandboxFile (4)
[2018.01.18-13.05.48:307][ 29]LogModuleManager: Shutting down and abandoning module PakFile (2)
[2018.01.18-13.05.48:311][ 29]LogExit: Exiting.
[2018.01.18-13.05.48:342][ 29]Log file closed, 01/18/18 22:05:48
