Log file open, 12/11/17 23:35:40
LogWindows: Failed to load 'aqProf.dll' (GetLastError=126)
LogWindows: File 'aqProf.dll' does not exist
LogWindows: Failed to load 'VtuneApi.dll' (GetLastError=126)
LogWindows: File 'VtuneApi.dll' does not exist
LogWindows: Failed to load 'VtuneApi32e.dll' (GetLastError=126)
LogWindows: File 'VtuneApi32e.dll' does not exist
LogInit: Display: Running engine for game: BPRPG1
LogPlatformFile: Not using cached read wrapper
LogInit: Display: RandInit(1942926298) SRandInit(1942926298).
LogTaskGraph: Started task graph with 5 named threads and 14 total threads with 3 sets of task threads.
LogStats: Stats thread started at 0.228875
LogD3D11RHI: Aftermath initialized
LogPluginManager: Mounting plugin Paper2D
LogPluginManager: Mounting plugin LightPropagationVolume
LogPluginManager: Mounting plugin CodeLiteSourceCodeAccess
LogPluginManager: Mounting plugin GitSourceControl
LogPluginManager: Mounting plugin KDevelopSourceCodeAccess
LogPluginManager: Mounting plugin NullSourceCodeAccess
LogPluginManager: Mounting plugin PerforceSourceControl
LogPluginManager: Mounting plugin SubversionSourceControl
LogPluginManager: Mounting plugin UObjectPlugin
LogPluginManager: Mounting plugin VisualStudioSourceCodeAccess
LogPluginManager: Mounting plugin XCodeSourceCodeAccess
LogPluginManager: Mounting plugin AssetManagerEditor
LogPluginManager: Mounting plugin AudioCapture
LogPluginManager: Mounting plugin FacialAnimation
LogPluginManager: Mounting plugin GameplayTagsEditor
LogPluginManager: Mounting plugin MobileLauncherProfileWizard
LogPluginManager: Mounting plugin PluginBrowser
LogPluginManager: Mounting plugin SpeedTreeImporter
LogPluginManager: Mounting plugin AlembicImporter
LogPluginManager: Mounting plugin CharacterAI
LogPluginManager: Mounting plugin HTML5Networking
LogPluginManager: Mounting plugin AndroidMedia
LogPluginManager: Mounting plugin AvfMedia
LogPluginManager: Mounting plugin MediaPlayerEditor
LogPluginManager: Mounting plugin WmfMedia
LogPluginManager: Mounting plugin TcpMessaging
LogPluginManager: Mounting plugin UdpMessaging
LogPluginManager: Mounting plugin LevelSequenceEditor
LogPluginManager: Mounting plugin MatineeToLevelSequence
LogPluginManager: Mounting plugin OnlineSubsystemGooglePlay
LogPluginManager: Mounting plugin OnlineSubsystemIOS
LogPluginManager: Mounting plugin OnlineSubsystem
LogPluginManager: Mounting plugin OnlineSubsystemNull
LogPluginManager: Mounting plugin OnlineSubsystemUtils
LogPluginManager: Mounting plugin AndroidDeviceProfileSelector
LogPluginManager: Mounting plugin AndroidMoviePlayer
LogPluginManager: Mounting plugin AndroidPermission
LogPluginManager: Mounting plugin AppleMoviePlayer
LogPluginManager: Mounting plugin ArchVisCharacter
LogPluginManager: Mounting plugin CableComponent
LogPluginManager: Mounting plugin CustomMeshComponent
LogPluginManager: Mounting plugin ExampleDeviceProfileSelector
LogPluginManager: Mounting plugin GoogleCloudMessaging
LogPluginManager: Mounting plugin ImmediatePhysics
LogPluginManager: Mounting plugin IOSDeviceProfileSelector
LogPluginManager: Mounting plugin LinuxDeviceProfileSelector
LogPluginManager: Mounting plugin LocationServicesBPLibrary
LogPluginManager: Mounting plugin MobilePatchingUtils
LogPluginManager: Mounting plugin OculusVR
LogPluginManager: Mounting plugin PhysXVehicles
LogPluginManager: Mounting plugin ProceduralMeshComponent
LogPluginManager: Mounting plugin RuntimePhysXCooking
LogPluginManager: Mounting plugin SteamVR
LogPluginManager: Mounting plugin WindowsMoviePlayer
LogInit: Using libcurl 7.47.1
LogInit:  - built for x86_64-pc-win32
LogInit:  - supports SSL with OpenSSL/1.0.2g
LogInit:  - supports HTTP deflate (compression) using libz 1.2.8
LogInit:  - other features:
LogInit:      CURL_VERSION_SSL
LogInit:      CURL_VERSION_LIBZ
LogInit:      CURL_VERSION_IPV6
LogInit:      CURL_VERSION_ASYNCHDNS
LogInit:      CURL_VERSION_LARGEFILE
LogInit:      CURL_VERSION_IDN
LogInit:  CurlRequestOptions (configurable via config and command line):
LogInit:  - bVerifyPeer = false  - Libcurl will NOT verify peer certificate
LogInit:  - bUseHttpProxy = false  - Libcurl will NOT use HTTP proxy
LogInit:  - bDontReuseConnections = false  - Libcurl will reuse connections
LogInit:  - CertBundlePath = nullptr  - Libcurl will use whatever was configured at build time.
LogInit: Build: ++UE4+Release-4.17-CL-3658906
LogInit: Engine Version: 4.17.2-3658906+++UE4+Release-4.17
LogInit: Compatible Engine Version: 4.17.0-3573198+++UE4+Release-4.17
LogInit: Net CL: 3573198
LogDevObjectVersion: Number of dev versions registered: 16
LogDevObjectVersion:   Dev-Blueprints (B0D832E4-1F89-4F0D-ACCF-7EB736FD4AA2): 10
LogDevObjectVersion:   Dev-Build (E1C64328-A22C-4D53-A36C-8E866417BD8C): 0
LogDevObjectVersion:   Dev-Core (375EC13C-06E4-48FB-B500-84F0262A717E): 2
LogDevObjectVersion:   Dev-Editor (E4B068ED-F494-42E9-A231-DA0B2E46BB41): 20
LogDevObjectVersion:   Dev-Framework (CFFC743F-43B0-4480-9391-14DF171D2073): 28
LogDevObjectVersion:   Dev-Mobile (B02B49B5-BB20-44E9-A304-32B752E40360): 0
LogDevObjectVersion:   Dev-Networking (A4E4105C-59A1-49B5-A7C5-40C4547EDFEE): 0
LogDevObjectVersion:   Dev-Online (39C831C9-5AE6-47DC-9A44-9C173E1C8E7C): 0
LogDevObjectVersion:   Dev-Physics (78F01B33-EBEA-4F98-B9B4-84EACCB95AA2): 0
LogDevObjectVersion:   Dev-Platform (6631380F-2D4D-43E0-8009-CF276956A95A): 0
LogDevObjectVersion:   Dev-Rendering (12F88B9F-8875-4AFC-A67C-D90C383ABD29): 19
LogDevObjectVersion:   Dev-Sequencer (7B5AE74C-D270-4C10-A958-57980B212A5A): 4
LogDevObjectVersion:   Dev-VR (D7296918-1DD6-4BDD-9DE2-64A83CC13884): 0
LogDevObjectVersion:   Dev-LoadTimes (C2A15278-BFE7-4AFE-6C17-90FF531DF755): 1
LogDevObjectVersion:   Private-Geometry (6EACA3D4-40EC-4CC1-B786-8BED09428FC5): 1
LogDevObjectVersion:   Dev-AnimPhys (29E575DD-E0A3-4627-9D10-D276232CDCEA): 7
LogInit: Compiled (64-bit): Sep 22 2017 13:47:16
LogInit: Compiled with Visual C++: 19.00.24215.01
LogInit: Build Configuration: Development
LogInit: Branch Name: ++UE4+Release-4.17
LogInit: Command line: -EpicPortal 
LogInit: Base directory: C:/Program Files/Epic Games/UE_4.17/Engine/Binaries/Win64/
LogInit: Installed Engine Build: 1
LogInit: Presizing for max 8388607 objects, including 0 objects not considered by GC, pre-allocating 0 bytes for permanent pool.
LogInit: Object subsystem initialized
[2017.12.11-14.35.43:610][  0]LogInit: Selected Device Profile: [Windows]
[2017.12.11-14.35.43:611][  0]LogInit: Applying CVar settings loaded from the selected device profile: [Windows]
[2017.12.11-14.35.43:622][  0]LogInit: Computer: JYD
[2017.12.11-14.35.43:622][  0]LogInit: User: mapl0
[2017.12.11-14.35.43:622][  0]LogInit: CPU Page size=4096, Cores=4
[2017.12.11-14.35.43:622][  0]LogInit: High frequency timer resolution =2.531250 MHz
[2017.12.11-14.35.43:622][  0]LogMemory: Memory total: Physical=15.9GB (16GB approx)
[2017.12.11-14.35.43:622][  0]LogMemory: Platform Memory Stats for Windows
[2017.12.11-14.35.43:622][  0]LogMemory: Process Physical Memory: 279.68 MB used, 279.68 MB peak
[2017.12.11-14.35.43:622][  0]LogMemory: Process Virtual Memory: 274.76 MB used, 274.76 MB peak
[2017.12.11-14.35.43:622][  0]LogMemory: Physical Memory: 9755.11 MB used,  6501.85 MB free, 16256.95 MB total
[2017.12.11-14.35.43:622][  0]LogMemory: Virtual Memory: 672.02 MB used,  6501.85 MB free, 134217728.00 MB total
[2017.12.11-14.35.43:964][  0]LogInit: Using OS detected language (ko-KR).
[2017.12.11-14.35.43:964][  0]LogInit: Using OS detected locale (ko-KR).
[2017.12.11-14.35.43:967][  0]LogTextLocalizationManager: No specific localization for 'ko-KR' exists, so the 'ko' localization will be used.
[2017.12.11-14.35.44:585][  0]LogD3D11RHI: D3D11 adapters:
[2017.12.11-14.35.44:650][  0]LogD3D11RHI:    0. 'NVIDIA GeForce GTX 960M' (Feature Level 11_0)
[2017.12.11-14.35.44:651][  0]LogD3D11RHI:       4065/0/8128 MB DedicatedVideo/DedicatedSystem/SharedSystem, Outputs:2, VendorId:0x10de
[2017.12.11-14.35.44:659][  0]LogD3D11RHI:    1. 'Intel(R) HD Graphics 530' (Feature Level 11_0)
[2017.12.11-14.35.44:659][  0]LogD3D11RHI:       128/0/8128 MB DedicatedVideo/DedicatedSystem/SharedSystem, Outputs:0, VendorId:0x8086
[2017.12.11-14.35.44:662][  0]LogD3D11RHI:    2. 'Microsoft Basic Render Driver' (Feature Level 11_0)
[2017.12.11-14.35.44:662][  0]LogD3D11RHI:       0/0/8128 MB DedicatedVideo/DedicatedSystem/SharedSystem, Outputs:0, VendorId:0x1414
[2017.12.11-14.35.44:663][  0]LogD3D11RHI: Chosen D3D11 Adapter: 0
[2017.12.11-14.35.44:670][  0]LogD3D11RHI: Creating new Direct3DDevice
[2017.12.11-14.35.44:670][  0]LogD3D11RHI:     GPU DeviceId: 0x139b (for the marketing name, search the web for "GPU Device Id")
[2017.12.11-14.35.44:670][  0]LogWindows: EnumDisplayDevices:
[2017.12.11-14.35.44:670][  0]LogWindows:    0. 'Intel(R) HD Graphics 530' (P:1 D:1)
[2017.12.11-14.35.44:671][  0]LogWindows:    1. 'Intel(R) HD Graphics 530' (P:0 D:1)
[2017.12.11-14.35.44:671][  0]LogWindows:    2. 'Intel(R) HD Graphics 530' (P:0 D:0)
[2017.12.11-14.35.44:671][  0]LogWindows: DebugString: PrimaryIsNotTheChoosenAdapter PrimaryIsNotTheChoosenAdapter PrimaryIsNotTheChoosenAdapter FoundDriverCount:0 
[2017.12.11-14.35.44:671][  0]LogD3D11RHI:     Adapter Name: NVIDIA GeForce GTX 960M
[2017.12.11-14.35.44:671][  0]LogD3D11RHI:   Driver Version: Unknown (internal:Unknown, unified:Unknown)
[2017.12.11-14.35.44:671][  0]LogD3D11RHI:      Driver Date: Unknown
[2017.12.11-14.35.44:671][  0]LogRHI: Texture pool is 1361 MB (70% of 1945 MB)
[2017.12.11-14.35.44:707][  0]LogD3D11RHI: Async texture creation enabled
[2017.12.11-14.35.44:817][  0]LogD3D11RHI: GPU Timing Frequency: 1000.000000 (Debug: 2 1)
[2017.12.11-14.35.44:818][  0]LogShaderCompilers: Guid format shader working directory is 20 characters bigger than the processId version (D:/Project/Unreal4/BPRPG1/Intermediate/Shaders/WorkingDirectory/19080/).
[2017.12.11-14.35.44:818][  0]LogShaderCompilers: Cleaned the shader compiler working directory 'C:/Users/mapl0/AppData/Local/Temp/UnrealShaderWorkingDir/4786B31D4DF15D187F7C88B7963E47F5/'.
[2017.12.11-14.35.44:818][  0]LogShaderCompilers: Display: Using Local Shader Compiler.
[2017.12.11-14.35.46:425][  0]LogTemp: Display: Loaded TP AllDesktopTargetPlatform
[2017.12.11-14.35.46:510][  0]LogTemp: Display: Loaded TP MacClientTargetPlatform
[2017.12.11-14.35.46:603][  0]LogTemp: Display: Loaded TP MacNoEditorTargetPlatform
[2017.12.11-14.35.46:700][  0]LogTemp: Display: Loaded TP MacServerTargetPlatform
[2017.12.11-14.35.46:795][  0]LogTemp: Display: Loaded TP MacTargetPlatform
[2017.12.11-14.35.46:880][  0]LogTemp: Display: Loaded TP WindowsClientTargetPlatform
[2017.12.11-14.35.46:968][  0]LogTemp: Display: Loaded TP WindowsNoEditorTargetPlatform
[2017.12.11-14.35.47:070][  0]LogTemp: Display: Loaded TP WindowsServerTargetPlatform
[2017.12.11-14.35.47:156][  0]LogTemp: Display: Loaded TP WindowsTargetPlatform
[2017.12.11-14.35.47:251][  0]LogTemp: Display: Loaded TP AndroidTargetPlatform
[2017.12.11-14.35.47:342][  0]LogTemp: Display: Loaded TP Android_ASTCTargetPlatform
[2017.12.11-14.35.47:437][  0]LogTemp: Display: Loaded TP Android_ATCTargetPlatform
[2017.12.11-14.35.47:534][  0]LogTemp: Display: Loaded TP Android_DXTTargetPlatform
[2017.12.11-14.35.47:621][  0]LogTemp: Display: Loaded TP Android_ETC1TargetPlatform
[2017.12.11-14.35.47:713][  0]LogTemp: Display: Loaded TP Android_ETC2TargetPlatform
[2017.12.11-14.35.47:887][  0]LogTemp: Display: Loaded TP Android_MultiTargetPlatform
[2017.12.11-14.35.47:887][  0]LogTemp: Display: Loaded TP Android_PVRTCTargetPlatform
[2017.12.11-14.35.47:967][  0]LogTemp: Display: Loaded TP HTML5TargetPlatform
[2017.12.11-14.35.48:115][  0]LogTemp: Display: Loaded TP IOSTargetPlatform
[2017.12.11-14.35.48:174][  0]LogTemp: Display: Loaded TP TVOSTargetPlatform
[2017.12.11-14.35.48:265][  0]LogTemp: Display: Loaded TP LinuxClientTargetPlatform
[2017.12.11-14.35.48:352][  0]LogTemp: Display: Loaded TP LinuxNoEditorTargetPlatform
[2017.12.11-14.35.48:447][  0]LogTemp: Display: Loaded TP LinuxServerTargetPlatform
[2017.12.11-14.35.48:535][  0]LogTemp: Display: Loaded TP LinuxTargetPlatform
[2017.12.11-14.35.48:535][  0]LogTargetPlatformManager: Display: Building Assets For Windows
[2017.12.11-14.35.49:471][  0]LogDerivedDataCache: Display: Max Cache Size: 512 MB
[2017.12.11-14.35.49:619][  0]LogDerivedDataCache: Loaded boot cache 0.15s 93MB C:/Users/mapl0/AppData/Local/UnrealEngine/4.17/DerivedDataCache/Boot.ddc.
[2017.12.11-14.35.49:619][  0]LogDerivedDataCache: Display: Loaded Boot cache: C:/Users/mapl0/AppData/Local/UnrealEngine/4.17/DerivedDataCache/Boot.ddc
[2017.12.11-14.35.49:619][  0]LogDerivedDataCache: FDerivedDataBackendGraph:  Pak pak cache file D:/Project/Unreal4/BPRPG1/DerivedDataCache/DDC.ddp not found, will not use a pak cache.
[2017.12.11-14.35.49:619][  0]LogDerivedDataCache: Unable to find inner node Pak for hierarchical cache Hierarchy.
[2017.12.11-14.35.49:619][  0]LogDerivedDataCache: FDerivedDataBackendGraph:  CompressedPak pak cache file D:/Project/Unreal4/BPRPG1/DerivedDataCache/Compressed.ddp not found, will not use a pak cache.
[2017.12.11-14.35.49:619][  0]LogDerivedDataCache: Unable to find inner node CompressedPak for hierarchical cache Hierarchy.
[2017.12.11-14.35.49:640][  0]LogDerivedDataCache: Display: Pak cache opened for reading ../../../Engine/DerivedDataCache/Compressed.ddp.
[2017.12.11-14.35.49:652][  0]LogDerivedDataCache: Using Local data cache path C:/Users/mapl0/AppData/Local/UnrealEngine/Common/DerivedDataCache: Writable
[2017.12.11-14.35.49:667][  0]LogMaterial: Verifying Global Shaders for PCD3D_SM5
[2017.12.11-14.35.49:668][  0]LogSlate: Using Freetype 2.6.0
[2017.12.11-14.35.49:668][  0]LogSlate: SlateFontCache - WITH_FREETYPE: 1, WITH_HARFBUZZ: 1
[2017.12.11-14.35.49:668][  0]LogSlate: SlateFontCache - WITH_FREETYPE: 1, WITH_HARFBUZZ: 1
[2017.12.11-14.35.50:044][  0]LogAssetRegistry: FAssetRegistry took 0.0260 seconds to start up
[2017.12.11-14.35.50:227][  0]LogInit: Selected Device Profile: [Windows]
[2017.12.11-14.35.51:266][  0]LogSimplygon: Simplygon DLL not present - disabling.
[2017.12.11-14.35.51:351][  0]LogMeshReduction: Using SimplygonSwarm for distributed automatic mesh merging
[2017.12.11-14.35.51:351][  0]LogMeshReduction: Using QuadricMeshReduction for automatic static mesh reduction
[2017.12.11-14.35.51:351][  0]LogMeshReduction: No automatic skeletal mesh reduction module available
[2017.12.11-14.35.51:351][  0]LogMeshReduction: No automatic mesh merging module available
[2017.12.11-14.35.51:351][  0]LogMeshMerging: No automatic mesh merging module available
[2017.12.11-14.35.51:352][  0]LogContentStreaming: Texture pool size is 0.00 MB
[2017.12.11-14.35.52:010][  0]LogNetVersion: BPRPG1 , NetCL: 3573198, EngineNetVer: 2, GameNetVer: 0 (Checksum: 387514229)
[2017.12.11-14.35.52:965][  0]LogPackageLocalizationCache: Processed 5 localized package path(s) for 2 prioritized culture(s) in 0.613167 seconds
[2017.12.11-14.35.52:974][  0]LogUObjectArray: 35825 objects as part of root set at end of initial load.
[2017.12.11-14.35.52:974][  0]LogUObjectAllocator: 7529104 out of 0 bytes used by permanent object pool.
[2017.12.11-14.35.52:974][  0]LogUObjectArray: CloseDisregardForGC: 0/0 objects in disregard for GC pool
[2017.12.11-14.35.53:112][  0]LogInit: WinSock: version 1.1 (2.2), MaxSocks=32767, MaxUdp=65467
[2017.12.11-14.35.57:451][  0]LogTcpMessaging: Initializing TcpMessaging bridge
[2017.12.11-14.35.57:526][  0]LogUdpMessaging: Initializing bridge on interface 0.0.0.0:0 to multicast group 230.0.0.1:6666.
[2017.12.11-14.35.58:650][  0]LogMaterial: Uniform references updated for custom material expression Custom.
[2017.12.11-14.35.59:681][  0]SourceControl: 소스 콘트롤이 꺼졌습니다.
[2017.12.11-14.35.59:681][  0]SourceControl: 소스 콘트롤이 꺼졌습니다.
[2017.12.11-14.35.59:780][  0]SourceControl: 소스 콘트롤이 꺼졌습니다.
[2017.12.11-14.35.59:871][  0]SourceControl: 소스 콘트롤이 꺼졌습니다.
[2017.12.11-14.36.00:999][  0]LogAndroidPermission: UAndroidPermissionCallbackProxy::GetInstance
[2017.12.11-14.36.01:476][  0]LogOcInput: OculusInput pre-init called
[2017.12.11-14.36.01:948][  0]LogEngine: Initializing Engine...
[2017.12.11-14.36.01:950][  0]LogHMD: Failed to initialize OpenVR with code 110
[2017.12.11-14.36.02:292][  0]LogStats: UGameplayTagsManager::ConstructGameplayTagTree: Construct from data asset -  0.000 s
[2017.12.11-14.36.02:292][  0]LogStats: UGameplayTagsManager::ConstructGameplayTagTree: GameplayTagTreeChangedEvent.Broadcast -  0.000 s
[2017.12.11-14.36.02:551][  0]LogAIModule: Creating AISystem for world Untitled
[2017.12.11-14.36.02:579][  0]LogInit: XAudio2 using '스피커 / 헤드폰(Realtek High Definition Audio)' : 2 channels at 48 kHz using 32 bits per sample (channel mask 0x3)
[2017.12.11-14.36.02:617][  0]LogInit: FAudioDevice initialized.
[2017.12.11-14.36.02:693][  0]LogDerivedDataCache: Saved boot cache 0.07s 93MB C:/Users/mapl0/AppData/Local/UnrealEngine/4.17/DerivedDataCache/Boot.ddc.
[2017.12.11-14.36.02:716][  0]LogInit: Texture streaming: Enabled
[2017.12.11-14.36.02:968][  0]LogEngineSessionManager: EngineSessionManager initialized
[2017.12.11-14.36.03:442][  0]LogInit: Transaction tracking system initialized
[2017.12.11-14.36.04:034][  0]BlueprintLog: New page: 에디터 로드
[2017.12.11-14.36.05:833][  0]LocalizationService: 현지화 서비스가 비활성화되었습니다.
[2017.12.11-14.36.07:326][  0]LogConsoleResponse: Display: 
[2017.12.11-14.36.07:595][  0]LogCook: Display: Max memory allowance for cook 16384mb min free memory 0mb
[2017.12.11-14.36.07:596][  0]LogCook: Display: Mobile HDR setting 1
[2017.12.11-14.36.07:596][  0]LogGameplayTags: Display: UGameplayTagsManager::DoneAddingNativeTags. DelegateIsBound: 0
[2017.12.11-14.36.08:121][  0]LogFileCache: Scanning file cache for directory 'D:/Project/Unreal4/BPRPG1/Content/' took 0.01s
[2017.12.11-14.36.09:662][  0]SourceControl: 소스 콘트롤이 꺼졌습니다.
[2017.12.11-14.36.09:663][  0]Cmd: MAP LOAD FILE="D:/Project/Unreal4/BPRPG1/Content/ThirdPersonBP/Maps/ThirdPersonExampleMap.umap" TEMPLATE=0 SHOWPROGRESS=1 FEATURELEVEL=3
[2017.12.11-14.36.09:663][  0]LightingResults: New page: 라이팅 빌드
[2017.12.11-14.36.09:763][  0]MapCheck: New page: 맵 체크
[2017.12.11-14.36.09:763][  0]LightingResults: New page: 라이팅 빌드
[2017.12.11-14.36.12:097][  0]LogAIModule: Creating AISystem for world ThirdPersonExampleMap
[2017.12.11-14.36.12:154][  0]LogEditorServer: Finished looking for orphan Actors (0.000 secs)
[2017.12.11-14.36.12:187][  0]Cmd: MAP CHECKDEP NOCLEARLOG
[2017.12.11-14.36.12:264][  0]MapCheck: 맵 체크 완료: 오류 0 회, 경고 0 회, 소요 시간 75.92ms.
[2017.12.11-14.36.12:264][  0]LogFileHelpers: Loading map 'ThirdPersonExampleMap' took 2.601
[2017.12.11-14.36.12:363][  0]LogWindowsTextInputMethodSystem: Display: IME system now activated using TSF (Microsoft 입력기).
[2017.12.11-14.36.12:610][  0]LogCollectionManager: Loaded 0 collections in 0.001769 seconds
[2017.12.11-14.36.12:817][  0]LogFileCache: Scanning file cache for directory 'D:/Project/Unreal4/BPRPG1/Saved/Collections/' took 0.01s
[2017.12.11-14.36.12:817][  0]LogFileCache: Scanning file cache for directory 'D:/Project/Unreal4/BPRPG1/Content/Developers/mapl0/Collections/' took 0.01s
[2017.12.11-14.36.12:817][  0]LogFileCache: Scanning file cache for directory 'D:/Project/Unreal4/BPRPG1/Content/Collections/' took 0.01s
[2017.12.11-14.36.12:817][  0]LogCollectionManager: Rebuilt the GUID cache for 0 collections in 0.000001 seconds
[2017.12.11-14.36.12:831][  0]LogContentBrowser: Native class hierarchy populated in 0.0118 seconds. Added 2386 classes and 500 folders.
[2017.12.11-14.36.12:953][  0]LogContentBrowser: Native class hierarchy updated for 'WidgetCarousel' in 0.0016 seconds. Added 0 classes and 0 folders.
[2017.12.11-14.36.13:007][  0]LogContentBrowser: Native class hierarchy updated for 'AddContentDialog' in 0.0010 seconds. Added 0 classes and 0 folders.
[2017.12.11-14.36.13:116][  0]LogContentBrowser: Native class hierarchy updated for 'SceneOutliner' in 0.0013 seconds. Added 1 classes and 2 folders.
[2017.12.11-14.36.13:178][  0]LogSlate: Took 0.000264 seconds to synchronously load lazily loaded font '../../../Engine/Content/Slate/Fonts/Roboto-Regular.ttf' (155K)
[2017.12.11-14.36.13:186][  0]LogSlate: Took 0.004873 seconds to synchronously load lazily loaded font '../../../Engine/Content/Slate/Fonts/NanumGothic.ttf' (4243K)
[2017.12.11-14.36.13:188][  0]LogSlate: Took 0.000375 seconds to synchronously load lazily loaded font '../../../Engine/Content/Slate/Fonts/Roboto-Bold.ttf' (160K)
[2017.12.11-14.36.13:212][  0]LogSlate: Took 0.012904 seconds to synchronously load lazily loaded font '../../../Engine/Content/Editor/Slate/Fonts/FontAwesome.ttf' (139K)
[2017.12.11-14.36.13:594][  0]LogRenderer: Reallocating scene render targets to support 1208x836 Format 10 NumSamples 1 (Frame:1).
[2017.12.11-14.36.13:964][  0]LogContentBrowser: Native class hierarchy updated for 'HierarchicalLODOutliner' in 0.0009 seconds. Added 1 classes and 2 folders.
[2017.12.11-14.36.13:965][  0]LogLoad: (Engine Initialization) Total time: 34.99 seconds
[2017.12.11-14.36.13:965][  0]LogLoad: (Engine Initialization) Total Blueprint compile time: 0.00 seconds
[2017.12.11-14.36.13:965][  0]LogExternalProfiler: Found external profiler: VSPerf
[2017.12.11-14.36.13:965][  0]LogExternalProfiler: Using external profiler: VSPerf
[2017.12.11-14.36.14:016][  0]LogContentStreaming: Texture pool size now 1000 MB
[2017.12.11-14.36.14:161][  2]LogAssetRegistry: Asset discovery search completed in 24.1383 seconds
[2017.12.11-14.36.14:164][  2]LogCollectionManager: Rebuilt the object cache for 0 collections in 0.000001 seconds (found 0 objects)
[2017.12.11-14.36.14:164][  2]LogCollectionManager: Fixed up redirectors for 0 collections in 0.000079 seconds (updated 0 objects)
[2017.12.11-14.37.13:157][282]LogSlate: Took 0.000550 seconds to synchronously load lazily loaded font '../../../Engine/Content/Slate/Fonts/Roboto-Light.ttf' (159K)
[2017.12.11-14.39.13:107][234]LogTemp: Repeating last play command: 선택된 뷰포트
[2017.12.11-14.39.13:182][234]LogBlueprintUserMessages: Early PlayInEditor Detection: Level '/Game/ThirdPersonBP/Maps/ThirdPersonExampleMap.ThirdPersonExampleMap:PersistentLevel' has LevelScriptBlueprint '/Game/ThirdPersonBP/Maps/ThirdPersonExampleMap.ThirdPersonExampleMap:PersistentLevel.ThirdPersonExampleMap' with GeneratedClass '/Game/ThirdPersonBP/Maps/ThirdPersonExampleMap.ThirdPersonExampleMap_C' with ClassGeneratedBy '/Game/ThirdPersonBP/Maps/ThirdPersonExampleMap.ThirdPersonExampleMap:PersistentLevel.ThirdPersonExampleMap'
[2017.12.11-14.39.13:182][234]LogPlayLevel: PlayLevel: No blueprints needed recompiling
[2017.12.11-14.39.13:185][234]PIE: New page: PIE 세션: ThirdPersonExampleMap (2017. 12. 12. 오전 8:39:13)
[2017.12.11-14.39.13:186][234]LogPlayLevel: Creating play world package: /Game/ThirdPersonBP/Maps/UEDPIE_0_ThirdPersonExampleMap
[2017.12.11-14.39.13:214][234]LogPlayLevel: PIE: StaticDuplicateObject took: (0.027963s)
[2017.12.11-14.39.13:216][234]LogAIModule: Creating AISystem for world ThirdPersonExampleMap
[2017.12.11-14.39.13:217][234]LogPlayLevel: PIE: World Init took: (0.002520s)
[2017.12.11-14.39.13:217][234]LogPlayLevel: PIE: Created PIE world by copying editor world from /Game/ThirdPersonBP/Maps/ThirdPersonExampleMap.ThirdPersonExampleMap to /Game/ThirdPersonBP/Maps/UEDPIE_0_ThirdPersonExampleMap.ThirdPersonExampleMap (0.030990s)
[2017.12.11-14.39.13:244][234]LogInit: XAudio2 using '스피커 / 헤드폰(Realtek High Definition Audio)' : 2 channels at 48 kHz using 32 bits per sample (channel mask 0x3)
[2017.12.11-14.39.13:274][234]LogInit: FAudioDevice initialized.
[2017.12.11-14.39.13:336][234]LogLoad: Game class is 'ThirdPersonGameMode_C'
[2017.12.11-14.39.13:344][234]LogWorld: Bringing World /Game/ThirdPersonBP/Maps/UEDPIE_0_ThirdPersonExampleMap.ThirdPersonExampleMap up for play (max tick rate 60) at 2017.12.11-23.39.13
[2017.12.11-14.39.13:345][234]LogWorld: Bringing up level for play took: 0.003421
[2017.12.11-14.39.13:425][234]LogContentBrowser: Native class hierarchy updated for 'MovieSceneCapture' in 0.0008 seconds. Added 11 classes and 0 folders.
[2017.12.11-14.39.13:426][234]PIE: /Game/ThirdPersonBP/Maps/UEDPIE_0_ThirdPersonExampleMap 에 대한 에디터에서 플레이 시작 시간: 0.731
[2017.12.11-14.39.13:426][234]LogBlueprintUserMessages: Late PlayInEditor Detection: Level '/Game/ThirdPersonBP/Maps/ThirdPersonExampleMap.ThirdPersonExampleMap:PersistentLevel' has LevelScriptBlueprint '/Game/ThirdPersonBP/Maps/ThirdPersonExampleMap.ThirdPersonExampleMap:PersistentLevel.ThirdPersonExampleMap' with GeneratedClass '/Game/ThirdPersonBP/Maps/ThirdPersonExampleMap.ThirdPersonExampleMap_C' with ClassGeneratedBy '/Game/ThirdPersonBP/Maps/ThirdPersonExampleMap.ThirdPersonExampleMap:PersistentLevel.ThirdPersonExampleMap'
[2017.12.11-14.39.46:442][209]LogBlueprintUserMessages: Early EndPlayMap Detection: Level '/Game/ThirdPersonBP/Maps/ThirdPersonExampleMap.ThirdPersonExampleMap:PersistentLevel' has LevelScriptBlueprint '/Game/ThirdPersonBP/Maps/ThirdPersonExampleMap.ThirdPersonExampleMap:PersistentLevel.ThirdPersonExampleMap' with GeneratedClass '/Game/ThirdPersonBP/Maps/ThirdPersonExampleMap.ThirdPersonExampleMap_C' with ClassGeneratedBy '/Game/ThirdPersonBP/Maps/ThirdPersonExampleMap.ThirdPersonExampleMap:PersistentLevel.ThirdPersonExampleMap'
[2017.12.11-14.39.46:483][209]LogBlueprintUserMessages: Late EndPlayMap Detection: Level '/Game/ThirdPersonBP/Maps/ThirdPersonExampleMap.ThirdPersonExampleMap:PersistentLevel' has LevelScriptBlueprint '/Game/ThirdPersonBP/Maps/ThirdPersonExampleMap.ThirdPersonExampleMap:PersistentLevel.ThirdPersonExampleMap' with GeneratedClass '/Game/ThirdPersonBP/Maps/ThirdPersonExampleMap.ThirdPersonExampleMap_C' with ClassGeneratedBy '/Game/ThirdPersonBP/Maps/ThirdPersonExampleMap.ThirdPersonExampleMap:PersistentLevel.ThirdPersonExampleMap'
[2017.12.11-14.40.25:232][430]LogSlate: Took 0.000144 seconds to synchronously load lazily loaded font '../../../Engine/Content/Slate/Fonts/Roboto-Light.ttf' (159K)
[2017.12.11-14.40.25:363][430]LogSavePackage: Save=79.45ms
[2017.12.11-14.40.25:363][430]LogSavePackage: Moving 'D:/Project/Unreal4/BPRPG1/Saved/UEDPCThirdPersonExampleMapCC7F33BF4C2F136C0F8C2FA2F3C8B061.tmp' to 'D:/Project/Unreal4/BPRPG1/Saved/Autosaves/Game/ThirdPersonBP/Maps/UEDPCThirdPersonExampleMap.umap'
[2017.12.11-14.40.25:693][430]LogSavePackage: Display: Finished SavePackage D:/Project/Unreal4/BPRPG1/Saved/Autosaves/Game/ThirdPersonBP/Maps/UEDPCThirdPersonExampleMap.umap
[2017.12.11-14.40.25:766][430]LogEditorTransaction: Undo 여기에서 스폰 플레이 시작
[2017.12.11-14.40.43:029][976]LogTemp: Repeating last play command: 모바일 프리뷰 ES2 (PIE)
[2017.12.11-14.40.43:283][976]LogSavePackage: Save=88.97ms
[2017.12.11-14.40.43:283][976]LogSavePackage: Moving 'D:/Project/Unreal4/BPRPG1/Saved/UEDPCThirdPersonExampleMapF4FE6A664593519D6764A3A3DBD2CC65.tmp' to 'D:/Project/Unreal4/BPRPG1/Saved/Autosaves/Game/ThirdPersonBP/Maps/UEDPCThirdPersonExampleMap.umap'
[2017.12.11-14.40.43:284][976]LogSavePackage: Display: Finished SavePackage D:/Project/Unreal4/BPRPG1/Saved/Autosaves/Game/ThirdPersonBP/Maps/UEDPCThirdPersonExampleMap.umap
[2017.12.11-14.40.43:292][976]LogEditorTransaction: Undo 여기에서 스폰 플레이 시작
[2017.12.11-14.41.06:570][998]LogTemp: Repeating last play command: 모바일 프리뷰 ES2 (PIE)
[2017.12.11-14.41.06:887][998]LogSavePackage: Save=95.26ms
[2017.12.11-14.41.06:887][998]LogSavePackage: Moving 'D:/Project/Unreal4/BPRPG1/Saved/UEDPCThirdPersonExampleMapD0331C424FF70562D9527AA646EAD8B9.tmp' to 'D:/Project/Unreal4/BPRPG1/Saved/Autosaves/Game/ThirdPersonBP/Maps/UEDPCThirdPersonExampleMap.umap'
[2017.12.11-14.41.06:888][998]LogSavePackage: Display: Finished SavePackage D:/Project/Unreal4/BPRPG1/Saved/Autosaves/Game/ThirdPersonBP/Maps/UEDPCThirdPersonExampleMap.umap
[2017.12.11-14.41.06:896][998]LogEditorTransaction: Undo 여기에서 스폰 플레이 시작
[2017.12.11-14.41.32:897][460]LogEditorViewport: Clicking on Actor (LMB): StaticMeshActor (Floor)
[2017.12.11-15.28.56:801][ 55]Cmd: QUIT_EDITOR
[2017.12.11-15.28.57:747][ 55]LogWindowsTextInputMethodSystem: Display: IME system now activated using TSF (Microsoft 입력기).
[2017.12.11-15.28.57:771][ 55]LogExit: Preparing to exit.
[2017.12.11-15.28.59:075][ 55]LogExit: Editor shut down
[2017.12.11-15.28.59:119][ 55]LogExit: Transaction tracking system shut down
[2017.12.11-15.28.59:290][ 55]LogDirectoryWatcher: A directory notification for '../../../Engine/Content/' was aborted.
[2017.12.11-15.28.59:290][ 55]LogDirectoryWatcher: A directory notification for 'D:/Project/Unreal4/BPRPG1/Content/' was aborted.
[2017.12.11-15.28.59:290][ 55]LogDirectoryWatcher: A directory notification for '../../../Engine/Plugins/2D/Paper2D/Content/' was aborted.
[2017.12.11-15.28.59:290][ 55]LogDirectoryWatcher: A directory notification for '../../../Engine/Plugins/Runtime/Oculus/OculusVR/Content/' was aborted.
[2017.12.11-15.28.59:290][ 55]LogDirectoryWatcher: A directory notification for '../../../Engine/Plugins/Runtime/Steam/SteamVR/Content/' was aborted.
[2017.12.11-15.28.59:461][ 55]LogExit: Object subsystem successfully closed.
[2017.12.11-15.28.59:504][ 55]LogD3D11RHI: Shutdown
[2017.12.11-15.28.59:504][ 55]LogD3D11RHI: CleanupD3DDevice
[2017.12.11-15.28.59:704][ 55]LogD3D11RHI: ~FD3D11DynamicRHI
[2017.12.11-15.28.59:757][ 55]LogModuleManager: Shutting down and abandoning module MovieSceneCapture (532)
[2017.12.11-15.28.59:757][ 55]LogModuleManager: Shutting down and abandoning module HierarchicalLODOutliner (530)
[2017.12.11-15.28.59:757][ 55]LogModuleManager: Shutting down and abandoning module SceneOutliner (528)
[2017.12.11-15.28.59:757][ 55]LogModuleManager: Shutting down and abandoning module AddContentDialog (526)
[2017.12.11-15.28.59:758][ 55]LogDirectoryWatcher: A directory notification for 'C:/Program Files/Epic Games/UE_4.17/FeaturePacks/' was aborted.
[2017.12.11-15.28.59:768][ 55]LogModuleManager: Shutting down and abandoning module WidgetCarousel (525)
[2017.12.11-15.28.59:768][ 55]LogModuleManager: Shutting down and abandoning module EditorWidgets (522)
[2017.12.11-15.28.59:768][ 55]LogModuleManager: Shutting down and abandoning module CollectionManager (520)
[2017.12.11-15.28.59:769][ 55]LogDirectoryWatcher: A directory notification for 'D:/Project/Unreal4/BPRPG1/Content/Collections/' was aborted.
[2017.12.11-15.28.59:769][ 55]LogDirectoryWatcher: A directory notification for 'D:/Project/Unreal4/BPRPG1/Content/Developers/mapl0/Collections/' was aborted.
[2017.12.11-15.28.59:769][ 55]LogDirectoryWatcher: A directory notification for 'D:/Project/Unreal4/BPRPG1/Saved/Collections/' was aborted.
[2017.12.11-15.28.59:769][ 55]LogModuleManager: Shutting down and abandoning module StatsViewer (518)
[2017.12.11-15.28.59:770][ 55]LogModuleManager: Shutting down and abandoning module FoliageEdit (516)
[2017.12.11-15.28.59:770][ 55]LogModuleManager: Shutting down and abandoning module LandscapeEditor (514)
[2017.12.11-15.28.59:771][ 55]LogModuleManager: Shutting down and abandoning module MeshPaintMode (512)
[2017.12.11-15.28.59:771][ 55]LogModuleManager: Shutting down and abandoning module SceneDepthPickerMode (510)
[2017.12.11-15.28.59:771][ 55]LogModuleManager: Shutting down and abandoning module ActorPickerMode (508)
[2017.12.11-15.28.59:771][ 55]LogModuleManager: Shutting down and abandoning module GeometryMode (506)
[2017.12.11-15.28.59:771][ 55]LogModuleManager: Shutting down and abandoning module TextureAlignMode (504)
[2017.12.11-15.28.59:771][ 55]LogModuleManager: Shutting down and abandoning module BspMode (502)
[2017.12.11-15.28.59:771][ 55]LogModuleManager: Shutting down and abandoning module PIEPreviewDeviceProfileSelector (500)
[2017.12.11-15.28.59:771][ 55]LogModuleManager: Shutting down and abandoning module HardwareSurvey (498)
[2017.12.11-15.28.59:771][ 55]LogModuleManager: Shutting down and abandoning module SequenceRecorderSections (496)
[2017.12.11-15.28.59:772][ 55]LogModuleManager: Shutting down and abandoning module AutomationWorker (494)
[2017.12.11-15.28.59:772][ 55]LogModuleManager: Shutting down and abandoning module MatineeToLevelSequence (492)
[2017.12.11-15.28.59:772][ 55]LogModuleManager: Shutting down and abandoning module LevelSequenceEditor (490)
[2017.12.11-15.28.59:775][ 55]LogModuleManager: Shutting down and abandoning module PlacementMode (489)
[2017.12.11-15.28.59:775][ 55]LogModuleManager: Shutting down and abandoning module WmfMediaFactory (486)
[2017.12.11-15.28.59:775][ 55]LogModuleManager: Shutting down and abandoning module WmfMediaEditor (484)
[2017.12.11-15.28.59:775][ 55]LogModuleManager: Shutting down and abandoning module AvfMediaFactory (482)
[2017.12.11-15.28.59:775][ 55]LogModuleManager: Shutting down and abandoning module AvfMediaEditor (480)
[2017.12.11-15.28.59:775][ 55]LogModuleManager: Shutting down and abandoning module AndroidMediaFactory (478)
[2017.12.11-15.28.59:775][ 55]LogModuleManager: Shutting down and abandoning module Media (477)
[2017.12.11-15.28.59:775][ 55]LogModuleManager: Shutting down and abandoning module AndroidMediaEditor (474)
[2017.12.11-15.28.59:775][ 55]LogModuleManager: Shutting down and abandoning module CharacterAI (472)
[2017.12.11-15.28.59:775][ 55]LogModuleManager: Shutting down and abandoning module AudioCapture (470)
[2017.12.11-15.28.59:775][ 55]LogModuleManager: Shutting down and abandoning module SequenceRecorder (469)
[2017.12.11-15.28.59:775][ 55]LogModuleManager: Shutting down and abandoning module SmartSnapping (466)
[2017.12.11-15.28.59:775][ 55]LogModuleManager: Shutting down and abandoning module SessionServices (464)
[2017.12.11-15.28.59:775][ 55]LogModuleManager: Shutting down and abandoning module ViewportSnapping (462)
[2017.12.11-15.28.59:775][ 55]LogModuleManager: Shutting down and abandoning module ViewportInteraction (460)
[2017.12.11-15.28.59:775][ 55]LogModuleManager: Shutting down and abandoning module ClothPainter (458)
[2017.12.11-15.28.59:776][ 55]LogModuleManager: Shutting down and abandoning module LogVisualizer (456)
[2017.12.11-15.28.59:777][ 55]LogModuleManager: Shutting down and abandoning module IntroTutorials (454)
[2017.12.11-15.28.59:778][ 55]LogModuleManager: Shutting down and abandoning module GameProjectGeneration (453)
[2017.12.11-15.28.59:779][ 55]LogModuleManager: Shutting down and abandoning module IOSPlatformEditor (450)
[2017.12.11-15.28.59:780][ 55]LogModuleManager: Shutting down and abandoning module HTML5PlatformEditor (448)
[2017.12.11-15.28.59:780][ 55]LogModuleManager: Shutting down and abandoning module AndroidPlatformEditor (446)
[2017.12.11-15.28.59:780][ 55]LogModuleManager: Shutting down and abandoning module AndroidDeviceDetection (445)
[2017.12.11-15.28.59:911][ 55]LogModuleManager: Shutting down and abandoning module WindowsPlatformEditor (442)
[2017.12.11-15.28.59:911][ 55]LogModuleManager: Shutting down and abandoning module IOSRuntimeSettings (440)
[2017.12.11-15.28.59:911][ 55]LogModuleManager: Shutting down and abandoning module AndroidRuntimeSettings (438)
[2017.12.11-15.28.59:911][ 55]LogModuleManager: Shutting down and abandoning module InputBindingEditor (436)
[2017.12.11-15.28.59:912][ 55]LogModuleManager: Shutting down and abandoning module MergeActors (434)
[2017.12.11-15.28.59:912][ 55]LogModuleManager: Shutting down and abandoning module SizeMap (432)
[2017.12.11-15.28.59:912][ 55]LogModuleManager: Shutting down and abandoning module TreeMap (430)
[2017.12.11-15.28.59:913][ 55]LogModuleManager: Shutting down and abandoning module ReferenceViewer (428)
[2017.12.11-15.28.59:913][ 55]LogModuleManager: Shutting down and abandoning module LocalizationDashboard (426)
[2017.12.11-15.28.59:913][ 55]LogModuleManager: Shutting down and abandoning module LocalizationService (425)
[2017.12.11-15.28.59:913][ 55]LogModuleManager: Shutting down and abandoning module HardwareTargeting (422)
[2017.12.11-15.28.59:913][ 55]LogModuleManager: Shutting down and abandoning module DeviceProfileEditor (420)
[2017.12.11-15.28.59:914][ 55]LogModuleManager: Shutting down and abandoning module UndoHistory (418)
[2017.12.11-15.28.59:914][ 55]LogModuleManager: Shutting down and abandoning module XmlParser (416)
[2017.12.11-15.28.59:914][ 55]LogModuleManager: Shutting down and abandoning module Blutility (414)
[2017.12.11-15.28.59:914][ 55]LogModuleManager: Shutting down and abandoning module ProjectSettingsViewer (412)
[2017.12.11-15.28.59:914][ 55]LogModuleManager: Shutting down and abandoning module ProjectTargetPlatformEditor (411)
[2017.12.11-15.28.59:914][ 55]LogModuleManager: Shutting down and abandoning module EditorSettingsViewer (408)
[2017.12.11-15.28.59:914][ 55]LogModuleManager: Shutting down and abandoning module SettingsEditor (406)
[2017.12.11-15.28.59:915][ 55]LogModuleManager: Shutting down and abandoning module ProjectLauncher (404)
[2017.12.11-15.28.59:915][ 55]LogModuleManager: Shutting down and abandoning module SessionFrontend (402)
[2017.12.11-15.28.59:915][ 55]LogModuleManager: Shutting down and abandoning module ProfilerClient (400)
[2017.12.11-15.28.59:916][ 55]LogModuleManager: Shutting down and abandoning module DeviceManager (398)
[2017.12.11-15.28.59:917][ 55]LogModuleManager: Shutting down and abandoning module TargetDeviceServices (397)
[2017.12.11-15.28.59:972][ 55]LogModuleManager: Shutting down and abandoning module AutomationController (394)
[2017.12.11-15.28.59:973][ 55]LogModuleManager: Shutting down and abandoning module AutomationWindow (392)
[2017.12.11-15.28.59:974][ 55]LogModuleManager: Shutting down and abandoning module Layers (390)
[2017.12.11-15.28.59:975][ 55]LogModuleManager: Shutting down and abandoning module ComponentVisualizers (388)
[2017.12.11-15.28.59:975][ 55]LogModuleManager: Shutting down and abandoning module DetailCustomizations (386)
[2017.12.11-15.28.59:975][ 55]LogModuleManager: Shutting down and abandoning module PackagesDialog (384)
[2017.12.11-15.28.59:976][ 55]LogModuleManager: Shutting down and abandoning module Persona (382)
[2017.12.11-15.28.59:977][ 55]LogModuleManager: Shutting down and abandoning module AdvancedPreviewScene (381)
[2017.12.11-15.28.59:977][ 55]LogModuleManager: Shutting down and abandoning module AnimGraph (379)
[2017.12.11-15.28.59:977][ 55]LogModuleManager: Shutting down and abandoning module Kismet (376)
[2017.12.11-15.28.59:978][ 55]LogModuleManager: Shutting down and abandoning module ClassViewer (374)
[2017.12.11-15.28.59:978][ 55]LogModuleManager: Shutting down and abandoning module Toolbox (372)
[2017.12.11-15.28.59:978][ 55]LogModuleManager: Shutting down and abandoning module ModuleUI (370)
[2017.12.11-15.28.59:978][ 55]LogModuleManager: Shutting down and abandoning module MovieSceneTools (368)
[2017.12.11-15.28.59:979][ 55]LogModuleManager: Shutting down and abandoning module OutputLog (366)
[2017.12.11-15.28.59:979][ 55]LogModuleManager: Shutting down and abandoning module GammaUI (364)
[2017.12.11-15.28.59:979][ 55]LogModuleManager: Shutting down and abandoning module Documentation (362)
[2017.12.11-15.28.59:979][ 55]LogModuleManager: Shutting down and abandoning module MovieSceneTracks (360)
[2017.12.11-15.28.59:979][ 55]LogModuleManager: Shutting down and abandoning module MovieScene (358)
[2017.12.11-15.28.59:979][ 55]LogModuleManager: Shutting down and abandoning module Niagara (356)
[2017.12.11-15.28.59:980][ 55]LogModuleManager: Shutting down and abandoning module NiagaraEditor (355)
[2017.12.11-15.28.59:981][ 55]LogModuleManager: Shutting down and abandoning module StreamingPauseRendering (352)
[2017.12.11-15.28.59:981][ 55]LogModuleManager: Shutting down and abandoning module LauncherPlatform (350)
[2017.12.11-15.28.59:981][ 55]LogModuleManager: Shutting down and abandoning module AnalyticsET (348)
[2017.12.11-15.28.59:981][ 55]LogModuleManager: Shutting down and abandoning module PortalServices (346)
[2017.12.11-15.28.59:981][ 55]LogModuleManager: Shutting down and abandoning module PortalRpc (344)
[2017.12.11-15.28.59:981][ 55]LogModuleManager: Shutting down and abandoning module MessagingRpc (342)
[2017.12.11-15.28.59:981][ 55]LogModuleManager: Shutting down and abandoning module AIModule (340)
[2017.12.11-15.28.59:981][ 55]LogModuleManager: Shutting down and abandoning module GameplayDebugger (339)
[2017.12.11-15.28.59:981][ 55]LogModuleManager: Shutting down and abandoning module AITestSuite (337)
[2017.12.11-15.28.59:981][ 55]LogModuleManager: Shutting down and abandoning module ProfilerService (334)
[2017.12.11-15.29.00:024][ 55]LogModuleManager: Shutting down and abandoning module TaskGraph (332)
[2017.12.11-15.29.00:026][ 55]LogModuleManager: Shutting down and abandoning module SteamVRController (330)
[2017.12.11-15.29.00:026][ 55]LogModuleManager: Shutting down and abandoning module ProceduralMeshComponentEditor (328)
[2017.12.11-15.29.00:026][ 55]LogModuleManager: Shutting down and abandoning module ProceduralMeshComponent (326)
[2017.12.11-15.29.00:026][ 55]LogModuleManager: Shutting down and abandoning module OculusInput (324)
[2017.12.11-15.29.00:026][ 55]LogModuleManager: Shutting down and abandoning module MobilePatchingUtils (322)
[2017.12.11-15.29.00:026][ 55]LogModuleManager: Shutting down and abandoning module CustomMeshComponent (320)
[2017.12.11-15.29.00:026][ 55]LogModuleManager: Shutting down and abandoning module CableComponent (318)
[2017.12.11-15.29.00:026][ 55]LogModuleManager: Shutting down and abandoning module ArchVisCharacter (316)
[2017.12.11-15.29.00:026][ 55]LogModuleManager: Shutting down and abandoning module AndroidPermission (314)
[2017.12.11-15.29.00:026][ 55]LogModuleManager: Shutting down and abandoning module MediaPlayerEditor (310)
[2017.12.11-15.29.00:028][ 55]LogModuleManager: Shutting down and abandoning module HTML5Networking (308)
[2017.12.11-15.29.00:028][ 55]LogModuleManager: Shutting down and abandoning module AlembicImporter (306)
[2017.12.11-15.29.00:029][ 55]LogModuleManager: Shutting down and abandoning module AlembicLibrary (305)
[2017.12.11-15.29.00:029][ 55]LogModuleManager: Shutting down and abandoning module GeometryCache (304)
[2017.12.11-15.29.00:029][ 55]LogModuleManager: Shutting down and abandoning module GeometryCacheEd (303)
[2017.12.11-15.29.00:029][ 55]LogModuleManager: Shutting down and abandoning module SpeedTreeImporter (298)
[2017.12.11-15.29.00:029][ 55]LogModuleManager: Shutting down and abandoning module PluginBrowser (296)
[2017.12.11-15.29.00:030][ 55]LogModuleManager: Shutting down and abandoning module MobileLauncherProfileWizard (294)
[2017.12.11-15.29.00:031][ 55]LogModuleManager: Shutting down and abandoning module VisualStudioSourceCodeAccess (292)
[2017.12.11-15.29.00:031][ 55]LogModuleManager: Shutting down and abandoning module DesktopPlatform (291)
[2017.12.11-15.29.00:031][ 55]LogModuleManager: Shutting down and abandoning module UObjectPlugin (288)
[2017.12.11-15.29.00:031][ 55]LogModuleManager: Shutting down and abandoning module SubversionSourceControl (286)
[2017.12.11-15.29.00:032][ 55]LogModuleManager: Shutting down and abandoning module PerforceSourceControl (284)
[2017.12.11-15.29.00:033][ 55]LogModuleManager: Shutting down and abandoning module GitSourceControl (282)
[2017.12.11-15.29.00:033][ 55]LogModuleManager: Shutting down and abandoning module SourceControl (281)
[2017.12.11-15.29.00:034][ 55]LogModuleManager: Shutting down and abandoning module LightPropagationVolumeEditor (278)
[2017.12.11-15.29.00:034][ 55]LogModuleManager: Shutting down and abandoning module PaperTiledImporter (276)
[2017.12.11-15.29.00:034][ 55]LogModuleManager: Shutting down and abandoning module PaperSpriteSheetImporter (274)
[2017.12.11-15.29.00:034][ 55]LogModuleManager: Shutting down and abandoning module Paper2DEditor (272)
[2017.12.11-15.29.00:034][ 55]LogModuleManager: Shutting down and abandoning module MeshPaint (271)
[2017.12.11-15.29.00:034][ 55]LogModuleManager: Shutting down and abandoning module LevelEditor (269)
[2017.12.11-15.29.00:036][ 55]LogModuleManager: Shutting down and abandoning module PixelInspectorModule (268)
[2017.12.11-15.29.00:037][ 55]LogModuleManager: Shutting down and abandoning module MainFrame (266)
[2017.12.11-15.29.00:037][ 55]LogModuleManager: Shutting down and abandoning module HotReload (265)
[2017.12.11-15.29.00:038][ 55]LogModuleManager: Shutting down and abandoning module RuntimePhysXCooking (260)
[2017.12.11-15.29.00:038][ 55]LogModuleManager: Shutting down and abandoning module PhysXVehiclesEditor (258)
[2017.12.11-15.29.00:038][ 55]LogModuleManager: Shutting down and abandoning module PhysXVehicles (256)
[2017.12.11-15.29.00:038][ 55]LogModuleManager: Shutting down and abandoning module OculusEditor (254)
[2017.12.11-15.29.00:038][ 55]LogModuleManager: Shutting down and abandoning module LocationServicesBPLibrary (252)
[2017.12.11-15.29.00:038][ 55]LogModuleManager: Shutting down and abandoning module ImmediatePhysicsEditor (250)
[2017.12.11-15.29.00:038][ 55]LogModuleManager: Shutting down and abandoning module ImmediatePhysics (248)
[2017.12.11-15.29.00:038][ 55]LogModuleManager: Shutting down and abandoning module UdpMessaging (246)
[2017.12.11-15.29.00:139][ 55]LogModuleManager: Shutting down and abandoning module TcpMessaging (244)
[2017.12.11-15.29.00:241][ 55]LogModuleManager: Shutting down and abandoning module GameplayTagsEditor (242)
[2017.12.11-15.29.00:242][ 55]LogModuleManager: Shutting down and abandoning module FacialAnimationEditor (240)
[2017.12.11-15.29.00:242][ 55]LogModuleManager: Shutting down and abandoning module FacialAnimation (238)
[2017.12.11-15.29.00:242][ 55]LogModuleManager: Shutting down and abandoning module AssetManagerEditor (236)
[2017.12.11-15.29.00:243][ 55]LogModuleManager: Shutting down and abandoning module GraphEditor (235)
[2017.12.11-15.29.00:244][ 55]LogModuleManager: Shutting down and abandoning module ContentBrowser (233)
[2017.12.11-15.29.00:246][ 55]LogModuleManager: Shutting down and abandoning module LightPropagationVolumeRuntime (230)
[2017.12.11-15.29.00:246][ 55]LogModuleManager: Shutting down and abandoning module Paper2D (228)
[2017.12.11-15.29.00:247][ 55]LogModuleManager: Shutting down and abandoning module WindowsMoviePlayer (226)
[2017.12.11-15.29.00:247][ 55]LogModuleManager: Shutting down and abandoning module WmfMedia (224)
[2017.12.11-15.29.00:247][ 55]LogModuleManager: Shutting down and abandoning module PacketHandler (222)
[2017.12.11-15.29.00:247][ 55]LogModuleManager: Shutting down and abandoning module ClothingSystemEditor (220)
[2017.12.11-15.29.00:248][ 55]LogModuleManager: Shutting down and abandoning module ClothingSystemRuntime (218)
[2017.12.11-15.29.00:248][ 55]LogModuleManager: Shutting down and abandoning module Overlay (216)
[2017.12.11-15.29.00:249][ 55]LogModuleManager: Shutting down and abandoning module OverlayEditor (215)
[2017.12.11-15.29.00:249][ 55]LogModuleManager: Shutting down and abandoning module MediaAssets (212)
[2017.12.11-15.29.00:249][ 55]LogModuleManager: Shutting down and abandoning module VREditor (210)
[2017.12.11-15.29.00:249][ 55]LogModuleManager: Shutting down and abandoning module StringTableEditor (208)
[2017.12.11-15.29.00:249][ 55]LogModuleManager: Shutting down and abandoning module GameplayTasksEditor (206)
[2017.12.11-15.29.00:249][ 55]LogModuleManager: Shutting down and abandoning module BehaviorTreeEditor (204)
[2017.12.11-15.29.00:251][ 55]LogModuleManager: Shutting down and abandoning module FunctionalTesting (202)
[2017.12.11-15.29.00:251][ 55]LogModuleManager: Shutting down and abandoning module CollisionAnalyzer (200)
[2017.12.11-15.29.00:252][ 55]LogModuleManager: Shutting down and abandoning module WorkspaceMenuStructure (199)
[2017.12.11-15.29.00:252][ 55]LogModuleManager: Shutting down and abandoning module UMG (196)
[2017.12.11-15.29.00:253][ 55]LogModuleManager: Shutting down and abandoning module UMGEditor (195)
[2017.12.11-15.29.00:255][ 55]LogModuleManager: Shutting down and abandoning module Sequencer (194)
[2017.12.11-15.29.00:256][ 55]LogModuleManager: Shutting down and abandoning module MessageLog (191)
[2017.12.11-15.29.00:256][ 55]LogModuleManager: Shutting down and abandoning module SlateReflector (186)
[2017.12.11-15.29.00:257][ 55]LogModuleManager: Shutting down and abandoning module Slate (184)
[2017.12.11-15.29.00:257][ 55]LogModuleManager: Shutting down and abandoning module EditorStyle (182)
[2017.12.11-15.29.00:261][ 55]LogModuleManager: Shutting down and abandoning module MRMesh (180)
[2017.12.11-15.29.00:261][ 55]LogModuleManager: Shutting down and abandoning module SourceCodeAccess (178)
[2017.12.11-15.29.00:261][ 55]LogModuleManager: Shutting down and abandoning module HeadMountedDisplay (176)
[2017.12.11-15.29.00:261][ 55]LogModuleManager: Shutting down and abandoning module XAudio2 (174)
[2017.12.11-15.29.00:261][ 55]LogModuleManager: Shutting down and abandoning module Networking (172)
[2017.12.11-15.29.00:261][ 55]LogModuleManager: Shutting down and abandoning module Core (168)
[2017.12.11-15.29.00:261][ 55]LogModuleManager: Shutting down and abandoning module KismetCompiler (164)
[2017.12.11-15.29.00:261][ 55]LogModuleManager: Shutting down and abandoning module LevelSequence (162)
[2017.12.11-15.29.00:261][ 55]LogModuleManager: Shutting down and abandoning module MeshUtilities (160)
[2017.12.11-15.29.00:262][ 55]LogModuleManager: Shutting down and abandoning module MeshMergeUtilities (159)
[2017.12.11-15.29.00:263][ 55]LogModuleManager: Shutting down and abandoning module MeshReductionInterface (158)
[2017.12.11-15.29.00:263][ 55]LogModuleManager: Shutting down and abandoning module SimplygonSwarm (157)
[2017.12.11-15.29.00:263][ 55]LogModuleManager: Shutting down and abandoning module SimplygonMeshReduction (155)
[2017.12.11-15.29.00:263][ 55]LogModuleManager: Shutting down and abandoning module QuadricMeshReduction (153)
[2017.12.11-15.29.00:264][ 55]LogModuleManager: Shutting down and abandoning module MaterialBaking (149)
[2017.12.11-15.29.00:264][ 55]LogModuleManager: Shutting down and abandoning module DirectoryWatcher (146)
[2017.12.11-15.29.00:270][ 55]LogModuleManager: Shutting down and abandoning module DerivedDataCache (144)
[2017.12.11-15.29.00:297][ 55]LogDerivedDataCache: Shutdown
[2017.12.11-15.29.00:298][ 55]LogModuleManager: Shutting down and abandoning module TargetPlatform (142)
[2017.12.11-15.29.00:298][ 55]LogModuleManager: Shutting down and abandoning module VulkanShaderFormat (141)
[2017.12.11-15.29.00:298][ 55]LogModuleManager: Shutting down and abandoning module ShaderFormatVectorVM (139)
[2017.12.11-15.29.00:299][ 55]LogModuleManager: Shutting down and abandoning module ShaderFormatOpenGL (137)
[2017.12.11-15.29.00:299][ 55]LogModuleManager: Shutting down and abandoning module ShaderFormatD3D (135)
[2017.12.11-15.29.00:299][ 55]LogModuleManager: Shutting down and abandoning module MetalShaderFormat (133)
[2017.12.11-15.29.00:300][ 55]LogModuleManager: Shutting down and abandoning module TextureFormatUncompressed (131)
[2017.12.11-15.29.00:300][ 55]LogModuleManager: Shutting down and abandoning module TextureFormatPVR (129)
[2017.12.11-15.29.00:300][ 55]LogModuleManager: Shutting down and abandoning module TextureFormatDXT (127)
[2017.12.11-15.29.00:300][ 55]LogModuleManager: Shutting down and abandoning module TextureFormatIntelISPCTexComp (125)
[2017.12.11-15.29.00:301][ 55]LogModuleManager: Shutting down and abandoning module TextureFormatASTC (123)
[2017.12.11-15.29.00:301][ 55]LogModuleManager: Shutting down and abandoning module ImageWrapper (122)
[2017.12.11-15.29.00:301][ 55]LogModuleManager: Shutting down and abandoning module TextureFormatAndroid (119)
[2017.12.11-15.29.00:301][ 55]LogModuleManager: Shutting down and abandoning module AudioFormatOpus (117)
[2017.12.11-15.29.00:301][ 55]LogModuleManager: Shutting down and abandoning module AudioFormatOgg (115)
[2017.12.11-15.29.00:301][ 55]LogModuleManager: Shutting down and abandoning module AudioFormatADPCM (113)
[2017.12.11-15.29.00:301][ 55]LogModuleManager: Shutting down and abandoning module LinuxTargetPlatform (111)
[2017.12.11-15.29.00:301][ 55]LogModuleManager: Shutting down and abandoning module LinuxServerTargetPlatform (109)
[2017.12.11-15.29.00:301][ 55]LogModuleManager: Shutting down and abandoning module LinuxNoEditorTargetPlatform (107)
[2017.12.11-15.29.00:301][ 55]LogModuleManager: Shutting down and abandoning module LinuxClientTargetPlatform (105)
[2017.12.11-15.29.00:301][ 55]LogModuleManager: Shutting down and abandoning module TVOSTargetPlatform (103)
[2017.12.11-15.29.00:301][ 55]LogModuleManager: Shutting down and abandoning module Messaging (101)
[2017.12.11-15.29.00:301][ 55]LogModuleManager: Shutting down and abandoning module IOSTargetPlatform (99)
[2017.12.11-15.29.00:301][ 55]LogModuleManager: Shutting down and abandoning module HTML5TargetPlatform (97)
[2017.12.11-15.29.00:301][ 55]LogModuleManager: Shutting down and abandoning module Android_PVRTCTargetPlatform (95)
[2017.12.11-15.29.00:301][ 55]LogModuleManager: Shutting down and abandoning module Android_MultiTargetPlatform (93)
[2017.12.11-15.29.00:301][ 55]LogModuleManager: Shutting down and abandoning module Android_ETC2TargetPlatform (91)
[2017.12.11-15.29.00:301][ 55]LogModuleManager: Shutting down and abandoning module Android_ETC1TargetPlatform (89)
[2017.12.11-15.29.00:301][ 55]LogModuleManager: Shutting down and abandoning module Android_DXTTargetPlatform (87)
[2017.12.11-15.29.00:301][ 55]LogModuleManager: Shutting down and abandoning module Android_ATCTargetPlatform (85)
[2017.12.11-15.29.00:301][ 55]LogModuleManager: Shutting down and abandoning module Android_ASTCTargetPlatform (83)
[2017.12.11-15.29.00:302][ 55]LogModuleManager: Shutting down and abandoning module AndroidTargetPlatform (81)
[2017.12.11-15.29.00:302][ 55]LogModuleManager: Shutting down and abandoning module WindowsTargetPlatform (79)
[2017.12.11-15.29.00:302][ 55]LogModuleManager: Shutting down and abandoning module WindowsServerTargetPlatform (77)
[2017.12.11-15.29.00:302][ 55]LogModuleManager: Shutting down and abandoning module WindowsNoEditorTargetPlatform (75)
[2017.12.11-15.29.00:302][ 55]LogModuleManager: Shutting down and abandoning module WindowsClientTargetPlatform (73)
[2017.12.11-15.29.00:302][ 55]LogModuleManager: Shutting down and abandoning module MacTargetPlatform (71)
[2017.12.11-15.29.00:302][ 55]LogModuleManager: Shutting down and abandoning module MacServerTargetPlatform (69)
[2017.12.11-15.29.00:302][ 55]LogModuleManager: Shutting down and abandoning module MacNoEditorTargetPlatform (67)
[2017.12.11-15.29.00:302][ 55]LogModuleManager: Shutting down and abandoning module MacClientTargetPlatform (65)
[2017.12.11-15.29.00:302][ 55]LogModuleManager: Shutting down and abandoning module AllDesktopTargetPlatform (63)
[2017.12.11-15.29.00:302][ 55]LogModuleManager: Shutting down and abandoning module InputCore (60)
[2017.12.11-15.29.00:302][ 55]LogModuleManager: Shutting down and abandoning module Settings (58)
[2017.12.11-15.29.00:302][ 55]LogModuleManager: Shutting down and abandoning module PhysXCooking (56)
[2017.12.11-15.29.00:302][ 55]LogModuleManager: Shutting down and abandoning module SteamVR (54)
[2017.12.11-15.29.00:302][ 55]LogModuleManager: Shutting down and abandoning module OculusHMD (52)
[2017.12.11-15.29.00:302][ 55]LogModuleManager: Shutting down and abandoning module ExampleDeviceProfileSelector (50)
[2017.12.11-15.29.00:302][ 55]LogModuleManager: Shutting down and abandoning module OnlineBlueprintSupport (48)
[2017.12.11-15.29.00:302][ 55]LogModuleManager: Shutting down and abandoning module OnlineSubsystem (44)
[2017.12.11-15.29.00:302][ 55]LogOnline: Display: Unloading online subsystem: NULL
[2017.12.11-15.29.00:303][ 55]LogModuleManager: Shutting down and abandoning module XMPP (43)
[2017.12.11-15.29.00:304][ 55]LogModuleManager: Shutting down and abandoning module HTTP (41)
[2017.12.11-15.29.00:304][ 55]LogHttp: Display: Http module shutting down, but needs to wait on 1 outstanding Http requests:
[2017.12.11-15.29.00:304][ 55]LogHttp: Display: 	verb=[POST] url=[https://datarouter.ol.epicgames.com/datarouter/api/v1/public/data?SessionID=%7B3812E1AC-4928-C68A-B9BB-0AAAFC5186CC%7D&AppID=UEEditor.Rocket.Release&AppVersion=4.17.2-3658906%2B%2B%2BUE4%2BRelease-4.17&UserID=ab0f6ec7467c65357aa0a68f65584983%7C896c5d86c4cd4015b20f317903f9495b%7C2946f11b-8d1b-47ea-b6f1-d9c83ead4eea&AppEnvironment=datacollector-binary&UploadType=eteventstream] status=Processing
[2017.12.11-15.29.00:337][ 55]LogModuleManager: Shutting down and abandoning module SSL (40)
[2017.12.11-15.29.00:340][ 55]LogModuleManager: Shutting down and abandoning module AnimationModifiers (36)
[2017.12.11-15.29.00:340][ 55]LogModuleManager: Shutting down and abandoning module PropertyEditor (35)
[2017.12.11-15.29.00:340][ 55]LogModuleManager: Shutting down and abandoning module AudioEditor (32)
[2017.12.11-15.29.00:341][ 55]LogModuleManager: Shutting down and abandoning module TextureCompressor (30)
[2017.12.11-15.29.00:342][ 55]LogModuleManager: Shutting down and abandoning module ShaderCore (28)
[2017.12.11-15.29.00:342][ 55]LogModuleManager: Shutting down and abandoning module Landscape (26)
[2017.12.11-15.29.00:342][ 55]LogModuleManager: Shutting down and abandoning module SlateRHIRenderer (24)
[2017.12.11-15.29.00:354][ 55]LogModuleManager: Shutting down and abandoning module OpenGLDrv (22)
[2017.12.11-15.29.00:355][ 55]LogModuleManager: Shutting down and abandoning module D3D11RHI (20)
[2017.12.11-15.29.00:355][ 55]LogModuleManager: Shutting down and abandoning module AnimGraphRuntime (18)
[2017.12.11-15.29.00:355][ 55]LogModuleManager: Shutting down and abandoning module Renderer (16)
[2017.12.11-15.29.00:355][ 55]LogModuleManager: Shutting down and abandoning module Engine (14)
[2017.12.11-15.29.00:355][ 55]LogModuleManager: Shutting down and abandoning module CoreUObject (12)
[2017.12.11-15.29.00:355][ 55]LogModuleManager: Shutting down and abandoning module NetworkFile (10)
[2017.12.11-15.29.00:355][ 55]LogModuleManager: Shutting down and abandoning module CookedIterativeFile (8)
[2017.12.11-15.29.00:355][ 55]LogModuleManager: Shutting down and abandoning module StreamingFile (6)
[2017.12.11-15.29.00:355][ 55]LogModuleManager: Shutting down and abandoning module SandboxFile (4)
[2017.12.11-15.29.00:356][ 55]LogModuleManager: Shutting down and abandoning module PakFile (2)
[2017.12.11-15.29.00:360][ 55]LogExit: Exiting.
[2017.12.11-15.29.00:377][ 55]Log file closed, 12/12/17 00:29:00
